2022/05/13 10:39:42 AzcopyVersion  10.13.0
2022/05/13 10:39:42 OS-Environment  windows
2022/05/13 10:39:42 OS-Architecture  amd64
2022/05/13 10:39:42 Log times are in UTC. Local time is 13 May 2022 12:39:42
2022/05/13 10:39:42 Job-Command copy https://team3backups.blob.core.windows.net/llk/Deployment%20Packages/LLK%20RFQ109%20Soma%20Savings%20Plan_UAT%20Fixes01.zip?se=2022-06-12t10%3A39%3A40z&sig=-REDACTED-&sp=rl&sr=c&sv=2020-10-02 C:\Users\LungaNgubane\Desktop\Deployments\LIBERTY KENYA (LLK)\LLK RFQ109 Soma Savings Plan_UAT Fixes01.zip --output-type=json --cancel-from-stdin --overwrite=prompt --check-md5 FailIfDifferent --from-to=BlobLocal --recursive --log-level=INFO 
2022/05/13 10:39:42 Number of CPUs: 8
2022/05/13 10:39:42 Max file buffer RAM 4.000 GB
2022/05/13 10:39:42 Max concurrent network operations: 128 (Based on number of CPUs. Set AZCOPY_CONCURRENCY_VALUE environment variable to override)
2022/05/13 10:39:42 Check CPU usage when dynamically tuning concurrency: true (Based on hard-coded default. Set AZCOPY_TUNE_TO_CPU environment variable to true or false override)
2022/05/13 10:39:42 Max concurrent transfer initiation routines: 64 (Based on hard-coded default. Set AZCOPY_CONCURRENT_FILES environment variable to override)
2022/05/13 10:39:42 Max enumeration routines: 16 (Based on hard-coded default. Set AZCOPY_CONCURRENT_SCAN environment variable to override)
2022/05/13 10:39:42 Parallelize getting file properties (file.Stat): false (Based on AZCOPY_PARALLEL_STAT_FILES environment variable)
2022/05/13 10:39:42 Max open files when downloading: 2147483119 (auto-computed)
2022/05/13 10:39:42 ISO 8601 START TIME: to copy files that changed before or after this job started, use the parameter --include-before=2022-05-13T10:39:37Z or --include-after=2022-05-13T10:39:37Z
2022/05/13 10:39:42 Any empty folders will not be processed, because source and/or destination doesn't have full folder support
2022/05/13 10:39:42 Final job part has been created
2022/05/13 10:39:42 JobID=00f0a917-5b4c-f348-4892-810c39335b35, credential type: Anonymous
2022/05/13 10:39:42 PERF: primary performance constraint is Unknown. States: C:  0, R:  0, W:  0, F:  0, H:  0, B:  0, S:  0, P:  0, Q:  0, D:  0, E:  0, T:  0, GRs:  8
2022/05/13 10:39:42 scheduling JobID=00f0a917-5b4c-f348-4892-810c39335b35, Part#=0, Transfer#=0, priority=0
2022/05/13 10:39:42 Final job part has been scheduled
2022/05/13 10:39:42 0.0 %, 0 Done, 0 Failed, 1 Pending, 0 Skipped, 1 Total, 
2022/05/13 10:39:42 INFO: [P#0-T#0] has worker 28 which is processing TRANSFER 0
2022/05/13 10:39:42 ==> REQUEST/RESPONSE (Try=1/176.0193ms, OpTime=476.5928ms) -- RESPONSE SUCCESSFULLY RECEIVED
   GET https://team3backups.blob.core.windows.net/llk/Deployment%20Packages/LLK%20RFQ109%20Soma%20Savings%20Plan_UAT%20Fixes01.zip?se=2022-06-12t10%3A39%3A40z&sig=-REDACTED-&sp=rl&sr=c&sv=2020-10-02&timeout=901
   X-Ms-Request-Id: [e4fd80bd-301e-0001-4cb5-662b2a000000]

2022/05/13 10:39:43 ==> REQUEST/RESPONSE (Try=1/182.4434ms, OpTime=500.8514ms) -- RESPONSE SUCCESSFULLY RECEIVED
   GET https://team3backups.blob.core.windows.net/llk/Deployment%20Packages/LLK%20RFQ109%20Soma%20Savings%20Plan_UAT%20Fixes01.zip?se=2022-06-12t10%3A39%3A40z&sig=-REDACTED-&sp=rl&sr=c&sv=2020-10-02&timeout=901
   X-Ms-Request-Id: [74409b2a-401e-000b-5bb5-668f9d000000]

2022/05/13 10:39:43 ==> REQUEST/RESPONSE (Try=1/234.8984ms, OpTime=600.7072ms) -- RESPONSE SUCCESSFULLY RECEIVED
   GET https://team3backups.blob.core.windows.net/llk/Deployment%20Packages/LLK%20RFQ109%20Soma%20Savings%20Plan_UAT%20Fixes01.zip?se=2022-06-12t10%3A39%3A40z&sig=-REDACTED-&sp=rl&sr=c&sv=2020-10-02&timeout=901
   X-Ms-Request-Id: [31ce6f9a-201e-0022-1db5-66b1e9000000]

2022/05/13 10:39:43 ==> REQUEST/RESPONSE (Try=1/251.5977ms, OpTime=609.4049ms) -- RESPONSE SUCCESSFULLY RECEIVED
   GET https://team3backups.blob.core.windows.net/llk/Deployment%20Packages/LLK%20RFQ109%20Soma%20Savings%20Plan_UAT%20Fixes01.zip?se=2022-06-12t10%3A39%3A40z&sig=-REDACTED-&sp=rl&sr=c&sv=2020-10-02&timeout=901
   X-Ms-Request-Id: [169dfa28-801e-002b-38b5-66f43a000000]

2022/05/13 10:39:43 ==> REQUEST/RESPONSE (Try=1/274.5992ms, OpTime=642.0028ms) -- RESPONSE SUCCESSFULLY RECEIVED
   GET https://team3backups.blob.core.windows.net/llk/Deployment%20Packages/LLK%20RFQ109%20Soma%20Savings%20Plan_UAT%20Fixes01.zip?se=2022-06-12t10%3A39%3A40z&sig=-REDACTED-&sp=rl&sr=c&sv=2020-10-02&timeout=901
   X-Ms-Request-Id: [c6b2cf2d-101e-0016-71b5-668221000000]

2022/05/13 10:39:43 ==> REQUEST/RESPONSE (Try=1/346.2691ms, OpTime=641.6419ms) -- RESPONSE SUCCESSFULLY RECEIVED
   GET https://team3backups.blob.core.windows.net/llk/Deployment%20Packages/LLK%20RFQ109%20Soma%20Savings%20Plan_UAT%20Fixes01.zip?se=2022-06-12t10%3A39%3A40z&sig=-REDACTED-&sp=rl&sr=c&sv=2020-10-02&timeout=901
   X-Ms-Request-Id: [ab430a78-401e-0024-62b5-668256000000]

2022/05/13 10:39:43 ==> REQUEST/RESPONSE (Try=1/326.0613ms, OpTime=644.7601ms) -- RESPONSE SUCCESSFULLY RECEIVED
   GET https://team3backups.blob.core.windows.net/llk/Deployment%20Packages/LLK%20RFQ109%20Soma%20Savings%20Plan_UAT%20Fixes01.zip?se=2022-06-12t10%3A39%3A40z&sig=-REDACTED-&sp=rl&sr=c&sv=2020-10-02&timeout=901
   X-Ms-Request-Id: [09a87d06-e01e-0002-6ab5-66ca4e000000]

2022/05/13 10:39:43 ==> REQUEST/RESPONSE (Try=1/396.292ms, OpTime=714.4697ms) -- RESPONSE SUCCESSFULLY RECEIVED
   GET https://team3backups.blob.core.windows.net/llk/Deployment%20Packages/LLK%20RFQ109%20Soma%20Savings%20Plan_UAT%20Fixes01.zip?se=2022-06-12t10%3A39%3A40z&sig=-REDACTED-&sp=rl&sr=c&sv=2020-10-02&timeout=901
   X-Ms-Request-Id: [e44296be-001e-0025-01b5-66dd8a000000]

2022/05/13 10:39:43 ==> REQUEST/RESPONSE (Try=1/398.2249ms, OpTime=716.9237ms) -- RESPONSE SUCCESSFULLY RECEIVED
   GET https://team3backups.blob.core.windows.net/llk/Deployment%20Packages/LLK%20RFQ109%20Soma%20Savings%20Plan_UAT%20Fixes01.zip?se=2022-06-12t10%3A39%3A40z&sig=-REDACTED-&sp=rl&sr=c&sv=2020-10-02&timeout=901
   X-Ms-Request-Id: [41a3aee2-a01e-0013-66b5-6650fa000000]

2022/05/13 10:39:43 ==> REQUEST/RESPONSE (Try=1/319.1089ms, OpTime=731.0811ms) -- RESPONSE SUCCESSFULLY RECEIVED
   GET https://team3backups.blob.core.windows.net/llk/Deployment%20Packages/LLK%20RFQ109%20Soma%20Savings%20Plan_UAT%20Fixes01.zip?se=2022-06-12t10%3A39%3A40z&sig=-REDACTED-&sp=rl&sr=c&sv=2020-10-02&timeout=901
   X-Ms-Request-Id: [927f5a3a-501e-0028-6ab5-66155e000000]

2022/05/13 10:39:43 ==> REQUEST/RESPONSE (Try=1/363.1928ms, OpTime=750.1829ms) -- RESPONSE SUCCESSFULLY RECEIVED
   GET https://team3backups.blob.core.windows.net/llk/Deployment%20Packages/LLK%20RFQ109%20Soma%20Savings%20Plan_UAT%20Fixes01.zip?se=2022-06-12t10%3A39%3A40z&sig=-REDACTED-&sp=rl&sr=c&sv=2020-10-02&timeout=901
   X-Ms-Request-Id: [01e95110-501e-0017-4ab5-66ddfd000000]

2022/05/13 10:39:43 ==> REQUEST/RESPONSE (Try=1/363.683ms, OpTime=775.499ms) -- RESPONSE SUCCESSFULLY RECEIVED
   GET https://team3backups.blob.core.windows.net/llk/Deployment%20Packages/LLK%20RFQ109%20Soma%20Savings%20Plan_UAT%20Fixes01.zip?se=2022-06-12t10%3A39%3A40z&sig=-REDACTED-&sp=rl&sr=c&sv=2020-10-02&timeout=901
   X-Ms-Request-Id: [47283025-f01e-000e-52b5-665d46000000]

2022/05/13 10:39:43 ==> REQUEST/RESPONSE (Try=1/423.6564ms, OpTime=791.4373ms) -- RESPONSE SUCCESSFULLY RECEIVED
   GET https://team3backups.blob.core.windows.net/llk/Deployment%20Packages/LLK%20RFQ109%20Soma%20Savings%20Plan_UAT%20Fixes01.zip?se=2022-06-12t10%3A39%3A40z&sig=-REDACTED-&sp=rl&sr=c&sv=2020-10-02&timeout=901
   X-Ms-Request-Id: [bfceada8-a01e-002c-1eb5-669859000000]

2022/05/13 10:39:43 ==> REQUEST/RESPONSE (Try=1/441.4152ms, OpTime=809.1961ms) -- RESPONSE SUCCESSFULLY RECEIVED
   GET https://team3backups.blob.core.windows.net/llk/Deployment%20Packages/LLK%20RFQ109%20Soma%20Savings%20Plan_UAT%20Fixes01.zip?se=2022-06-12t10%3A39%3A40z&sig=-REDACTED-&sp=rl&sr=c&sv=2020-10-02&timeout=901
   X-Ms-Request-Id: [deeb4d70-c01e-002a-24b5-66abe6000000]

2022/05/13 10:39:43 ==> REQUEST/RESPONSE (Try=1/477.1151ms, OpTime=834.9223ms) -- RESPONSE SUCCESSFULLY RECEIVED
   GET https://team3backups.blob.core.windows.net/llk/Deployment%20Packages/LLK%20RFQ109%20Soma%20Savings%20Plan_UAT%20Fixes01.zip?se=2022-06-12t10%3A39%3A40z&sig=-REDACTED-&sp=rl&sr=c&sv=2020-10-02&timeout=901
   X-Ms-Request-Id: [948c2091-001e-000a-1eb5-66d041000000]

2022/05/13 10:39:43 ==> REQUEST/RESPONSE (Try=1/498.9366ms, OpTime=856.2459ms) -- RESPONSE SUCCESSFULLY RECEIVED
   GET https://team3backups.blob.core.windows.net/llk/Deployment%20Packages/LLK%20RFQ109%20Soma%20Savings%20Plan_UAT%20Fixes01.zip?se=2022-06-12t10%3A39%3A40z&sig=-REDACTED-&sp=rl&sr=c&sv=2020-10-02&timeout=901
   X-Ms-Request-Id: [d07f0dc0-901e-0018-17b5-66ab91000000]

2022/05/13 10:39:43 ==> REQUEST/RESPONSE (Try=1/514.9973ms, OpTime=873.7029ms) -- RESPONSE SUCCESSFULLY RECEIVED
   GET https://team3backups.blob.core.windows.net/llk/Deployment%20Packages/LLK%20RFQ109%20Soma%20Savings%20Plan_UAT%20Fixes01.zip?se=2022-06-12t10%3A39%3A40z&sig=-REDACTED-&sp=rl&sr=c&sv=2020-10-02&timeout=901
   X-Ms-Request-Id: [d084e9f8-b01e-001f-54b5-66c7f2000000]

2022/05/13 10:39:43 ==> REQUEST/RESPONSE (Try=1/531.4017ms, OpTime=889.73ms) -- RESPONSE SUCCESSFULLY RECEIVED
   GET https://team3backups.blob.core.windows.net/llk/Deployment%20Packages/LLK%20RFQ109%20Soma%20Savings%20Plan_UAT%20Fixes01.zip?se=2022-06-12t10%3A39%3A40z&sig=-REDACTED-&sp=rl&sr=c&sv=2020-10-02&timeout=901
   X-Ms-Request-Id: [0cf1b523-301e-002e-47b5-6626e1000000]

2022/05/13 10:39:43 ==> REQUEST/RESPONSE (Try=1/550.4036ms, OpTime=908.2108ms) -- RESPONSE SUCCESSFULLY RECEIVED
   GET https://team3backups.blob.core.windows.net/llk/Deployment%20Packages/LLK%20RFQ109%20Soma%20Savings%20Plan_UAT%20Fixes01.zip?se=2022-06-12t10%3A39%3A40z&sig=-REDACTED-&sp=rl&sr=c&sv=2020-10-02&timeout=901
   X-Ms-Request-Id: [544f3af3-b01e-0020-16b5-660f51000000]

2022/05/13 10:39:43 ==> REQUEST/RESPONSE (Try=1/590.3843ms, OpTime=957.2668ms) -- RESPONSE SUCCESSFULLY RECEIVED
   GET https://team3backups.blob.core.windows.net/llk/Deployment%20Packages/LLK%20RFQ109%20Soma%20Savings%20Plan_UAT%20Fixes01.zip?se=2022-06-12t10%3A39%3A40z&sig=-REDACTED-&sp=rl&sr=c&sv=2020-10-02&timeout=901
   X-Ms-Request-Id: [3c1d666e-601e-000c-4cb5-66e3fe000000]

2022/05/13 10:39:43 ==> REQUEST/RESPONSE (Try=1/624.8217ms, OpTime=982.8592ms) -- RESPONSE SUCCESSFULLY RECEIVED
   GET https://team3backups.blob.core.windows.net/llk/Deployment%20Packages/LLK%20RFQ109%20Soma%20Savings%20Plan_UAT%20Fixes01.zip?se=2022-06-12t10%3A39%3A40z&sig=-REDACTED-&sp=rl&sr=c&sv=2020-10-02&timeout=901
   X-Ms-Request-Id: [9b9bedd8-801e-0004-22b5-66f9f1000000]

2022/05/13 10:39:43 ==> REQUEST/RESPONSE (Try=1/640.6614ms, OpTime=998.4686ms) -- RESPONSE SUCCESSFULLY RECEIVED
   GET https://team3backups.blob.core.windows.net/llk/Deployment%20Packages/LLK%20RFQ109%20Soma%20Savings%20Plan_UAT%20Fixes01.zip?se=2022-06-12t10%3A39%3A40z&sig=-REDACTED-&sp=rl&sr=c&sv=2020-10-02&timeout=901
   X-Ms-Request-Id: [a829c13a-201e-001d-14b5-66794a000000]

2022/05/13 10:39:43 ==> REQUEST/RESPONSE (Try=1/671.3352ms, OpTime=1.0291424s) -- RESPONSE SUCCESSFULLY RECEIVED
   GET https://team3backups.blob.core.windows.net/llk/Deployment%20Packages/LLK%20RFQ109%20Soma%20Savings%20Plan_UAT%20Fixes01.zip?se=2022-06-12t10%3A39%3A40z&sig=-REDACTED-&sp=rl&sr=c&sv=2020-10-02&timeout=901
   X-Ms-Request-Id: [e31b1dd7-b01e-0030-11b5-66ca39000000]

2022/05/13 10:39:43 ==> REQUEST/RESPONSE (Try=1/667.7575ms, OpTime=1.03464s) -- RESPONSE SUCCESSFULLY RECEIVED
   GET https://team3backups.blob.core.windows.net/llk/Deployment%20Packages/LLK%20RFQ109%20Soma%20Savings%20Plan_UAT%20Fixes01.zip?se=2022-06-12t10%3A39%3A40z&sig=-REDACTED-&sp=rl&sr=c&sv=2020-10-02&timeout=901
   X-Ms-Request-Id: [a214a525-f01e-0021-5fb5-66508d000000]

2022/05/13 10:39:43 ==> REQUEST/RESPONSE (Try=1/737.0967ms, OpTime=1.1009068s) -- RESPONSE SUCCESSFULLY RECEIVED
   GET https://team3backups.blob.core.windows.net/llk/Deployment%20Packages/LLK%20RFQ109%20Soma%20Savings%20Plan_UAT%20Fixes01.zip?se=2022-06-12t10%3A39%3A40z&sig=-REDACTED-&sp=rl&sr=c&sv=2020-10-02&timeout=901
   X-Ms-Request-Id: [6c6df72e-e01e-0012-49b5-660f26000000]

2022/05/13 10:39:43 ==> REQUEST/RESPONSE (Try=1/741.0342ms, OpTime=1.106843s) -- RESPONSE SUCCESSFULLY RECEIVED
   GET https://team3backups.blob.core.windows.net/llk/Deployment%20Packages/LLK%20RFQ109%20Soma%20Savings%20Plan_UAT%20Fixes01.zip?se=2022-06-12t10%3A39%3A40z&sig=-REDACTED-&sp=rl&sr=c&sv=2020-10-02&timeout=901
   X-Ms-Request-Id: [2bb9b5a3-901e-0008-67b5-666ef9000000]

2022/05/13 10:39:43 ==> REQUEST/RESPONSE (Try=1/802.9278ms, OpTime=1.1662576s) -- RESPONSE SUCCESSFULLY RECEIVED
   GET https://team3backups.blob.core.windows.net/llk/Deployment%20Packages/LLK%20RFQ109%20Soma%20Savings%20Plan_UAT%20Fixes01.zip?se=2022-06-12t10%3A39%3A40z&sig=-REDACTED-&sp=rl&sr=c&sv=2020-10-02&timeout=901
   X-Ms-Request-Id: [756cd694-501e-0007-6eb5-661895000000]

2022/05/13 10:39:43 ==> REQUEST/RESPONSE (Try=1/792.174ms, OpTime=1.1657365s) -- RESPONSE SUCCESSFULLY RECEIVED
   GET https://team3backups.blob.core.windows.net/llk/Deployment%20Packages/LLK%20RFQ109%20Soma%20Savings%20Plan_UAT%20Fixes01.zip?se=2022-06-12t10%3A39%3A40z&sig=-REDACTED-&sp=rl&sr=c&sv=2020-10-02&timeout=901
   X-Ms-Request-Id: [aacdcf2a-101e-0006-7fb5-664749000000]

2022/05/13 10:39:43 ==> REQUEST/RESPONSE (Try=1/823.7532ms, OpTime=1.2099877s) -- RESPONSE SUCCESSFULLY RECEIVED
   GET https://team3backups.blob.core.windows.net/llk/Deployment%20Packages/LLK%20RFQ109%20Soma%20Savings%20Plan_UAT%20Fixes01.zip?se=2022-06-12t10%3A39%3A40z&sig=-REDACTED-&sp=rl&sr=c&sv=2020-10-02&timeout=901
   X-Ms-Request-Id: [7023add2-301e-0011-0db5-66ee42000000]

2022/05/13 10:39:43 ==> REQUEST/RESPONSE (Try=1/848.2837ms, OpTime=1.2120938s) -- RESPONSE SUCCESSFULLY RECEIVED
   GET https://team3backups.blob.core.windows.net/llk/Deployment%20Packages/LLK%20RFQ109%20Soma%20Savings%20Plan_UAT%20Fixes01.zip?se=2022-06-12t10%3A39%3A40z&sig=-REDACTED-&sp=rl&sr=c&sv=2020-10-02&timeout=901
   X-Ms-Request-Id: [90b6102f-d01e-0009-5fb5-663125000000]

2022/05/13 10:39:43 ==> REQUEST/RESPONSE (Try=1/825.334ms, OpTime=1.2126149s) -- RESPONSE SUCCESSFULLY RECEIVED
   GET https://team3backups.blob.core.windows.net/llk/Deployment%20Packages/LLK%20RFQ109%20Soma%20Savings%20Plan_UAT%20Fixes01.zip?se=2022-06-12t10%3A39%3A40z&sig=-REDACTED-&sp=rl&sr=c&sv=2020-10-02&timeout=901
   X-Ms-Request-Id: [0972d291-f01e-0031-21b5-6695e5000000]

2022/05/13 10:39:43 ==> REQUEST/RESPONSE (Try=1/860.7148ms, OpTime=1.2275973s) -- RESPONSE SUCCESSFULLY RECEIVED
   GET https://team3backups.blob.core.windows.net/llk/Deployment%20Packages/LLK%20RFQ109%20Soma%20Savings%20Plan_UAT%20Fixes01.zip?se=2022-06-12t10%3A39%3A40z&sig=-REDACTED-&sp=rl&sr=c&sv=2020-10-02&timeout=901
   X-Ms-Request-Id: [b16bbd1b-d01e-0026-21b5-663cee000000]

2022/05/13 10:39:43 ==> REQUEST/RESPONSE (Try=1/883.8632ms, OpTime=1.2569278s) -- RESPONSE SUCCESSFULLY RECEIVED
   GET https://team3backups.blob.core.windows.net/llk/Deployment%20Packages/LLK%20RFQ109%20Soma%20Savings%20Plan_UAT%20Fixes01.zip?se=2022-06-12t10%3A39%3A40z&sig=-REDACTED-&sp=rl&sr=c&sv=2020-10-02&timeout=901
   X-Ms-Request-Id: [1df4d245-e01e-002d-57b5-66c785000000]

2022/05/13 10:39:43 ==> REQUEST/RESPONSE (Try=1/861.5734ms, OpTime=1.2736985s) -- RESPONSE SUCCESSFULLY RECEIVED
   GET https://team3backups.blob.core.windows.net/llk/Deployment%20Packages/LLK%20RFQ109%20Soma%20Savings%20Plan_UAT%20Fixes01.zip?se=2022-06-12t10%3A39%3A40z&sig=-REDACTED-&sp=rl&sr=c&sv=2020-10-02&timeout=901
   X-Ms-Request-Id: [c595c4eb-f01e-001e-41b5-66982e000000]

2022/05/13 10:39:43 ==> REQUEST/RESPONSE (Try=1/925.2169ms, OpTime=1.2882559s) -- RESPONSE SUCCESSFULLY RECEIVED
   GET https://team3backups.blob.core.windows.net/llk/Deployment%20Packages/LLK%20RFQ109%20Soma%20Savings%20Plan_UAT%20Fixes01.zip?se=2022-06-12t10%3A39%3A40z&sig=-REDACTED-&sp=rl&sr=c&sv=2020-10-02&timeout=901
   X-Ms-Request-Id: [20662a94-701e-002f-69b5-66793d000000]

2022/05/13 10:39:43 ==> REQUEST/RESPONSE (Try=1/892.1344ms, OpTime=1.3034377s) -- RESPONSE SUCCESSFULLY RECEIVED
   GET https://team3backups.blob.core.windows.net/llk/Deployment%20Packages/LLK%20RFQ109%20Soma%20Savings%20Plan_UAT%20Fixes01.zip?se=2022-06-12t10%3A39%3A40z&sig=-REDACTED-&sp=rl&sr=c&sv=2020-10-02&timeout=901
   X-Ms-Request-Id: [c5051fb7-a01e-0003-48b5-669592000000]

2022/05/13 10:39:43 ==> REQUEST/RESPONSE (Try=1/1.0031885s, OpTime=1.303668s) -- RESPONSE SUCCESSFULLY RECEIVED
   GET https://team3backups.blob.core.windows.net/llk/Deployment%20Packages/LLK%20RFQ109%20Soma%20Savings%20Plan_UAT%20Fixes01.zip?se=2022-06-12t10%3A39%3A40z&sig=-REDACTED-&sp=rl&sr=c&sv=2020-10-02&timeout=901
   X-Ms-Request-Id: [55f033bf-401e-001b-04b5-664af5000000]

2022/05/13 10:39:43 ==> REQUEST/RESPONSE (Try=1/875.2743ms, OpTime=1.3190094s) -- RESPONSE SUCCESSFULLY RECEIVED
   GET https://team3backups.blob.core.windows.net/llk/Deployment%20Packages/LLK%20RFQ109%20Soma%20Savings%20Plan_UAT%20Fixes01.zip?se=2022-06-12t10%3A39%3A40z&sig=-REDACTED-&sp=rl&sr=c&sv=2020-10-02&timeout=901
   X-Ms-Request-Id: [7303d858-601e-0023-48b5-66ee35000000]

2022/05/13 10:39:43 ==> REQUEST/RESPONSE (Try=1/890.4787ms, OpTime=1.3342138s) -- RESPONSE SUCCESSFULLY RECEIVED
   GET https://team3backups.blob.core.windows.net/llk/Deployment%20Packages/LLK%20RFQ109%20Soma%20Savings%20Plan_UAT%20Fixes01.zip?se=2022-06-12t10%3A39%3A40z&sig=-REDACTED-&sp=rl&sr=c&sv=2020-10-02&timeout=901
   X-Ms-Request-Id: [f3eddfb3-701e-0000-0bb5-6674f6000000]

2022/05/13 10:39:43 ==> REQUEST/RESPONSE (Try=1/1.0879005s, OpTime=1.4751814s) -- RESPONSE SUCCESSFULLY RECEIVED
   GET https://team3backups.blob.core.windows.net/llk/Deployment%20Packages/LLK%20RFQ109%20Soma%20Savings%20Plan_UAT%20Fixes01.zip?se=2022-06-12t10%3A39%3A40z&sig=-REDACTED-&sp=rl&sr=c&sv=2020-10-02&timeout=901
   X-Ms-Request-Id: [0d8c55eb-d01e-0019-65b5-66f44d000000]

2022/05/13 10:39:44 PERF: primary performance constraint is Unknown. States: C:  0, R:  0, W:  0, F:  0, H:  0, B: 40, S:  0, P:  0, Q:  0, D:  0, E:  0, T: 40, GRs: 128
2022/05/13 10:39:44 0.0 %, 0 Done, 0 Failed, 1 Pending, 0 Skipped, 1 Total, 2-sec Throughput (Mb/s): 1333.4408
2022/05/13 10:39:46 PERF: primary performance constraint is Unknown. States: C:  0, R:  0, W:  0, F:  0, H:  0, B: 40, S:  0, P:  0, Q:  0, D:  0, E:  0, T: 40, GRs: 128
2022/05/13 10:39:46 0.0 %, 0 Done, 0 Failed, 1 Pending, 0 Skipped, 1 Total, 
2022/05/13 10:39:48 PERF: primary performance constraint is Unknown. States: C:  0, R:  0, W:  0, F:  0, H:  0, B: 40, S:  0, P:  0, Q:  0, D:  0, E:  0, T: 40, GRs: 128
2022/05/13 10:39:48 0.0 %, 0 Done, 0 Failed, 1 Pending, 0 Skipped, 1 Total, 
2022/05/13 10:39:50 PERF: primary performance constraint is Unknown. States: C:  0, R:  0, W:  0, F:  0, H:  0, B: 40, S:  0, P:  0, Q:  0, D:  0, E:  0, T: 40, GRs: 128
2022/05/13 10:39:50 0.0 %, 0 Done, 0 Failed, 1 Pending, 0 Skipped, 1 Total, 
2022/05/13 10:39:52 PERF: primary performance constraint is Unknown. States: C:  0, R:  0, W:  0, F:  0, H:  0, B: 40, S:  0, P:  0, Q:  0, D:  0, E:  0, T: 40, GRs: 128
2022/05/13 10:39:52 0.0 %, 0 Done, 0 Failed, 1 Pending, 0 Skipped, 1 Total, 
2022/05/13 10:39:54 PERF: primary performance constraint is Unknown. States: C:  0, R:  0, W:  0, F:  0, H:  0, B: 40, S:  0, P:  0, Q:  0, D:  0, E:  0, T: 40, GRs: 128
2022/05/13 10:39:54 0.0 %, 0 Done, 0 Failed, 1 Pending, 0 Skipped, 1 Total, 
2022/05/13 10:39:56 PERF: primary performance constraint is Unknown. States: C:  0, R:  0, W:  0, F:  0, H:  0, B: 40, S:  0, P:  0, Q:  0, D:  0, E:  0, T: 40, GRs: 128
2022/05/13 10:39:56 0.0 %, 0 Done, 0 Failed, 1 Pending, 0 Skipped, 1 Total, 
2022/05/13 10:39:58 PERF: primary performance constraint is Unknown. States: C:  0, R:  0, W:  0, F:  0, H:  0, B: 40, S:  0, P:  0, Q:  0, D:  0, E:  0, T: 40, GRs: 128
2022/05/13 10:39:58 0.0 %, 0 Done, 0 Failed, 1 Pending, 0 Skipped, 1 Total, 
2022/05/13 10:40:00 PERF: primary performance constraint is Unknown. States: C:  0, R:  0, W:  0, F:  0, H:  0, B: 40, S:  0, P:  0, Q:  0, D:  0, E:  0, T: 40, GRs: 128
2022/05/13 10:40:00 0.0 %, 0 Done, 0 Failed, 1 Pending, 0 Skipped, 1 Total, 
2022/05/13 10:40:02 PERF: primary performance constraint is Unknown. States: C:  0, R:  0, W:  0, F:  0, H:  0, B: 40, S:  0, P:  0, Q:  0, D:  0, E:  0, T: 40, GRs: 128
2022/05/13 10:40:02 0.0 %, 0 Done, 0 Failed, 1 Pending, 0 Skipped, 1 Total, 
2022/05/13 10:40:04 PERF: primary performance constraint is Unknown. States: C:  0, R:  0, W:  0, F:  0, H:  0, B: 40, S:  0, P:  0, Q:  0, D:  0, E:  0, T: 40, GRs: 128
2022/05/13 10:40:04 0.0 %, 0 Done, 0 Failed, 1 Pending, 0 Skipped, 1 Total, 
2022/05/13 10:40:06 PERF: primary performance constraint is Unknown. States: C:  0, R:  0, W:  0, F:  0, H:  0, B: 40, S:  0, P:  0, Q:  0, D:  0, E:  0, T: 40, GRs: 128
2022/05/13 10:40:06 0.0 %, 0 Done, 0 Failed, 1 Pending, 0 Skipped, 1 Total, 
2022/05/13 10:40:08 PERF: primary performance constraint is Unknown. States: C:  0, R:  0, W:  0, F:  0, H:  0, B: 40, S:  0, P:  0, Q:  0, D:  0, E:  0, T: 40, GRs: 128
2022/05/13 10:40:08 0.0 %, 0 Done, 0 Failed, 1 Pending, 0 Skipped, 1 Total, 
2022/05/13 10:40:10 PERF: primary performance constraint is Unknown. States: C:  0, R:  0, W:  0, F:  0, H:  0, B: 40, S:  0, P:  0, Q:  0, D:  0, E:  0, T: 40, GRs: 128
2022/05/13 10:40:10 0.0 %, 0 Done, 0 Failed, 1 Pending, 0 Skipped, 1 Total, 
2022/05/13 10:40:12 PERF: primary performance constraint is Unknown. States: C:  0, R:  0, W:  0, F:  0, H:  0, B: 40, S:  0, P:  0, Q:  0, D:  0, E:  0, T: 40, GRs: 128
2022/05/13 10:40:12 0.0 %, 0 Done, 0 Failed, 1 Pending, 0 Skipped, 1 Total, 
2022/05/13 10:40:14 PERF: primary performance constraint is Unknown. States: C:  0, R:  0, W:  0, F:  0, H:  0, B: 40, S:  0, P:  0, Q:  0, D:  0, E:  0, T: 40, GRs: 128
2022/05/13 10:40:14 0.0 %, 0 Done, 0 Failed, 1 Pending, 0 Skipped, 1 Total, 
2022/05/13 10:40:16 PERF: primary performance constraint is Unknown. States: C:  0, R:  0, W:  0, F:  0, H:  0, B: 40, S:  0, P:  0, Q:  0, D:  0, E:  0, T: 40, GRs: 128
2022/05/13 10:40:16 0.0 %, 0 Done, 0 Failed, 1 Pending, 0 Skipped, 1 Total, 
2022/05/13 10:40:18 PERF: primary performance constraint is Unknown. States: C:  0, R:  0, W:  0, F:  0, H:  0, B: 40, S:  0, P:  0, Q:  0, D:  0, E:  0, T: 40, GRs: 128
2022/05/13 10:40:18 0.0 %, 0 Done, 0 Failed, 1 Pending, 0 Skipped, 1 Total, 
2022/05/13 10:40:20 PERF: primary performance constraint is Unknown. States: C:  0, R:  0, W:  0, F:  0, H:  0, B: 40, S:  0, P:  0, Q:  0, D:  0, E:  0, T: 40, GRs: 128
2022/05/13 10:40:20 0.0 %, 0 Done, 0 Failed, 1 Pending, 0 Skipped, 1 Total, 
2022/05/13 10:40:22 PERF: primary performance constraint is Unknown. States: C:  0, R:  0, W:  0, F:  0, H:  0, B: 40, S:  0, P:  0, Q:  0, D:  0, E:  0, T: 40, GRs: 128
2022/05/13 10:40:22 0.0 %, 0 Done, 0 Failed, 1 Pending, 0 Skipped, 1 Total, 
2022/05/13 10:40:24 PERF: primary performance constraint is Unknown. States: C:  0, R:  0, W:  0, F:  0, H:  0, B: 40, S:  0, P:  0, Q:  0, D:  0, E:  0, T: 40, GRs: 128
2022/05/13 10:40:24 0.0 %, 0 Done, 0 Failed, 1 Pending, 0 Skipped, 1 Total, 
2022/05/13 10:40:26 PERF: primary performance constraint is Unknown. States: C:  0, R:  0, W:  0, F:  0, H:  0, B: 40, S:  0, P:  0, Q:  0, D:  0, E:  0, T: 40, GRs: 128
2022/05/13 10:40:26 0.0 %, 0 Done, 0 Failed, 1 Pending, 0 Skipped, 1 Total, 
2022/05/13 10:40:28 PERF: primary performance constraint is Unknown. States: C:  0, R:  0, W:  0, F:  0, H:  0, B: 40, S:  0, P:  0, Q:  0, D:  0, E:  0, T: 40, GRs: 128
2022/05/13 10:40:28 0.0 %, 0 Done, 0 Failed, 1 Pending, 0 Skipped, 1 Total, 
2022/05/13 10:40:30 PERF: primary performance constraint is Unknown. States: C:  0, R:  0, W:  0, F:  0, H:  0, B: 40, S:  0, P:  0, Q:  0, D:  0, E:  0, T: 40, GRs: 128
2022/05/13 10:40:30 0.0 %, 0 Done, 0 Failed, 1 Pending, 0 Skipped, 1 Total, 
2022/05/13 10:40:32 PERF: primary performance constraint is Unknown. States: C:  0, R:  0, W:  0, F:  0, H:  0, B: 40, S:  0, P:  0, Q:  0, D:  0, E:  0, T: 40, GRs: 128
2022/05/13 10:40:32 0.0 %, 0 Done, 0 Failed, 1 Pending, 0 Skipped, 1 Total, 
2022/05/13 10:40:34 PERF: primary performance constraint is Unknown. States: C:  0, R:  0, W:  0, F:  0, H:  0, B: 40, S:  0, P:  0, Q:  0, D:  0, E:  0, T: 40, GRs: 128
2022/05/13 10:40:34 0.0 %, 0 Done, 0 Failed, 1 Pending, 0 Skipped, 1 Total, 
2022/05/13 10:40:36 PERF: primary performance constraint is Unknown. States: C:  0, R:  0, W:  0, F:  0, H:  0, B: 40, S:  0, P:  0, Q:  0, D:  0, E:  0, T: 40, GRs: 128
2022/05/13 10:40:36 0.0 %, 0 Done, 0 Failed, 1 Pending, 0 Skipped, 1 Total, 
2022/05/13 10:40:38 PERF: primary performance constraint is Unknown. States: C:  0, R:  0, W:  0, F:  0, H:  0, B: 40, S:  0, P:  0, Q:  0, D:  0, E:  0, T: 40, GRs: 128
2022/05/13 10:40:38 0.0 %, 0 Done, 0 Failed, 1 Pending, 0 Skipped, 1 Total, 
2022/05/13 10:40:40 PERF: primary performance constraint is Unknown. States: C:  0, R:  0, W:  0, F:  0, H:  0, B: 40, S:  0, P:  0, Q:  0, D:  0, E:  0, T: 40, GRs: 128
2022/05/13 10:40:40 0.0 %, 0 Done, 0 Failed, 1 Pending, 0 Skipped, 1 Total, 
2022/05/13 10:40:42 PERF: primary performance constraint is Unknown. States: C:  0, R:  0, W:  0, F:  0, H:  0, B: 40, S:  0, P:  0, Q:  0, D:  0, E:  0, T: 40, GRs: 128
2022/05/13 10:40:42 0.0 %, 0 Done, 0 Failed, 1 Pending, 0 Skipped, 1 Total, 
2022/05/13 10:40:44 PERF: primary performance constraint is Unknown. States: C:  0, R:  0, W:  0, F:  0, H:  0, B: 40, S:  0, P:  0, Q:  0, D:  0, E:  0, T: 40, GRs: 128
2022/05/13 10:40:44 0.0 %, 0 Done, 0 Failed, 1 Pending, 0 Skipped, 1 Total, 
2022/05/13 10:40:46 PERF: primary performance constraint is Unknown. States: C:  0, R:  0, W:  0, F:  0, H:  0, B: 40, S:  0, P:  0, Q:  0, D:  0, E:  0, T: 40, GRs: 128
2022/05/13 10:40:46 0.0 %, 0 Done, 0 Failed, 1 Pending, 0 Skipped, 1 Total, 
2022/05/13 10:40:48 PERF: primary performance constraint is Unknown. States: C:  0, R:  0, W:  0, F:  0, H:  0, B: 40, S:  0, P:  0, Q:  0, D:  0, E:  0, T: 40, GRs: 128
2022/05/13 10:40:48 0.0 %, 0 Done, 0 Failed, 1 Pending, 0 Skipped, 1 Total, 
2022/05/13 10:40:50 PERF: primary performance constraint is Unknown. States: C:  0, R:  0, W:  0, F:  0, H:  0, B: 40, S:  0, P:  0, Q:  0, D:  0, E:  0, T: 40, GRs: 128
2022/05/13 10:40:50 0.0 %, 0 Done, 0 Failed, 1 Pending, 0 Skipped, 1 Total, 
2022/05/13 10:40:52 PERF: primary performance constraint is Unknown. States: C:  0, R:  0, W:  0, F:  0, H:  0, B: 40, S:  0, P:  0, Q:  0, D:  0, E:  0, T: 40, GRs: 128
2022/05/13 10:40:52 0.0 %, 0 Done, 0 Failed, 1 Pending, 0 Skipped, 1 Total, 
2022/05/13 10:40:54 PERF: primary performance constraint is Unknown. States: C:  0, R:  0, W:  0, F:  0, H:  0, B: 40, S:  0, P:  0, Q:  0, D:  0, E:  0, T: 40, GRs: 128
2022/05/13 10:40:54 0.0 %, 0 Done, 0 Failed, 1 Pending, 0 Skipped, 1 Total, 
2022/05/13 10:40:56 PERF: primary performance constraint is Unknown. States: C:  0, R:  0, W:  0, F:  0, H:  0, B: 40, S:  0, P:  0, Q:  0, D:  0, E:  0, T: 40, GRs: 128
2022/05/13 10:40:56 0.0 %, 0 Done, 0 Failed, 1 Pending, 0 Skipped, 1 Total, 
2022/05/13 10:40:58 PERF: primary performance constraint is Unknown. States: C:  0, R:  0, W:  0, F:  0, H:  0, B: 40, S:  0, P:  0, Q:  0, D:  0, E:  0, T: 40, GRs: 128
2022/05/13 10:40:58 0.0 %, 0 Done, 0 Failed, 1 Pending, 0 Skipped, 1 Total, 
2022/05/13 10:41:00 PERF: primary performance constraint is Unknown. States: C:  0, R:  0, W:  0, F:  0, H:  0, B: 40, S:  0, P:  0, Q:  0, D:  0, E:  0, T: 40, GRs: 128
2022/05/13 10:41:00 0.0 %, 0 Done, 0 Failed, 1 Pending, 0 Skipped, 1 Total, 
2022/05/13 10:41:02 PERF: primary performance constraint is Unknown. States: C:  0, R:  0, W:  0, F:  0, H:  0, B: 40, S:  0, P:  0, Q:  0, D:  0, E:  0, T: 40, GRs: 128
2022/05/13 10:41:02 0.0 %, 0 Done, 0 Failed, 1 Pending, 0 Skipped, 1 Total, 
2022/05/13 10:41:04 PERF: primary performance constraint is Unknown. States: C:  0, R:  0, W:  0, F:  0, H:  0, B: 40, S:  0, P:  0, Q:  0, D:  0, E:  0, T: 40, GRs: 128
2022/05/13 10:41:04 0.0 %, 0 Done, 0 Failed, 1 Pending, 0 Skipped, 1 Total, 
2022/05/13 10:41:06 PERF: primary performance constraint is Unknown. States: C:  0, R:  0, W:  0, F:  0, H:  0, B: 40, S:  0, P:  0, Q:  0, D:  0, E:  0, T: 40, GRs: 128
2022/05/13 10:41:06 0.0 %, 0 Done, 0 Failed, 1 Pending, 0 Skipped, 1 Total, 
2022/05/13 10:41:08 PERF: primary performance constraint is Unknown. States: C:  0, R:  0, W:  0, F:  0, H:  0, B: 39, S:  0, P:  1, Q:  0, D:  0, E:  0, T: 40, GRs: 128
2022/05/13 10:41:08 2.5 %, 0 Done, 0 Failed, 1 Pending, 0 Skipped, 1 Total, 
2022/05/13 10:41:10 PERF: primary performance constraint is Unknown. States: C:  0, R:  0, W:  0, F:  0, H:  0, B: 39, S:  0, P:  1, Q:  0, D:  0, E:  0, T: 40, GRs: 128
2022/05/13 10:41:10 2.5 %, 0 Done, 0 Failed, 1 Pending, 0 Skipped, 1 Total, 
2022/05/13 10:41:12 PERF: primary performance constraint is Unknown. States: C:  0, R:  0, W:  0, F:  0, H:  0, B: 38, S:  0, P:  2, Q:  0, D:  0, E:  0, T: 40, GRs: 128
2022/05/13 10:41:12 5.0 %, 0 Done, 0 Failed, 1 Pending, 0 Skipped, 1 Total, 
2022/05/13 10:41:14 PERF: primary performance constraint is Unknown. States: C:  0, R:  0, W:  0, F:  0, H:  0, B: 38, S:  0, P:  2, Q:  0, D:  0, E:  0, T: 40, GRs: 128
2022/05/13 10:41:14 5.0 %, 0 Done, 0 Failed, 1 Pending, 0 Skipped, 1 Total, 
2022/05/13 10:41:16 PERF: primary performance constraint is Unknown. States: C:  0, R:  0, W:  0, F:  0, H:  0, B: 38, S:  0, P:  2, Q:  0, D:  0, E:  0, T: 40, GRs: 128
2022/05/13 10:41:16 5.0 %, 0 Done, 0 Failed, 1 Pending, 0 Skipped, 1 Total, 
2022/05/13 10:41:18 PERF: primary performance constraint is Unknown. States: C:  0, R:  0, W:  0, F:  0, H:  0, B: 38, S:  0, P:  2, Q:  0, D:  0, E:  0, T: 40, GRs: 128
2022/05/13 10:41:18 5.0 %, 0 Done, 0 Failed, 1 Pending, 0 Skipped, 1 Total, 
2022/05/13 10:41:20 PERF: primary performance constraint is Unknown. States: C:  0, R:  0, W:  0, F:  0, H:  0, B: 38, S:  0, P:  2, Q:  0, D:  0, E:  0, T: 40, GRs: 128
2022/05/13 10:41:20 5.0 %, 0 Done, 0 Failed, 1 Pending, 0 Skipped, 1 Total, 
2022/05/13 10:41:22 PERF: primary performance constraint is Unknown. States: C:  0, R:  0, W:  0, F:  0, H:  0, B: 38, S:  0, P:  2, Q:  0, D:  0, E:  0, T: 40, GRs: 128
2022/05/13 10:41:22 5.0 %, 0 Done, 0 Failed, 1 Pending, 0 Skipped, 1 Total, 
2022/05/13 10:41:24 PERF: primary performance constraint is Unknown. States: C:  0, R:  0, W:  0, F:  0, H:  0, B: 38, S:  0, P:  2, Q:  0, D:  0, E:  0, T: 40, GRs: 128
2022/05/13 10:41:24 5.0 %, 0 Done, 0 Failed, 1 Pending, 0 Skipped, 1 Total, 
2022/05/13 10:41:26 PERF: primary performance constraint is Unknown. States: C:  0, R:  0, W:  0, F:  0, H:  0, B: 38, S:  0, P:  2, Q:  0, D:  0, E:  0, T: 40, GRs: 128
2022/05/13 10:41:26 5.0 %, 0 Done, 0 Failed, 1 Pending, 0 Skipped, 1 Total, 
2022/05/13 10:41:28 PERF: primary performance constraint is Unknown. States: C:  0, R:  0, W:  0, F:  0, H:  0, B: 38, S:  0, P:  2, Q:  0, D:  0, E:  0, T: 40, GRs: 128
2022/05/13 10:41:28 5.0 %, 0 Done, 0 Failed, 1 Pending, 0 Skipped, 1 Total, 
2022/05/13 10:41:30 PERF: primary performance constraint is Unknown. States: C:  0, R:  0, W:  0, F:  0, H:  0, B: 38, S:  0, P:  2, Q:  0, D:  0, E:  0, T: 40, GRs: 128
2022/05/13 10:41:30 5.0 %, 0 Done, 0 Failed, 1 Pending, 0 Skipped, 1 Total, 
2022/05/13 10:41:32 PERF: primary performance constraint is Unknown. States: C:  0, R:  0, W:  0, F:  0, H:  0, B: 38, S:  0, P:  2, Q:  0, D:  0, E:  0, T: 40, GRs: 128
2022/05/13 10:41:32 5.0 %, 0 Done, 0 Failed, 1 Pending, 0 Skipped, 1 Total, 
2022/05/13 10:41:34 PERF: primary performance constraint is Unknown. States: C:  0, R:  0, W:  0, F:  0, H:  0, B: 38, S:  0, P:  2, Q:  0, D:  0, E:  0, T: 40, GRs: 128
2022/05/13 10:41:34 5.0 %, 0 Done, 0 Failed, 1 Pending, 0 Skipped, 1 Total, 
2022/05/13 10:41:36 PERF: primary performance constraint is Unknown. States: C:  0, R:  0, W:  0, F:  0, H:  0, B: 38, S:  0, P:  2, Q:  0, D:  0, E:  0, T: 40, GRs: 128
2022/05/13 10:41:36 5.0 %, 0 Done, 0 Failed, 1 Pending, 0 Skipped, 1 Total, 
2022/05/13 10:41:38 PERF: primary performance constraint is Unknown. States: C:  0, R:  0, W:  0, F:  0, H:  0, B: 37, S:  0, P:  3, Q:  0, D:  0, E:  0, T: 40, GRs: 128
2022/05/13 10:41:38 7.5 %, 0 Done, 0 Failed, 1 Pending, 0 Skipped, 1 Total, 
2022/05/13 10:41:40 PERF: primary performance constraint is Unknown. States: C:  0, R:  0, W:  0, F:  0, H:  0, B: 37, S:  0, P:  3, Q:  0, D:  0, E:  0, T: 40, GRs: 128
2022/05/13 10:41:40 7.5 %, 0 Done, 0 Failed, 1 Pending, 0 Skipped, 1 Total, 
2022/05/13 10:41:42 PERF: primary performance constraint is Unknown. States: C:  0, R:  0, W:  0, F:  0, H:  0, B: 37, S:  0, P:  3, Q:  0, D:  0, E:  0, T: 40, GRs: 128
2022/05/13 10:41:42 7.5 %, 0 Done, 0 Failed, 1 Pending, 0 Skipped, 1 Total, 
2022/05/13 10:41:44 PERF: primary performance constraint is Unknown. States: C:  0, R:  0, W:  0, F:  0, H:  0, B: 37, S:  0, P:  3, Q:  0, D:  0, E:  0, T: 40, GRs: 128
2022/05/13 10:41:44 7.5 %, 0 Done, 0 Failed, 1 Pending, 0 Skipped, 1 Total, 
2022/05/13 10:41:46 PERF: primary performance constraint is Unknown. States: C:  0, R:  0, W:  0, F:  0, H:  0, B: 36, S:  0, P:  3, Q:  0, D:  0, E:  0, T: 39, GRs: 128
2022/05/13 10:41:46 10.1 %, 0 Done, 0 Failed, 1 Pending, 0 Skipped, 1 Total, 
2022/05/13 10:41:48 PERF: primary performance constraint is Unknown. States: C:  0, R:  0, W:  0, F:  0, H:  0, B: 36, S:  0, P:  3, Q:  0, D:  0, E:  0, T: 39, GRs: 128
2022/05/13 10:41:48 10.1 %, 0 Done, 0 Failed, 1 Pending, 0 Skipped, 1 Total, 
2022/05/13 10:41:50 PERF: primary performance constraint is Unknown. States: C:  0, R:  0, W:  0, F:  0, H:  0, B: 36, S:  0, P:  3, Q:  0, D:  0, E:  0, T: 39, GRs: 128
2022/05/13 10:41:50 10.1 %, 0 Done, 0 Failed, 1 Pending, 0 Skipped, 1 Total, 
2022/05/13 10:41:52 PERF: primary performance constraint is Unknown. States: C:  0, R:  0, W:  0, F:  0, H:  0, B: 36, S:  0, P:  3, Q:  0, D:  0, E:  0, T: 39, GRs: 128
2022/05/13 10:41:52 10.1 %, 0 Done, 0 Failed, 1 Pending, 0 Skipped, 1 Total, 
2022/05/13 10:41:54 PERF: primary performance constraint is Unknown. States: C:  0, R:  0, W:  0, F:  0, H:  0, B: 36, S:  0, P:  3, Q:  0, D:  0, E:  0, T: 39, GRs: 128
2022/05/13 10:41:54 10.1 %, 0 Done, 0 Failed, 1 Pending, 0 Skipped, 1 Total, 
2022/05/13 10:41:56 PERF: primary performance constraint is Unknown. States: C:  0, R:  0, W:  0, F:  0, H:  0, B: 35, S:  0, P:  4, Q:  0, D:  0, E:  0, T: 39, GRs: 128
2022/05/13 10:41:56 12.6 %, 0 Done, 0 Failed, 1 Pending, 0 Skipped, 1 Total, 
2022/05/13 10:41:58 PERF: primary performance constraint is Unknown. States: C:  0, R:  0, W:  0, F:  0, H:  0, B: 35, S:  0, P:  4, Q:  0, D:  0, E:  0, T: 39, GRs: 128
2022/05/13 10:41:58 12.6 %, 0 Done, 0 Failed, 1 Pending, 0 Skipped, 1 Total, 
2022/05/13 10:42:00 PERF: primary performance constraint is Unknown. States: C:  0, R:  0, W:  0, F:  0, H:  0, B: 35, S:  0, P:  4, Q:  0, D:  0, E:  0, T: 39, GRs: 128
2022/05/13 10:42:00 12.6 %, 0 Done, 0 Failed, 1 Pending, 0 Skipped, 1 Total, 
2022/05/13 10:42:02 PERF: primary performance constraint is Unknown. States: C:  0, R:  0, W:  0, F:  0, H:  0, B: 35, S:  0, P:  4, Q:  0, D:  0, E:  0, T: 39, GRs: 128
2022/05/13 10:42:02 12.6 %, 0 Done, 0 Failed, 1 Pending, 0 Skipped, 1 Total, 
2022/05/13 10:42:04 PERF: primary performance constraint is Unknown. States: C:  0, R:  0, W:  0, F:  0, H:  0, B: 35, S:  0, P:  4, Q:  0, D:  0, E:  0, T: 39, GRs: 128
2022/05/13 10:42:04 12.6 %, 0 Done, 0 Failed, 1 Pending, 0 Skipped, 1 Total, 
2022/05/13 10:42:06 PERF: primary performance constraint is Unknown. States: C:  0, R:  0, W:  0, F:  0, H:  0, B: 35, S:  0, P:  4, Q:  0, D:  0, E:  0, T: 39, GRs: 128
2022/05/13 10:42:06 12.6 %, 0 Done, 0 Failed, 1 Pending, 0 Skipped, 1 Total, 
2022/05/13 10:42:08 PERF: primary performance constraint is Unknown. States: C:  0, R:  0, W:  0, F:  0, H:  0, B: 35, S:  0, P:  4, Q:  0, D:  0, E:  0, T: 39, GRs: 128
2022/05/13 10:42:08 12.6 %, 0 Done, 0 Failed, 1 Pending, 0 Skipped, 1 Total, 
2022/05/13 10:42:10 PERF: primary performance constraint is Unknown. States: C:  0, R:  0, W:  0, F:  0, H:  0, B: 35, S:  0, P:  4, Q:  0, D:  0, E:  0, T: 39, GRs: 128
2022/05/13 10:42:10 12.6 %, 0 Done, 0 Failed, 1 Pending, 0 Skipped, 1 Total, 
2022/05/13 10:42:12 PERF: primary performance constraint is Unknown. States: C:  0, R:  0, W:  0, F:  0, H:  0, B: 35, S:  0, P:  4, Q:  0, D:  0, E:  0, T: 39, GRs: 128
2022/05/13 10:42:12 12.6 %, 0 Done, 0 Failed, 1 Pending, 0 Skipped, 1 Total, 
2022/05/13 10:42:14 PERF: primary performance constraint is Unknown. States: C:  0, R:  0, W:  0, F:  0, H:  0, B: 35, S:  0, P:  4, Q:  0, D:  0, E:  0, T: 39, GRs: 128
2022/05/13 10:42:14 12.6 %, 0 Done, 0 Failed, 1 Pending, 0 Skipped, 1 Total, 
2022/05/13 10:42:16 PERF: primary performance constraint is Unknown. States: C:  0, R:  0, W:  0, F:  0, H:  0, B: 35, S:  0, P:  4, Q:  0, D:  0, E:  0, T: 39, GRs: 128
2022/05/13 10:42:16 12.6 %, 0 Done, 0 Failed, 1 Pending, 0 Skipped, 1 Total, 
2022/05/13 10:42:18 PERF: primary performance constraint is Unknown. States: C:  0, R:  0, W:  0, F:  0, H:  0, B: 35, S:  0, P:  4, Q:  0, D:  0, E:  0, T: 39, GRs: 128
2022/05/13 10:42:18 12.6 %, 0 Done, 0 Failed, 1 Pending, 0 Skipped, 1 Total, 
2022/05/13 10:42:20 PERF: primary performance constraint is Unknown. States: C:  0, R:  0, W:  0, F:  0, H:  0, B: 35, S:  0, P:  4, Q:  0, D:  0, E:  0, T: 39, GRs: 128
2022/05/13 10:42:20 12.6 %, 0 Done, 0 Failed, 1 Pending, 0 Skipped, 1 Total, 
2022/05/13 10:42:22 PERF: primary performance constraint is Unknown. States: C:  0, R:  0, W:  0, F:  0, H:  0, B: 35, S:  0, P:  4, Q:  0, D:  0, E:  0, T: 39, GRs: 128
2022/05/13 10:42:22 12.6 %, 0 Done, 0 Failed, 1 Pending, 0 Skipped, 1 Total, 
2022/05/13 10:42:24 PERF: primary performance constraint is Unknown. States: C:  0, R:  0, W:  0, F:  0, H:  0, B: 34, S:  0, P:  5, Q:  0, D:  0, E:  0, T: 39, GRs: 128
2022/05/13 10:42:24 15.1 %, 0 Done, 0 Failed, 1 Pending, 0 Skipped, 1 Total, 
2022/05/13 10:42:26 PERF: primary performance constraint is Unknown. States: C:  0, R:  0, W:  0, F:  0, H:  0, B: 34, S:  0, P:  5, Q:  0, D:  0, E:  0, T: 39, GRs: 128
2022/05/13 10:42:26 15.1 %, 0 Done, 0 Failed, 1 Pending, 0 Skipped, 1 Total, 
2022/05/13 10:42:28 PERF: primary performance constraint is Unknown. States: C:  0, R:  0, W:  0, F:  0, H:  0, B: 33, S:  0, P:  6, Q:  0, D:  0, E:  0, T: 39, GRs: 128
2022/05/13 10:42:28 17.6 %, 0 Done, 0 Failed, 1 Pending, 0 Skipped, 1 Total, 
2022/05/13 10:42:30 PERF: primary performance constraint is Unknown. States: C:  0, R:  0, W:  0, F:  0, H:  0, B: 33, S:  0, P:  6, Q:  0, D:  0, E:  0, T: 39, GRs: 128
2022/05/13 10:42:30 17.6 %, 0 Done, 0 Failed, 1 Pending, 0 Skipped, 1 Total, 
2022/05/13 10:42:32 PERF: primary performance constraint is Unknown. States: C:  0, R:  0, W:  0, F:  0, H:  0, B: 32, S:  0, P:  7, Q:  0, D:  0, E:  0, T: 39, GRs: 128
2022/05/13 10:42:32 20.1 %, 0 Done, 0 Failed, 1 Pending, 0 Skipped, 1 Total, 
2022/05/13 10:42:34 PERF: primary performance constraint is Unknown. States: C:  0, R:  0, W:  0, F:  0, H:  0, B: 32, S:  0, P:  7, Q:  0, D:  0, E:  0, T: 39, GRs: 128
2022/05/13 10:42:34 20.1 %, 0 Done, 0 Failed, 1 Pending, 0 Skipped, 1 Total, 
2022/05/13 10:42:36 PERF: primary performance constraint is Unknown. States: C:  0, R:  0, W:  0, F:  0, H:  0, B: 31, S:  0, P:  8, Q:  0, D:  0, E:  0, T: 39, GRs: 128
2022/05/13 10:42:36 22.6 %, 0 Done, 0 Failed, 1 Pending, 0 Skipped, 1 Total, 
2022/05/13 10:42:38 PERF: primary performance constraint is Unknown. States: C:  0, R:  0, W:  0, F:  0, H:  0, B: 31, S:  0, P:  8, Q:  0, D:  0, E:  0, T: 39, GRs: 128
2022/05/13 10:42:38 22.6 %, 0 Done, 0 Failed, 1 Pending, 0 Skipped, 1 Total, 
2022/05/13 10:42:40 PERF: primary performance constraint is Unknown. States: C:  0, R:  0, W:  0, F:  0, H:  0, B: 31, S:  0, P:  8, Q:  0, D:  0, E:  0, T: 39, GRs: 128
2022/05/13 10:42:40 22.6 %, 0 Done, 0 Failed, 1 Pending, 0 Skipped, 1 Total, 
2022/05/13 10:42:42 PERF: primary performance constraint is Unknown. States: C:  0, R:  0, W:  0, F:  0, H:  0, B: 30, S:  0, P:  9, Q:  0, D:  0, E:  0, T: 39, GRs: 128
2022/05/13 10:42:42 25.1 %, 0 Done, 0 Failed, 1 Pending, 0 Skipped, 1 Total, 
2022/05/13 10:42:44 PERF: primary performance constraint is Unknown. States: C:  0, R:  0, W:  0, F:  0, H:  0, B: 30, S:  0, P:  9, Q:  0, D:  0, E:  0, T: 39, GRs: 128
2022/05/13 10:42:44 25.1 %, 0 Done, 0 Failed, 1 Pending, 0 Skipped, 1 Total, 
2022/05/13 10:42:46 PERF: primary performance constraint is Unknown. States: C:  0, R:  0, W:  0, F:  0, H:  0, B: 29, S:  0, P: 10, Q:  0, D:  0, E:  0, T: 39, GRs: 128
2022/05/13 10:42:46 27.6 %, 0 Done, 0 Failed, 1 Pending, 0 Skipped, 1 Total, 
2022/05/13 10:42:49 PERF: primary performance constraint is Unknown. States: C:  0, R:  0, W:  0, F:  0, H:  0, B: 29, S:  0, P: 10, Q:  0, D:  0, E:  0, T: 39, GRs: 128
2022/05/13 10:42:49 27.6 %, 0 Done, 0 Failed, 1 Pending, 0 Skipped, 1 Total, 
2022/05/13 10:42:51 PERF: primary performance constraint is Unknown. States: C:  0, R:  0, W:  0, F:  0, H:  0, B: 29, S:  0, P: 10, Q:  0, D:  0, E:  0, T: 39, GRs: 128
2022/05/13 10:42:51 27.6 %, 0 Done, 0 Failed, 1 Pending, 0 Skipped, 1 Total, 
2022/05/13 10:42:53 PERF: primary performance constraint is Unknown. States: C:  0, R:  0, W:  0, F:  0, H:  0, B: 29, S:  0, P: 10, Q:  0, D:  0, E:  0, T: 39, GRs: 128
2022/05/13 10:42:53 27.6 %, 0 Done, 0 Failed, 1 Pending, 0 Skipped, 1 Total, 
2022/05/13 10:42:55 PERF: primary performance constraint is Unknown. States: C:  0, R:  0, W:  0, F:  0, H:  0, B: 28, S:  0, P: 11, Q:  0, D:  0, E:  0, T: 39, GRs: 128
2022/05/13 10:42:55 30.2 %, 0 Done, 0 Failed, 1 Pending, 0 Skipped, 1 Total, 
2022/05/13 10:42:57 PERF: primary performance constraint is Unknown. States: C:  0, R:  0, W:  0, F:  0, H:  0, B: 28, S:  0, P: 11, Q:  0, D:  0, E:  0, T: 39, GRs: 128
2022/05/13 10:42:57 30.2 %, 0 Done, 0 Failed, 1 Pending, 0 Skipped, 1 Total, 
2022/05/13 10:42:59 PERF: primary performance constraint is Unknown. States: C:  0, R:  0, W:  0, F:  0, H:  0, B: 28, S:  0, P: 11, Q:  0, D:  0, E:  0, T: 39, GRs: 128
2022/05/13 10:42:59 30.2 %, 0 Done, 0 Failed, 1 Pending, 0 Skipped, 1 Total, 
2022/05/13 10:43:01 PERF: primary performance constraint is Unknown. States: C:  0, R:  0, W:  0, F:  0, H:  0, B: 28, S:  0, P: 11, Q:  0, D:  0, E:  0, T: 39, GRs: 128
2022/05/13 10:43:01 30.2 %, 0 Done, 0 Failed, 1 Pending, 0 Skipped, 1 Total, 
2022/05/13 10:43:03 PERF: primary performance constraint is Unknown. States: C:  0, R:  0, W:  0, F:  0, H:  0, B: 28, S:  0, P: 11, Q:  0, D:  0, E:  0, T: 39, GRs: 128
2022/05/13 10:43:03 30.2 %, 0 Done, 0 Failed, 1 Pending, 0 Skipped, 1 Total, 
2022/05/13 10:43:05 PERF: primary performance constraint is Unknown. States: C:  0, R:  0, W:  0, F:  0, H:  0, B: 28, S:  0, P: 11, Q:  0, D:  0, E:  0, T: 39, GRs: 128
2022/05/13 10:43:05 30.2 %, 0 Done, 0 Failed, 1 Pending, 0 Skipped, 1 Total, 
2022/05/13 10:43:07 PERF: primary performance constraint is Unknown. States: C:  0, R:  0, W:  0, F:  0, H:  0, B: 27, S:  0, P: 12, Q:  0, D:  0, E:  0, T: 39, GRs: 128
2022/05/13 10:43:07 32.7 %, 0 Done, 0 Failed, 1 Pending, 0 Skipped, 1 Total, 
2022/05/13 10:43:09 PERF: primary performance constraint is Unknown. States: C:  0, R:  0, W:  0, F:  0, H:  0, B: 27, S:  0, P: 12, Q:  0, D:  0, E:  0, T: 39, GRs: 128
2022/05/13 10:43:09 32.7 %, 0 Done, 0 Failed, 1 Pending, 0 Skipped, 1 Total, 
2022/05/13 10:43:11 PERF: primary performance constraint is Unknown. States: C:  0, R:  0, W:  0, F:  0, H:  0, B: 27, S:  0, P: 12, Q:  0, D:  0, E:  0, T: 39, GRs: 128
2022/05/13 10:43:11 32.7 %, 0 Done, 0 Failed, 1 Pending, 0 Skipped, 1 Total, 
2022/05/13 10:43:13 PERF: primary performance constraint is Unknown. States: C:  0, R:  0, W:  0, F:  0, H:  0, B: 27, S:  0, P: 12, Q:  0, D:  0, E:  0, T: 39, GRs: 128
2022/05/13 10:43:13 32.7 %, 0 Done, 0 Failed, 1 Pending, 0 Skipped, 1 Total, 
2022/05/13 10:43:15 PERF: primary performance constraint is Unknown. States: C:  0, R:  0, W:  0, F:  0, H:  0, B: 27, S:  0, P: 12, Q:  0, D:  0, E:  0, T: 39, GRs: 128
2022/05/13 10:43:15 32.7 %, 0 Done, 0 Failed, 1 Pending, 0 Skipped, 1 Total, 
2022/05/13 10:43:17 PERF: primary performance constraint is Unknown. States: C:  0, R:  0, W:  0, F:  0, H:  0, B: 27, S:  0, P: 12, Q:  0, D:  0, E:  0, T: 39, GRs: 128
2022/05/13 10:43:17 32.7 %, 0 Done, 0 Failed, 1 Pending, 0 Skipped, 1 Total, 
2022/05/13 10:43:19 PERF: primary performance constraint is Unknown. States: C:  0, R:  0, W:  0, F:  0, H:  0, B: 27, S:  0, P: 12, Q:  0, D:  0, E:  0, T: 39, GRs: 128
2022/05/13 10:43:19 32.7 %, 0 Done, 0 Failed, 1 Pending, 0 Skipped, 1 Total, 
2022/05/13 10:43:21 PERF: primary performance constraint is Unknown. States: C:  0, R:  0, W:  0, F:  0, H:  0, B: 27, S:  0, P: 12, Q:  0, D:  0, E:  0, T: 39, GRs: 128
2022/05/13 10:43:21 32.7 %, 0 Done, 0 Failed, 1 Pending, 0 Skipped, 1 Total, 
2022/05/13 10:43:23 PERF: primary performance constraint is Unknown. States: C:  0, R:  0, W:  0, F:  0, H:  0, B: 27, S:  0, P: 12, Q:  0, D:  0, E:  0, T: 39, GRs: 128
2022/05/13 10:43:23 32.7 %, 0 Done, 0 Failed, 1 Pending, 0 Skipped, 1 Total, 
2022/05/13 10:43:25 PERF: primary performance constraint is Unknown. States: C:  0, R:  0, W:  0, F:  0, H:  0, B: 27, S:  0, P: 12, Q:  0, D:  0, E:  0, T: 39, GRs: 128
2022/05/13 10:43:25 32.7 %, 0 Done, 0 Failed, 1 Pending, 0 Skipped, 1 Total, 
2022/05/13 10:43:27 PERF: primary performance constraint is Unknown. States: C:  0, R:  0, W:  0, F:  0, H:  0, B: 26, S:  0, P: 13, Q:  0, D:  0, E:  0, T: 39, GRs: 128
2022/05/13 10:43:27 35.2 %, 0 Done, 0 Failed, 1 Pending, 0 Skipped, 1 Total, 
2022/05/13 10:43:29 PERF: primary performance constraint is Unknown. States: C:  0, R:  0, W:  0, F:  0, H:  0, B: 26, S:  0, P: 13, Q:  0, D:  0, E:  0, T: 39, GRs: 128
2022/05/13 10:43:29 35.2 %, 0 Done, 0 Failed, 1 Pending, 0 Skipped, 1 Total, 
2022/05/13 10:43:31 PERF: primary performance constraint is Unknown. States: C:  0, R:  0, W:  0, F:  0, H:  0, B: 26, S:  0, P: 13, Q:  0, D:  0, E:  0, T: 39, GRs: 128
2022/05/13 10:43:31 35.2 %, 0 Done, 0 Failed, 1 Pending, 0 Skipped, 1 Total, 
2022/05/13 10:43:33 PERF: primary performance constraint is Unknown. States: C:  0, R:  0, W:  0, F:  0, H:  0, B: 26, S:  0, P: 13, Q:  0, D:  0, E:  0, T: 39, GRs: 128
2022/05/13 10:43:33 35.2 %, 0 Done, 0 Failed, 1 Pending, 0 Skipped, 1 Total, 
2022/05/13 10:43:35 PERF: primary performance constraint is Unknown. States: C:  0, R:  0, W:  0, F:  0, H:  0, B: 26, S:  0, P: 13, Q:  0, D:  0, E:  0, T: 39, GRs: 128
2022/05/13 10:43:35 35.2 %, 0 Done, 0 Failed, 1 Pending, 0 Skipped, 1 Total, 
2022/05/13 10:43:37 PERF: primary performance constraint is Unknown. States: C:  0, R:  0, W:  0, F:  0, H:  0, B: 25, S:  0, P: 14, Q:  0, D:  0, E:  0, T: 39, GRs: 128
2022/05/13 10:43:37 37.7 %, 0 Done, 0 Failed, 1 Pending, 0 Skipped, 1 Total, 
2022/05/13 10:43:39 PERF: primary performance constraint is Unknown. States: C:  0, R:  0, W:  0, F:  0, H:  0, B: 25, S:  0, P: 14, Q:  0, D:  0, E:  0, T: 39, GRs: 128
2022/05/13 10:43:39 37.7 %, 0 Done, 0 Failed, 1 Pending, 0 Skipped, 1 Total, 
2022/05/13 10:43:41 PERF: primary performance constraint is Unknown. States: C:  0, R:  0, W:  0, F:  0, H:  0, B: 25, S:  0, P: 14, Q:  0, D:  0, E:  0, T: 39, GRs: 128
2022/05/13 10:43:41 37.7 %, 0 Done, 0 Failed, 1 Pending, 0 Skipped, 1 Total, 
2022/05/13 10:43:43 PERF: primary performance constraint is Unknown. States: C:  0, R:  0, W:  0, F:  0, H:  0, B: 24, S:  0, P: 14, Q:  0, D:  0, E:  0, T: 38, GRs: 128
2022/05/13 10:43:43 40.2 %, 0 Done, 0 Failed, 1 Pending, 0 Skipped, 1 Total, 
2022/05/13 10:43:45 PERF: primary performance constraint is Unknown. States: C:  0, R:  0, W:  0, F:  0, H:  0, B: 23, S:  0, P: 15, Q:  0, D:  0, E:  0, T: 38, GRs: 128
2022/05/13 10:43:45 42.7 %, 0 Done, 0 Failed, 1 Pending, 0 Skipped, 1 Total, 
2022/05/13 10:43:47 PERF: primary performance constraint is Unknown. States: C:  0, R:  0, W:  0, F:  0, H:  0, B: 22, S:  0, P: 16, Q:  0, D:  0, E:  0, T: 38, GRs: 128
2022/05/13 10:43:47 45.2 %, 0 Done, 0 Failed, 1 Pending, 0 Skipped, 1 Total, 
2022/05/13 10:43:49 PERF: primary performance constraint is Unknown. States: C:  0, R:  0, W:  0, F:  0, H:  0, B: 21, S:  0, P: 17, Q:  0, D:  0, E:  0, T: 38, GRs: 128
2022/05/13 10:43:49 47.7 %, 0 Done, 0 Failed, 1 Pending, 0 Skipped, 1 Total, 
2022/05/13 10:43:51 PERF: primary performance constraint is Unknown. States: C:  0, R:  0, W:  0, F:  0, H:  0, B: 19, S:  0, P: 19, Q:  0, D:  0, E:  0, T: 38, GRs: 128
2022/05/13 10:43:51 52.8 %, 0 Done, 0 Failed, 1 Pending, 0 Skipped, 1 Total, 
2022/05/13 10:43:53 PERF: primary performance constraint is Unknown. States: C:  0, R:  0, W:  0, F:  0, H:  0, B: 17, S:  0, P: 21, Q:  0, D:  0, E:  0, T: 38, GRs: 128
2022/05/13 10:43:53 57.8 %, 0 Done, 0 Failed, 1 Pending, 0 Skipped, 1 Total, 
2022/05/13 10:43:55 PERF: primary performance constraint is Unknown. States: C:  0, R:  0, W:  0, F:  0, H:  0, B: 16, S:  0, P: 22, Q:  0, D:  0, E:  0, T: 38, GRs: 128
2022/05/13 10:43:55 60.3 %, 0 Done, 0 Failed, 1 Pending, 0 Skipped, 1 Total, 
2022/05/13 10:43:57 PERF: primary performance constraint is Unknown. States: C:  0, R:  0, W:  0, F:  0, H:  0, B: 16, S:  0, P: 22, Q:  0, D:  0, E:  0, T: 38, GRs: 128
2022/05/13 10:43:57 60.3 %, 0 Done, 0 Failed, 1 Pending, 0 Skipped, 1 Total, 
2022/05/13 10:43:59 PERF: primary performance constraint is Unknown. States: C:  0, R:  0, W:  0, F:  0, H:  0, B: 16, S:  0, P: 22, Q:  0, D:  0, E:  0, T: 38, GRs: 128
2022/05/13 10:43:59 60.3 %, 0 Done, 0 Failed, 1 Pending, 0 Skipped, 1 Total, 
2022/05/13 10:44:01 PERF: primary performance constraint is Unknown. States: C:  0, R:  0, W:  0, F:  0, H:  0, B: 16, S:  0, P: 22, Q:  0, D:  0, E:  0, T: 38, GRs: 128
2022/05/13 10:44:01 60.3 %, 0 Done, 0 Failed, 1 Pending, 0 Skipped, 1 Total, 
2022/05/13 10:44:03 PERF: primary performance constraint is Unknown. States: C:  0, R:  0, W:  0, F:  0, H:  0, B: 16, S:  0, P: 22, Q:  0, D:  0, E:  0, T: 38, GRs: 128
2022/05/13 10:44:03 60.3 %, 0 Done, 0 Failed, 1 Pending, 0 Skipped, 1 Total, 
2022/05/13 10:44:05 PERF: primary performance constraint is Unknown. States: C:  0, R:  0, W:  0, F:  0, H:  0, B: 15, S:  0, P: 23, Q:  0, D:  0, E:  0, T: 38, GRs: 128
2022/05/13 10:44:05 62.8 %, 0 Done, 0 Failed, 1 Pending, 0 Skipped, 1 Total, 
2022/05/13 10:44:07 PERF: primary performance constraint is Unknown. States: C:  0, R:  0, W:  0, F:  0, H:  0, B: 15, S:  0, P: 23, Q:  0, D:  0, E:  0, T: 38, GRs: 128
2022/05/13 10:44:07 62.8 %, 0 Done, 0 Failed, 1 Pending, 0 Skipped, 1 Total, 
2022/05/13 10:44:09 PERF: primary performance constraint is Unknown. States: C:  0, R:  0, W:  0, F:  0, H:  0, B: 14, S:  0, P: 24, Q:  0, D:  0, E:  0, T: 38, GRs: 128
2022/05/13 10:44:09 65.3 %, 0 Done, 0 Failed, 1 Pending, 0 Skipped, 1 Total, 
2022/05/13 10:44:11 PERF: primary performance constraint is Unknown. States: C:  0, R:  0, W:  0, F:  0, H:  0, B: 14, S:  0, P: 24, Q:  0, D:  0, E:  0, T: 38, GRs: 128
2022/05/13 10:44:11 65.3 %, 0 Done, 0 Failed, 1 Pending, 0 Skipped, 1 Total, 
2022/05/13 10:44:13 PERF: primary performance constraint is Unknown. States: C:  0, R:  0, W:  0, F:  0, H:  0, B: 14, S:  0, P: 24, Q:  0, D:  0, E:  0, T: 38, GRs: 128
2022/05/13 10:44:13 65.3 %, 0 Done, 0 Failed, 1 Pending, 0 Skipped, 1 Total, 
2022/05/13 10:44:15 PERF: primary performance constraint is Unknown. States: C:  0, R:  0, W:  0, F:  0, H:  0, B: 13, S:  0, P: 25, Q:  0, D:  0, E:  0, T: 38, GRs: 128
2022/05/13 10:44:15 67.8 %, 0 Done, 0 Failed, 1 Pending, 0 Skipped, 1 Total, 
2022/05/13 10:44:17 PERF: primary performance constraint is Unknown. States: C:  0, R:  0, W:  0, F:  0, H:  0, B: 13, S:  0, P: 25, Q:  0, D:  0, E:  0, T: 38, GRs: 128
2022/05/13 10:44:17 67.8 %, 0 Done, 0 Failed, 1 Pending, 0 Skipped, 1 Total, 
2022/05/13 10:44:19 PERF: primary performance constraint is Unknown. States: C:  0, R:  0, W:  0, F:  0, H:  0, B: 13, S:  0, P: 25, Q:  0, D:  0, E:  0, T: 38, GRs: 128
2022/05/13 10:44:19 67.8 %, 0 Done, 0 Failed, 1 Pending, 0 Skipped, 1 Total, 
2022/05/13 10:44:21 PERF: primary performance constraint is Unknown. States: C:  0, R:  0, W:  0, F:  0, H:  0, B: 13, S:  0, P: 25, Q:  0, D:  0, E:  0, T: 38, GRs: 128
2022/05/13 10:44:21 67.8 %, 0 Done, 0 Failed, 1 Pending, 0 Skipped, 1 Total, 
2022/05/13 10:44:23 PERF: primary performance constraint is Unknown. States: C:  0, R:  0, W:  0, F:  0, H:  0, B: 13, S:  0, P: 25, Q:  0, D:  0, E:  0, T: 38, GRs: 128
2022/05/13 10:44:23 67.8 %, 0 Done, 0 Failed, 1 Pending, 0 Skipped, 1 Total, 
2022/05/13 10:44:25 PERF: primary performance constraint is Unknown. States: C:  0, R:  0, W:  0, F:  0, H:  0, B: 12, S:  0, P: 26, Q:  0, D:  0, E:  0, T: 38, GRs: 128
2022/05/13 10:44:25 70.4 %, 0 Done, 0 Failed, 1 Pending, 0 Skipped, 1 Total, 
2022/05/13 10:44:27 PERF: primary performance constraint is Unknown. States: C:  0, R:  0, W:  0, F:  0, H:  0, B: 12, S:  0, P: 26, Q:  0, D:  0, E:  0, T: 38, GRs: 128
2022/05/13 10:44:27 70.4 %, 0 Done, 0 Failed, 1 Pending, 0 Skipped, 1 Total, 
2022/05/13 10:44:29 PERF: primary performance constraint is Unknown. States: C:  0, R:  0, W:  0, F:  0, H:  0, B: 12, S:  0, P: 26, Q:  0, D:  0, E:  0, T: 38, GRs: 128
2022/05/13 10:44:29 70.4 %, 0 Done, 0 Failed, 1 Pending, 0 Skipped, 1 Total, 
2022/05/13 10:44:31 PERF: primary performance constraint is Unknown. States: C:  0, R:  0, W:  0, F:  0, H:  0, B: 11, S:  0, P: 27, Q:  0, D:  0, E:  0, T: 38, GRs: 128
2022/05/13 10:44:31 72.9 %, 0 Done, 0 Failed, 1 Pending, 0 Skipped, 1 Total, 
2022/05/13 10:44:33 PERF: primary performance constraint is Unknown. States: C:  0, R:  0, W:  0, F:  0, H:  0, B: 11, S:  0, P: 27, Q:  0, D:  0, E:  0, T: 38, GRs: 128
2022/05/13 10:44:33 72.9 %, 0 Done, 0 Failed, 1 Pending, 0 Skipped, 1 Total, 
2022/05/13 10:44:35 PERF: primary performance constraint is Unknown. States: C:  0, R:  0, W:  0, F:  0, H:  0, B: 11, S:  0, P: 27, Q:  0, D:  0, E:  0, T: 38, GRs: 128
2022/05/13 10:44:35 72.9 %, 0 Done, 0 Failed, 1 Pending, 0 Skipped, 1 Total, 
2022/05/13 10:44:37 PERF: primary performance constraint is Unknown. States: C:  0, R:  0, W:  0, F:  0, H:  0, B:  9, S:  0, P: 29, Q:  0, D:  0, E:  0, T: 38, GRs: 128
2022/05/13 10:44:37 77.9 %, 0 Done, 0 Failed, 1 Pending, 0 Skipped, 1 Total, 
2022/05/13 10:44:39 PERF: primary performance constraint is Unknown. States: C:  0, R:  0, W:  0, F:  0, H:  0, B:  7, S:  0, P: 31, Q:  0, D:  0, E:  0, T: 38, GRs: 128
2022/05/13 10:44:39 82.9 %, 0 Done, 0 Failed, 1 Pending, 0 Skipped, 1 Total, 
2022/05/13 10:44:41 PERF: primary performance constraint is Unknown. States: C:  0, R:  0, W:  0, F:  0, H:  0, B:  7, S:  0, P: 31, Q:  0, D:  0, E:  0, T: 38, GRs: 128
2022/05/13 10:44:41 82.9 %, 0 Done, 0 Failed, 1 Pending, 0 Skipped, 1 Total, 
2022/05/13 10:44:43 PERF: primary performance constraint is Unknown. States: C:  0, R:  0, W:  0, F:  0, H:  0, B:  6, S:  0, P: 32, Q:  0, D:  0, E:  0, T: 38, GRs: 128
2022/05/13 10:44:43 85.4 %, 0 Done, 0 Failed, 1 Pending, 0 Skipped, 1 Total, 
2022/05/13 10:44:45 PERF: primary performance constraint is Unknown. States: C:  0, R:  0, W:  0, F:  0, H:  0, B:  5, S:  0, P: 24, Q:  0, D:  0, E:  0, T: 29, GRs: 128
2022/05/13 10:44:45 87.9 %, 0 Done, 0 Failed, 1 Pending, 0 Skipped, 1 Total, 
2022/05/13 10:44:47 PERF: primary performance constraint is Unknown. States: C:  0, R:  0, W:  0, F:  0, H:  0, B:  4, S:  0, P: 25, Q:  0, D:  0, E:  0, T: 29, GRs: 128
2022/05/13 10:44:47 90.5 %, 0 Done, 0 Failed, 1 Pending, 0 Skipped, 1 Total, 
2022/05/13 10:44:49 PERF: primary performance constraint is Unknown. States: C:  0, R:  0, W:  0, F:  0, H:  0, B:  4, S:  0, P: 25, Q:  0, D:  0, E:  0, T: 29, GRs: 128
2022/05/13 10:44:49 90.5 %, 0 Done, 0 Failed, 1 Pending, 0 Skipped, 1 Total, 
2022/05/13 10:44:51 PERF: primary performance constraint is Unknown. States: C:  0, R:  0, W:  0, F:  0, H:  0, B:  3, S:  0, P: 26, Q:  0, D:  0, E:  0, T: 29, GRs: 128
2022/05/13 10:44:51 93.0 %, 0 Done, 0 Failed, 1 Pending, 0 Skipped, 1 Total, 
2022/05/13 10:44:53 PERF: primary performance constraint is Unknown. States: C:  0, R:  0, W:  0, F:  0, H:  0, B:  1, S:  0, P:  0, Q:  0, D:  0, E:  0, T:  1, GRs: 128
2022/05/13 10:44:53 98.0 %, 0 Done, 0 Failed, 1 Pending, 0 Skipped, 1 Total, 
2022/05/13 10:44:53 INFO: [P#0-T#0] DOWNLOADSUCCESSFUL: \\?\C:\Users\LungaNgubane\Desktop\Deployments\LIBERTY KENYA (LLK)\LLK RFQ109 Soma Savings Plan_UAT Fixes01.zip
2022/05/13 10:44:53 JobID=00f0a917-5b4c-f348-4892-810c39335b35, Part#=0, TransfersDone=1 of 1
2022/05/13 10:44:53 all parts of entire Job 00f0a917-5b4c-f348-4892-810c39335b35 successfully completed, cancelled or paused
2022/05/13 10:44:53 is part of Job which 1 total number of parts done 
2022/05/13 10:44:55 PERF: primary performance constraint is Unknown. States: C:  0, R:  0, W:  0, F:  0, H:  0, B:  0, S:  0, P:  0, Q:  0, D:  0, E:  0, T:  0, GRs: 128
