2024/08/07 08:47:00 AzcopyVersion  10.24.0
2024/08/07 08:47:00 OS-Environment  windows
2024/08/07 08:47:00 OS-Architecture  amd64
2024/08/07 08:47:00 Log times are in UTC. Local time is 7 Aug 2024 10:47:00
2024/08/07 08:47:02 ISO 8601 START TIME: to copy files that changed before or after this job started, use the parameter --include-before=2024-08-07T08:46:55Z or --include-after=2024-08-07T08:46:55Z
2024/08/07 08:47:02 Any empty folders will be processed, because source and destination both support folders. For the same reason, properties defined on folders will be processed
2024/08/07 08:47:02 Job-Command copy C:\Users\LungaNgubane\Documents\CLIENTS\SMARTLIFE\esypay\Template.xml https://smlifestoragetest.file.core.windows.net/bpidrop/Transforms/EasyPay%20Insurance%20Funeral%20Plan/Template/Template.xml?se=2024-09-06t08%3A47%3A00z&sig=-REDACTED-&sp=rwl&sr=s&sv=2023-11-03 --output-type=json --cancel-from-stdin --overwrite=prompt --from-to=LocalFile --follow-symlinks --check-length=true --put-md5 --follow-symlinks --preserve-smb-info=true --disable-auto-decoding=false --recursive --log-level=INFO --trailing-dot=Enable 
2024/08/07 08:47:02 Number of CPUs: 8
2024/08/07 08:47:02 Max file buffer RAM 4.000 GB
2024/08/07 08:47:02 Max concurrent network operations:  will be dynamically tuned up to 3000 (Based on auto-tuning limit. Set AZCOPY_CONCURRENCY_VALUE environment variable to override)
2024/08/07 08:47:02 Check CPU usage when dynamically tuning concurrency: true (Based on hard-coded default. Set AZCOPY_TUNE_TO_CPU environment variable to true or false override)
2024/08/07 08:47:02 Max concurrent transfer initiation routines: 64 (Based on hard-coded default. Set AZCOPY_CONCURRENT_FILES environment variable to override)
2024/08/07 08:47:02 Max enumeration routines: 16 (Based on hard-coded default. Set AZCOPY_CONCURRENT_SCAN environment variable to override)
2024/08/07 08:47:02 Parallelize getting file properties (file.Stat): false (Based on AZCOPY_PARALLEL_STAT_FILES environment variable)
2024/08/07 08:47:02 Max open files when downloading: 2147479959 (auto-computed)
2024/08/07 08:47:02 Final job part has been created
2024/08/07 08:47:02 Trying 4 concurrent connections (initial starting point)
2024/08/07 08:47:02 Final job part has been scheduled
2024/08/07 08:47:02 WARN: [P#0-T#0] Block size 8388608 larger than maximum file chunk size, 4 MB chunk size used
2024/08/07 08:47:02 INFO: [P#0-T#0] Starting transfer: Source "\\\\?\\C:\\Users\\LungaNgubane\\Documents\\CLIENTS\\SMARTLIFE\\esypay\\Template.xml" Destination "https://smlifestoragetest.file.core.windows.net/bpidrop/Transforms/EasyPay%20Insurance%20Funeral%20Plan/Template/Template.xml". Specified chunk size 4194304
2024/08/07 08:47:02 ==> REQUEST/RESPONSE (Try=1/34.539ms, OpTime=101.8983ms) -- RESPONSE SUCCESSFULLY RECEIVED
   HEAD https://smlifestoragetest.file.core.windows.net/bpidrop/Transforms%2FEasyPay%20Insurance%20Funeral%20Plan%2FTemplate%2FTemplate.xml?se=2024-09-06T08%3A47%3A00Z&sig=-REDACTED-&sp=rwl&sr=s&sv=2023-11-03
   X-Ms-Request-Id: [b7ea642f-d01a-0026-6ca6-e83cee000000]

2024/08/07 08:47:04 PERF: primary performance constraint is Unknown. States: X:  1, O:  0, M:  0, L:  0, R:  0, D:  0, W:  0, F:  0, B:  0, E:  0, T:  1, GRs:  4
2024/08/07 08:47:04 0.0 %, 0 Done, 0 Failed, 1 Pending, 0 Skipped, 1 Total, 
2024/08/07 08:47:06 PERF: primary performance constraint is Unknown. States: X:  1, O:  0, M:  0, L:  0, R:  0, D:  0, W:  0, F:  0, B:  0, E:  0, T:  1, GRs:  4
2024/08/07 08:47:06 0.0 %, 0 Done, 0 Failed, 1 Pending, 0 Skipped, 1 Total, 
2024/08/07 08:47:07 ==> REQUEST/RESPONSE (Try=1/21.0197ms, OpTime=21.0197ms) -- RESPONSE SUCCESSFULLY RECEIVED
   PUT https://smlifestoragetest.file.core.windows.net/bpidrop/Transforms%2FEasyPay%20Insurance%20Funeral%20Plan%2FTemplate%2FTemplate.xml?se=2024-09-06T08%3A47%3A00Z&sig=-REDACTED-&sp=rwl&sr=s&sv=2023-11-03
   X-Ms-Request-Id: [b7ea6459-d01a-0026-0ca6-e83cee000000]

2024/08/07 08:47:07 ==> REQUEST/RESPONSE (Try=1/25.5991ms, OpTime=28.5509ms) -- RESPONSE SUCCESSFULLY RECEIVED
   PUT https://smlifestoragetest.file.core.windows.net/bpidrop/Transforms%2FEasyPay%20Insurance%20Funeral%20Plan%2FTemplate%2FTemplate.xml?comp=range&se=2024-09-06T08%3A47%3A00Z&sig=-REDACTED-&sp=rwl&sr=s&sv=2023-11-03
   X-Ms-Request-Id: [b7ea6467-d01a-0026-1aa6-e83cee000000]

2024/08/07 08:47:07 ==> REQUEST/RESPONSE (Try=1/13.7492ms, OpTime=13.7492ms) -- RESPONSE SUCCESSFULLY RECEIVED
   PUT https://smlifestoragetest.file.core.windows.net/bpidrop/Transforms%2FEasyPay%20Insurance%20Funeral%20Plan%2FTemplate%2FTemplate.xml?comp=properties&se=2024-09-06T08%3A47%3A00Z&sig=-REDACTED-&sp=rwl&sr=s&sv=2023-11-03
   X-Ms-Request-Id: [b7ea6469-d01a-0026-1ca6-e83cee000000]

2024/08/07 08:47:07 ==> REQUEST/RESPONSE (Try=1/15.3302ms, OpTime=15.3302ms) -- RESPONSE SUCCESSFULLY RECEIVED
   PUT https://smlifestoragetest.file.core.windows.net/bpidrop/Transforms%2FEasyPay%20Insurance%20Funeral%20Plan%2FTemplate%2FTemplate.xml?comp=properties&se=2024-09-06T08%3A47%3A00Z&sig=-REDACTED-&sp=rwl&sr=s&sv=2023-11-03
   X-Ms-Request-Id: [b7ea646d-d01a-0026-20a6-e83cee000000]

2024/08/07 08:47:07 ==> REQUEST/RESPONSE (Try=1/13.3302ms, OpTime=15.6578ms) -- RESPONSE SUCCESSFULLY RECEIVED
   HEAD https://smlifestoragetest.file.core.windows.net/bpidrop/Transforms%2FEasyPay%20Insurance%20Funeral%20Plan%2FTemplate%2FTemplate.xml?se=2024-09-06T08%3A47%3A00Z&sig=-REDACTED-&sp=rwl&sr=s&sv=2023-11-03
   X-Ms-Request-Id: [b7ea646e-d01a-0026-21a6-e83cee000000]

2024/08/07 08:47:07 INFO: [P#0-T#0] UPLOADSUCCESSFUL: https://smlifestoragetest.file.core.windows.net/bpidrop/Transforms/EasyPay%20Insurance%20Funeral%20Plan/Template/Template.xml
2024/08/07 08:47:07 JobID=0d84670b-ec5a-094a-7d06-35c71de41b83, Part#=0, TransfersDone=1 of 1
2024/08/07 08:47:07 all parts of entire Job 0d84670b-ec5a-094a-7d06-35c71de41b83 successfully completed, cancelled or paused
2024/08/07 08:47:07 is part of Job which 1 total number of parts done 
2024/08/07 08:47:08 PERF: primary performance constraint is Unknown. States: X:  0, O:  0, M:  0, L:  0, R:  0, D:  0, W:  0, F:  0, B:  0, E:  0, T:  0, GRs:  4
2024/08/07 08:47:08 100.0 %, 1 Done, 0 Failed, 0 Pending, 0 Skipped, 1 Total, 2-sec Throughput (Mb/s): 0.1458
2024/08/07 08:47:08 Closing Log
