2024/09/23 14:28:14 AzcopyVersion  10.24.0
2024/09/23 14:28:14 OS-Environment  windows
2024/09/23 14:28:14 OS-Architecture  amd64
2024/09/23 14:28:14 Log times are in UTC. Local time is 23 Sep 2024 16:28:14
2024/09/23 14:28:15 ISO 8601 START TIME: to copy files that changed before or after this job started, use the parameter --include-before=2024-09-23T14:28:09Z or --include-after=2024-09-23T14:28:09Z
2024/09/23 14:28:15 Any empty folders will be processed, because source and destination both support folders. For the same reason, properties defined on folders will be processed
2024/09/23 14:28:15 Job-Command copy C:\Users\LungaNgubane\Documents\CLIENTS\SMARTLIFE\esypay\EP-145392-- Funeral Plan Import File Example L78.csv https://smlifestoragetest.file.core.windows.net/bpidrop/Transforms/EasyPay%20Insurance%20Funeral%20Plan/EP-145392--%20Funeral%20Plan%20Import%20File%20Example%20L78.csv?se=2024-10-23t14%3A28%3A14z&sig=-REDACTED-&sp=rwl&sr=s&sv=2023-11-03 --output-type=json --cancel-from-stdin --overwrite=prompt --from-to=LocalFile --follow-symlinks --check-length=true --put-md5 --follow-symlinks --preserve-smb-info=true --disable-auto-decoding=false --recursive --log-level=INFO --trailing-dot=Enable 
2024/09/23 14:28:15 Number of CPUs: 8
2024/09/23 14:28:15 Max file buffer RAM 4.000 GB
2024/09/23 14:28:15 Max concurrent network operations:  will be dynamically tuned up to 3000 (Based on auto-tuning limit. Set AZCOPY_CONCURRENCY_VALUE environment variable to override)
2024/09/23 14:28:15 Check CPU usage when dynamically tuning concurrency: true (Based on hard-coded default. Set AZCOPY_TUNE_TO_CPU environment variable to true or false override)
2024/09/23 14:28:15 Max concurrent transfer initiation routines: 64 (Based on hard-coded default. Set AZCOPY_CONCURRENT_FILES environment variable to override)
2024/09/23 14:28:15 Max enumeration routines: 16 (Based on hard-coded default. Set AZCOPY_CONCURRENT_SCAN environment variable to override)
2024/09/23 14:28:15 Parallelize getting file properties (file.Stat): false (Based on AZCOPY_PARALLEL_STAT_FILES environment variable)
2024/09/23 14:28:15 Max open files when downloading: 2147479959 (auto-computed)
2024/09/23 14:28:15 Final job part has been created
2024/09/23 14:28:15 Trying 4 concurrent connections (initial starting point)
2024/09/23 14:28:15 Final job part has been scheduled
2024/09/23 14:28:15 WARN: [P#0-T#0] Block size 8388608 larger than maximum file chunk size, 4 MB chunk size used
2024/09/23 14:28:15 INFO: [P#0-T#0] Starting transfer: Source "\\\\?\\C:\\Users\\LungaNgubane\\Documents\\CLIENTS\\SMARTLIFE\\esypay\\EP-145392-- Funeral Plan Import File Example L78.csv" Destination "https://smlifestoragetest.file.core.windows.net/bpidrop/Transforms/EasyPay%20Insurance%20Funeral%20Plan/EP-145392--%20Funeral%20Plan%20Import%20File%20Example%20L78.csv". Specified chunk size 4194304
2024/09/23 14:28:15 ==> REQUEST/RESPONSE (Try=1/14.7732ms, OpTime=49.4779ms) -- RESPONSE SUCCESSFULLY RECEIVED
   HEAD https://smlifestoragetest.file.core.windows.net/bpidrop/Transforms%2FEasyPay%20Insurance%20Funeral%20Plan%2FEP-145392--%20Funeral%20Plan%20Import%20File%20Example%20L78.csv?se=2024-10-23T14%3A28%3A14Z&sig=-REDACTED-&sp=rwl&sr=s&sv=2023-11-03
   X-Ms-Request-Id: [955237e8-201a-001d-45c4-0d794a000000]

2024/09/23 14:28:15 ==> REQUEST/RESPONSE (Try=1/60.1833ms, OpTime=60.1833ms) -- RESPONSE SUCCESSFULLY RECEIVED
   PUT https://smlifestoragetest.file.core.windows.net/bpidrop/Transforms%2FEasyPay%20Insurance%20Funeral%20Plan%2FEP-145392--%20Funeral%20Plan%20Import%20File%20Example%20L78.csv?se=2024-10-23T14%3A28%3A14Z&sig=-REDACTED-&sp=rwl&sr=s&sv=2023-11-03
   X-Ms-Request-Id: [955237ec-201a-001d-47c4-0d794a000000]

2024/09/23 14:28:15 ==> REQUEST/RESPONSE (Try=1/16.6286ms, OpTime=17.0074ms) -- RESPONSE SUCCESSFULLY RECEIVED
   PUT https://smlifestoragetest.file.core.windows.net/bpidrop/Transforms%2FEasyPay%20Insurance%20Funeral%20Plan%2FEP-145392--%20Funeral%20Plan%20Import%20File%20Example%20L78.csv?comp=range&se=2024-10-23T14%3A28%3A14Z&sig=-REDACTED-&sp=rwl&sr=s&sv=2023-11-03
   X-Ms-Request-Id: [955237ef-201a-001d-4ac4-0d794a000000]

2024/09/23 14:28:15 ==> REQUEST/RESPONSE (Try=1/14.0077ms, OpTime=14.0077ms) -- RESPONSE SUCCESSFULLY RECEIVED
   PUT https://smlifestoragetest.file.core.windows.net/bpidrop/Transforms%2FEasyPay%20Insurance%20Funeral%20Plan%2FEP-145392--%20Funeral%20Plan%20Import%20File%20Example%20L78.csv?comp=properties&se=2024-10-23T14%3A28%3A14Z&sig=-REDACTED-&sp=rwl&sr=s&sv=2023-11-03
   X-Ms-Request-Id: [955237f0-201a-001d-4bc4-0d794a000000]

2024/09/23 14:28:15 ==> REQUEST/RESPONSE (Try=1/14.1987ms, OpTime=14.1987ms) -- RESPONSE SUCCESSFULLY RECEIVED
   PUT https://smlifestoragetest.file.core.windows.net/bpidrop/Transforms%2FEasyPay%20Insurance%20Funeral%20Plan%2FEP-145392--%20Funeral%20Plan%20Import%20File%20Example%20L78.csv?comp=properties&se=2024-10-23T14%3A28%3A14Z&sig=-REDACTED-&sp=rwl&sr=s&sv=2023-11-03
   X-Ms-Request-Id: [955237f2-201a-001d-4dc4-0d794a000000]

2024/09/23 14:28:15 ==> REQUEST/RESPONSE (Try=1/13.2402ms, OpTime=19.8288ms) -- RESPONSE SUCCESSFULLY RECEIVED
   HEAD https://smlifestoragetest.file.core.windows.net/bpidrop/Transforms%2FEasyPay%20Insurance%20Funeral%20Plan%2FEP-145392--%20Funeral%20Plan%20Import%20File%20Example%20L78.csv?se=2024-10-23T14%3A28%3A14Z&sig=-REDACTED-&sp=rwl&sr=s&sv=2023-11-03
   X-Ms-Request-Id: [955237f3-201a-001d-4ec4-0d794a000000]

2024/09/23 14:28:15 INFO: [P#0-T#0] UPLOADSUCCESSFUL: https://smlifestoragetest.file.core.windows.net/bpidrop/Transforms/EasyPay%20Insurance%20Funeral%20Plan/EP-145392--%20Funeral%20Plan%20Import%20File%20Example%20L78.csv
2024/09/23 14:28:15 JobID=0dde135a-e90c-b048-7be1-8610132cb89f, Part#=0, TransfersDone=1 of 1
2024/09/23 14:28:15 all parts of entire Job 0dde135a-e90c-b048-7be1-8610132cb89f successfully completed, cancelled or paused
2024/09/23 14:28:15 is part of Job which 1 total number of parts done 
2024/09/23 14:28:17 PERF: primary performance constraint is Unknown. States: X:  0, O:  0, M:  0, L:  0, R:  0, D:  0, W:  0, F:  0, B:  0, E:  0, T:  0, GRs:  4
2024/09/23 14:28:17 100.0 %, 1 Done, 0 Failed, 0 Pending, 0 Skipped, 1 Total, 2-sec Throughput (Mb/s): 0.0172
2024/09/23 14:28:17 Closing Log
