2024/08/06 07:33:05 AzcopyVersion  10.24.0
2024/08/06 07:33:05 OS-Environment  windows
2024/08/06 07:33:05 OS-Architecture  amd64
2024/08/06 07:33:05 Log times are in UTC. Local time is 6 Aug 2024 09:33:05
2024/08/06 07:33:06 ISO 8601 START TIME: to copy files that changed before or after this job started, use the parameter --include-before=2024-08-06T07:33:00Z or --include-after=2024-08-06T07:33:00Z
2024/08/06 07:33:06 Any empty folders will be processed, because source and destination both support folders. For the same reason, properties defined on folders will be processed
2024/08/06 07:33:06 Job-Command copy C:\Users\LungaNgubane\Documents\CLIENTS\SMARTLIFE\esypay\EP-137274 -- Funeral Plan Import File Example 3.csv https://smlifestoragetest.file.core.windows.net/bpidrop/Transforms/EasyPay%20Insurance%20Funeral%20Plan/EP-137274%20--%20Funeral%20Plan%20Import%20File%20Example%203.csv?se=2024-09-05t07%3A33%3A04z&sig=-REDACTED-&sp=rwl&sr=s&sv=2023-11-03 --output-type=json --cancel-from-stdin --overwrite=prompt --from-to=LocalFile --follow-symlinks --check-length=true --put-md5 --follow-symlinks --preserve-smb-info=true --disable-auto-decoding=false --recursive --log-level=INFO --trailing-dot=Enable 
2024/08/06 07:33:06 Number of CPUs: 8
2024/08/06 07:33:06 Max file buffer RAM 4.000 GB
2024/08/06 07:33:06 Max concurrent network operations:  will be dynamically tuned up to 3000 (Based on auto-tuning limit. Set AZCOPY_CONCURRENCY_VALUE environment variable to override)
2024/08/06 07:33:06 Check CPU usage when dynamically tuning concurrency: true (Based on hard-coded default. Set AZCOPY_TUNE_TO_CPU environment variable to true or false override)
2024/08/06 07:33:06 Max concurrent transfer initiation routines: 64 (Based on hard-coded default. Set AZCOPY_CONCURRENT_FILES environment variable to override)
2024/08/06 07:33:06 Max enumeration routines: 16 (Based on hard-coded default. Set AZCOPY_CONCURRENT_SCAN environment variable to override)
2024/08/06 07:33:06 Parallelize getting file properties (file.Stat): false (Based on AZCOPY_PARALLEL_STAT_FILES environment variable)
2024/08/06 07:33:06 Max open files when downloading: 2147479959 (auto-computed)
2024/08/06 07:33:06 Final job part has been created
2024/08/06 07:33:06 Trying 4 concurrent connections (initial starting point)
2024/08/06 07:33:06 Final job part has been scheduled
2024/08/06 07:33:06 WARN: [P#0-T#0] Block size 8388608 larger than maximum file chunk size, 4 MB chunk size used
2024/08/06 07:33:06 INFO: [P#0-T#0] Starting transfer: Source "\\\\?\\C:\\Users\\LungaNgubane\\Documents\\CLIENTS\\SMARTLIFE\\esypay\\EP-137274 -- Funeral Plan Import File Example 3.csv" Destination "https://smlifestoragetest.file.core.windows.net/bpidrop/Transforms/EasyPay%20Insurance%20Funeral%20Plan/EP-137274%20--%20Funeral%20Plan%20Import%20File%20Example%203.csv". Specified chunk size 4194304
2024/08/06 07:33:06 ==> REQUEST/RESPONSE (Try=1/14.6168ms, OpTime=53.374ms) -- RESPONSE SUCCESSFULLY RECEIVED
   HEAD https://smlifestoragetest.file.core.windows.net/bpidrop/Transforms%2FEasyPay%20Insurance%20Funeral%20Plan%2FEP-137274%20--%20Funeral%20Plan%20Import%20File%20Example%203.csv?se=2024-09-05T07%3A33%3A04Z&sig=-REDACTED-&sp=rwl&sr=s&sv=2023-11-03
   X-Ms-Request-Id: [9df95e2c-801a-002b-2bd2-e7f43a000000]

2024/08/06 07:33:06 ==> REQUEST/RESPONSE (Try=1/17.6615ms, OpTime=17.6615ms) -- RESPONSE SUCCESSFULLY RECEIVED
   PUT https://smlifestoragetest.file.core.windows.net/bpidrop/Transforms%2FEasyPay%20Insurance%20Funeral%20Plan%2FEP-137274%20--%20Funeral%20Plan%20Import%20File%20Example%203.csv?se=2024-09-05T07%3A33%3A04Z&sig=-REDACTED-&sp=rwl&sr=s&sv=2023-11-03
   X-Ms-Request-Id: [9df95e2f-801a-002b-2cd2-e7f43a000000]

2024/08/06 07:33:06 ==> REQUEST/RESPONSE (Try=1/15.4642ms, OpTime=15.9704ms) -- RESPONSE SUCCESSFULLY RECEIVED
   PUT https://smlifestoragetest.file.core.windows.net/bpidrop/Transforms%2FEasyPay%20Insurance%20Funeral%20Plan%2FEP-137274%20--%20Funeral%20Plan%20Import%20File%20Example%203.csv?comp=range&se=2024-09-05T07%3A33%3A04Z&sig=-REDACTED-&sp=rwl&sr=s&sv=2023-11-03
   X-Ms-Request-Id: [9df95e30-801a-002b-2dd2-e7f43a000000]

2024/08/06 07:33:06 ==> REQUEST/RESPONSE (Try=1/13.2787ms, OpTime=13.2787ms) -- RESPONSE SUCCESSFULLY RECEIVED
   PUT https://smlifestoragetest.file.core.windows.net/bpidrop/Transforms%2FEasyPay%20Insurance%20Funeral%20Plan%2FEP-137274%20--%20Funeral%20Plan%20Import%20File%20Example%203.csv?comp=properties&se=2024-09-05T07%3A33%3A04Z&sig=-REDACTED-&sp=rwl&sr=s&sv=2023-11-03
   X-Ms-Request-Id: [9df95e31-801a-002b-2ed2-e7f43a000000]

2024/08/06 07:33:06 ==> REQUEST/RESPONSE (Try=1/13.8815ms, OpTime=13.8815ms) -- RESPONSE SUCCESSFULLY RECEIVED
   PUT https://smlifestoragetest.file.core.windows.net/bpidrop/Transforms%2FEasyPay%20Insurance%20Funeral%20Plan%2FEP-137274%20--%20Funeral%20Plan%20Import%20File%20Example%203.csv?comp=properties&se=2024-09-05T07%3A33%3A04Z&sig=-REDACTED-&sp=rwl&sr=s&sv=2023-11-03
   X-Ms-Request-Id: [9df95e32-801a-002b-2fd2-e7f43a000000]

2024/08/06 07:33:06 ==> REQUEST/RESPONSE (Try=1/12.464ms, OpTime=12.464ms) -- RESPONSE SUCCESSFULLY RECEIVED
   HEAD https://smlifestoragetest.file.core.windows.net/bpidrop/Transforms%2FEasyPay%20Insurance%20Funeral%20Plan%2FEP-137274%20--%20Funeral%20Plan%20Import%20File%20Example%203.csv?se=2024-09-05T07%3A33%3A04Z&sig=-REDACTED-&sp=rwl&sr=s&sv=2023-11-03
   X-Ms-Request-Id: [9df95e34-801a-002b-31d2-e7f43a000000]

2024/08/06 07:33:06 INFO: [P#0-T#0] UPLOADSUCCESSFUL: https://smlifestoragetest.file.core.windows.net/bpidrop/Transforms/EasyPay%20Insurance%20Funeral%20Plan/EP-137274%20--%20Funeral%20Plan%20Import%20File%20Example%203.csv
2024/08/06 07:33:06 JobID=10dee243-015d-5848-7819-1ce0ca46289b, Part#=0, TransfersDone=1 of 1
2024/08/06 07:33:06 all parts of entire Job 10dee243-015d-5848-7819-1ce0ca46289b successfully completed, cancelled or paused
2024/08/06 07:33:06 is part of Job which 1 total number of parts done 
2024/08/06 07:33:08 PERF: primary performance constraint is Unknown. States: X:  0, O:  0, M:  0, L:  0, R:  0, D:  0, W:  0, F:  0, B:  0, E:  0, T:  0, GRs:  4
2024/08/06 07:33:08 100.0 %, 1 Done, 0 Failed, 0 Pending, 0 Skipped, 1 Total, 2-sec Throughput (Mb/s): 0.0173
2024/08/06 07:33:08 Closing Log
