2024/08/19 08:21:47 AzcopyVersion  10.24.0
2024/08/19 08:21:47 OS-Environment  windows
2024/08/19 08:21:47 OS-Architecture  amd64
2024/08/19 08:21:47 Log times are in UTC. Local time is 19 Aug 2024 10:21:47
2024/08/19 08:21:49 ISO 8601 START TIME: to copy files that changed before or after this job started, use the parameter --include-before=2024-08-19T08:21:42Z or --include-after=2024-08-19T08:21:42Z
2024/08/19 08:21:49 Any empty folders will be processed, because source and destination both support folders. For the same reason, properties defined on folders will be processed
2024/08/19 08:21:49 Job-Command copy C:\Users\LungaNgubane\Documents\CLIENTS\SMARTLIFE\esypay\EP-137274 -- Funeral Plan Import File Example 16.csv https://smlifestoragetest.file.core.windows.net/bpidrop/Transforms/EasyPay%20Insurance%20Funeral%20Plan/Template/EP-137274%20--%20Funeral%20Plan%20Import%20File%20Example%2016.csv?se=2024-09-18t08%3A21%3A47z&sig=-REDACTED-&sp=rwl&sr=s&sv=2023-11-03 --output-type=json --cancel-from-stdin --overwrite=prompt --from-to=LocalFile --follow-symlinks --check-length=true --put-md5 --follow-symlinks --preserve-smb-info=true --disable-auto-decoding=false --recursive --log-level=INFO --trailing-dot=Enable 
2024/08/19 08:21:49 Number of CPUs: 8
2024/08/19 08:21:49 Max file buffer RAM 4.000 GB
2024/08/19 08:21:49 Max concurrent network operations:  will be dynamically tuned up to 3000 (Based on auto-tuning limit. Set AZCOPY_CONCURRENCY_VALUE environment variable to override)
2024/08/19 08:21:49 Check CPU usage when dynamically tuning concurrency: true (Based on hard-coded default. Set AZCOPY_TUNE_TO_CPU environment variable to true or false override)
2024/08/19 08:21:49 Max concurrent transfer initiation routines: 64 (Based on hard-coded default. Set AZCOPY_CONCURRENT_FILES environment variable to override)
2024/08/19 08:21:49 Max enumeration routines: 16 (Based on hard-coded default. Set AZCOPY_CONCURRENT_SCAN environment variable to override)
2024/08/19 08:21:49 Parallelize getting file properties (file.Stat): false (Based on AZCOPY_PARALLEL_STAT_FILES environment variable)
2024/08/19 08:21:49 Max open files when downloading: 2147479959 (auto-computed)
2024/08/19 08:21:49 Final job part has been created
2024/08/19 08:21:49 Trying 4 concurrent connections (initial starting point)
2024/08/19 08:21:49 Final job part has been scheduled
2024/08/19 08:21:49 WARN: [P#0-T#0] Block size 8388608 larger than maximum file chunk size, 4 MB chunk size used
2024/08/19 08:21:49 INFO: [P#0-T#0] Starting transfer: Source "\\\\?\\C:\\Users\\LungaNgubane\\Documents\\CLIENTS\\SMARTLIFE\\esypay\\EP-137274 -- Funeral Plan Import File Example 16.csv" Destination "https://smlifestoragetest.file.core.windows.net/bpidrop/Transforms/EasyPay%20Insurance%20Funeral%20Plan/Template/EP-137274%20--%20Funeral%20Plan%20Import%20File%20Example%2016.csv". Specified chunk size 4194304
2024/08/19 08:21:49 ==> REQUEST/RESPONSE (Try=1/15.6123ms, OpTime=53.2414ms) -- RESPONSE SUCCESSFULLY RECEIVED
   HEAD https://smlifestoragetest.file.core.windows.net/bpidrop/Transforms%2FEasyPay%20Insurance%20Funeral%20Plan%2FTemplate%2FEP-137274%20--%20Funeral%20Plan%20Import%20File%20Example%2016.csv?se=2024-09-18T08%3A21%3A47Z&sig=-REDACTED-&sp=rwl&sr=s&sv=2023-11-03
   X-Ms-Request-Id: [41f1d9bd-001a-0025-3410-f2dd8a000000]

2024/08/19 08:21:49 ==> REQUEST/RESPONSE (Try=1/22.1757ms, OpTime=22.1757ms) -- RESPONSE SUCCESSFULLY RECEIVED
   PUT https://smlifestoragetest.file.core.windows.net/bpidrop/Transforms%2FEasyPay%20Insurance%20Funeral%20Plan%2FTemplate%2FEP-137274%20--%20Funeral%20Plan%20Import%20File%20Example%2016.csv?se=2024-09-18T08%3A21%3A47Z&sig=-REDACTED-&sp=rwl&sr=s&sv=2023-11-03
   X-Ms-Request-Id: [41f1d9c3-001a-0025-3810-f2dd8a000000]

2024/08/19 08:21:49 ==> REQUEST/RESPONSE (Try=1/19.3755ms, OpTime=19.913ms) -- RESPONSE SUCCESSFULLY RECEIVED
   PUT https://smlifestoragetest.file.core.windows.net/bpidrop/Transforms%2FEasyPay%20Insurance%20Funeral%20Plan%2FTemplate%2FEP-137274%20--%20Funeral%20Plan%20Import%20File%20Example%2016.csv?comp=range&se=2024-09-18T08%3A21%3A47Z&sig=-REDACTED-&sp=rwl&sr=s&sv=2023-11-03
   X-Ms-Request-Id: [41f1d9ca-001a-0025-3f10-f2dd8a000000]

2024/08/19 08:21:49 ==> REQUEST/RESPONSE (Try=1/14.1028ms, OpTime=14.1028ms) -- RESPONSE SUCCESSFULLY RECEIVED
   PUT https://smlifestoragetest.file.core.windows.net/bpidrop/Transforms%2FEasyPay%20Insurance%20Funeral%20Plan%2FTemplate%2FEP-137274%20--%20Funeral%20Plan%20Import%20File%20Example%2016.csv?comp=properties&se=2024-09-18T08%3A21%3A47Z&sig=-REDACTED-&sp=rwl&sr=s&sv=2023-11-03
   X-Ms-Request-Id: [41f1d9cd-001a-0025-4210-f2dd8a000000]

2024/08/19 08:21:49 ==> REQUEST/RESPONSE (Try=1/12.5031ms, OpTime=12.5031ms) -- RESPONSE SUCCESSFULLY RECEIVED
   PUT https://smlifestoragetest.file.core.windows.net/bpidrop/Transforms%2FEasyPay%20Insurance%20Funeral%20Plan%2FTemplate%2FEP-137274%20--%20Funeral%20Plan%20Import%20File%20Example%2016.csv?comp=properties&se=2024-09-18T08%3A21%3A47Z&sig=-REDACTED-&sp=rwl&sr=s&sv=2023-11-03
   X-Ms-Request-Id: [41f1d9cf-001a-0025-4410-f2dd8a000000]

2024/08/19 08:21:49 ==> REQUEST/RESPONSE (Try=1/13.3143ms, OpTime=14.3943ms) -- RESPONSE SUCCESSFULLY RECEIVED
   HEAD https://smlifestoragetest.file.core.windows.net/bpidrop/Transforms%2FEasyPay%20Insurance%20Funeral%20Plan%2FTemplate%2FEP-137274%20--%20Funeral%20Plan%20Import%20File%20Example%2016.csv?se=2024-09-18T08%3A21%3A47Z&sig=-REDACTED-&sp=rwl&sr=s&sv=2023-11-03
   X-Ms-Request-Id: [41f1d9d0-001a-0025-4510-f2dd8a000000]

2024/08/19 08:21:49 INFO: [P#0-T#0] UPLOADSUCCESSFUL: https://smlifestoragetest.file.core.windows.net/bpidrop/Transforms/EasyPay%20Insurance%20Funeral%20Plan/Template/EP-137274%20--%20Funeral%20Plan%20Import%20File%20Example%2016.csv
2024/08/19 08:21:49 JobID=125490ea-ddad-7a4f-42f3-b88a57e23aec, Part#=0, TransfersDone=1 of 1
2024/08/19 08:21:49 all parts of entire Job 125490ea-ddad-7a4f-42f3-b88a57e23aec successfully completed, cancelled or paused
2024/08/19 08:21:49 is part of Job which 1 total number of parts done 
2024/08/19 08:21:51 PERF: primary performance constraint is Unknown. States: X:  0, O:  0, M:  0, L:  0, R:  0, D:  0, W:  0, F:  0, B:  0, E:  0, T:  0, GRs:  4
2024/08/19 08:21:51 100.0 %, 1 Done, 0 Failed, 0 Pending, 0 Skipped, 1 Total, 2-sec Throughput (Mb/s): 0.0171
2024/08/19 08:21:51 Closing Log
