2024/08/19 14:37:57 AzcopyVersion  10.24.0
2024/08/19 14:37:57 OS-Environment  windows
2024/08/19 14:37:57 OS-Architecture  amd64
2024/08/19 14:37:57 Log times are in UTC. Local time is 19 Aug 2024 16:37:57
2024/08/19 14:37:59 ISO 8601 START TIME: to copy files that changed before or after this job started, use the parameter --include-before=2024-08-19T14:37:52Z or --include-after=2024-08-19T14:37:52Z
2024/08/19 14:37:59 Any empty folders will be processed, because source and destination both support folders. For the same reason, properties defined on folders will be processed
2024/08/19 14:37:59 Job-Command copy https://smlifestoragetest.file.core.windows.net/bpidrop/Transforms/EasyPay%20Insurance%20Funeral%20Plan/Error/EasyPay%20Insurance%20Funeral%20Plan.20240819%20021031%20%20EP-137274%20--%20Funeral%20Plan%20Import%20File%20Example%2017.xml?se=2024-09-18t14%3A37%3A57z&sig=-REDACTED-&sp=rl&sr=s&sv=2023-11-03 C:\Users\LUNGAN~1\AppData\Local\Temp\17240782775340\EasyPay Insurance Funeral Plan.20240819 021031  EP-137274 -- Funeral Plan Import File Example 17.xml --output-type=json --cancel-from-stdin --overwrite=prompt --check-md5 FailIfDifferent --from-to=FileLocal --preserve-smb-info=true --recursive --log-level=INFO --trailing-dot=Enable 
2024/08/19 14:37:59 Number of CPUs: 8
2024/08/19 14:37:59 Max file buffer RAM 4.000 GB
2024/08/19 14:37:59 Max concurrent network operations:  will be dynamically tuned up to 3000 (Based on auto-tuning limit. Set AZCOPY_CONCURRENCY_VALUE environment variable to override)
2024/08/19 14:37:59 Check CPU usage when dynamically tuning concurrency: true (Based on hard-coded default. Set AZCOPY_TUNE_TO_CPU environment variable to true or false override)
2024/08/19 14:37:59 Max concurrent transfer initiation routines: 64 (Based on hard-coded default. Set AZCOPY_CONCURRENT_FILES environment variable to override)
2024/08/19 14:37:59 Max enumeration routines: 16 (Based on hard-coded default. Set AZCOPY_CONCURRENT_SCAN environment variable to override)
2024/08/19 14:37:59 Parallelize getting file properties (file.Stat): false (Based on AZCOPY_PARALLEL_STAT_FILES environment variable)
2024/08/19 14:37:59 Max open files when downloading: 2147479959 (auto-computed)
2024/08/19 14:37:59 Final job part has been created
2024/08/19 14:37:59 Trying 4 concurrent connections (initial starting point)
2024/08/19 14:37:59 Final job part has been scheduled
2024/08/19 14:37:59 ==> REQUEST/RESPONSE (Try=1/43.0732ms, OpTime=80.5631ms) -- RESPONSE SUCCESSFULLY RECEIVED
   GET https://smlifestoragetest.file.core.windows.net/bpidrop/Transforms%2FEasyPay%20Insurance%20Funeral%20Plan%2FError%2FEasyPay%20Insurance%20Funeral%20Plan.20240819%20021031%20%20EP-137274%20--%20Funeral%20Plan%20Import%20File%20Example%2017.xml?se=2024-09-18T14%3A37%3A57Z&sig=-REDACTED-&sp=rl&sr=s&sv=2023-11-03
   X-Ms-Request-Id: [182c52de-f01a-0031-2f45-f295e5000000]

2024/08/19 14:37:59 WARN: [P#0-T#0] https://smlifestoragetest.file.core.windows.net/bpidrop/Transforms/EasyPay%20Insurance%20Funeral%20Plan/Error/EasyPay%20Insurance%20Funeral%20Plan.20240819%20021031%20%20EP-137274%20--%20Funeral%20Plan%20Import%20File%20Example%2017.xml no MD5 was stored in the Blob/File service against this file. So the downloaded data cannot be MD5-validated. Dst: \\?\C:\Users\LUNGAN~1\AppData\Local\Temp\17240782775340\EasyPay Insurance Funeral Plan.20240819 021031  EP-137274 -- Funeral Plan Import File Example 17.xml
2024/08/19 14:37:59 ==> REQUEST/RESPONSE (Try=1/15.3867ms, OpTime=15.3867ms) -- RESPONSE SUCCESSFULLY RECEIVED
   HEAD https://smlifestoragetest.file.core.windows.net/bpidrop/Transforms%2FEasyPay%20Insurance%20Funeral%20Plan%2FError%2FEasyPay%20Insurance%20Funeral%20Plan.20240819%20021031%20%20EP-137274%20--%20Funeral%20Plan%20Import%20File%20Example%2017.xml?se=2024-09-18T14%3A37%3A57Z&sig=-REDACTED-&sp=rl&sr=s&sv=2023-11-03
   X-Ms-Request-Id: [182c52e1-f01a-0031-3045-f295e5000000]

2024/08/19 14:37:59 INFO: [P#0-T#0] DOWNLOADSUCCESSFUL: \\?\C:\Users\LUNGAN~1\AppData\Local\Temp\17240782775340\EasyPay Insurance Funeral Plan.20240819 021031  EP-137274 -- Funeral Plan Import File Example 17.xml
2024/08/19 14:37:59 JobID=15ae363e-dcff-1c47-7d7e-dc0fe72eedd2, Part#=0, TransfersDone=1 of 1
2024/08/19 14:37:59 all parts of entire Job 15ae363e-dcff-1c47-7d7e-dc0fe72eedd2 successfully completed, cancelled or paused
2024/08/19 14:37:59 is part of Job which 1 total number of parts done 
2024/08/19 14:38:01 PERF: primary performance constraint is Unknown. States: C:  0, R:  0, W:  0, F:  0, H:  0, B:  0, S:  0, P:  0, Q:  0, D:  0, E:  0, T:  0, GRs:  4
2024/08/19 14:38:01 100.0 %, 1 Done, 0 Failed, 0 Pending, 0 Skipped, 1 Total, 2-sec Throughput (Mb/s): 0.041
2024/08/19 14:38:01 Closing Log
