2024/08/19 14:37:59 AzcopyVersion  10.24.0
2024/08/19 14:37:59 OS-Environment  windows
2024/08/19 14:37:59 OS-Architecture  amd64
2024/08/19 14:37:59 Log times are in UTC. Local time is 19 Aug 2024 16:37:59
2024/08/19 14:37:59 ==> REQUEST/RESPONSE (Try=1/19.0381ms, OpTime=323.2388ms) -- RESPONSE SUCCESSFULLY RECEIVED
   GET https://smlifestoragetest.file.core.windows.net/bpidrop/Transforms%2FEasyPay%20Insurance%20Funeral%20Plan%2FError%2FEasyPay%20Insurance%20Funeral%20Plan.20240819%20021031%20%20EP-137274%20--%20Funeral%20Plan%20Import%20File%20Example%2017.xml?restype=directory&se=2024-09-18T14%3A37%3A57Z&sig=-REDACTED-&sp=rl&sr=s&sv=2023-11-03
   X-Ms-Request-Id: [5171ff46-301a-002e-3245-f226e1000000]

2024/08/19 14:37:59 Failed to check if the destination is a folder or a file (Azure Files). Assuming the destination is a file: GET https://smlifestoragetest.file.core.windows.net/bpidrop/Transforms/EasyPay Insurance Funeral Plan/Error/EasyPay Insurance Funeral Plan.20240819 021031  EP-137274 -- Funeral Plan Import File Example 17.xml
--------------------------------------------------------------------------------
RESPONSE 404: 404 The specified resource does not exist.
ERROR CODE: ResourceNotFound
--------------------------------------------------------------------------------
﻿<?xml version="1.0" encoding="utf-8"?><Error><Code>ResourceNotFound</Code><Message>The specified resource does not exist.
RequestId:5171ff46-301a-002e-3245-f226e1000000
Time:2024-08-19T14:37:59.9356667Z</Message></Error>
--------------------------------------------------------------------------------

2024/08/19 14:37:59 ==> REQUEST/RESPONSE (Try=1/13.9986ms, OpTime=13.9986ms) -- RESPONSE SUCCESSFULLY RECEIVED
   HEAD https://smlifestoragetest.file.core.windows.net/bpidrop/Transforms%2FEasyPay%20Insurance%20Funeral%20Plan%2FError%2FEasyPay%20Insurance%20Funeral%20Plan.20240819%20021031%20%20EP-137274%20--%20Funeral%20Plan%20Import%20File%20Example%2017.xml?se=2024-09-18T14%3A37%3A57Z&sig=-REDACTED-&sp=rl&sr=s&sv=2023-11-03
   X-Ms-Request-Id: [5171ff49-301a-002e-3345-f226e1000000]

2024/08/19 14:38:01 Closing Log
