2024/08/07 12:54:27 AzcopyVersion  10.24.0
2024/08/07 12:54:27 OS-Environment  windows
2024/08/07 12:54:27 OS-Architecture  amd64
2024/08/07 12:54:27 Log times are in UTC. Local time is 7 Aug 2024 14:54:27
2024/08/07 12:54:29 ISO 8601 START TIME: to copy files that changed before or after this job started, use the parameter --include-before=2024-08-07T12:54:22Z or --include-after=2024-08-07T12:54:22Z
2024/08/07 12:54:29 Any empty folders will be processed, because source and destination both support folders. For the same reason, properties defined on folders will be processed
2024/08/07 12:54:29 Job-Command copy C:\Users\LungaNgubane\Documents\CLIENTS\SMARTLIFE\esypay\EP-137274 -- Funeral Plan Import File Example 9.csv https://smlifestoragetest.file.core.windows.net/bpidrop/Transforms/EasyPay%20Insurance%20Funeral%20Plan/EP-137274%20--%20Funeral%20Plan%20Import%20File%20Example%209.csv?se=2024-09-06t12%3A54%3A27z&sig=-REDACTED-&sp=rwl&sr=s&sv=2023-11-03 --output-type=json --cancel-from-stdin --overwrite=prompt --from-to=LocalFile --follow-symlinks --check-length=true --put-md5 --follow-symlinks --preserve-smb-info=true --disable-auto-decoding=false --recursive --log-level=INFO --trailing-dot=Enable 
2024/08/07 12:54:29 Number of CPUs: 8
2024/08/07 12:54:29 Max file buffer RAM 4.000 GB
2024/08/07 12:54:29 Max concurrent network operations:  will be dynamically tuned up to 3000 (Based on auto-tuning limit. Set AZCOPY_CONCURRENCY_VALUE environment variable to override)
2024/08/07 12:54:29 Check CPU usage when dynamically tuning concurrency: true (Based on hard-coded default. Set AZCOPY_TUNE_TO_CPU environment variable to true or false override)
2024/08/07 12:54:29 Max concurrent transfer initiation routines: 64 (Based on hard-coded default. Set AZCOPY_CONCURRENT_FILES environment variable to override)
2024/08/07 12:54:29 Max enumeration routines: 16 (Based on hard-coded default. Set AZCOPY_CONCURRENT_SCAN environment variable to override)
2024/08/07 12:54:29 Parallelize getting file properties (file.Stat): false (Based on AZCOPY_PARALLEL_STAT_FILES environment variable)
2024/08/07 12:54:29 Max open files when downloading: 2147479959 (auto-computed)
2024/08/07 12:54:29 Final job part has been created
2024/08/07 12:54:29 Trying 4 concurrent connections (initial starting point)
2024/08/07 12:54:29 Final job part has been scheduled
2024/08/07 12:54:29 WARN: [P#0-T#0] Block size 8388608 larger than maximum file chunk size, 4 MB chunk size used
2024/08/07 12:54:29 INFO: [P#0-T#0] Starting transfer: Source "\\\\?\\C:\\Users\\LungaNgubane\\Documents\\CLIENTS\\SMARTLIFE\\esypay\\EP-137274 -- Funeral Plan Import File Example 9.csv" Destination "https://smlifestoragetest.file.core.windows.net/bpidrop/Transforms/EasyPay%20Insurance%20Funeral%20Plan/EP-137274%20--%20Funeral%20Plan%20Import%20File%20Example%209.csv". Specified chunk size 4194304
2024/08/07 12:54:29 ==> REQUEST/RESPONSE (Try=1/16.6461ms, OpTime=57.2593ms) -- RESPONSE SUCCESSFULLY RECEIVED
   HEAD https://smlifestoragetest.file.core.windows.net/bpidrop/Transforms%2FEasyPay%20Insurance%20Funeral%20Plan%2FEP-137274%20--%20Funeral%20Plan%20Import%20File%20Example%209.csv?se=2024-09-06T12%3A54%3A27Z&sig=-REDACTED-&sp=rwl&sr=s&sv=2023-11-03
   X-Ms-Request-Id: [88ecd270-501a-0007-35c8-e81895000000]

2024/08/07 12:54:29 ==> REQUEST/RESPONSE (Try=1/44.1364ms, OpTime=44.1364ms) -- RESPONSE SUCCESSFULLY RECEIVED
   PUT https://smlifestoragetest.file.core.windows.net/bpidrop/Transforms%2FEasyPay%20Insurance%20Funeral%20Plan%2FEP-137274%20--%20Funeral%20Plan%20Import%20File%20Example%209.csv?se=2024-09-06T12%3A54%3A27Z&sig=-REDACTED-&sp=rwl&sr=s&sv=2023-11-03
   X-Ms-Request-Id: [88ecd273-501a-0007-36c8-e81895000000]

2024/08/07 12:54:29 ==> REQUEST/RESPONSE (Try=1/15.9396ms, OpTime=15.9396ms) -- RESPONSE SUCCESSFULLY RECEIVED
   PUT https://smlifestoragetest.file.core.windows.net/bpidrop/Transforms%2FEasyPay%20Insurance%20Funeral%20Plan%2FEP-137274%20--%20Funeral%20Plan%20Import%20File%20Example%209.csv?comp=range&se=2024-09-06T12%3A54%3A27Z&sig=-REDACTED-&sp=rwl&sr=s&sv=2023-11-03
   X-Ms-Request-Id: [88ecd279-501a-0007-3ac8-e81895000000]

2024/08/07 12:54:29 ==> REQUEST/RESPONSE (Try=1/14.6601ms, OpTime=14.6601ms) -- RESPONSE SUCCESSFULLY RECEIVED
   PUT https://smlifestoragetest.file.core.windows.net/bpidrop/Transforms%2FEasyPay%20Insurance%20Funeral%20Plan%2FEP-137274%20--%20Funeral%20Plan%20Import%20File%20Example%209.csv?comp=properties&se=2024-09-06T12%3A54%3A27Z&sig=-REDACTED-&sp=rwl&sr=s&sv=2023-11-03
   X-Ms-Request-Id: [88ecd27b-501a-0007-3cc8-e81895000000]

2024/08/07 12:54:29 ==> REQUEST/RESPONSE (Try=1/13.6546ms, OpTime=13.6546ms) -- RESPONSE SUCCESSFULLY RECEIVED
   PUT https://smlifestoragetest.file.core.windows.net/bpidrop/Transforms%2FEasyPay%20Insurance%20Funeral%20Plan%2FEP-137274%20--%20Funeral%20Plan%20Import%20File%20Example%209.csv?comp=properties&se=2024-09-06T12%3A54%3A27Z&sig=-REDACTED-&sp=rwl&sr=s&sv=2023-11-03
   X-Ms-Request-Id: [88ecd27c-501a-0007-3dc8-e81895000000]

2024/08/07 12:54:29 ==> REQUEST/RESPONSE (Try=1/13.285ms, OpTime=15.1072ms) -- RESPONSE SUCCESSFULLY RECEIVED
   HEAD https://smlifestoragetest.file.core.windows.net/bpidrop/Transforms%2FEasyPay%20Insurance%20Funeral%20Plan%2FEP-137274%20--%20Funeral%20Plan%20Import%20File%20Example%209.csv?se=2024-09-06T12%3A54%3A27Z&sig=-REDACTED-&sp=rwl&sr=s&sv=2023-11-03
   X-Ms-Request-Id: [88ecd27d-501a-0007-3ec8-e81895000000]

2024/08/07 12:54:29 INFO: [P#0-T#0] UPLOADSUCCESSFUL: https://smlifestoragetest.file.core.windows.net/bpidrop/Transforms/EasyPay%20Insurance%20Funeral%20Plan/EP-137274%20--%20Funeral%20Plan%20Import%20File%20Example%209.csv
2024/08/07 12:54:29 JobID=1816635f-854b-0a4b-5b3e-925f71206ce0, Part#=0, TransfersDone=1 of 1
2024/08/07 12:54:29 all parts of entire Job 1816635f-854b-0a4b-5b3e-925f71206ce0 successfully completed, cancelled or paused
2024/08/07 12:54:29 is part of Job which 1 total number of parts done 
2024/08/07 12:54:31 PERF: primary performance constraint is Unknown. States: X:  0, O:  0, M:  0, L:  0, R:  0, D:  0, W:  0, F:  0, B:  0, E:  0, T:  0, GRs:  4
2024/08/07 12:54:31 100.0 %, 1 Done, 0 Failed, 0 Pending, 0 Skipped, 1 Total, 2-sec Throughput (Mb/s): 0.0173
2024/08/07 12:54:31 Closing Log
