2024/09/18 13:14:03 AzcopyVersion  10.24.0
2024/09/18 13:14:03 OS-Environment  windows
2024/09/18 13:14:03 OS-Architecture  amd64
2024/09/18 13:14:03 Log times are in UTC. Local time is 18 Sep 2024 15:14:03
2024/09/18 13:14:03 ==> REQUEST/RESPONSE (Try=1/60.9386ms, OpTime=172.6435ms) -- RESPONSE SUCCESSFULLY RECEIVED
   GET https://smlifestoragetest.file.core.windows.net/bpidrop/Transforms%2FEasyPay%20Insurance%20Funeral%20Plan%2FError%2FEasyPay%20Insurance%20Funeral%20Plan.20240918%20030810%20%20EP-145392--%20Funeral%20Plan%20Import%20File%20Example%20L64.xml?restype=directory&se=2024-10-18T13%3A14%3A01Z&sig=-REDACTED-&sp=rl&sr=s&sv=2023-11-03
   X-Ms-Request-Id: [93ec5c49-101a-0029-34cc-094a82000000]

2024/09/18 13:14:03 Failed to check if the destination is a folder or a file (Azure Files). Assuming the destination is a file: GET https://smlifestoragetest.file.core.windows.net/bpidrop/Transforms/EasyPay Insurance Funeral Plan/Error/EasyPay Insurance Funeral Plan.20240918 030810  EP-145392-- Funeral Plan Import File Example L64.xml
--------------------------------------------------------------------------------
RESPONSE 404: 404 The specified resource does not exist.
ERROR CODE: ResourceNotFound
--------------------------------------------------------------------------------
﻿<?xml version="1.0" encoding="utf-8"?><Error><Code>ResourceNotFound</Code><Message>The specified resource does not exist.
RequestId:93ec5c49-101a-0029-34cc-094a82000000
Time:2024-09-18T13:14:03.9506298Z</Message></Error>
--------------------------------------------------------------------------------

2024/09/18 13:14:03 ==> REQUEST/RESPONSE (Try=1/12.5474ms, OpTime=12.5474ms) -- RESPONSE SUCCESSFULLY RECEIVED
   HEAD https://smlifestoragetest.file.core.windows.net/bpidrop/Transforms%2FEasyPay%20Insurance%20Funeral%20Plan%2FError%2FEasyPay%20Insurance%20Funeral%20Plan.20240918%20030810%20%20EP-145392--%20Funeral%20Plan%20Import%20File%20Example%20L64.xml?se=2024-10-18T13%3A14%3A01Z&sig=-REDACTED-&sp=rl&sr=s&sv=2023-11-03
   X-Ms-Request-Id: [93ec5c4c-101a-0029-35cc-094a82000000]

2024/09/18 13:14:05 Closing Log
