2024/09/18 13:14:02 AzcopyVersion  10.24.0
2024/09/18 13:14:02 OS-Environment  windows
2024/09/18 13:14:02 OS-Architecture  amd64
2024/09/18 13:14:02 Log times are in UTC. Local time is 18 Sep 2024 15:14:02
2024/09/18 13:14:03 ISO 8601 START TIME: to copy files that changed before or after this job started, use the parameter --include-before=2024-09-18T13:13:57Z or --include-after=2024-09-18T13:13:57Z
2024/09/18 13:14:03 Any empty folders will be processed, because source and destination both support folders. For the same reason, properties defined on folders will be processed
2024/09/18 13:14:03 Job-Command copy https://smlifestoragetest.file.core.windows.net/bpidrop/Transforms/EasyPay%20Insurance%20Funeral%20Plan/Error/EasyPay%20Insurance%20Funeral%20Plan.20240918%20030810%20%20EP-145392--%20Funeral%20Plan%20Import%20File%20Example%20L64.xml?se=2024-10-18t13%3A14%3A01z&sig=-REDACTED-&sp=rl&sr=s&sv=2023-11-03 C:\Users\LUNGAN~1\AppData\Local\Temp\17266652419304\EasyPay Insurance Funeral Plan.20240918 030810  EP-145392-- Funeral Plan Import File Example L64.xml --output-type=json --cancel-from-stdin --overwrite=prompt --check-md5 FailIfDifferent --from-to=FileLocal --preserve-smb-info=true --recursive --log-level=INFO --trailing-dot=Enable 
2024/09/18 13:14:03 Number of CPUs: 8
2024/09/18 13:14:03 Max file buffer RAM 4.000 GB
2024/09/18 13:14:03 Max concurrent network operations:  will be dynamically tuned up to 3000 (Based on auto-tuning limit. Set AZCOPY_CONCURRENCY_VALUE environment variable to override)
2024/09/18 13:14:03 Check CPU usage when dynamically tuning concurrency: true (Based on hard-coded default. Set AZCOPY_TUNE_TO_CPU environment variable to true or false override)
2024/09/18 13:14:03 Max concurrent transfer initiation routines: 64 (Based on hard-coded default. Set AZCOPY_CONCURRENT_FILES environment variable to override)
2024/09/18 13:14:03 Max enumeration routines: 16 (Based on hard-coded default. Set AZCOPY_CONCURRENT_SCAN environment variable to override)
2024/09/18 13:14:03 Parallelize getting file properties (file.Stat): false (Based on AZCOPY_PARALLEL_STAT_FILES environment variable)
2024/09/18 13:14:03 Max open files when downloading: 2147479959 (auto-computed)
2024/09/18 13:14:03 Final job part has been created
2024/09/18 13:14:03 Trying 4 concurrent connections (initial starting point)
2024/09/18 13:14:03 Final job part has been scheduled
2024/09/18 13:14:03 ==> REQUEST/RESPONSE (Try=1/24.1197ms, OpTime=68.8646ms) -- RESPONSE SUCCESSFULLY RECEIVED
   GET https://smlifestoragetest.file.core.windows.net/bpidrop/Transforms%2FEasyPay%20Insurance%20Funeral%20Plan%2FError%2FEasyPay%20Insurance%20Funeral%20Plan.20240918%20030810%20%20EP-145392--%20Funeral%20Plan%20Import%20File%20Example%20L64.xml?se=2024-10-18T13%3A14%3A01Z&sig=-REDACTED-&sp=rl&sr=s&sv=2023-11-03
   X-Ms-Request-Id: [50161d2a-001a-0025-52cc-09dd8a000000]

2024/09/18 13:14:03 WARN: [P#0-T#0] https://smlifestoragetest.file.core.windows.net/bpidrop/Transforms/EasyPay%20Insurance%20Funeral%20Plan/Error/EasyPay%20Insurance%20Funeral%20Plan.20240918%20030810%20%20EP-145392--%20Funeral%20Plan%20Import%20File%20Example%20L64.xml no MD5 was stored in the Blob/File service against this file. So the downloaded data cannot be MD5-validated. Dst: \\?\C:\Users\LUNGAN~1\AppData\Local\Temp\17266652419304\EasyPay Insurance Funeral Plan.20240918 030810  EP-145392-- Funeral Plan Import File Example L64.xml
2024/09/18 13:14:03 ==> REQUEST/RESPONSE (Try=1/17.2455ms, OpTime=17.2455ms) -- RESPONSE SUCCESSFULLY RECEIVED
   HEAD https://smlifestoragetest.file.core.windows.net/bpidrop/Transforms%2FEasyPay%20Insurance%20Funeral%20Plan%2FError%2FEasyPay%20Insurance%20Funeral%20Plan.20240918%20030810%20%20EP-145392--%20Funeral%20Plan%20Import%20File%20Example%20L64.xml?se=2024-10-18T13%3A14%3A01Z&sig=-REDACTED-&sp=rl&sr=s&sv=2023-11-03
   X-Ms-Request-Id: [50161d2d-001a-0025-53cc-09dd8a000000]

2024/09/18 13:14:03 INFO: [P#0-T#0] DOWNLOADSUCCESSFUL: \\?\C:\Users\LUNGAN~1\AppData\Local\Temp\17266652419304\EasyPay Insurance Funeral Plan.20240918 030810  EP-145392-- Funeral Plan Import File Example L64.xml
2024/09/18 13:14:03 JobID=196a65c5-fb62-b940-7110-40679f9d618b, Part#=0, TransfersDone=1 of 1
2024/09/18 13:14:03 all parts of entire Job 196a65c5-fb62-b940-7110-40679f9d618b successfully completed, cancelled or paused
2024/09/18 13:14:03 is part of Job which 1 total number of parts done 
2024/09/18 13:14:05 PERF: primary performance constraint is Unknown. States: C:  0, R:  0, W:  0, F:  0, H:  0, B:  0, S:  0, P:  0, Q:  0, D:  0, E:  0, T:  0, GRs:  4
2024/09/18 13:14:05 100.0 %, 1 Done, 0 Failed, 0 Pending, 0 Skipped, 1 Total, 2-sec Throughput (Mb/s): 0.0409
2024/09/18 13:14:05 Closing Log
