2024/08/20 12:05:35 AzcopyVersion  10.24.0
2024/08/20 12:05:35 OS-Environment  windows
2024/08/20 12:05:35 OS-Architecture  amd64
2024/08/20 12:05:35 Log times are in UTC. Local time is 20 Aug 2024 14:05:35
2024/08/20 12:05:37 ISO 8601 START TIME: to copy files that changed before or after this job started, use the parameter --include-before=2024-08-20T12:05:30Z or --include-after=2024-08-20T12:05:30Z
2024/08/20 12:05:37 Any empty folders will be processed, because source and destination both support folders. For the same reason, properties defined on folders will be processed
2024/08/20 12:05:37 Job-Command copy C:\Users\LungaNgubane\Documents\CLIENTS\SMARTLIFE\esypay\EP-137274 -- Funeral Plan Import File Example 24.csv https://smlifestoragetest.file.core.windows.net/bpidrop/Transforms/EasyPay%20Insurance%20Funeral%20Plan/EP-137274%20--%20Funeral%20Plan%20Import%20File%20Example%2024.csv?se=2024-09-19t12%3A05%3A35z&sig=-REDACTED-&sp=rwl&sr=s&sv=2023-11-03 --output-type=json --cancel-from-stdin --overwrite=prompt --from-to=LocalFile --follow-symlinks --check-length=true --put-md5 --follow-symlinks --preserve-smb-info=true --disable-auto-decoding=false --recursive --log-level=INFO --trailing-dot=Enable 
2024/08/20 12:05:37 Number of CPUs: 8
2024/08/20 12:05:37 Max file buffer RAM 4.000 GB
2024/08/20 12:05:37 Max concurrent network operations:  will be dynamically tuned up to 3000 (Based on auto-tuning limit. Set AZCOPY_CONCURRENCY_VALUE environment variable to override)
2024/08/20 12:05:37 Check CPU usage when dynamically tuning concurrency: true (Based on hard-coded default. Set AZCOPY_TUNE_TO_CPU environment variable to true or false override)
2024/08/20 12:05:37 Max concurrent transfer initiation routines: 64 (Based on hard-coded default. Set AZCOPY_CONCURRENT_FILES environment variable to override)
2024/08/20 12:05:37 Max enumeration routines: 16 (Based on hard-coded default. Set AZCOPY_CONCURRENT_SCAN environment variable to override)
2024/08/20 12:05:37 Parallelize getting file properties (file.Stat): false (Based on AZCOPY_PARALLEL_STAT_FILES environment variable)
2024/08/20 12:05:37 Max open files when downloading: 2147479959 (auto-computed)
2024/08/20 12:05:37 Final job part has been created
2024/08/20 12:05:37 Trying 4 concurrent connections (initial starting point)
2024/08/20 12:05:37 Final job part has been scheduled
2024/08/20 12:05:37 WARN: [P#0-T#0] Block size 8388608 larger than maximum file chunk size, 4 MB chunk size used
2024/08/20 12:05:37 INFO: [P#0-T#0] Starting transfer: Source "\\\\?\\C:\\Users\\LungaNgubane\\Documents\\CLIENTS\\SMARTLIFE\\esypay\\EP-137274 -- Funeral Plan Import File Example 24.csv" Destination "https://smlifestoragetest.file.core.windows.net/bpidrop/Transforms/EasyPay%20Insurance%20Funeral%20Plan/EP-137274%20--%20Funeral%20Plan%20Import%20File%20Example%2024.csv". Specified chunk size 4194304
2024/08/20 12:05:37 ==> REQUEST/RESPONSE (Try=1/17.164ms, OpTime=50.6129ms) -- RESPONSE SUCCESSFULLY RECEIVED
   HEAD https://smlifestoragetest.file.core.windows.net/bpidrop/Transforms%2FEasyPay%20Insurance%20Funeral%20Plan%2FEP-137274%20--%20Funeral%20Plan%20Import%20File%20Example%2024.csv?se=2024-09-19T12%3A05%3A35Z&sig=-REDACTED-&sp=rwl&sr=s&sv=2023-11-03
   X-Ms-Request-Id: [4ca7090d-801a-0004-30f9-f2f9f1000000]

2024/08/20 12:05:37 ==> REQUEST/RESPONSE (Try=1/18.6789ms, OpTime=18.6789ms) -- RESPONSE SUCCESSFULLY RECEIVED
   PUT https://smlifestoragetest.file.core.windows.net/bpidrop/Transforms%2FEasyPay%20Insurance%20Funeral%20Plan%2FEP-137274%20--%20Funeral%20Plan%20Import%20File%20Example%2024.csv?se=2024-09-19T12%3A05%3A35Z&sig=-REDACTED-&sp=rwl&sr=s&sv=2023-11-03
   X-Ms-Request-Id: [4ca70910-801a-0004-31f9-f2f9f1000000]

2024/08/20 12:05:37 ==> REQUEST/RESPONSE (Try=1/14.3939ms, OpTime=15.0638ms) -- RESPONSE SUCCESSFULLY RECEIVED
   PUT https://smlifestoragetest.file.core.windows.net/bpidrop/Transforms%2FEasyPay%20Insurance%20Funeral%20Plan%2FEP-137274%20--%20Funeral%20Plan%20Import%20File%20Example%2024.csv?comp=range&se=2024-09-19T12%3A05%3A35Z&sig=-REDACTED-&sp=rwl&sr=s&sv=2023-11-03
   X-Ms-Request-Id: [4ca70914-801a-0004-34f9-f2f9f1000000]

2024/08/20 12:05:37 ==> REQUEST/RESPONSE (Try=1/13.0126ms, OpTime=13.0126ms) -- RESPONSE SUCCESSFULLY RECEIVED
   PUT https://smlifestoragetest.file.core.windows.net/bpidrop/Transforms%2FEasyPay%20Insurance%20Funeral%20Plan%2FEP-137274%20--%20Funeral%20Plan%20Import%20File%20Example%2024.csv?comp=properties&se=2024-09-19T12%3A05%3A35Z&sig=-REDACTED-&sp=rwl&sr=s&sv=2023-11-03
   X-Ms-Request-Id: [4ca70916-801a-0004-36f9-f2f9f1000000]

2024/08/20 12:05:37 ==> REQUEST/RESPONSE (Try=1/12.9296ms, OpTime=12.9296ms) -- RESPONSE SUCCESSFULLY RECEIVED
   PUT https://smlifestoragetest.file.core.windows.net/bpidrop/Transforms%2FEasyPay%20Insurance%20Funeral%20Plan%2FEP-137274%20--%20Funeral%20Plan%20Import%20File%20Example%2024.csv?comp=properties&se=2024-09-19T12%3A05%3A35Z&sig=-REDACTED-&sp=rwl&sr=s&sv=2023-11-03
   X-Ms-Request-Id: [4ca70917-801a-0004-37f9-f2f9f1000000]

2024/08/20 12:05:37 ==> REQUEST/RESPONSE (Try=1/15.5555ms, OpTime=15.5555ms) -- RESPONSE SUCCESSFULLY RECEIVED
   HEAD https://smlifestoragetest.file.core.windows.net/bpidrop/Transforms%2FEasyPay%20Insurance%20Funeral%20Plan%2FEP-137274%20--%20Funeral%20Plan%20Import%20File%20Example%2024.csv?se=2024-09-19T12%3A05%3A35Z&sig=-REDACTED-&sp=rwl&sr=s&sv=2023-11-03
   X-Ms-Request-Id: [4ca70918-801a-0004-38f9-f2f9f1000000]

2024/08/20 12:05:37 INFO: [P#0-T#0] UPLOADSUCCESSFUL: https://smlifestoragetest.file.core.windows.net/bpidrop/Transforms/EasyPay%20Insurance%20Funeral%20Plan/EP-137274%20--%20Funeral%20Plan%20Import%20File%20Example%2024.csv
2024/08/20 12:05:37 JobID=1c249256-9ba1-c444-40d4-5e4bb7249f27, Part#=0, TransfersDone=1 of 1
2024/08/20 12:05:37 all parts of entire Job 1c249256-9ba1-c444-40d4-5e4bb7249f27 successfully completed, cancelled or paused
2024/08/20 12:05:37 is part of Job which 1 total number of parts done 
2024/08/20 12:05:39 PERF: primary performance constraint is Unknown. States: X:  0, O:  0, M:  0, L:  0, R:  0, D:  0, W:  0, F:  0, B:  0, E:  0, T:  0, GRs:  4
2024/08/20 12:05:39 100.0 %, 1 Done, 0 Failed, 0 Pending, 0 Skipped, 1 Total, 2-sec Throughput (Mb/s): 0.0173
2024/08/20 12:05:39 Closing Log
