2024/09/18 10:53:20 AzcopyVersion  10.24.0
2024/09/18 10:53:20 OS-Environment  windows
2024/09/18 10:53:20 OS-Architecture  amd64
2024/09/18 10:53:20 Log times are in UTC. Local time is 18 Sep 2024 12:53:20
2024/09/18 10:53:21 ISO 8601 START TIME: to copy files that changed before or after this job started, use the parameter --include-before=2024-09-18T10:53:15Z or --include-after=2024-09-18T10:53:15Z
2024/09/18 10:53:22 Any empty folders will be processed, because source and destination both support folders. For the same reason, properties defined on folders will be processed
2024/09/18 10:53:22 Job-Command copy C:\Users\LungaNgubane\Documents\CLIENTS\SMARTLIFE\esypay\EP-145392-- Funeral Plan Import File Example L62.csv https://smlifestoragetest.file.core.windows.net/bpidrop/Transforms/EasyPay%20Insurance%20Funeral%20Plan/EP-145392--%20Funeral%20Plan%20Import%20File%20Example%20L62.csv?se=2024-10-18t10%3A53%3A20z&sig=-REDACTED-&sp=rwl&sr=s&sv=2023-11-03 --output-type=json --cancel-from-stdin --overwrite=prompt --from-to=LocalFile --follow-symlinks --check-length=true --put-md5 --follow-symlinks --preserve-smb-info=true --disable-auto-decoding=false --recursive --log-level=INFO --trailing-dot=Enable 
2024/09/18 10:53:22 Number of CPUs: 8
2024/09/18 10:53:22 Max file buffer RAM 4.000 GB
2024/09/18 10:53:22 Max concurrent network operations:  will be dynamically tuned up to 3000 (Based on auto-tuning limit. Set AZCOPY_CONCURRENCY_VALUE environment variable to override)
2024/09/18 10:53:22 Check CPU usage when dynamically tuning concurrency: true (Based on hard-coded default. Set AZCOPY_TUNE_TO_CPU environment variable to true or false override)
2024/09/18 10:53:22 Max concurrent transfer initiation routines: 64 (Based on hard-coded default. Set AZCOPY_CONCURRENT_FILES environment variable to override)
2024/09/18 10:53:22 Max enumeration routines: 16 (Based on hard-coded default. Set AZCOPY_CONCURRENT_SCAN environment variable to override)
2024/09/18 10:53:22 Parallelize getting file properties (file.Stat): false (Based on AZCOPY_PARALLEL_STAT_FILES environment variable)
2024/09/18 10:53:22 Max open files when downloading: 2147479959 (auto-computed)
2024/09/18 10:53:22 Final job part has been created
2024/09/18 10:53:22 Final job part has been scheduled
2024/09/18 10:53:22 Trying 4 concurrent connections (initial starting point)
2024/09/18 10:53:22 WARN: [P#0-T#0] Block size 8388608 larger than maximum file chunk size, 4 MB chunk size used
2024/09/18 10:53:22 INFO: [P#0-T#0] Starting transfer: Source "\\\\?\\C:\\Users\\LungaNgubane\\Documents\\CLIENTS\\SMARTLIFE\\esypay\\EP-145392-- Funeral Plan Import File Example L62.csv" Destination "https://smlifestoragetest.file.core.windows.net/bpidrop/Transforms/EasyPay%20Insurance%20Funeral%20Plan/EP-145392--%20Funeral%20Plan%20Import%20File%20Example%20L62.csv". Specified chunk size 4194304
2024/09/18 10:53:22 ==> REQUEST/RESPONSE (Try=1/19.7242ms, OpTime=52.1544ms) -- RESPONSE SUCCESSFULLY RECEIVED
   HEAD https://smlifestoragetest.file.core.windows.net/bpidrop/Transforms%2FEasyPay%20Insurance%20Funeral%20Plan%2FEP-145392--%20Funeral%20Plan%20Import%20File%20Example%20L62.csv?se=2024-10-18T10%3A53%3A20Z&sig=-REDACTED-&sp=rwl&sr=s&sv=2023-11-03
   X-Ms-Request-Id: [e5b8f33b-601a-001c-77b8-092696000000]

2024/09/18 10:53:22 ==> REQUEST/RESPONSE (Try=1/20.0493ms, OpTime=20.5554ms) -- RESPONSE SUCCESSFULLY RECEIVED
   PUT https://smlifestoragetest.file.core.windows.net/bpidrop/Transforms%2FEasyPay%20Insurance%20Funeral%20Plan%2FEP-145392--%20Funeral%20Plan%20Import%20File%20Example%20L62.csv?se=2024-10-18T10%3A53%3A20Z&sig=-REDACTED-&sp=rwl&sr=s&sv=2023-11-03
   X-Ms-Request-Id: [e5b8f33e-601a-001c-78b8-092696000000]

2024/09/18 10:53:22 ==> REQUEST/RESPONSE (Try=1/15.2812ms, OpTime=15.8027ms) -- RESPONSE SUCCESSFULLY RECEIVED
   PUT https://smlifestoragetest.file.core.windows.net/bpidrop/Transforms%2FEasyPay%20Insurance%20Funeral%20Plan%2FEP-145392--%20Funeral%20Plan%20Import%20File%20Example%20L62.csv?comp=range&se=2024-10-18T10%3A53%3A20Z&sig=-REDACTED-&sp=rwl&sr=s&sv=2023-11-03
   X-Ms-Request-Id: [e5b8f33f-601a-001c-79b8-092696000000]

2024/09/18 10:53:22 ==> REQUEST/RESPONSE (Try=1/16.5691ms, OpTime=16.5691ms) -- RESPONSE SUCCESSFULLY RECEIVED
   PUT https://smlifestoragetest.file.core.windows.net/bpidrop/Transforms%2FEasyPay%20Insurance%20Funeral%20Plan%2FEP-145392--%20Funeral%20Plan%20Import%20File%20Example%20L62.csv?comp=properties&se=2024-10-18T10%3A53%3A20Z&sig=-REDACTED-&sp=rwl&sr=s&sv=2023-11-03
   X-Ms-Request-Id: [e5b8f340-601a-001c-7ab8-092696000000]

2024/09/18 10:53:22 ==> REQUEST/RESPONSE (Try=1/15.3953ms, OpTime=15.3953ms) -- RESPONSE SUCCESSFULLY RECEIVED
   PUT https://smlifestoragetest.file.core.windows.net/bpidrop/Transforms%2FEasyPay%20Insurance%20Funeral%20Plan%2FEP-145392--%20Funeral%20Plan%20Import%20File%20Example%20L62.csv?comp=properties&se=2024-10-18T10%3A53%3A20Z&sig=-REDACTED-&sp=rwl&sr=s&sv=2023-11-03
   X-Ms-Request-Id: [e5b8f341-601a-001c-7bb8-092696000000]

2024/09/18 10:53:22 ==> REQUEST/RESPONSE (Try=1/14.2716ms, OpTime=14.2716ms) -- RESPONSE SUCCESSFULLY RECEIVED
   HEAD https://smlifestoragetest.file.core.windows.net/bpidrop/Transforms%2FEasyPay%20Insurance%20Funeral%20Plan%2FEP-145392--%20Funeral%20Plan%20Import%20File%20Example%20L62.csv?se=2024-10-18T10%3A53%3A20Z&sig=-REDACTED-&sp=rwl&sr=s&sv=2023-11-03
   X-Ms-Request-Id: [e5b8f342-601a-001c-7cb8-092696000000]

2024/09/18 10:53:22 INFO: [P#0-T#0] UPLOADSUCCESSFUL: https://smlifestoragetest.file.core.windows.net/bpidrop/Transforms/EasyPay%20Insurance%20Funeral%20Plan/EP-145392--%20Funeral%20Plan%20Import%20File%20Example%20L62.csv
2024/09/18 10:53:22 JobID=27e8232d-982e-f340-7b89-310bc9c7bccb, Part#=0, TransfersDone=1 of 1
2024/09/18 10:53:22 all parts of entire Job 27e8232d-982e-f340-7b89-310bc9c7bccb successfully completed, cancelled or paused
2024/09/18 10:53:22 is part of Job which 1 total number of parts done 
2024/09/18 10:53:24 PERF: primary performance constraint is Unknown. States: X:  0, O:  0, M:  0, L:  0, R:  0, D:  0, W:  0, F:  0, B:  0, E:  0, T:  0, GRs:  4
2024/09/18 10:53:24 100.0 %, 1 Done, 0 Failed, 0 Pending, 0 Skipped, 1 Total, 2-sec Throughput (Mb/s): 0.0172
2024/09/18 10:53:24 Closing Log
