2024/09/19 06:50:04 AzcopyVersion  10.24.0
2024/09/19 06:50:04 OS-Environment  windows
2024/09/19 06:50:04 OS-Architecture  amd64
2024/09/19 06:50:04 Log times are in UTC. Local time is 19 Sep 2024 08:50:04
2024/09/19 06:50:05 ==> REQUEST/RESPONSE (Try=1/17.8963ms, OpTime=109.9802ms) -- RESPONSE SUCCESSFULLY RECEIVED
   GET https://smlifestoragetest.file.core.windows.net/bpidrop/Transforms%2FEasyPay%20Insurance%20Funeral%20Plan%2FArchive%2FEP-145392--%20Funeral%20Plan%20Import%20File%20Example%20L65.csv?restype=directory&se=2024-10-19T06%3A50%3A03Z&sig=-REDACTED-&sp=rl&sr=s&sv=2023-11-03
   X-Ms-Request-Id: [dd171381-801a-002b-6860-0af43a000000]

2024/09/19 06:50:05 Failed to check if the destination is a folder or a file (Azure Files). Assuming the destination is a file: GET https://smlifestoragetest.file.core.windows.net/bpidrop/Transforms/EasyPay Insurance Funeral Plan/Archive/EP-145392-- Funeral Plan Import File Example L65.csv
--------------------------------------------------------------------------------
RESPONSE 404: 404 The specified resource does not exist.
ERROR CODE: ResourceNotFound
--------------------------------------------------------------------------------
﻿<?xml version="1.0" encoding="utf-8"?><Error><Code>ResourceNotFound</Code><Message>The specified resource does not exist.
RequestId:dd171381-801a-002b-6860-0af43a000000
Time:2024-09-19T06:50:05.8659788Z</Message></Error>
--------------------------------------------------------------------------------

2024/09/19 06:50:05 ==> REQUEST/RESPONSE (Try=1/13.8309ms, OpTime=14.3645ms) -- RESPONSE SUCCESSFULLY RECEIVED
   HEAD https://smlifestoragetest.file.core.windows.net/bpidrop/Transforms%2FEasyPay%20Insurance%20Funeral%20Plan%2FArchive%2FEP-145392--%20Funeral%20Plan%20Import%20File%20Example%20L65.csv?se=2024-10-19T06%3A50%3A03Z&sig=-REDACTED-&sp=rl&sr=s&sv=2023-11-03
   X-Ms-Request-Id: [dd171384-801a-002b-6960-0af43a000000]

2024/09/19 06:50:07 Closing Log
