2024/08/20 13:52:31 AzcopyVersion  10.24.0
2024/08/20 13:52:31 OS-Environment  windows
2024/08/20 13:52:31 OS-Architecture  amd64
2024/08/20 13:52:31 Log times are in UTC. Local time is 20 Aug 2024 15:52:31
2024/08/20 13:52:32 ISO 8601 START TIME: to copy files that changed before or after this job started, use the parameter --include-before=2024-08-20T13:52:26Z or --include-after=2024-08-20T13:52:26Z
2024/08/20 13:52:33 Any empty folders will be processed, because source and destination both support folders. For the same reason, properties defined on folders will be processed
2024/08/20 13:52:33 Job-Command copy C:\Users\LungaNgubane\Documents\CLIENTS\SMARTLIFE\esypay\EP-137274 -- Funeral Plan Import File Example 26.csv https://smlifestoragetest.file.core.windows.net/bpidrop/Transforms/EasyPay%20Insurance%20Funeral%20Plan/EP-137274%20--%20Funeral%20Plan%20Import%20File%20Example%2026.csv?se=2024-09-19t13%3A52%3A31z&sig=-REDACTED-&sp=rwl&sr=s&sv=2023-11-03 --output-type=json --cancel-from-stdin --overwrite=prompt --from-to=LocalFile --follow-symlinks --check-length=true --put-md5 --follow-symlinks --preserve-smb-info=true --disable-auto-decoding=false --recursive --log-level=INFO --trailing-dot=Enable 
2024/08/20 13:52:33 Number of CPUs: 8
2024/08/20 13:52:33 Max file buffer RAM 4.000 GB
2024/08/20 13:52:33 Max concurrent network operations:  will be dynamically tuned up to 3000 (Based on auto-tuning limit. Set AZCOPY_CONCURRENCY_VALUE environment variable to override)
2024/08/20 13:52:33 Check CPU usage when dynamically tuning concurrency: true (Based on hard-coded default. Set AZCOPY_TUNE_TO_CPU environment variable to true or false override)
2024/08/20 13:52:33 Max concurrent transfer initiation routines: 64 (Based on hard-coded default. Set AZCOPY_CONCURRENT_FILES environment variable to override)
2024/08/20 13:52:33 Max enumeration routines: 16 (Based on hard-coded default. Set AZCOPY_CONCURRENT_SCAN environment variable to override)
2024/08/20 13:52:33 Parallelize getting file properties (file.Stat): false (Based on AZCOPY_PARALLEL_STAT_FILES environment variable)
2024/08/20 13:52:33 Max open files when downloading: 2147479959 (auto-computed)
2024/08/20 13:52:33 Final job part has been created
2024/08/20 13:52:33 Trying 4 concurrent connections (initial starting point)
2024/08/20 13:52:33 Final job part has been scheduled
2024/08/20 13:52:33 WARN: [P#0-T#0] Block size 8388608 larger than maximum file chunk size, 4 MB chunk size used
2024/08/20 13:52:33 INFO: [P#0-T#0] Starting transfer: Source "\\\\?\\C:\\Users\\LungaNgubane\\Documents\\CLIENTS\\SMARTLIFE\\esypay\\EP-137274 -- Funeral Plan Import File Example 26.csv" Destination "https://smlifestoragetest.file.core.windows.net/bpidrop/Transforms/EasyPay%20Insurance%20Funeral%20Plan/EP-137274%20--%20Funeral%20Plan%20Import%20File%20Example%2026.csv". Specified chunk size 4194304
2024/08/20 13:52:33 ==> REQUEST/RESPONSE (Try=1/17.9891ms, OpTime=60.0494ms) -- RESPONSE SUCCESSFULLY RECEIVED
   HEAD https://smlifestoragetest.file.core.windows.net/bpidrop/Transforms%2FEasyPay%20Insurance%20Funeral%20Plan%2FEP-137274%20--%20Funeral%20Plan%20Import%20File%20Example%2026.csv?se=2024-09-19T13%3A52%3A31Z&sig=-REDACTED-&sp=rwl&sr=s&sv=2023-11-03
   X-Ms-Request-Id: [78006659-101a-0016-0308-f38221000000]

2024/08/20 13:52:33 ==> REQUEST/RESPONSE (Try=1/17.4744ms, OpTime=17.988ms) -- RESPONSE SUCCESSFULLY RECEIVED
   PUT https://smlifestoragetest.file.core.windows.net/bpidrop/Transforms%2FEasyPay%20Insurance%20Funeral%20Plan%2FEP-137274%20--%20Funeral%20Plan%20Import%20File%20Example%2026.csv?se=2024-09-19T13%3A52%3A31Z&sig=-REDACTED-&sp=rwl&sr=s&sv=2023-11-03
   X-Ms-Request-Id: [7800665c-101a-0016-0408-f38221000000]

2024/08/20 13:52:33 ==> REQUEST/RESPONSE (Try=1/14.7816ms, OpTime=15.3124ms) -- RESPONSE SUCCESSFULLY RECEIVED
   PUT https://smlifestoragetest.file.core.windows.net/bpidrop/Transforms%2FEasyPay%20Insurance%20Funeral%20Plan%2FEP-137274%20--%20Funeral%20Plan%20Import%20File%20Example%2026.csv?comp=range&se=2024-09-19T13%3A52%3A31Z&sig=-REDACTED-&sp=rwl&sr=s&sv=2023-11-03
   X-Ms-Request-Id: [7800665d-101a-0016-0508-f38221000000]

2024/08/20 13:52:33 ==> REQUEST/RESPONSE (Try=1/14.27ms, OpTime=14.7882ms) -- RESPONSE SUCCESSFULLY RECEIVED
   PUT https://smlifestoragetest.file.core.windows.net/bpidrop/Transforms%2FEasyPay%20Insurance%20Funeral%20Plan%2FEP-137274%20--%20Funeral%20Plan%20Import%20File%20Example%2026.csv?comp=properties&se=2024-09-19T13%3A52%3A31Z&sig=-REDACTED-&sp=rwl&sr=s&sv=2023-11-03
   X-Ms-Request-Id: [7800665e-101a-0016-0608-f38221000000]

2024/08/20 13:52:33 ==> REQUEST/RESPONSE (Try=1/13.5807ms, OpTime=13.5807ms) -- RESPONSE SUCCESSFULLY RECEIVED
   PUT https://smlifestoragetest.file.core.windows.net/bpidrop/Transforms%2FEasyPay%20Insurance%20Funeral%20Plan%2FEP-137274%20--%20Funeral%20Plan%20Import%20File%20Example%2026.csv?comp=properties&se=2024-09-19T13%3A52%3A31Z&sig=-REDACTED-&sp=rwl&sr=s&sv=2023-11-03
   X-Ms-Request-Id: [7800665f-101a-0016-0708-f38221000000]

2024/08/20 13:52:33 ==> REQUEST/RESPONSE (Try=1/13.6455ms, OpTime=15.3791ms) -- RESPONSE SUCCESSFULLY RECEIVED
   HEAD https://smlifestoragetest.file.core.windows.net/bpidrop/Transforms%2FEasyPay%20Insurance%20Funeral%20Plan%2FEP-137274%20--%20Funeral%20Plan%20Import%20File%20Example%2026.csv?se=2024-09-19T13%3A52%3A31Z&sig=-REDACTED-&sp=rwl&sr=s&sv=2023-11-03
   X-Ms-Request-Id: [78006660-101a-0016-0808-f38221000000]

2024/08/20 13:52:33 INFO: [P#0-T#0] UPLOADSUCCESSFUL: https://smlifestoragetest.file.core.windows.net/bpidrop/Transforms/EasyPay%20Insurance%20Funeral%20Plan/EP-137274%20--%20Funeral%20Plan%20Import%20File%20Example%2026.csv
2024/08/20 13:52:33 JobID=2b917101-b701-8a4b-413c-e9e01321c24c, Part#=0, TransfersDone=1 of 1
2024/08/20 13:52:33 all parts of entire Job 2b917101-b701-8a4b-413c-e9e01321c24c successfully completed, cancelled or paused
2024/08/20 13:52:33 is part of Job which 1 total number of parts done 
2024/08/20 13:52:35 PERF: primary performance constraint is Unknown. States: X:  0, O:  0, M:  0, L:  0, R:  0, D:  0, W:  0, F:  0, B:  0, E:  0, T:  0, GRs:  4
2024/08/20 13:52:35 100.0 %, 1 Done, 0 Failed, 0 Pending, 0 Skipped, 1 Total, 2-sec Throughput (Mb/s): 0.0172
2024/08/20 13:52:35 Closing Log
