2024/08/08 08:52:59 AzcopyVersion  10.24.0
2024/08/08 08:52:59 OS-Environment  windows
2024/08/08 08:52:59 OS-Architecture  amd64
2024/08/08 08:52:59 Log times are in UTC. Local time is 8 Aug 2024 10:52:59
2024/08/08 08:53:01 ISO 8601 START TIME: to copy files that changed before or after this job started, use the parameter --include-before=2024-08-08T08:52:54Z or --include-after=2024-08-08T08:52:54Z
2024/08/08 08:53:01 Any empty folders will be processed, because source and destination both support folders. For the same reason, properties defined on folders will be processed
2024/08/08 08:53:01 Job-Command copy C:\Users\LungaNgubane\Documents\CLIENTS\SMARTLIFE\esypay\EP-137274 -- Funeral Plan Import File Example 10.csv https://smlifestoragetest.file.core.windows.net/bpidrop/Transforms/EasyPay%20Insurance%20Funeral%20Plan/EP-137274%20--%20Funeral%20Plan%20Import%20File%20Example%2010.csv?se=2024-09-07t08%3A52%3A59z&sig=-REDACTED-&sp=rwl&sr=s&sv=2023-11-03 --output-type=json --cancel-from-stdin --overwrite=prompt --from-to=LocalFile --follow-symlinks --check-length=true --put-md5 --follow-symlinks --preserve-smb-info=true --disable-auto-decoding=false --recursive --log-level=INFO --trailing-dot=Enable 
2024/08/08 08:53:01 Number of CPUs: 8
2024/08/08 08:53:01 Max file buffer RAM 4.000 GB
2024/08/08 08:53:01 Max concurrent network operations:  will be dynamically tuned up to 3000 (Based on auto-tuning limit. Set AZCOPY_CONCURRENCY_VALUE environment variable to override)
2024/08/08 08:53:01 Check CPU usage when dynamically tuning concurrency: true (Based on hard-coded default. Set AZCOPY_TUNE_TO_CPU environment variable to true or false override)
2024/08/08 08:53:01 Max concurrent transfer initiation routines: 64 (Based on hard-coded default. Set AZCOPY_CONCURRENT_FILES environment variable to override)
2024/08/08 08:53:01 Max enumeration routines: 16 (Based on hard-coded default. Set AZCOPY_CONCURRENT_SCAN environment variable to override)
2024/08/08 08:53:01 Parallelize getting file properties (file.Stat): false (Based on AZCOPY_PARALLEL_STAT_FILES environment variable)
2024/08/08 08:53:01 Max open files when downloading: 2147479959 (auto-computed)
2024/08/08 08:53:01 Final job part has been created
2024/08/08 08:53:01 Trying 4 concurrent connections (initial starting point)
2024/08/08 08:53:01 Final job part has been scheduled
2024/08/08 08:53:01 WARN: [P#0-T#0] Block size 8388608 larger than maximum file chunk size, 4 MB chunk size used
2024/08/08 08:53:01 INFO: [P#0-T#0] Starting transfer: Source "\\\\?\\C:\\Users\\LungaNgubane\\Documents\\CLIENTS\\SMARTLIFE\\esypay\\EP-137274 -- Funeral Plan Import File Example 10.csv" Destination "https://smlifestoragetest.file.core.windows.net/bpidrop/Transforms/EasyPay%20Insurance%20Funeral%20Plan/EP-137274%20--%20Funeral%20Plan%20Import%20File%20Example%2010.csv". Specified chunk size 4194304
2024/08/08 08:53:01 ==> REQUEST/RESPONSE (Try=1/16.3074ms, OpTime=59.7609ms) -- RESPONSE SUCCESSFULLY RECEIVED
   HEAD https://smlifestoragetest.file.core.windows.net/bpidrop/Transforms%2FEasyPay%20Insurance%20Funeral%20Plan%2FEP-137274%20--%20Funeral%20Plan%20Import%20File%20Example%2010.csv?se=2024-09-07T08%3A52%3A59Z&sig=-REDACTED-&sp=rwl&sr=s&sv=2023-11-03
   X-Ms-Request-Id: [1fc8e0b2-101a-0016-3970-e98221000000]

2024/08/08 08:53:01 ==> REQUEST/RESPONSE (Try=1/19.9897ms, OpTime=19.9897ms) -- RESPONSE SUCCESSFULLY RECEIVED
   PUT https://smlifestoragetest.file.core.windows.net/bpidrop/Transforms%2FEasyPay%20Insurance%20Funeral%20Plan%2FEP-137274%20--%20Funeral%20Plan%20Import%20File%20Example%2010.csv?se=2024-09-07T08%3A52%3A59Z&sig=-REDACTED-&sp=rwl&sr=s&sv=2023-11-03
   X-Ms-Request-Id: [1fc8e0b5-101a-0016-3a70-e98221000000]

2024/08/08 08:53:01 ==> REQUEST/RESPONSE (Try=1/17.6035ms, OpTime=18.2434ms) -- RESPONSE SUCCESSFULLY RECEIVED
   PUT https://smlifestoragetest.file.core.windows.net/bpidrop/Transforms%2FEasyPay%20Insurance%20Funeral%20Plan%2FEP-137274%20--%20Funeral%20Plan%20Import%20File%20Example%2010.csv?comp=range&se=2024-09-07T08%3A52%3A59Z&sig=-REDACTED-&sp=rwl&sr=s&sv=2023-11-03
   X-Ms-Request-Id: [1fc8e0b8-101a-0016-3d70-e98221000000]

2024/08/08 08:53:01 ==> REQUEST/RESPONSE (Try=1/14.4128ms, OpTime=14.4128ms) -- RESPONSE SUCCESSFULLY RECEIVED
   PUT https://smlifestoragetest.file.core.windows.net/bpidrop/Transforms%2FEasyPay%20Insurance%20Funeral%20Plan%2FEP-137274%20--%20Funeral%20Plan%20Import%20File%20Example%2010.csv?comp=properties&se=2024-09-07T08%3A52%3A59Z&sig=-REDACTED-&sp=rwl&sr=s&sv=2023-11-03
   X-Ms-Request-Id: [1fc8e0b9-101a-0016-3e70-e98221000000]

2024/08/08 08:53:01 ==> REQUEST/RESPONSE (Try=1/15.4872ms, OpTime=15.4872ms) -- RESPONSE SUCCESSFULLY RECEIVED
   PUT https://smlifestoragetest.file.core.windows.net/bpidrop/Transforms%2FEasyPay%20Insurance%20Funeral%20Plan%2FEP-137274%20--%20Funeral%20Plan%20Import%20File%20Example%2010.csv?comp=properties&se=2024-09-07T08%3A52%3A59Z&sig=-REDACTED-&sp=rwl&sr=s&sv=2023-11-03
   X-Ms-Request-Id: [1fc8e0ba-101a-0016-3f70-e98221000000]

2024/08/08 08:53:01 ==> REQUEST/RESPONSE (Try=1/10.9302ms, OpTime=12.784ms) -- RESPONSE SUCCESSFULLY RECEIVED
   HEAD https://smlifestoragetest.file.core.windows.net/bpidrop/Transforms%2FEasyPay%20Insurance%20Funeral%20Plan%2FEP-137274%20--%20Funeral%20Plan%20Import%20File%20Example%2010.csv?se=2024-09-07T08%3A52%3A59Z&sig=-REDACTED-&sp=rwl&sr=s&sv=2023-11-03
   X-Ms-Request-Id: [1fc8e0bc-101a-0016-4170-e98221000000]

2024/08/08 08:53:01 INFO: [P#0-T#0] UPLOADSUCCESSFUL: https://smlifestoragetest.file.core.windows.net/bpidrop/Transforms/EasyPay%20Insurance%20Funeral%20Plan/EP-137274%20--%20Funeral%20Plan%20Import%20File%20Example%2010.csv
2024/08/08 08:53:01 JobID=31cc48ba-2d83-ed40-68cf-5a9223d85113, Part#=0, TransfersDone=1 of 1
2024/08/08 08:53:01 all parts of entire Job 31cc48ba-2d83-ed40-68cf-5a9223d85113 successfully completed, cancelled or paused
2024/08/08 08:53:01 is part of Job which 1 total number of parts done 
2024/08/08 08:53:03 PERF: primary performance constraint is Unknown. States: X:  0, O:  0, M:  0, L:  0, R:  0, D:  0, W:  0, F:  0, B:  0, E:  0, T:  0, GRs:  4
2024/08/08 08:53:03 100.0 %, 1 Done, 0 Failed, 0 Pending, 0 Skipped, 1 Total, 2-sec Throughput (Mb/s): 0.0173
2024/08/08 08:53:03 Closing Log
