2024/09/18 09:25:33 AzcopyVersion  10.24.0
2024/09/18 09:25:33 OS-Environment  windows
2024/09/18 09:25:33 OS-Architecture  amd64
2024/09/18 09:25:33 Log times are in UTC. Local time is 18 Sep 2024 11:25:33
2024/09/18 09:25:34 ISO 8601 START TIME: to copy files that changed before or after this job started, use the parameter --include-before=2024-09-18T09:25:28Z or --include-after=2024-09-18T09:25:28Z
2024/09/18 09:25:34 Any empty folders will be processed, because source and destination both support folders. For the same reason, properties defined on folders will be processed
2024/09/18 09:25:34 Job-Command copy C:\Users\LungaNgubane\Documents\CLIENTS\SMARTLIFE\esypay\EP-145392-- Funeral Plan Import File Example 60.csv https://smlifestoragetest.file.core.windows.net/bpidrop/Transforms/EasyPay%20Insurance%20Funeral%20Plan/EP-145392--%20Funeral%20Plan%20Import%20File%20Example%2060.csv?se=2024-10-18t09%3A25%3A32z&sig=-REDACTED-&sp=rwl&sr=s&sv=2023-11-03 --output-type=json --cancel-from-stdin --overwrite=prompt --from-to=LocalFile --follow-symlinks --check-length=true --put-md5 --follow-symlinks --preserve-smb-info=true --disable-auto-decoding=false --recursive --log-level=INFO --trailing-dot=Enable 
2024/09/18 09:25:34 Number of CPUs: 8
2024/09/18 09:25:34 Max file buffer RAM 4.000 GB
2024/09/18 09:25:34 Max concurrent network operations:  will be dynamically tuned up to 3000 (Based on auto-tuning limit. Set AZCOPY_CONCURRENCY_VALUE environment variable to override)
2024/09/18 09:25:34 Check CPU usage when dynamically tuning concurrency: true (Based on hard-coded default. Set AZCOPY_TUNE_TO_CPU environment variable to true or false override)
2024/09/18 09:25:34 Max concurrent transfer initiation routines: 64 (Based on hard-coded default. Set AZCOPY_CONCURRENT_FILES environment variable to override)
2024/09/18 09:25:34 Max enumeration routines: 16 (Based on hard-coded default. Set AZCOPY_CONCURRENT_SCAN environment variable to override)
2024/09/18 09:25:34 Parallelize getting file properties (file.Stat): false (Based on AZCOPY_PARALLEL_STAT_FILES environment variable)
2024/09/18 09:25:34 Max open files when downloading: 2147479959 (auto-computed)
2024/09/18 09:25:34 Final job part has been created
2024/09/18 09:25:34 Trying 4 concurrent connections (initial starting point)
2024/09/18 09:25:34 Final job part has been scheduled
2024/09/18 09:25:34 WARN: [P#0-T#0] Block size 8388608 larger than maximum file chunk size, 4 MB chunk size used
2024/09/18 09:25:34 INFO: [P#0-T#0] Starting transfer: Source "\\\\?\\C:\\Users\\LungaNgubane\\Documents\\CLIENTS\\SMARTLIFE\\esypay\\EP-145392-- Funeral Plan Import File Example 60.csv" Destination "https://smlifestoragetest.file.core.windows.net/bpidrop/Transforms/EasyPay%20Insurance%20Funeral%20Plan/EP-145392--%20Funeral%20Plan%20Import%20File%20Example%2060.csv". Specified chunk size 4194304
2024/09/18 09:25:34 ==> REQUEST/RESPONSE (Try=1/20.2211ms, OpTime=53.9342ms) -- RESPONSE SUCCESSFULLY RECEIVED
   HEAD https://smlifestoragetest.file.core.windows.net/bpidrop/Transforms%2FEasyPay%20Insurance%20Funeral%20Plan%2FEP-145392--%20Funeral%20Plan%20Import%20File%20Example%2060.csv?se=2024-10-18T09%3A25%3A32Z&sig=-REDACTED-&sp=rwl&sr=s&sv=2023-11-03
   X-Ms-Request-Id: [8a10f8b0-401a-0024-65ac-098256000000]

2024/09/18 09:25:34 ==> REQUEST/RESPONSE (Try=1/54.6317ms, OpTime=54.6317ms) -- RESPONSE SUCCESSFULLY RECEIVED
   PUT https://smlifestoragetest.file.core.windows.net/bpidrop/Transforms%2FEasyPay%20Insurance%20Funeral%20Plan%2FEP-145392--%20Funeral%20Plan%20Import%20File%20Example%2060.csv?se=2024-10-18T09%3A25%3A32Z&sig=-REDACTED-&sp=rwl&sr=s&sv=2023-11-03
   X-Ms-Request-Id: [8a10f8b3-401a-0024-66ac-098256000000]

2024/09/18 09:25:34 ==> REQUEST/RESPONSE (Try=1/15.2351ms, OpTime=15.8128ms) -- RESPONSE SUCCESSFULLY RECEIVED
   PUT https://smlifestoragetest.file.core.windows.net/bpidrop/Transforms%2FEasyPay%20Insurance%20Funeral%20Plan%2FEP-145392--%20Funeral%20Plan%20Import%20File%20Example%2060.csv?comp=range&se=2024-10-18T09%3A25%3A32Z&sig=-REDACTED-&sp=rwl&sr=s&sv=2023-11-03
   X-Ms-Request-Id: [8a10f8b7-401a-0024-6aac-098256000000]

2024/09/18 09:25:35 ==> REQUEST/RESPONSE (Try=1/32.1229ms, OpTime=32.1229ms) -- RESPONSE SUCCESSFULLY RECEIVED
   PUT https://smlifestoragetest.file.core.windows.net/bpidrop/Transforms%2FEasyPay%20Insurance%20Funeral%20Plan%2FEP-145392--%20Funeral%20Plan%20Import%20File%20Example%2060.csv?comp=properties&se=2024-10-18T09%3A25%3A32Z&sig=-REDACTED-&sp=rwl&sr=s&sv=2023-11-03
   X-Ms-Request-Id: [8a10f8b8-401a-0024-6bac-098256000000]

2024/09/18 09:25:35 ==> REQUEST/RESPONSE (Try=1/15.2154ms, OpTime=15.2154ms) -- RESPONSE SUCCESSFULLY RECEIVED
   PUT https://smlifestoragetest.file.core.windows.net/bpidrop/Transforms%2FEasyPay%20Insurance%20Funeral%20Plan%2FEP-145392--%20Funeral%20Plan%20Import%20File%20Example%2060.csv?comp=properties&se=2024-10-18T09%3A25%3A32Z&sig=-REDACTED-&sp=rwl&sr=s&sv=2023-11-03
   X-Ms-Request-Id: [8a10f8b9-401a-0024-6cac-098256000000]

2024/09/18 09:25:35 ==> REQUEST/RESPONSE (Try=1/12.4859ms, OpTime=14.3567ms) -- RESPONSE SUCCESSFULLY RECEIVED
   HEAD https://smlifestoragetest.file.core.windows.net/bpidrop/Transforms%2FEasyPay%20Insurance%20Funeral%20Plan%2FEP-145392--%20Funeral%20Plan%20Import%20File%20Example%2060.csv?se=2024-10-18T09%3A25%3A32Z&sig=-REDACTED-&sp=rwl&sr=s&sv=2023-11-03
   X-Ms-Request-Id: [8a10f8ba-401a-0024-6dac-098256000000]

2024/09/18 09:25:35 INFO: [P#0-T#0] UPLOADSUCCESSFUL: https://smlifestoragetest.file.core.windows.net/bpidrop/Transforms/EasyPay%20Insurance%20Funeral%20Plan/EP-145392--%20Funeral%20Plan%20Import%20File%20Example%2060.csv
2024/09/18 09:25:35 JobID=3671b3f5-b2ca-8848-7f9c-c6a546d6eba7, Part#=0, TransfersDone=1 of 1
2024/09/18 09:25:35 all parts of entire Job 3671b3f5-b2ca-8848-7f9c-c6a546d6eba7 successfully completed, cancelled or paused
2024/09/18 09:25:35 is part of Job which 1 total number of parts done 
2024/09/18 09:25:36 PERF: primary performance constraint is Unknown. States: X:  0, O:  0, M:  0, L:  0, R:  0, D:  0, W:  0, F:  0, B:  0, E:  0, T:  0, GRs:  4
2024/09/18 09:25:36 100.0 %, 1 Done, 0 Failed, 0 Pending, 0 Skipped, 1 Total, 2-sec Throughput (Mb/s): 0.0172
2024/09/18 09:25:36 Closing Log
