2024/08/19 08:22:03 AzcopyVersion  10.24.0
2024/08/19 08:22:03 OS-Environment  windows
2024/08/19 08:22:03 OS-Architecture  amd64
2024/08/19 08:22:03 Log times are in UTC. Local time is 19 Aug 2024 10:22:03
2024/08/19 08:22:05 ISO 8601 START TIME: to copy files that changed before or after this job started, use the parameter --include-before=2024-08-19T08:21:58Z or --include-after=2024-08-19T08:21:58Z
2024/08/19 08:22:05 Any empty folders will be processed, because deletion is from a folder-aware location
2024/08/19 08:22:05 Job-Command remove https://smlifestoragetest.file.core.windows.net/bpidrop/Transforms/EasyPay%20Insurance%20Funeral%20Plan/Template/EP-137274%20--%20Funeral%20Plan%20Import%20File%20Example%2016.csv?se=2024-09-18t08%3A22%3A03z&sig=-REDACTED-&sp=rwdl&sr=s&sv=2023-11-03 --output-type=json --cancel-from-stdin --from-to=FileTrash --recursive --log-level=INFO --trailing-dot=Enable 
2024/08/19 08:22:05 Number of CPUs: 8
2024/08/19 08:22:05 Max file buffer RAM 4.000 GB
2024/08/19 08:22:05 Max concurrent network operations:  will be dynamically tuned up to 3000 (Based on auto-tuning limit. Set AZCOPY_CONCURRENCY_VALUE environment variable to override)
2024/08/19 08:22:05 Check CPU usage when dynamically tuning concurrency: true (Based on hard-coded default. Set AZCOPY_TUNE_TO_CPU environment variable to true or false override)
2024/08/19 08:22:05 Max concurrent transfer initiation routines: 64 (Based on hard-coded default. Set AZCOPY_CONCURRENT_FILES environment variable to override)
2024/08/19 08:22:05 Max enumeration routines: 16 (Based on hard-coded default. Set AZCOPY_CONCURRENT_SCAN environment variable to override)
2024/08/19 08:22:05 Parallelize getting file properties (file.Stat): false (Based on AZCOPY_PARALLEL_STAT_FILES environment variable)
2024/08/19 08:22:05 Max open files when downloading: 2147479959 (auto-computed)
2024/08/19 08:22:05 Trying 4 concurrent connections (initial starting point)
2024/08/19 08:22:05 Final job part has been created
2024/08/19 08:22:05 Final job part has been scheduled
2024/08/19 08:22:05 ==> REQUEST/RESPONSE (Try=1/16.4358ms, OpTime=58.7068ms) -- RESPONSE SUCCESSFULLY RECEIVED
   DELETE https://smlifestoragetest.file.core.windows.net/bpidrop/Transforms%2FEasyPay%20Insurance%20Funeral%20Plan%2FTemplate%2FEP-137274%20--%20Funeral%20Plan%20Import%20File%20Example%2016.csv?se=2024-09-18T08%3A22%3A03Z&sig=-REDACTED-&sp=rwdl&sr=s&sv=2023-11-03
   X-Ms-Request-Id: [6f6e2d63-c01a-002a-2810-f2abe6000000]

2024/08/19 08:22:05 INFO: [P#0-T#0] DELETE SUCCESSFUL: 
2024/08/19 08:22:05 JobID=36a70a73-8b73-7042-7715-f4c2e55cde82, Part#=0, TransfersDone=1 of 1
2024/08/19 08:22:05 all parts of entire Job 36a70a73-8b73-7042-7715-f4c2e55cde82 successfully completed, cancelled or paused
2024/08/19 08:22:05 is part of Job which 1 total number of parts done 
2024/08/19 08:22:07 PERF: primary performance constraint is Unknown. States: T:  0, GRs:  4
2024/08/19 08:22:07 100.0 %, 1 Done, 0 Failed, 0 Pending, 0 Skipped, 1 Total, 
2024/08/19 08:22:07 Closing Log
