2024/08/20 07:27:08 AzcopyVersion  10.24.0
2024/08/20 07:27:08 OS-Environment  windows
2024/08/20 07:27:08 OS-Architecture  amd64
2024/08/20 07:27:08 Log times are in UTC. Local time is 20 Aug 2024 09:27:08
2024/08/20 07:27:09 ISO 8601 START TIME: to copy files that changed before or after this job started, use the parameter --include-before=2024-08-20T07:27:03Z or --include-after=2024-08-20T07:27:03Z
2024/08/20 07:27:10 Any empty folders will be processed, because source and destination both support folders. For the same reason, properties defined on folders will be processed
2024/08/20 07:27:10 Job-Command copy C:\Users\LungaNgubane\Documents\CLIENTS\SMARTLIFE\esypay\EP-137274 -- Funeral Plan Import File Example 17.csv https://smlifestoragetest.file.core.windows.net/bpidrop/Transforms/EasyPay%20Insurance%20Funeral%20Plan/EP-137274%20--%20Funeral%20Plan%20Import%20File%20Example%2017.csv?se=2024-09-19t07%3A27%3A08z&sig=-REDACTED-&sp=rwl&sr=s&sv=2023-11-03 --output-type=json --cancel-from-stdin --overwrite=prompt --from-to=LocalFile --follow-symlinks --check-length=true --put-md5 --follow-symlinks --preserve-smb-info=true --disable-auto-decoding=false --recursive --log-level=INFO --trailing-dot=Enable 
2024/08/20 07:27:10 Number of CPUs: 8
2024/08/20 07:27:10 Max file buffer RAM 4.000 GB
2024/08/20 07:27:10 Max concurrent network operations:  will be dynamically tuned up to 3000 (Based on auto-tuning limit. Set AZCOPY_CONCURRENCY_VALUE environment variable to override)
2024/08/20 07:27:10 Check CPU usage when dynamically tuning concurrency: true (Based on hard-coded default. Set AZCOPY_TUNE_TO_CPU environment variable to true or false override)
2024/08/20 07:27:10 Max concurrent transfer initiation routines: 64 (Based on hard-coded default. Set AZCOPY_CONCURRENT_FILES environment variable to override)
2024/08/20 07:27:10 Max enumeration routines: 16 (Based on hard-coded default. Set AZCOPY_CONCURRENT_SCAN environment variable to override)
2024/08/20 07:27:10 Parallelize getting file properties (file.Stat): false (Based on AZCOPY_PARALLEL_STAT_FILES environment variable)
2024/08/20 07:27:10 Max open files when downloading: 2147479959 (auto-computed)
2024/08/20 07:27:10 Final job part has been created
2024/08/20 07:27:10 Trying 4 concurrent connections (initial starting point)
2024/08/20 07:27:10 Final job part has been scheduled
2024/08/20 07:27:10 WARN: [P#0-T#0] Block size 8388608 larger than maximum file chunk size, 4 MB chunk size used
2024/08/20 07:27:10 INFO: [P#0-T#0] Starting transfer: Source "\\\\?\\C:\\Users\\LungaNgubane\\Documents\\CLIENTS\\SMARTLIFE\\esypay\\EP-137274 -- Funeral Plan Import File Example 17.csv" Destination "https://smlifestoragetest.file.core.windows.net/bpidrop/Transforms/EasyPay%20Insurance%20Funeral%20Plan/EP-137274%20--%20Funeral%20Plan%20Import%20File%20Example%2017.csv". Specified chunk size 4194304
2024/08/20 07:27:10 ==> REQUEST/RESPONSE (Try=1/19.1274ms, OpTime=57.1543ms) -- RESPONSE SUCCESSFULLY RECEIVED
   HEAD https://smlifestoragetest.file.core.windows.net/bpidrop/Transforms%2FEasyPay%20Insurance%20Funeral%20Plan%2FEP-137274%20--%20Funeral%20Plan%20Import%20File%20Example%2017.csv?se=2024-09-19T07%3A27%3A08Z&sig=-REDACTED-&sp=rwl&sr=s&sv=2023-11-03
   X-Ms-Request-Id: [97290e71-101a-0029-75d2-f24a82000000]

2024/08/20 07:27:10 ==> REQUEST/RESPONSE (Try=1/83.5081ms, OpTime=83.5081ms) -- RESPONSE SUCCESSFULLY RECEIVED
   PUT https://smlifestoragetest.file.core.windows.net/bpidrop/Transforms%2FEasyPay%20Insurance%20Funeral%20Plan%2FEP-137274%20--%20Funeral%20Plan%20Import%20File%20Example%2017.csv?se=2024-09-19T07%3A27%3A08Z&sig=-REDACTED-&sp=rwl&sr=s&sv=2023-11-03
   X-Ms-Request-Id: [97290e74-101a-0029-76d2-f24a82000000]

2024/08/20 07:27:10 ==> REQUEST/RESPONSE (Try=1/17.1361ms, OpTime=17.1361ms) -- RESPONSE SUCCESSFULLY RECEIVED
   PUT https://smlifestoragetest.file.core.windows.net/bpidrop/Transforms%2FEasyPay%20Insurance%20Funeral%20Plan%2FEP-137274%20--%20Funeral%20Plan%20Import%20File%20Example%2017.csv?comp=range&se=2024-09-19T07%3A27%3A08Z&sig=-REDACTED-&sp=rwl&sr=s&sv=2023-11-03
   X-Ms-Request-Id: [97290e78-101a-0029-7ad2-f24a82000000]

2024/08/20 07:27:10 ==> REQUEST/RESPONSE (Try=1/59.4399ms, OpTime=59.4399ms) -- RESPONSE SUCCESSFULLY RECEIVED
   PUT https://smlifestoragetest.file.core.windows.net/bpidrop/Transforms%2FEasyPay%20Insurance%20Funeral%20Plan%2FEP-137274%20--%20Funeral%20Plan%20Import%20File%20Example%2017.csv?comp=properties&se=2024-09-19T07%3A27%3A08Z&sig=-REDACTED-&sp=rwl&sr=s&sv=2023-11-03
   X-Ms-Request-Id: [97290e79-101a-0029-7bd2-f24a82000000]

2024/08/20 07:27:10 ==> REQUEST/RESPONSE (Try=1/14.0492ms, OpTime=14.0492ms) -- RESPONSE SUCCESSFULLY RECEIVED
   PUT https://smlifestoragetest.file.core.windows.net/bpidrop/Transforms%2FEasyPay%20Insurance%20Funeral%20Plan%2FEP-137274%20--%20Funeral%20Plan%20Import%20File%20Example%2017.csv?comp=properties&se=2024-09-19T07%3A27%3A08Z&sig=-REDACTED-&sp=rwl&sr=s&sv=2023-11-03
   X-Ms-Request-Id: [97290e7a-101a-0029-7cd2-f24a82000000]

2024/08/20 07:27:10 ==> REQUEST/RESPONSE (Try=1/12.5068ms, OpTime=14.9489ms) -- RESPONSE SUCCESSFULLY RECEIVED
   HEAD https://smlifestoragetest.file.core.windows.net/bpidrop/Transforms%2FEasyPay%20Insurance%20Funeral%20Plan%2FEP-137274%20--%20Funeral%20Plan%20Import%20File%20Example%2017.csv?se=2024-09-19T07%3A27%3A08Z&sig=-REDACTED-&sp=rwl&sr=s&sv=2023-11-03
   X-Ms-Request-Id: [97290e7b-101a-0029-7dd2-f24a82000000]

2024/08/20 07:27:10 INFO: [P#0-T#0] UPLOADSUCCESSFUL: https://smlifestoragetest.file.core.windows.net/bpidrop/Transforms/EasyPay%20Insurance%20Funeral%20Plan/EP-137274%20--%20Funeral%20Plan%20Import%20File%20Example%2017.csv
2024/08/20 07:27:10 JobID=37f7ca08-c3ba-7941-6103-9de5819188e3, Part#=0, TransfersDone=1 of 1
2024/08/20 07:27:10 all parts of entire Job 37f7ca08-c3ba-7941-6103-9de5819188e3 successfully completed, cancelled or paused
2024/08/20 07:27:10 is part of Job which 1 total number of parts done 
2024/08/20 07:27:12 PERF: primary performance constraint is Unknown. States: X:  0, O:  0, M:  0, L:  0, R:  0, D:  0, W:  0, F:  0, B:  0, E:  0, T:  0, GRs:  4
2024/08/20 07:27:12 100.0 %, 1 Done, 0 Failed, 0 Pending, 0 Skipped, 1 Total, 2-sec Throughput (Mb/s): 0.0172
2024/08/20 07:27:12 Closing Log
