2024/08/07 08:50:57 AzcopyVersion  10.24.0
2024/08/07 08:50:57 OS-Environment  windows
2024/08/07 08:50:57 OS-Architecture  amd64
2024/08/07 08:50:57 Log times are in UTC. Local time is 7 Aug 2024 10:50:57
2024/08/07 08:50:58 ISO 8601 START TIME: to copy files that changed before or after this job started, use the parameter --include-before=2024-08-07T08:50:52Z or --include-after=2024-08-07T08:50:52Z
2024/08/07 08:50:58 Any empty folders will be processed, because source and destination both support folders. For the same reason, properties defined on folders will be processed
2024/08/07 08:50:58 Job-Command copy C:\Users\LungaNgubane\Documents\CLIENTS\SMARTLIFE\esypay\EP-137274 -- Funeral Plan Import File Example 7.csv https://smlifestoragetest.file.core.windows.net/bpidrop/Transforms/EasyPay%20Insurance%20Funeral%20Plan/EP-137274%20--%20Funeral%20Plan%20Import%20File%20Example%207.csv?se=2024-09-06t08%3A50%3A57z&sig=-REDACTED-&sp=rwl&sr=s&sv=2023-11-03 --output-type=json --cancel-from-stdin --overwrite=prompt --from-to=LocalFile --follow-symlinks --check-length=true --put-md5 --follow-symlinks --preserve-smb-info=true --disable-auto-decoding=false --recursive --log-level=INFO --trailing-dot=Enable 
2024/08/07 08:50:58 Number of CPUs: 8
2024/08/07 08:50:58 Max file buffer RAM 4.000 GB
2024/08/07 08:50:58 Max concurrent network operations:  will be dynamically tuned up to 3000 (Based on auto-tuning limit. Set AZCOPY_CONCURRENCY_VALUE environment variable to override)
2024/08/07 08:50:58 Check CPU usage when dynamically tuning concurrency: true (Based on hard-coded default. Set AZCOPY_TUNE_TO_CPU environment variable to true or false override)
2024/08/07 08:50:58 Max concurrent transfer initiation routines: 64 (Based on hard-coded default. Set AZCOPY_CONCURRENT_FILES environment variable to override)
2024/08/07 08:50:58 Max enumeration routines: 16 (Based on hard-coded default. Set AZCOPY_CONCURRENT_SCAN environment variable to override)
2024/08/07 08:50:58 Parallelize getting file properties (file.Stat): false (Based on AZCOPY_PARALLEL_STAT_FILES environment variable)
2024/08/07 08:50:58 Max open files when downloading: 2147479959 (auto-computed)
2024/08/07 08:50:58 Final job part has been created
2024/08/07 08:50:58 Trying 4 concurrent connections (initial starting point)
2024/08/07 08:50:58 Final job part has been scheduled
2024/08/07 08:50:58 WARN: [P#0-T#0] Block size 8388608 larger than maximum file chunk size, 4 MB chunk size used
2024/08/07 08:50:58 INFO: [P#0-T#0] Starting transfer: Source "\\\\?\\C:\\Users\\LungaNgubane\\Documents\\CLIENTS\\SMARTLIFE\\esypay\\EP-137274 -- Funeral Plan Import File Example 7.csv" Destination "https://smlifestoragetest.file.core.windows.net/bpidrop/Transforms/EasyPay%20Insurance%20Funeral%20Plan/EP-137274%20--%20Funeral%20Plan%20Import%20File%20Example%207.csv". Specified chunk size 4194304
2024/08/07 08:50:58 ==> REQUEST/RESPONSE (Try=1/15.5255ms, OpTime=54.0992ms) -- RESPONSE SUCCESSFULLY RECEIVED
   HEAD https://smlifestoragetest.file.core.windows.net/bpidrop/Transforms%2FEasyPay%20Insurance%20Funeral%20Plan%2FEP-137274%20--%20Funeral%20Plan%20Import%20File%20Example%207.csv?se=2024-09-06T08%3A50%3A57Z&sig=-REDACTED-&sp=rwl&sr=s&sv=2023-11-03
   X-Ms-Request-Id: [5ef6f847-c01a-002a-64a6-e8abe6000000]

2024/08/07 08:50:58 ==> REQUEST/RESPONSE (Try=1/18.2361ms, OpTime=18.2361ms) -- RESPONSE SUCCESSFULLY RECEIVED
   PUT https://smlifestoragetest.file.core.windows.net/bpidrop/Transforms%2FEasyPay%20Insurance%20Funeral%20Plan%2FEP-137274%20--%20Funeral%20Plan%20Import%20File%20Example%207.csv?se=2024-09-06T08%3A50%3A57Z&sig=-REDACTED-&sp=rwl&sr=s&sv=2023-11-03
   X-Ms-Request-Id: [5ef6f84a-c01a-002a-65a6-e8abe6000000]

2024/08/07 08:50:59 ==> REQUEST/RESPONSE (Try=1/15.8791ms, OpTime=16.4385ms) -- RESPONSE SUCCESSFULLY RECEIVED
   PUT https://smlifestoragetest.file.core.windows.net/bpidrop/Transforms%2FEasyPay%20Insurance%20Funeral%20Plan%2FEP-137274%20--%20Funeral%20Plan%20Import%20File%20Example%207.csv?comp=range&se=2024-09-06T08%3A50%3A57Z&sig=-REDACTED-&sp=rwl&sr=s&sv=2023-11-03
   X-Ms-Request-Id: [5ef6f84b-c01a-002a-66a6-e8abe6000000]

2024/08/07 08:50:59 ==> REQUEST/RESPONSE (Try=1/27.9501ms, OpTime=27.9501ms) -- RESPONSE SUCCESSFULLY RECEIVED
   PUT https://smlifestoragetest.file.core.windows.net/bpidrop/Transforms%2FEasyPay%20Insurance%20Funeral%20Plan%2FEP-137274%20--%20Funeral%20Plan%20Import%20File%20Example%207.csv?comp=properties&se=2024-09-06T08%3A50%3A57Z&sig=-REDACTED-&sp=rwl&sr=s&sv=2023-11-03
   X-Ms-Request-Id: [5ef6f84c-c01a-002a-67a6-e8abe6000000]

2024/08/07 08:50:59 ==> REQUEST/RESPONSE (Try=1/13.2202ms, OpTime=13.2202ms) -- RESPONSE SUCCESSFULLY RECEIVED
   PUT https://smlifestoragetest.file.core.windows.net/bpidrop/Transforms%2FEasyPay%20Insurance%20Funeral%20Plan%2FEP-137274%20--%20Funeral%20Plan%20Import%20File%20Example%207.csv?comp=properties&se=2024-09-06T08%3A50%3A57Z&sig=-REDACTED-&sp=rwl&sr=s&sv=2023-11-03
   X-Ms-Request-Id: [5ef6f84d-c01a-002a-68a6-e8abe6000000]

2024/08/07 08:50:59 ==> REQUEST/RESPONSE (Try=1/12.3565ms, OpTime=12.3565ms) -- RESPONSE SUCCESSFULLY RECEIVED
   HEAD https://smlifestoragetest.file.core.windows.net/bpidrop/Transforms%2FEasyPay%20Insurance%20Funeral%20Plan%2FEP-137274%20--%20Funeral%20Plan%20Import%20File%20Example%207.csv?se=2024-09-06T08%3A50%3A57Z&sig=-REDACTED-&sp=rwl&sr=s&sv=2023-11-03
   X-Ms-Request-Id: [5ef6f84e-c01a-002a-69a6-e8abe6000000]

2024/08/07 08:50:59 INFO: [P#0-T#0] UPLOADSUCCESSFUL: https://smlifestoragetest.file.core.windows.net/bpidrop/Transforms/EasyPay%20Insurance%20Funeral%20Plan/EP-137274%20--%20Funeral%20Plan%20Import%20File%20Example%207.csv
2024/08/07 08:50:59 JobID=3b77d08b-c550-7644-75c5-c006483958c5, Part#=0, TransfersDone=1 of 1
2024/08/07 08:50:59 all parts of entire Job 3b77d08b-c550-7644-75c5-c006483958c5 successfully completed, cancelled or paused
2024/08/07 08:50:59 is part of Job which 1 total number of parts done 
2024/08/07 08:51:00 PERF: primary performance constraint is Unknown. States: X:  0, O:  0, M:  0, L:  0, R:  0, D:  0, W:  0, F:  0, B:  0, E:  0, T:  0, GRs:  4
2024/08/07 08:51:00 100.0 %, 1 Done, 0 Failed, 0 Pending, 0 Skipped, 1 Total, 2-sec Throughput (Mb/s): 0.0173
2024/08/07 08:51:00 Closing Log
