2024/09/23 06:25:31 AzcopyVersion  10.24.0
2024/09/23 06:25:31 OS-Environment  windows
2024/09/23 06:25:31 OS-Architecture  amd64
2024/09/23 06:25:31 Log times are in UTC. Local time is 23 Sep 2024 08:25:31
2024/09/23 06:25:32 ISO 8601 START TIME: to copy files that changed before or after this job started, use the parameter --include-before=2024-09-23T06:25:26Z or --include-after=2024-09-23T06:25:26Z
2024/09/23 06:25:33 Any empty folders will be processed, because source and destination both support folders. For the same reason, properties defined on folders will be processed
2024/09/23 06:25:33 Job-Command copy C:\Users\LungaNgubane\Documents\CLIENTS\SMARTLIFE\esypay\EP-145392-- Funeral Plan Import File Example L69.csv https://smlifestoragetest.file.core.windows.net/bpidrop/Transforms/EasyPay%20Insurance%20Funeral%20Plan/EP-145392--%20Funeral%20Plan%20Import%20File%20Example%20L69.csv?se=2024-10-23t06%3A25%3A30z&sig=-REDACTED-&sp=rwl&sr=s&sv=2023-11-03 --output-type=json --cancel-from-stdin --overwrite=prompt --from-to=LocalFile --follow-symlinks --check-length=true --put-md5 --follow-symlinks --preserve-smb-info=true --disable-auto-decoding=false --recursive --log-level=INFO --trailing-dot=Enable 
2024/09/23 06:25:33 Number of CPUs: 8
2024/09/23 06:25:33 Max file buffer RAM 4.000 GB
2024/09/23 06:25:33 Max concurrent network operations:  will be dynamically tuned up to 3000 (Based on auto-tuning limit. Set AZCOPY_CONCURRENCY_VALUE environment variable to override)
2024/09/23 06:25:33 Check CPU usage when dynamically tuning concurrency: true (Based on hard-coded default. Set AZCOPY_TUNE_TO_CPU environment variable to true or false override)
2024/09/23 06:25:33 Max concurrent transfer initiation routines: 64 (Based on hard-coded default. Set AZCOPY_CONCURRENT_FILES environment variable to override)
2024/09/23 06:25:33 Max enumeration routines: 16 (Based on hard-coded default. Set AZCOPY_CONCURRENT_SCAN environment variable to override)
2024/09/23 06:25:33 Parallelize getting file properties (file.Stat): false (Based on AZCOPY_PARALLEL_STAT_FILES environment variable)
2024/09/23 06:25:33 Max open files when downloading: 2147479959 (auto-computed)
2024/09/23 06:25:33 Final job part has been created
2024/09/23 06:25:33 Trying 4 concurrent connections (initial starting point)
2024/09/23 06:25:33 Final job part has been scheduled
2024/09/23 06:25:33 WARN: [P#0-T#0] Block size 8388608 larger than maximum file chunk size, 4 MB chunk size used
2024/09/23 06:25:33 INFO: [P#0-T#0] Starting transfer: Source "\\\\?\\C:\\Users\\LungaNgubane\\Documents\\CLIENTS\\SMARTLIFE\\esypay\\EP-145392-- Funeral Plan Import File Example L69.csv" Destination "https://smlifestoragetest.file.core.windows.net/bpidrop/Transforms/EasyPay%20Insurance%20Funeral%20Plan/EP-145392--%20Funeral%20Plan%20Import%20File%20Example%20L69.csv". Specified chunk size 4194304
2024/09/23 06:25:33 ==> REQUEST/RESPONSE (Try=1/14.7132ms, OpTime=48.3728ms) -- RESPONSE SUCCESSFULLY RECEIVED
   HEAD https://smlifestoragetest.file.core.windows.net/bpidrop/Transforms%2FEasyPay%20Insurance%20Funeral%20Plan%2FEP-145392--%20Funeral%20Plan%20Import%20File%20Example%20L69.csv?se=2024-10-23T06%3A25%3A30Z&sig=-REDACTED-&sp=rwl&sr=s&sv=2023-11-03
   X-Ms-Request-Id: [e665f871-f01a-0031-4a81-0d95e5000000]

2024/09/23 06:25:33 ==> REQUEST/RESPONSE (Try=1/19.1521ms, OpTime=19.1521ms) -- RESPONSE SUCCESSFULLY RECEIVED
   PUT https://smlifestoragetest.file.core.windows.net/bpidrop/Transforms%2FEasyPay%20Insurance%20Funeral%20Plan%2FEP-145392--%20Funeral%20Plan%20Import%20File%20Example%20L69.csv?se=2024-10-23T06%3A25%3A30Z&sig=-REDACTED-&sp=rwl&sr=s&sv=2023-11-03
   X-Ms-Request-Id: [e665f874-f01a-0031-4b81-0d95e5000000]

2024/09/23 06:25:33 ==> REQUEST/RESPONSE (Try=1/14.3242ms, OpTime=14.3948ms) -- RESPONSE SUCCESSFULLY RECEIVED
   PUT https://smlifestoragetest.file.core.windows.net/bpidrop/Transforms%2FEasyPay%20Insurance%20Funeral%20Plan%2FEP-145392--%20Funeral%20Plan%20Import%20File%20Example%20L69.csv?comp=range&se=2024-10-23T06%3A25%3A30Z&sig=-REDACTED-&sp=rwl&sr=s&sv=2023-11-03
   X-Ms-Request-Id: [e665f875-f01a-0031-4c81-0d95e5000000]

2024/09/23 06:25:33 ==> REQUEST/RESPONSE (Try=1/24.5499ms, OpTime=24.5499ms) -- RESPONSE SUCCESSFULLY RECEIVED
   PUT https://smlifestoragetest.file.core.windows.net/bpidrop/Transforms%2FEasyPay%20Insurance%20Funeral%20Plan%2FEP-145392--%20Funeral%20Plan%20Import%20File%20Example%20L69.csv?comp=properties&se=2024-10-23T06%3A25%3A30Z&sig=-REDACTED-&sp=rwl&sr=s&sv=2023-11-03
   X-Ms-Request-Id: [e665f876-f01a-0031-4d81-0d95e5000000]

2024/09/23 06:25:33 ==> REQUEST/RESPONSE (Try=1/13.509ms, OpTime=13.509ms) -- RESPONSE SUCCESSFULLY RECEIVED
   PUT https://smlifestoragetest.file.core.windows.net/bpidrop/Transforms%2FEasyPay%20Insurance%20Funeral%20Plan%2FEP-145392--%20Funeral%20Plan%20Import%20File%20Example%20L69.csv?comp=properties&se=2024-10-23T06%3A25%3A30Z&sig=-REDACTED-&sp=rwl&sr=s&sv=2023-11-03
   X-Ms-Request-Id: [e665f877-f01a-0031-4e81-0d95e5000000]

2024/09/23 06:25:33 ==> REQUEST/RESPONSE (Try=1/13.0618ms, OpTime=14.1173ms) -- RESPONSE SUCCESSFULLY RECEIVED
   HEAD https://smlifestoragetest.file.core.windows.net/bpidrop/Transforms%2FEasyPay%20Insurance%20Funeral%20Plan%2FEP-145392--%20Funeral%20Plan%20Import%20File%20Example%20L69.csv?se=2024-10-23T06%3A25%3A30Z&sig=-REDACTED-&sp=rwl&sr=s&sv=2023-11-03
   X-Ms-Request-Id: [e665f878-f01a-0031-4f81-0d95e5000000]

2024/09/23 06:25:33 INFO: [P#0-T#0] UPLOADSUCCESSFUL: https://smlifestoragetest.file.core.windows.net/bpidrop/Transforms/EasyPay%20Insurance%20Funeral%20Plan/EP-145392--%20Funeral%20Plan%20Import%20File%20Example%20L69.csv
2024/09/23 06:25:33 JobID=3b9cb20f-2cdb-0c4b-4124-f3dcc43e1115, Part#=0, TransfersDone=1 of 1
2024/09/23 06:25:33 all parts of entire Job 3b9cb20f-2cdb-0c4b-4124-f3dcc43e1115 successfully completed, cancelled or paused
2024/09/23 06:25:33 is part of Job which 1 total number of parts done 
2024/09/23 06:25:35 PERF: primary performance constraint is Unknown. States: X:  0, O:  0, M:  0, L:  0, R:  0, D:  0, W:  0, F:  0, B:  0, E:  0, T:  0, GRs:  4
2024/09/23 06:25:35 100.0 %, 1 Done, 0 Failed, 0 Pending, 0 Skipped, 1 Total, 2-sec Throughput (Mb/s): 0.0173
2024/09/23 06:25:35 Closing Log
