2024/09/25 13:32:03 AzcopyVersion  10.24.0
2024/09/25 13:32:03 OS-Environment  windows
2024/09/25 13:32:03 OS-Architecture  amd64
2024/09/25 13:32:03 Log times are in UTC. Local time is 25 Sep 2024 15:32:03
2024/09/25 13:32:05 ISO 8601 START TIME: to copy files that changed before or after this job started, use the parameter --include-before=2024-09-25T13:31:58Z or --include-after=2024-09-25T13:31:58Z
2024/09/25 13:32:05 Any empty folders will be processed, because source and destination both support folders. For the same reason, properties defined on folders will be processed
2024/09/25 13:32:05 Job-Command copy C:\Users\LungaNgubane\Documents\CLIENTS\SMARTLIFE\esypay\EP-145392-- Funeral Plan Import File Example L80.csv https://smlifestoragetest.file.core.windows.net/bpidrop/Transforms/EasyPay%20Insurance%20Funeral%20Plan/EP-145392--%20Funeral%20Plan%20Import%20File%20Example%20L80.csv?se=2024-10-25t13%3A32%3A03z&sig=-REDACTED-&sp=rwl&sr=s&sv=2023-11-03 --output-type=json --cancel-from-stdin --overwrite=prompt --from-to=LocalFile --follow-symlinks --check-length=true --put-md5 --follow-symlinks --preserve-smb-info=true --disable-auto-decoding=false --recursive --log-level=INFO --trailing-dot=Enable 
2024/09/25 13:32:05 Number of CPUs: 8
2024/09/25 13:32:05 Max file buffer RAM 4.000 GB
2024/09/25 13:32:05 Max concurrent network operations:  will be dynamically tuned up to 3000 (Based on auto-tuning limit. Set AZCOPY_CONCURRENCY_VALUE environment variable to override)
2024/09/25 13:32:05 Check CPU usage when dynamically tuning concurrency: true (Based on hard-coded default. Set AZCOPY_TUNE_TO_CPU environment variable to true or false override)
2024/09/25 13:32:05 Max concurrent transfer initiation routines: 64 (Based on hard-coded default. Set AZCOPY_CONCURRENT_FILES environment variable to override)
2024/09/25 13:32:05 Max enumeration routines: 16 (Based on hard-coded default. Set AZCOPY_CONCURRENT_SCAN environment variable to override)
2024/09/25 13:32:05 Parallelize getting file properties (file.Stat): false (Based on AZCOPY_PARALLEL_STAT_FILES environment variable)
2024/09/25 13:32:05 Max open files when downloading: 2147479959 (auto-computed)
2024/09/25 13:32:05 Final job part has been created
2024/09/25 13:32:05 Trying 4 concurrent connections (initial starting point)
2024/09/25 13:32:05 Final job part has been scheduled
2024/09/25 13:32:05 WARN: [P#0-T#0] Block size 8388608 larger than maximum file chunk size, 4 MB chunk size used
2024/09/25 13:32:05 INFO: [P#0-T#0] Starting transfer: Source "\\\\?\\C:\\Users\\LungaNgubane\\Documents\\CLIENTS\\SMARTLIFE\\esypay\\EP-145392-- Funeral Plan Import File Example L80.csv" Destination "https://smlifestoragetest.file.core.windows.net/bpidrop/Transforms/EasyPay%20Insurance%20Funeral%20Plan/EP-145392--%20Funeral%20Plan%20Import%20File%20Example%20L80.csv". Specified chunk size 4194304
2024/09/25 13:32:05 ==> REQUEST/RESPONSE (Try=1/18.7241ms, OpTime=59.5369ms) -- RESPONSE SUCCESSFULLY RECEIVED
   HEAD https://smlifestoragetest.file.core.windows.net/bpidrop/Transforms%2FEasyPay%20Insurance%20Funeral%20Plan%2FEP-145392--%20Funeral%20Plan%20Import%20File%20Example%20L80.csv?se=2024-10-25T13%3A32%3A03Z&sig=-REDACTED-&sp=rwl&sr=s&sv=2023-11-03
   X-Ms-Request-Id: [f07a2f68-901a-0027-024f-0f6332000000]

2024/09/25 13:32:05 ==> REQUEST/RESPONSE (Try=1/24.0877ms, OpTime=24.0877ms) -- RESPONSE SUCCESSFULLY RECEIVED
   PUT https://smlifestoragetest.file.core.windows.net/bpidrop/Transforms%2FEasyPay%20Insurance%20Funeral%20Plan%2FEP-145392--%20Funeral%20Plan%20Import%20File%20Example%20L80.csv?se=2024-10-25T13%3A32%3A03Z&sig=-REDACTED-&sp=rwl&sr=s&sv=2023-11-03
   X-Ms-Request-Id: [f07a2f6d-901a-0027-034f-0f6332000000]

2024/09/25 13:32:05 ==> REQUEST/RESPONSE (Try=1/16.5603ms, OpTime=17.1308ms) -- RESPONSE SUCCESSFULLY RECEIVED
   PUT https://smlifestoragetest.file.core.windows.net/bpidrop/Transforms%2FEasyPay%20Insurance%20Funeral%20Plan%2FEP-145392--%20Funeral%20Plan%20Import%20File%20Example%20L80.csv?comp=range&se=2024-10-25T13%3A32%3A03Z&sig=-REDACTED-&sp=rwl&sr=s&sv=2023-11-03
   X-Ms-Request-Id: [f07a2f6f-901a-0027-044f-0f6332000000]

2024/09/25 13:32:05 ==> REQUEST/RESPONSE (Try=1/17.0143ms, OpTime=17.5734ms) -- RESPONSE SUCCESSFULLY RECEIVED
   PUT https://smlifestoragetest.file.core.windows.net/bpidrop/Transforms%2FEasyPay%20Insurance%20Funeral%20Plan%2FEP-145392--%20Funeral%20Plan%20Import%20File%20Example%20L80.csv?comp=properties&se=2024-10-25T13%3A32%3A03Z&sig=-REDACTED-&sp=rwl&sr=s&sv=2023-11-03
   X-Ms-Request-Id: [f07a2f72-901a-0027-054f-0f6332000000]

2024/09/25 13:32:05 ==> REQUEST/RESPONSE (Try=1/15.7127ms, OpTime=15.7127ms) -- RESPONSE SUCCESSFULLY RECEIVED
   PUT https://smlifestoragetest.file.core.windows.net/bpidrop/Transforms%2FEasyPay%20Insurance%20Funeral%20Plan%2FEP-145392--%20Funeral%20Plan%20Import%20File%20Example%20L80.csv?comp=properties&se=2024-10-25T13%3A32%3A03Z&sig=-REDACTED-&sp=rwl&sr=s&sv=2023-11-03
   X-Ms-Request-Id: [f07a2f74-901a-0027-064f-0f6332000000]

2024/09/25 13:32:05 ==> REQUEST/RESPONSE (Try=1/14.8712ms, OpTime=16.54ms) -- RESPONSE SUCCESSFULLY RECEIVED
   HEAD https://smlifestoragetest.file.core.windows.net/bpidrop/Transforms%2FEasyPay%20Insurance%20Funeral%20Plan%2FEP-145392--%20Funeral%20Plan%20Import%20File%20Example%20L80.csv?se=2024-10-25T13%3A32%3A03Z&sig=-REDACTED-&sp=rwl&sr=s&sv=2023-11-03
   X-Ms-Request-Id: [f07a2f76-901a-0027-074f-0f6332000000]

2024/09/25 13:32:05 INFO: [P#0-T#0] UPLOADSUCCESSFUL: https://smlifestoragetest.file.core.windows.net/bpidrop/Transforms/EasyPay%20Insurance%20Funeral%20Plan/EP-145392--%20Funeral%20Plan%20Import%20File%20Example%20L80.csv
2024/09/25 13:32:05 JobID=3ee4921f-7f9f-264c-6137-2eb474d22918, Part#=0, TransfersDone=1 of 1
2024/09/25 13:32:05 all parts of entire Job 3ee4921f-7f9f-264c-6137-2eb474d22918 successfully completed, cancelled or paused
2024/09/25 13:32:05 is part of Job which 1 total number of parts done 
2024/09/25 13:32:07 PERF: primary performance constraint is Unknown. States: X:  0, O:  0, M:  0, L:  0, R:  0, D:  0, W:  0, F:  0, B:  0, E:  0, T:  0, GRs:  4
2024/09/25 13:32:07 100.0 %, 1 Done, 0 Failed, 0 Pending, 0 Skipped, 1 Total, 2-sec Throughput (Mb/s): 0.0173
2024/09/25 13:32:07 Closing Log
