2024/08/20 12:33:05 AzcopyVersion  10.24.0
2024/08/20 12:33:05 OS-Environment  windows
2024/08/20 12:33:05 OS-Architecture  amd64
2024/08/20 12:33:05 Log times are in UTC. Local time is 20 Aug 2024 14:33:05
2024/08/20 12:33:07 ISO 8601 START TIME: to copy files that changed before or after this job started, use the parameter --include-before=2024-08-20T12:33:00Z or --include-after=2024-08-20T12:33:00Z
2024/08/20 12:33:07 Any empty folders will be processed, because source and destination both support folders. For the same reason, properties defined on folders will be processed
2024/08/20 12:33:07 Job-Command copy C:\Users\LungaNgubane\Documents\CLIENTS\SMARTLIFE\esypay\EP-137274 -- Funeral Plan Import File Example 26.csv https://smlifestoragetest.file.core.windows.net/bpidrop/Transforms/EasyPay%20Insurance%20Funeral%20Plan/EP-137274%20--%20Funeral%20Plan%20Import%20File%20Example%2026.csv?se=2024-09-19t12%3A33%3A05z&sig=-REDACTED-&sp=rwl&sr=s&sv=2023-11-03 --output-type=json --cancel-from-stdin --overwrite=prompt --from-to=LocalFile --follow-symlinks --check-length=true --put-md5 --follow-symlinks --preserve-smb-info=true --disable-auto-decoding=false --recursive --log-level=INFO --trailing-dot=Enable 
2024/08/20 12:33:07 Number of CPUs: 8
2024/08/20 12:33:07 Max file buffer RAM 4.000 GB
2024/08/20 12:33:07 Max concurrent network operations:  will be dynamically tuned up to 3000 (Based on auto-tuning limit. Set AZCOPY_CONCURRENCY_VALUE environment variable to override)
2024/08/20 12:33:07 Check CPU usage when dynamically tuning concurrency: true (Based on hard-coded default. Set AZCOPY_TUNE_TO_CPU environment variable to true or false override)
2024/08/20 12:33:07 Max concurrent transfer initiation routines: 64 (Based on hard-coded default. Set AZCOPY_CONCURRENT_FILES environment variable to override)
2024/08/20 12:33:07 Max enumeration routines: 16 (Based on hard-coded default. Set AZCOPY_CONCURRENT_SCAN environment variable to override)
2024/08/20 12:33:07 Parallelize getting file properties (file.Stat): false (Based on AZCOPY_PARALLEL_STAT_FILES environment variable)
2024/08/20 12:33:07 Max open files when downloading: 2147479959 (auto-computed)
2024/08/20 12:33:07 Final job part has been created
2024/08/20 12:33:07 Trying 4 concurrent connections (initial starting point)
2024/08/20 12:33:07 Final job part has been scheduled
2024/08/20 12:33:07 WARN: [P#0-T#0] Block size 8388608 larger than maximum file chunk size, 4 MB chunk size used
2024/08/20 12:33:07 INFO: [P#0-T#0] Starting transfer: Source "\\\\?\\C:\\Users\\LungaNgubane\\Documents\\CLIENTS\\SMARTLIFE\\esypay\\EP-137274 -- Funeral Plan Import File Example 26.csv" Destination "https://smlifestoragetest.file.core.windows.net/bpidrop/Transforms/EasyPay%20Insurance%20Funeral%20Plan/EP-137274%20--%20Funeral%20Plan%20Import%20File%20Example%2026.csv". Specified chunk size 4194304
2024/08/20 12:33:07 ==> REQUEST/RESPONSE (Try=1/19.3322ms, OpTime=56.6731ms) -- RESPONSE SUCCESSFULLY RECEIVED
   HEAD https://smlifestoragetest.file.core.windows.net/bpidrop/Transforms%2FEasyPay%20Insurance%20Funeral%20Plan%2FEP-137274%20--%20Funeral%20Plan%20Import%20File%20Example%2026.csv?se=2024-09-19T12%3A33%3A05Z&sig=-REDACTED-&sp=rwl&sr=s&sv=2023-11-03
   X-Ms-Request-Id: [4d9b510d-d01a-0019-66fd-f2f44d000000]

2024/08/20 12:33:07 ==> REQUEST/RESPONSE (Try=1/14.8819ms, OpTime=14.8819ms) -- RESPONSE SUCCESSFULLY RECEIVED
   PUT https://smlifestoragetest.file.core.windows.net/bpidrop/Transforms%2FEasyPay%20Insurance%20Funeral%20Plan%2FEP-137274%20--%20Funeral%20Plan%20Import%20File%20Example%2026.csv?se=2024-09-19T12%3A33%3A05Z&sig=-REDACTED-&sp=rwl&sr=s&sv=2023-11-03
   X-Ms-Request-Id: [4d9b5110-d01a-0019-67fd-f2f44d000000]

2024/08/20 12:33:07 ==> REQUEST/RESPONSE (Try=1/15.3574ms, OpTime=15.876ms) -- RESPONSE SUCCESSFULLY RECEIVED
   PUT https://smlifestoragetest.file.core.windows.net/bpidrop/Transforms%2FEasyPay%20Insurance%20Funeral%20Plan%2FEP-137274%20--%20Funeral%20Plan%20Import%20File%20Example%2026.csv?comp=range&se=2024-09-19T12%3A33%3A05Z&sig=-REDACTED-&sp=rwl&sr=s&sv=2023-11-03
   X-Ms-Request-Id: [4d9b5111-d01a-0019-68fd-f2f44d000000]

2024/08/20 12:33:07 ==> REQUEST/RESPONSE (Try=1/13.5294ms, OpTime=13.5294ms) -- RESPONSE SUCCESSFULLY RECEIVED
   PUT https://smlifestoragetest.file.core.windows.net/bpidrop/Transforms%2FEasyPay%20Insurance%20Funeral%20Plan%2FEP-137274%20--%20Funeral%20Plan%20Import%20File%20Example%2026.csv?comp=properties&se=2024-09-19T12%3A33%3A05Z&sig=-REDACTED-&sp=rwl&sr=s&sv=2023-11-03
   X-Ms-Request-Id: [4d9b5112-d01a-0019-69fd-f2f44d000000]

2024/08/20 12:33:07 ==> REQUEST/RESPONSE (Try=1/13.5905ms, OpTime=13.6646ms) -- RESPONSE SUCCESSFULLY RECEIVED
   PUT https://smlifestoragetest.file.core.windows.net/bpidrop/Transforms%2FEasyPay%20Insurance%20Funeral%20Plan%2FEP-137274%20--%20Funeral%20Plan%20Import%20File%20Example%2026.csv?comp=properties&se=2024-09-19T12%3A33%3A05Z&sig=-REDACTED-&sp=rwl&sr=s&sv=2023-11-03
   X-Ms-Request-Id: [4d9b5113-d01a-0019-6afd-f2f44d000000]

2024/08/20 12:33:07 ==> REQUEST/RESPONSE (Try=1/12.6175ms, OpTime=12.6175ms) -- RESPONSE SUCCESSFULLY RECEIVED
   HEAD https://smlifestoragetest.file.core.windows.net/bpidrop/Transforms%2FEasyPay%20Insurance%20Funeral%20Plan%2FEP-137274%20--%20Funeral%20Plan%20Import%20File%20Example%2026.csv?se=2024-09-19T12%3A33%3A05Z&sig=-REDACTED-&sp=rwl&sr=s&sv=2023-11-03
   X-Ms-Request-Id: [4d9b5114-d01a-0019-6bfd-f2f44d000000]

2024/08/20 12:33:07 INFO: [P#0-T#0] UPLOADSUCCESSFUL: https://smlifestoragetest.file.core.windows.net/bpidrop/Transforms/EasyPay%20Insurance%20Funeral%20Plan/EP-137274%20--%20Funeral%20Plan%20Import%20File%20Example%2026.csv
2024/08/20 12:33:07 JobID=428df1c3-9144-804a-6f37-090546cc9643, Part#=0, TransfersDone=1 of 1
2024/08/20 12:33:07 all parts of entire Job 428df1c3-9144-804a-6f37-090546cc9643 successfully completed, cancelled or paused
2024/08/20 12:33:07 is part of Job which 1 total number of parts done 
2024/08/20 12:33:09 PERF: primary performance constraint is Unknown. States: X:  0, O:  0, M:  0, L:  0, R:  0, D:  0, W:  0, F:  0, B:  0, E:  0, T:  0, GRs:  4
2024/08/20 12:33:09 100.0 %, 1 Done, 0 Failed, 0 Pending, 0 Skipped, 1 Total, 2-sec Throughput (Mb/s): 0.0173
2024/08/20 12:33:09 Closing Log
