2022/04/07 10:08:20 AzcopyVersion  10.13.0
2022/04/07 10:08:20 OS-Environment  windows
2022/04/07 10:08:20 OS-Architecture  amd64
2022/04/07 10:08:20 Log times are in UTC. Local time is 7 Apr 2022 12:08:20
2022/04/07 10:08:20 Job-Command copy C:\Users\LungaNgubane\Desktop\Deployments\LIBERTY KENYA (LLK)\Today\LLK RFQ105 Branch and Marketer Exergy Table.zip https://team3backups.blob.core.windows.net/llk/Deployment%20Packages/LLK%20RFQ105%20Branch%20and%20Marketer%20Exergy%20Table.zip?se=2022-05-07t10%3A08%3A20z&sig=-REDACTED-&sp=rwl&sr=c&sv=2020-10-02 --output-type=json --cancel-from-stdin --overwrite=prompt --from-to=LocalBlob --blob-type Detect --follow-symlinks --put-md5 --follow-symlinks --disable-auto-decoding=false --recursive --log-level=INFO 
2022/04/07 10:08:20 Number of CPUs: 8
2022/04/07 10:08:20 Max file buffer RAM 4.000 GB
2022/04/07 10:08:20 Max concurrent network operations: 128 (Based on number of CPUs. Set AZCOPY_CONCURRENCY_VALUE environment variable to override)
2022/04/07 10:08:20 Check CPU usage when dynamically tuning concurrency: true (Based on hard-coded default. Set AZCOPY_TUNE_TO_CPU environment variable to true or false override)
2022/04/07 10:08:20 Max concurrent transfer initiation routines: 64 (Based on hard-coded default. Set AZCOPY_CONCURRENT_FILES environment variable to override)
2022/04/07 10:08:20 Max enumeration routines: 16 (Based on hard-coded default. Set AZCOPY_CONCURRENT_SCAN environment variable to override)
2022/04/07 10:08:20 Parallelize getting file properties (file.Stat): false (Based on AZCOPY_PARALLEL_STAT_FILES environment variable)
2022/04/07 10:08:20 Max open files when downloading: 2147483119 (auto-computed)
2022/04/07 10:08:20 ISO 8601 START TIME: to copy files that changed before or after this job started, use the parameter --include-before=2022-04-07T10:08:15Z or --include-after=2022-04-07T10:08:15Z
2022/04/07 10:08:20 Any empty folders will not be processed, because source and/or destination doesn't have full folder support
2022/04/07 10:08:20 Final job part has been created
2022/04/07 10:08:20 PERF: primary performance constraint is Unknown. States: X:  0, O:  0, M:  0, L:  0, R:  0, D:  0, W:  0, F:  0, B:  0, E:  0, T:  0, GRs:  9
2022/04/07 10:08:20 0.0 %, 0 Done, 0 Failed, 1 Pending, 0 Skipped, 1 Total, 
2022/04/07 10:08:20 JobID=5277008b-22f3-bb4c-5642-c0a6d4c7e50e, credential type: Anonymous
2022/04/07 10:08:20 scheduling JobID=5277008b-22f3-bb4c-5642-c0a6d4c7e50e, Part#=0, Transfer#=0, priority=0
2022/04/07 10:08:20 Final job part has been scheduled
2022/04/07 10:08:20 INFO: [P#0-T#0] has worker 44 which is processing TRANSFER 0
2022/04/07 10:08:20 INFO: [P#0-T#0] Starting transfer: Source "\\\\?\\C:\\Users\\LungaNgubane\\Desktop\\Deployments\\LIBERTY KENYA (LLK)\\Today\\LLK RFQ105 Branch and Marketer Exergy Table.zip" Destination "https://team3backups.blob.core.windows.net/llk/Deployment%20Packages/LLK%20RFQ105%20Branch%20and%20Marketer%20Exergy%20Table.zip?se=2022-05-07t10%3A08%3A20z&sig=-REDACTED-&sp=rwl&sr=c&sv=2020-10-02". Specified chunk size 8388608
2022/04/07 10:08:21 ==> REQUEST/RESPONSE (Try=1/92.4952ms, OpTime=561.5294ms) -- RESPONSE SUCCESSFULLY RECEIVED
   HEAD https://team3backups.blob.core.windows.net/llk/Deployment%20Packages/LLK%20RFQ105%20Branch%20and%20Marketer%20Exergy%20Table.zip?se=2022-05-07t10%3A08%3A20z&sig=-REDACTED-&sp=rwl&sr=c&sv=2020-10-02&timeout=901
   X-Ms-Request-Id: [a606873c-001e-0025-3767-4add8a000000]

2022/04/07 10:08:21 ==> REQUEST/RESPONSE (Try=1/110.8974ms, OpTime=111.4128ms) -- RESPONSE SUCCESSFULLY RECEIVED
   PUT https://team3backups.blob.core.windows.net/llk/Deployment%20Packages/LLK%20RFQ105%20Branch%20and%20Marketer%20Exergy%20Table.zip?se=2022-05-07t10%3A08%3A20z&sig=-REDACTED-&sp=rwl&sr=c&sv=2020-10-02&timeout=901
   X-Ms-Request-Id: [a60687c9-001e-0025-3a67-4add8a000000]

2022/04/07 10:08:21 ==> REQUEST/RESPONSE (Try=1/63.5886ms, OpTime=64.0958ms) -- RESPONSE SUCCESSFULLY RECEIVED
   HEAD https://team3backups.blob.core.windows.net/llk/Deployment%20Packages/LLK%20RFQ105%20Branch%20and%20Marketer%20Exergy%20Table.zip?se=2022-05-07t10%3A08%3A20z&sig=-REDACTED-&sp=rwl&sr=c&sv=2020-10-02&timeout=901
   X-Ms-Request-Id: [a6068843-001e-0025-2c67-4add8a000000]

2022/04/07 10:08:21 INFO: [P#0-T#0] UPLOADSUCCESSFUL: https://team3backups.blob.core.windows.net/llk/Deployment%20Packages/LLK%20RFQ105%20Branch%20and%20Marketer%20Exergy%20Table.zip
2022/04/07 10:08:21 JobID=5277008b-22f3-bb4c-5642-c0a6d4c7e50e, Part#=0, TransfersDone=1 of 1
2022/04/07 10:08:21 all parts of entire Job 5277008b-22f3-bb4c-5642-c0a6d4c7e50e successfully completed, cancelled or paused
2022/04/07 10:08:21 is part of Job which 1 total number of parts done 
2022/04/07 10:08:22 PERF: primary performance constraint is Unknown. States: X:  0, O:  0, M:  0, L:  0, R:  0, D:  0, W:  0, F:  0, B:  0, E:  0, T:  0, GRs: 128
