2022/04/07 10:09:17 AzcopyVersion  10.13.0
2022/04/07 10:09:17 OS-Environment  windows
2022/04/07 10:09:17 OS-Architecture  amd64
2022/04/07 10:09:17 Log times are in UTC. Local time is 7 Apr 2022 12:09:17
2022/04/07 10:09:17 Job-Command copy https://team3backups.blob.core.windows.net/llk/Deployment%20Packages/LLK%20RFQ105%20Branch%20and%20Marketer%20Exergy%20Table.zip?se=2022-05-07t10%3A09%3A16z&sig=-REDACTED-&sp=rl&sr=c&sv=2020-10-02 C:\Users\LUNGAN~1\AppData\Local\Temp\16493261566351\LLK RFQ105 Branch and Marketer Exergy Table.zip --output-type=json --cancel-from-stdin --overwrite=prompt --check-md5 FailIfDifferent --from-to=BlobLocal --blob-type BlockBlob --recursive --log-level=INFO 
2022/04/07 10:09:17 Number of CPUs: 8
2022/04/07 10:09:17 Max file buffer RAM 4.000 GB
2022/04/07 10:09:17 Max concurrent network operations: 128 (Based on number of CPUs. Set AZCOPY_CONCURRENCY_VALUE environment variable to override)
2022/04/07 10:09:17 Check CPU usage when dynamically tuning concurrency: true (Based on hard-coded default. Set AZCOPY_TUNE_TO_CPU environment variable to true or false override)
2022/04/07 10:09:17 Max concurrent transfer initiation routines: 64 (Based on hard-coded default. Set AZCOPY_CONCURRENT_FILES environment variable to override)
2022/04/07 10:09:17 Max enumeration routines: 16 (Based on hard-coded default. Set AZCOPY_CONCURRENT_SCAN environment variable to override)
2022/04/07 10:09:17 Parallelize getting file properties (file.Stat): false (Based on AZCOPY_PARALLEL_STAT_FILES environment variable)
2022/04/07 10:09:17 Max open files when downloading: 2147483119 (auto-computed)
2022/04/07 10:09:17 ISO 8601 START TIME: to copy files that changed before or after this job started, use the parameter --include-before=2022-04-07T10:09:11Z or --include-after=2022-04-07T10:09:11Z
2022/04/07 10:09:17 Any empty folders will not be processed, because source and/or destination doesn't have full folder support
2022/04/07 10:09:17 JobID=57e12b25-5997-0e45-7f18-806a38864f0c, credential type: Anonymous
2022/04/07 10:09:17 Final job part has been created
2022/04/07 10:09:17 scheduling JobID=57e12b25-5997-0e45-7f18-806a38864f0c, Part#=0, Transfer#=0, priority=0
2022/04/07 10:09:17 Final job part has been scheduled
2022/04/07 10:09:17 PERF: primary performance constraint is Unknown. States: C:  0, R:  0, W:  0, F:  0, H:  0, B:  0, S:  0, P:  0, Q:  0, D:  0, E:  0, T:  0, GRs: 21
2022/04/07 10:09:17 0.0 %, 0 Done, 0 Failed, 1 Pending, 0 Skipped, 1 Total, 
2022/04/07 10:09:17 INFO: [P#0-T#0] has worker 23 which is processing TRANSFER 0
2022/04/07 10:09:17 ==> REQUEST/RESPONSE (Try=1/88.8366ms, OpTime=322.1048ms) -- RESPONSE SUCCESSFULLY RECEIVED
   GET https://team3backups.blob.core.windows.net/llk/Deployment%20Packages/LLK%20RFQ105%20Branch%20and%20Marketer%20Exergy%20Table.zip?se=2022-05-07t10%3A09%3A16z&sig=-REDACTED-&sp=rl&sr=c&sv=2020-10-02&timeout=901
   X-Ms-Request-Id: [33362643-901e-0008-2467-4a6ef9000000]

2022/04/07 10:09:17 INFO: [P#0-T#0] DOWNLOADSUCCESSFUL: \\?\C:\Users\LUNGAN~1\AppData\Local\Temp\16493261566351\LLK RFQ105 Branch and Marketer Exergy Table.zip
2022/04/07 10:09:17 JobID=57e12b25-5997-0e45-7f18-806a38864f0c, Part#=0, TransfersDone=1 of 1
2022/04/07 10:09:17 all parts of entire Job 57e12b25-5997-0e45-7f18-806a38864f0c successfully completed, cancelled or paused
2022/04/07 10:09:17 is part of Job which 1 total number of parts done 
2022/04/07 10:09:19 PERF: primary performance constraint is Unknown. States: C:  0, R:  0, W:  0, F:  0, H:  0, B:  0, S:  0, P:  0, Q:  0, D:  0, E:  0, T:  0, GRs: 128
