2024/08/20 17:36:44 AzcopyVersion  10.24.0
2024/08/20 17:36:44 OS-Environment  windows
2024/08/20 17:36:44 OS-Architecture  amd64
2024/08/20 17:36:44 Log times are in UTC. Local time is 20 Aug 2024 19:36:44
2024/08/20 17:36:46 ISO 8601 START TIME: to copy files that changed before or after this job started, use the parameter --include-before=2024-08-20T17:36:39Z or --include-after=2024-08-20T17:36:39Z
2024/08/20 17:36:46 Any empty folders will be processed, because source and destination both support folders. For the same reason, properties defined on folders will be processed
2024/08/20 17:36:46 Job-Command copy C:\Users\LungaNgubane\Documents\CLIENTS\SMARTLIFE\esypay\EP-137274 -- Funeral Plan Import File Example 29.csv https://smlifestoragetest.file.core.windows.net/bpidrop/Transforms/EasyPay%20Insurance%20Funeral%20Plan/EP-137274%20--%20Funeral%20Plan%20Import%20File%20Example%2029.csv?se=2024-09-19t17%3A36%3A44z&sig=-REDACTED-&sp=rwl&sr=s&sv=2023-11-03 --output-type=json --cancel-from-stdin --overwrite=prompt --from-to=LocalFile --follow-symlinks --check-length=true --put-md5 --follow-symlinks --preserve-smb-info=true --disable-auto-decoding=false --recursive --log-level=INFO --trailing-dot=Enable 
2024/08/20 17:36:46 Number of CPUs: 8
2024/08/20 17:36:46 Max file buffer RAM 4.000 GB
2024/08/20 17:36:46 Max concurrent network operations:  will be dynamically tuned up to 3000 (Based on auto-tuning limit. Set AZCOPY_CONCURRENCY_VALUE environment variable to override)
2024/08/20 17:36:46 Check CPU usage when dynamically tuning concurrency: true (Based on hard-coded default. Set AZCOPY_TUNE_TO_CPU environment variable to true or false override)
2024/08/20 17:36:46 Max concurrent transfer initiation routines: 64 (Based on hard-coded default. Set AZCOPY_CONCURRENT_FILES environment variable to override)
2024/08/20 17:36:46 Max enumeration routines: 16 (Based on hard-coded default. Set AZCOPY_CONCURRENT_SCAN environment variable to override)
2024/08/20 17:36:46 Parallelize getting file properties (file.Stat): false (Based on AZCOPY_PARALLEL_STAT_FILES environment variable)
2024/08/20 17:36:46 Max open files when downloading: 2147479959 (auto-computed)
2024/08/20 17:36:46 Final job part has been created
2024/08/20 17:36:46 Trying 4 concurrent connections (initial starting point)
2024/08/20 17:36:46 Final job part has been scheduled
2024/08/20 17:36:46 WARN: [P#0-T#0] Block size 8388608 larger than maximum file chunk size, 4 MB chunk size used
2024/08/20 17:36:46 INFO: [P#0-T#0] Starting transfer: Source "\\\\?\\C:\\Users\\LungaNgubane\\Documents\\CLIENTS\\SMARTLIFE\\esypay\\EP-137274 -- Funeral Plan Import File Example 29.csv" Destination "https://smlifestoragetest.file.core.windows.net/bpidrop/Transforms/EasyPay%20Insurance%20Funeral%20Plan/EP-137274%20--%20Funeral%20Plan%20Import%20File%20Example%2029.csv". Specified chunk size 4194304
2024/08/20 17:36:46 ==> REQUEST/RESPONSE (Try=1/17.7226ms, OpTime=53.3682ms) -- RESPONSE SUCCESSFULLY RECEIVED
   HEAD https://smlifestoragetest.file.core.windows.net/bpidrop/Transforms%2FEasyPay%20Insurance%20Funeral%20Plan%2FEP-137274%20--%20Funeral%20Plan%20Import%20File%20Example%2029.csv?se=2024-09-19T17%3A36%3A44Z&sig=-REDACTED-&sp=rwl&sr=s&sv=2023-11-03
   X-Ms-Request-Id: [832c7bc7-301a-0001-4f27-f32b2a000000]

2024/08/20 17:36:46 ==> REQUEST/RESPONSE (Try=1/40.4391ms, OpTime=40.5419ms) -- RESPONSE SUCCESSFULLY RECEIVED
   PUT https://smlifestoragetest.file.core.windows.net/bpidrop/Transforms%2FEasyPay%20Insurance%20Funeral%20Plan%2FEP-137274%20--%20Funeral%20Plan%20Import%20File%20Example%2029.csv?se=2024-09-19T17%3A36%3A44Z&sig=-REDACTED-&sp=rwl&sr=s&sv=2023-11-03
   X-Ms-Request-Id: [832c7bcc-301a-0001-5227-f32b2a000000]

2024/08/20 17:36:46 ==> REQUEST/RESPONSE (Try=1/13.507ms, OpTime=14.0365ms) -- RESPONSE SUCCESSFULLY RECEIVED
   PUT https://smlifestoragetest.file.core.windows.net/bpidrop/Transforms%2FEasyPay%20Insurance%20Funeral%20Plan%2FEP-137274%20--%20Funeral%20Plan%20Import%20File%20Example%2029.csv?comp=range&se=2024-09-19T17%3A36%3A44Z&sig=-REDACTED-&sp=rwl&sr=s&sv=2023-11-03
   X-Ms-Request-Id: [832c7bd7-301a-0001-5d27-f32b2a000000]

2024/08/20 17:36:46 ==> REQUEST/RESPONSE (Try=1/13.8863ms, OpTime=13.8863ms) -- RESPONSE SUCCESSFULLY RECEIVED
   PUT https://smlifestoragetest.file.core.windows.net/bpidrop/Transforms%2FEasyPay%20Insurance%20Funeral%20Plan%2FEP-137274%20--%20Funeral%20Plan%20Import%20File%20Example%2029.csv?comp=properties&se=2024-09-19T17%3A36%3A44Z&sig=-REDACTED-&sp=rwl&sr=s&sv=2023-11-03
   X-Ms-Request-Id: [832c7bd8-301a-0001-5e27-f32b2a000000]

2024/08/20 17:36:46 ==> REQUEST/RESPONSE (Try=1/13.8351ms, OpTime=13.8351ms) -- RESPONSE SUCCESSFULLY RECEIVED
   PUT https://smlifestoragetest.file.core.windows.net/bpidrop/Transforms%2FEasyPay%20Insurance%20Funeral%20Plan%2FEP-137274%20--%20Funeral%20Plan%20Import%20File%20Example%2029.csv?comp=properties&se=2024-09-19T17%3A36%3A44Z&sig=-REDACTED-&sp=rwl&sr=s&sv=2023-11-03
   X-Ms-Request-Id: [832c7bda-301a-0001-6027-f32b2a000000]

2024/08/20 17:36:46 ==> REQUEST/RESPONSE (Try=1/12.7487ms, OpTime=13.3323ms) -- RESPONSE SUCCESSFULLY RECEIVED
   HEAD https://smlifestoragetest.file.core.windows.net/bpidrop/Transforms%2FEasyPay%20Insurance%20Funeral%20Plan%2FEP-137274%20--%20Funeral%20Plan%20Import%20File%20Example%2029.csv?se=2024-09-19T17%3A36%3A44Z&sig=-REDACTED-&sp=rwl&sr=s&sv=2023-11-03
   X-Ms-Request-Id: [832c7bdd-301a-0001-6327-f32b2a000000]

2024/08/20 17:36:46 INFO: [P#0-T#0] UPLOADSUCCESSFUL: https://smlifestoragetest.file.core.windows.net/bpidrop/Transforms/EasyPay%20Insurance%20Funeral%20Plan/EP-137274%20--%20Funeral%20Plan%20Import%20File%20Example%2029.csv
2024/08/20 17:36:46 JobID=64a63422-2172-0542-755a-704fe5af3d25, Part#=0, TransfersDone=1 of 1
2024/08/20 17:36:46 all parts of entire Job 64a63422-2172-0542-755a-704fe5af3d25 successfully completed, cancelled or paused
2024/08/20 17:36:46 is part of Job which 1 total number of parts done 
2024/08/20 17:36:48 PERF: primary performance constraint is Unknown. States: X:  0, O:  0, M:  0, L:  0, R:  0, D:  0, W:  0, F:  0, B:  0, E:  0, T:  0, GRs:  4
2024/08/20 17:36:48 100.0 %, 1 Done, 0 Failed, 0 Pending, 0 Skipped, 1 Total, 2-sec Throughput (Mb/s): 0.0173
2024/08/20 17:36:48 Closing Log
