2024/08/12 10:46:39 AzcopyVersion  10.24.0
2024/08/12 10:46:39 OS-Environment  windows
2024/08/12 10:46:39 OS-Architecture  amd64
2024/08/12 10:46:39 Log times are in UTC. Local time is 12 Aug 2024 12:46:39
2024/08/12 10:46:40 ISO 8601 START TIME: to copy files that changed before or after this job started, use the parameter --include-before=2024-08-12T10:46:34Z or --include-after=2024-08-12T10:46:34Z
2024/08/12 10:46:41 Any empty folders will be processed, because source and destination both support folders. For the same reason, properties defined on folders will be processed
2024/08/12 10:46:41 Job-Command copy https://smlifestoragetest.file.core.windows.net/bpidrop/Transforms/EasyPay%20Insurance%20Funeral%20Plan/Template/Template.xml?se=2024-09-11t10%3A46%3A38z&sig=-REDACTED-&sp=rl&sr=s&sv=2023-11-03 C:\Users\LungaNgubane\Documents\CLIENTS\SMARTLIFE\esypay\Template.xml --output-type=json --cancel-from-stdin --overwrite=prompt --check-md5 FailIfDifferent --from-to=FileLocal --preserve-smb-info=true --recursive --log-level=INFO --trailing-dot=Enable 
2024/08/12 10:46:41 Number of CPUs: 8
2024/08/12 10:46:41 Max file buffer RAM 4.000 GB
2024/08/12 10:46:41 Max concurrent network operations:  will be dynamically tuned up to 3000 (Based on auto-tuning limit. Set AZCOPY_CONCURRENCY_VALUE environment variable to override)
2024/08/12 10:46:41 Check CPU usage when dynamically tuning concurrency: true (Based on hard-coded default. Set AZCOPY_TUNE_TO_CPU environment variable to true or false override)
2024/08/12 10:46:41 Max concurrent transfer initiation routines: 64 (Based on hard-coded default. Set AZCOPY_CONCURRENT_FILES environment variable to override)
2024/08/12 10:46:41 Max enumeration routines: 16 (Based on hard-coded default. Set AZCOPY_CONCURRENT_SCAN environment variable to override)
2024/08/12 10:46:41 Parallelize getting file properties (file.Stat): false (Based on AZCOPY_PARALLEL_STAT_FILES environment variable)
2024/08/12 10:46:41 Max open files when downloading: 2147479959 (auto-computed)
2024/08/12 10:46:41 Final job part has been created
2024/08/12 10:46:41 Trying 4 concurrent connections (initial starting point)
2024/08/12 10:46:41 Final job part has been scheduled
2024/08/12 10:46:43 PERF: primary performance constraint is Unknown. States: C:  0, R:  0, W:  0, F:  0, H:  0, B:  0, S:  0, P:  0, Q:  0, D:  0, E:  0, T:  0, GRs:  4
2024/08/12 10:46:43 0.0 %, 0 Done, 0 Failed, 1 Pending, 0 Skipped, 1 Total, 
2024/08/12 10:46:45 PERF: primary performance constraint is Unknown. States: C:  0, R:  0, W:  0, F:  0, H:  0, B:  0, S:  0, P:  0, Q:  0, D:  0, E:  0, T:  0, GRs:  4
2024/08/12 10:46:45 0.0 %, 0 Done, 0 Failed, 1 Pending, 0 Skipped, 1 Total, 
2024/08/12 10:46:46 ==> REQUEST/RESPONSE (Try=1/79.816ms, OpTime=127.9779ms) -- RESPONSE SUCCESSFULLY RECEIVED
   GET https://smlifestoragetest.file.core.windows.net/bpidrop/Transforms%2FEasyPay%20Insurance%20Funeral%20Plan%2FTemplate%2FTemplate.xml?se=2024-09-11T10%3A46%3A38Z&sig=-REDACTED-&sp=rl&sr=s&sv=2023-11-03
   X-Ms-Request-Id: [f181eaa3-901a-0018-1ba4-ecab91000000]

2024/08/12 10:46:46 ==> REQUEST/RESPONSE (Try=1/13.6719ms, OpTime=13.6719ms) -- RESPONSE SUCCESSFULLY RECEIVED
   HEAD https://smlifestoragetest.file.core.windows.net/bpidrop/Transforms%2FEasyPay%20Insurance%20Funeral%20Plan%2FTemplate%2FTemplate.xml?se=2024-09-11T10%3A46%3A38Z&sig=-REDACTED-&sp=rl&sr=s&sv=2023-11-03
   X-Ms-Request-Id: [f181eaa8-901a-0018-1ea4-ecab91000000]

2024/08/12 10:46:46 INFO: [P#0-T#0] DOWNLOADSUCCESSFUL: \\?\C:\Users\LungaNgubane\Documents\CLIENTS\SMARTLIFE\esypay\Template.xml
2024/08/12 10:46:46 JobID=67e6c6f7-d796-c449-6ebc-926f1d523abe, Part#=0, TransfersDone=1 of 1
2024/08/12 10:46:46 all parts of entire Job 67e6c6f7-d796-c449-6ebc-926f1d523abe successfully completed, cancelled or paused
2024/08/12 10:46:46 is part of Job which 1 total number of parts done 
2024/08/12 10:46:47 PERF: primary performance constraint is Unknown. States: C:  0, R:  0, W:  0, F:  0, H:  0, B:  0, S:  0, P:  0, Q:  0, D:  0, E:  0, T:  0, GRs:  4
2024/08/12 10:46:47 100.0 %, 1 Done, 0 Failed, 0 Pending, 0 Skipped, 1 Total, 2-sec Throughput (Mb/s): 0.1447
2024/08/12 10:46:47 Closing Log
