2024/09/18 11:48:42 AzcopyVersion  10.24.0
2024/09/18 11:48:42 OS-Environment  windows
2024/09/18 11:48:42 OS-Architecture  amd64
2024/09/18 11:48:42 Log times are in UTC. Local time is 18 Sep 2024 13:48:42
2024/09/18 11:48:44 ISO 8601 START TIME: to copy files that changed before or after this job started, use the parameter --include-before=2024-09-18T11:48:37Z or --include-after=2024-09-18T11:48:37Z
2024/09/18 11:48:44 Any empty folders will be processed, because source and destination both support folders. For the same reason, properties defined on folders will be processed
2024/09/18 11:48:44 Job-Command copy C:\Users\LungaNgubane\Documents\CLIENTS\SMARTLIFE\esypay\EP-145392-- Funeral Plan Import File Example L63.csv https://smlifestoragetest.file.core.windows.net/bpidrop/Transforms/EasyPay%20Insurance%20Funeral%20Plan/EP-145392--%20Funeral%20Plan%20Import%20File%20Example%20L63.csv?se=2024-10-18t11%3A48%3A42z&sig=-REDACTED-&sp=rwl&sr=s&sv=2023-11-03 --output-type=json --cancel-from-stdin --overwrite=prompt --from-to=LocalFile --follow-symlinks --check-length=true --put-md5 --follow-symlinks --preserve-smb-info=true --disable-auto-decoding=false --recursive --log-level=INFO --trailing-dot=Enable 
2024/09/18 11:48:44 Number of CPUs: 8
2024/09/18 11:48:44 Max file buffer RAM 4.000 GB
2024/09/18 11:48:44 Max concurrent network operations:  will be dynamically tuned up to 3000 (Based on auto-tuning limit. Set AZCOPY_CONCURRENCY_VALUE environment variable to override)
2024/09/18 11:48:44 Check CPU usage when dynamically tuning concurrency: true (Based on hard-coded default. Set AZCOPY_TUNE_TO_CPU environment variable to true or false override)
2024/09/18 11:48:44 Max concurrent transfer initiation routines: 64 (Based on hard-coded default. Set AZCOPY_CONCURRENT_FILES environment variable to override)
2024/09/18 11:48:44 Max enumeration routines: 16 (Based on hard-coded default. Set AZCOPY_CONCURRENT_SCAN environment variable to override)
2024/09/18 11:48:44 Parallelize getting file properties (file.Stat): false (Based on AZCOPY_PARALLEL_STAT_FILES environment variable)
2024/09/18 11:48:44 Max open files when downloading: 2147479959 (auto-computed)
2024/09/18 11:48:44 Final job part has been created
2024/09/18 11:48:44 Trying 4 concurrent connections (initial starting point)
2024/09/18 11:48:44 Final job part has been scheduled
2024/09/18 11:48:44 WARN: [P#0-T#0] Block size 8388608 larger than maximum file chunk size, 4 MB chunk size used
2024/09/18 11:48:44 INFO: [P#0-T#0] Starting transfer: Source "\\\\?\\C:\\Users\\LungaNgubane\\Documents\\CLIENTS\\SMARTLIFE\\esypay\\EP-145392-- Funeral Plan Import File Example L63.csv" Destination "https://smlifestoragetest.file.core.windows.net/bpidrop/Transforms/EasyPay%20Insurance%20Funeral%20Plan/EP-145392--%20Funeral%20Plan%20Import%20File%20Example%20L63.csv". Specified chunk size 4194304
2024/09/18 11:48:44 ==> REQUEST/RESPONSE (Try=1/30.479ms, OpTime=64.0834ms) -- RESPONSE SUCCESSFULLY RECEIVED
   HEAD https://smlifestoragetest.file.core.windows.net/bpidrop/Transforms%2FEasyPay%20Insurance%20Funeral%20Plan%2FEP-145392--%20Funeral%20Plan%20Import%20File%20Example%20L63.csv?se=2024-10-18T11%3A48%3A42Z&sig=-REDACTED-&sp=rwl&sr=s&sv=2023-11-03
   X-Ms-Request-Id: [0ad6ee26-801a-0004-54c0-09f9f1000000]

2024/09/18 11:48:44 ==> REQUEST/RESPONSE (Try=1/17.7608ms, OpTime=17.9215ms) -- RESPONSE SUCCESSFULLY RECEIVED
   PUT https://smlifestoragetest.file.core.windows.net/bpidrop/Transforms%2FEasyPay%20Insurance%20Funeral%20Plan%2FEP-145392--%20Funeral%20Plan%20Import%20File%20Example%20L63.csv?se=2024-10-18T11%3A48%3A42Z&sig=-REDACTED-&sp=rwl&sr=s&sv=2023-11-03
   X-Ms-Request-Id: [0ad6ee29-801a-0004-55c0-09f9f1000000]

2024/09/18 11:48:44 ==> REQUEST/RESPONSE (Try=1/15.2241ms, OpTime=15.7337ms) -- RESPONSE SUCCESSFULLY RECEIVED
   PUT https://smlifestoragetest.file.core.windows.net/bpidrop/Transforms%2FEasyPay%20Insurance%20Funeral%20Plan%2FEP-145392--%20Funeral%20Plan%20Import%20File%20Example%20L63.csv?comp=range&se=2024-10-18T11%3A48%3A42Z&sig=-REDACTED-&sp=rwl&sr=s&sv=2023-11-03
   X-Ms-Request-Id: [0ad6ee2a-801a-0004-56c0-09f9f1000000]

2024/09/18 11:48:44 ==> REQUEST/RESPONSE (Try=1/14.5872ms, OpTime=14.5872ms) -- RESPONSE SUCCESSFULLY RECEIVED
   PUT https://smlifestoragetest.file.core.windows.net/bpidrop/Transforms%2FEasyPay%20Insurance%20Funeral%20Plan%2FEP-145392--%20Funeral%20Plan%20Import%20File%20Example%20L63.csv?comp=properties&se=2024-10-18T11%3A48%3A42Z&sig=-REDACTED-&sp=rwl&sr=s&sv=2023-11-03
   X-Ms-Request-Id: [0ad6ee2b-801a-0004-57c0-09f9f1000000]

2024/09/18 11:48:44 ==> REQUEST/RESPONSE (Try=1/13.5155ms, OpTime=13.5155ms) -- RESPONSE SUCCESSFULLY RECEIVED
   PUT https://smlifestoragetest.file.core.windows.net/bpidrop/Transforms%2FEasyPay%20Insurance%20Funeral%20Plan%2FEP-145392--%20Funeral%20Plan%20Import%20File%20Example%20L63.csv?comp=properties&se=2024-10-18T11%3A48%3A42Z&sig=-REDACTED-&sp=rwl&sr=s&sv=2023-11-03
   X-Ms-Request-Id: [0ad6ee2c-801a-0004-58c0-09f9f1000000]

2024/09/18 11:48:44 ==> REQUEST/RESPONSE (Try=1/14.0542ms, OpTime=17.2593ms) -- RESPONSE SUCCESSFULLY RECEIVED
   HEAD https://smlifestoragetest.file.core.windows.net/bpidrop/Transforms%2FEasyPay%20Insurance%20Funeral%20Plan%2FEP-145392--%20Funeral%20Plan%20Import%20File%20Example%20L63.csv?se=2024-10-18T11%3A48%3A42Z&sig=-REDACTED-&sp=rwl&sr=s&sv=2023-11-03
   X-Ms-Request-Id: [0ad6ee2d-801a-0004-59c0-09f9f1000000]

2024/09/18 11:48:44 INFO: [P#0-T#0] UPLOADSUCCESSFUL: https://smlifestoragetest.file.core.windows.net/bpidrop/Transforms/EasyPay%20Insurance%20Funeral%20Plan/EP-145392--%20Funeral%20Plan%20Import%20File%20Example%20L63.csv
2024/09/18 11:48:44 JobID=6b816392-c9c1-b048-57d0-10e79abcb5db, Part#=0, TransfersDone=1 of 1
2024/09/18 11:48:44 all parts of entire Job 6b816392-c9c1-b048-57d0-10e79abcb5db successfully completed, cancelled or paused
2024/09/18 11:48:44 is part of Job which 1 total number of parts done 
2024/09/18 11:48:46 PERF: primary performance constraint is Unknown. States: X:  0, O:  0, M:  0, L:  0, R:  0, D:  0, W:  0, F:  0, B:  0, E:  0, T:  0, GRs:  4
2024/09/18 11:48:46 100.0 %, 1 Done, 0 Failed, 0 Pending, 0 Skipped, 1 Total, 2-sec Throughput (Mb/s): 0.0171
2024/09/18 11:48:46 Closing Log
