2024/08/19 14:59:59 AzcopyVersion  10.24.0
2024/08/19 14:59:59 OS-Environment  windows
2024/08/19 14:59:59 OS-Architecture  amd64
2024/08/19 14:59:59 Log times are in UTC. Local time is 19 Aug 2024 16:59:59
2024/08/19 15:00:01 ISO 8601 START TIME: to copy files that changed before or after this job started, use the parameter --include-before=2024-08-19T14:59:54Z or --include-after=2024-08-19T14:59:54Z
2024/08/19 15:00:01 Any empty folders will be processed, because source and destination both support folders. For the same reason, properties defined on folders will be processed
2024/08/19 15:00:01 Job-Command copy https://smlifestoragetest.file.core.windows.net/bpidrop/Transforms/EasyPay%20Insurance%20Funeral%20Plan/Template/Template.xml?se=2024-09-18t14%3A59%3A59z&sig=-REDACTED-&sp=rl&sr=s&sv=2023-11-03 C:\Users\LUNGAN~1\AppData\Local\Temp\17240795997661\Template.xml --output-type=json --cancel-from-stdin --overwrite=prompt --check-md5 FailIfDifferent --from-to=FileLocal --preserve-smb-info=true --recursive --log-level=INFO --trailing-dot=Enable 
2024/08/19 15:00:01 Number of CPUs: 8
2024/08/19 15:00:01 Max file buffer RAM 4.000 GB
2024/08/19 15:00:01 Max concurrent network operations:  will be dynamically tuned up to 3000 (Based on auto-tuning limit. Set AZCOPY_CONCURRENCY_VALUE environment variable to override)
2024/08/19 15:00:01 Check CPU usage when dynamically tuning concurrency: true (Based on hard-coded default. Set AZCOPY_TUNE_TO_CPU environment variable to true or false override)
2024/08/19 15:00:01 Max concurrent transfer initiation routines: 64 (Based on hard-coded default. Set AZCOPY_CONCURRENT_FILES environment variable to override)
2024/08/19 15:00:01 Max enumeration routines: 16 (Based on hard-coded default. Set AZCOPY_CONCURRENT_SCAN environment variable to override)
2024/08/19 15:00:01 Parallelize getting file properties (file.Stat): false (Based on AZCOPY_PARALLEL_STAT_FILES environment variable)
2024/08/19 15:00:01 Max open files when downloading: 2147479959 (auto-computed)
2024/08/19 15:00:01 Final job part has been created
2024/08/19 15:00:01 Final job part has been scheduled
2024/08/19 15:00:01 Trying 4 concurrent connections (initial starting point)
2024/08/19 15:00:01 ==> REQUEST/RESPONSE (Try=1/27.5306ms, OpTime=69.2697ms) -- RESPONSE SUCCESSFULLY RECEIVED
   GET https://smlifestoragetest.file.core.windows.net/bpidrop/Transforms%2FEasyPay%20Insurance%20Funeral%20Plan%2FTemplate%2FTemplate.xml?se=2024-09-18T14%3A59%3A59Z&sig=-REDACTED-&sp=rl&sr=s&sv=2023-11-03
   X-Ms-Request-Id: [9ae5e91b-001a-000a-5a48-f2d041000000]

2024/08/19 15:00:01 ==> REQUEST/RESPONSE (Try=1/13.7731ms, OpTime=13.7731ms) -- RESPONSE SUCCESSFULLY RECEIVED
   HEAD https://smlifestoragetest.file.core.windows.net/bpidrop/Transforms%2FEasyPay%20Insurance%20Funeral%20Plan%2FTemplate%2FTemplate.xml?se=2024-09-18T14%3A59%3A59Z&sig=-REDACTED-&sp=rl&sr=s&sv=2023-11-03
   X-Ms-Request-Id: [9ae5e920-001a-000a-5d48-f2d041000000]

2024/08/19 15:00:01 INFO: [P#0-T#0] DOWNLOADSUCCESSFUL: \\?\C:\Users\LUNGAN~1\AppData\Local\Temp\17240795997661\Template.xml
2024/08/19 15:00:01 JobID=6f0133fe-6caf-234e-5b63-3b1b7835d766, Part#=0, TransfersDone=1 of 1
2024/08/19 15:00:01 all parts of entire Job 6f0133fe-6caf-234e-5b63-3b1b7835d766 successfully completed, cancelled or paused
2024/08/19 15:00:01 is part of Job which 1 total number of parts done 
2024/08/19 15:00:03 PERF: primary performance constraint is Unknown. States: C:  0, R:  0, W:  0, F:  0, H:  0, B:  0, S:  0, P:  0, Q:  0, D:  0, E:  0, T:  0, GRs:  4
2024/08/19 15:00:03 100.0 %, 1 Done, 0 Failed, 0 Pending, 0 Skipped, 1 Total, 2-sec Throughput (Mb/s): 0.1446
2024/08/19 15:00:03 Closing Log
