2024/09/18 12:22:57 AzcopyVersion  10.24.0
2024/09/18 12:22:57 OS-Environment  windows
2024/09/18 12:22:57 OS-Architecture  amd64
2024/09/18 12:22:57 Log times are in UTC. Local time is 18 Sep 2024 14:22:57
2024/09/18 12:22:58 ISO 8601 START TIME: to copy files that changed before or after this job started, use the parameter --include-before=2024-09-18T12:22:52Z or --include-after=2024-09-18T12:22:52Z
2024/09/18 12:22:58 Any empty folders will be processed, because source and destination both support folders. For the same reason, properties defined on folders will be processed
2024/09/18 12:22:58 Job-Command copy C:\Users\LungaNgubane\Documents\CLIENTS\SMARTLIFE\esypay\Template.xml https://smlifestoragetest.file.core.windows.net/bpidrop/Transforms/EasyPay%20Insurance%20Funeral%20Plan/Template/Template.xml?se=2024-10-18t12%3A22%3A57z&sig=-REDACTED-&sp=rwl&sr=s&sv=2023-11-03 --output-type=json --cancel-from-stdin --overwrite=prompt --from-to=LocalFile --follow-symlinks --check-length=true --put-md5 --follow-symlinks --preserve-smb-info=true --disable-auto-decoding=false --recursive --log-level=INFO --trailing-dot=Enable 
2024/09/18 12:22:58 Number of CPUs: 8
2024/09/18 12:22:58 Max file buffer RAM 4.000 GB
2024/09/18 12:22:58 Max concurrent network operations:  will be dynamically tuned up to 3000 (Based on auto-tuning limit. Set AZCOPY_CONCURRENCY_VALUE environment variable to override)
2024/09/18 12:22:58 Check CPU usage when dynamically tuning concurrency: true (Based on hard-coded default. Set AZCOPY_TUNE_TO_CPU environment variable to true or false override)
2024/09/18 12:22:58 Max concurrent transfer initiation routines: 64 (Based on hard-coded default. Set AZCOPY_CONCURRENT_FILES environment variable to override)
2024/09/18 12:22:58 Max enumeration routines: 16 (Based on hard-coded default. Set AZCOPY_CONCURRENT_SCAN environment variable to override)
2024/09/18 12:22:58 Parallelize getting file properties (file.Stat): false (Based on AZCOPY_PARALLEL_STAT_FILES environment variable)
2024/09/18 12:22:58 Max open files when downloading: 2147479959 (auto-computed)
2024/09/18 12:22:58 Final job part has been created
2024/09/18 12:22:58 Trying 4 concurrent connections (initial starting point)
2024/09/18 12:22:58 Final job part has been scheduled
2024/09/18 12:22:58 WARN: [P#0-T#0] Block size 8388608 larger than maximum file chunk size, 4 MB chunk size used
2024/09/18 12:22:58 INFO: [P#0-T#0] Starting transfer: Source "\\\\?\\C:\\Users\\LungaNgubane\\Documents\\CLIENTS\\SMARTLIFE\\esypay\\Template.xml" Destination "https://smlifestoragetest.file.core.windows.net/bpidrop/Transforms/EasyPay%20Insurance%20Funeral%20Plan/Template/Template.xml". Specified chunk size 4194304
2024/09/18 12:22:58 ==> REQUEST/RESPONSE (Try=1/21.8076ms, OpTime=67.8938ms) -- RESPONSE SUCCESSFULLY RECEIVED
   HEAD https://smlifestoragetest.file.core.windows.net/bpidrop/Transforms%2FEasyPay%20Insurance%20Funeral%20Plan%2FTemplate%2FTemplate.xml?se=2024-10-18T12%3A22%3A57Z&sig=-REDACTED-&sp=rwl&sr=s&sv=2023-11-03
   X-Ms-Request-Id: [e42b9445-401a-001b-06c5-094af5000000]

2024/09/18 12:23:00 PERF: primary performance constraint is Unknown. States: X:  1, O:  0, M:  0, L:  0, R:  0, D:  0, W:  0, F:  0, B:  0, E:  0, T:  1, GRs:  4
2024/09/18 12:23:00 0.0 %, 0 Done, 0 Failed, 1 Pending, 0 Skipped, 1 Total, 
2024/09/18 12:23:02 ==> REQUEST/RESPONSE (Try=1/20.3434ms, OpTime=20.3434ms) -- RESPONSE SUCCESSFULLY RECEIVED
   PUT https://smlifestoragetest.file.core.windows.net/bpidrop/Transforms%2FEasyPay%20Insurance%20Funeral%20Plan%2FTemplate%2FTemplate.xml?se=2024-10-18T12%3A22%3A57Z&sig=-REDACTED-&sp=rwl&sr=s&sv=2023-11-03
   X-Ms-Request-Id: [e42b9462-401a-001b-15c5-094af5000000]

2024/09/18 12:23:02 ==> REQUEST/RESPONSE (Try=1/35.9162ms, OpTime=39.2298ms) -- RESPONSE SUCCESSFULLY RECEIVED
   PUT https://smlifestoragetest.file.core.windows.net/bpidrop/Transforms%2FEasyPay%20Insurance%20Funeral%20Plan%2FTemplate%2FTemplate.xml?comp=range&se=2024-10-18T12%3A22%3A57Z&sig=-REDACTED-&sp=rwl&sr=s&sv=2023-11-03
   X-Ms-Request-Id: [e42b9464-401a-001b-17c5-094af5000000]

2024/09/18 12:23:02 ==> REQUEST/RESPONSE (Try=1/15.4223ms, OpTime=15.4223ms) -- RESPONSE SUCCESSFULLY RECEIVED
   PUT https://smlifestoragetest.file.core.windows.net/bpidrop/Transforms%2FEasyPay%20Insurance%20Funeral%20Plan%2FTemplate%2FTemplate.xml?comp=properties&se=2024-10-18T12%3A22%3A57Z&sig=-REDACTED-&sp=rwl&sr=s&sv=2023-11-03
   X-Ms-Request-Id: [e42b9466-401a-001b-19c5-094af5000000]

2024/09/18 12:23:02 ==> REQUEST/RESPONSE (Try=1/15.491ms, OpTime=15.6107ms) -- RESPONSE SUCCESSFULLY RECEIVED
   PUT https://smlifestoragetest.file.core.windows.net/bpidrop/Transforms%2FEasyPay%20Insurance%20Funeral%20Plan%2FTemplate%2FTemplate.xml?comp=properties&se=2024-10-18T12%3A22%3A57Z&sig=-REDACTED-&sp=rwl&sr=s&sv=2023-11-03
   X-Ms-Request-Id: [e42b9467-401a-001b-1ac5-094af5000000]

2024/09/18 12:23:02 ==> REQUEST/RESPONSE (Try=1/13.1468ms, OpTime=14.9235ms) -- RESPONSE SUCCESSFULLY RECEIVED
   HEAD https://smlifestoragetest.file.core.windows.net/bpidrop/Transforms%2FEasyPay%20Insurance%20Funeral%20Plan%2FTemplate%2FTemplate.xml?se=2024-10-18T12%3A22%3A57Z&sig=-REDACTED-&sp=rwl&sr=s&sv=2023-11-03
   X-Ms-Request-Id: [e42b9468-401a-001b-1bc5-094af5000000]

2024/09/18 12:23:02 INFO: [P#0-T#0] UPLOADSUCCESSFUL: https://smlifestoragetest.file.core.windows.net/bpidrop/Transforms/EasyPay%20Insurance%20Funeral%20Plan/Template/Template.xml
2024/09/18 12:23:02 JobID=6fcc2a86-c25c-6d44-50a9-45d1628afe02, Part#=0, TransfersDone=1 of 1
2024/09/18 12:23:02 all parts of entire Job 6fcc2a86-c25c-6d44-50a9-45d1628afe02 successfully completed, cancelled or paused
2024/09/18 12:23:02 is part of Job which 1 total number of parts done 
2024/09/18 12:23:02 PERF: primary performance constraint is Unknown. States: X:  0, O:  0, M:  0, L:  0, R:  0, D:  0, W:  0, F:  0, B:  0, E:  0, T:  0, GRs:  4
2024/09/18 12:23:02 100.0 %, 1 Done, 0 Failed, 0 Pending, 0 Skipped, 1 Total, 2-sec Throughput (Mb/s): 0.1452
2024/09/18 12:23:02 Closing Log
