2024/08/21 07:24:18 AzcopyVersion  10.24.0
2024/08/21 07:24:18 OS-Environment  windows
2024/08/21 07:24:18 OS-Architecture  amd64
2024/08/21 07:24:18 Log times are in UTC. Local time is 21 Aug 2024 09:24:18
2024/08/21 07:24:20 ISO 8601 START TIME: to copy files that changed before or after this job started, use the parameter --include-before=2024-08-21T07:24:13Z or --include-after=2024-08-21T07:24:13Z
2024/08/21 07:24:20 Any empty folders will be processed, because source and destination both support folders. For the same reason, properties defined on folders will be processed
2024/08/21 07:24:20 Job-Command copy C:\Users\LungaNgubane\Documents\CLIENTS\SMARTLIFE\esypay\EP-137274 -- Funeral Plan Import File Example 31.csv https://smlifestoragetest.file.core.windows.net/bpidrop/Transforms/EasyPay%20Insurance%20Funeral%20Plan/EP-137274%20--%20Funeral%20Plan%20Import%20File%20Example%2031.csv?se=2024-09-20t07%3A24%3A18z&sig=-REDACTED-&sp=rwl&sr=s&sv=2023-11-03 --output-type=json --cancel-from-stdin --overwrite=prompt --from-to=LocalFile --follow-symlinks --check-length=true --put-md5 --follow-symlinks --preserve-smb-info=true --disable-auto-decoding=false --recursive --log-level=INFO --trailing-dot=Enable 
2024/08/21 07:24:20 Number of CPUs: 8
2024/08/21 07:24:20 Max file buffer RAM 4.000 GB
2024/08/21 07:24:20 Max concurrent network operations:  will be dynamically tuned up to 3000 (Based on auto-tuning limit. Set AZCOPY_CONCURRENCY_VALUE environment variable to override)
2024/08/21 07:24:20 Check CPU usage when dynamically tuning concurrency: true (Based on hard-coded default. Set AZCOPY_TUNE_TO_CPU environment variable to true or false override)
2024/08/21 07:24:20 Max concurrent transfer initiation routines: 64 (Based on hard-coded default. Set AZCOPY_CONCURRENT_FILES environment variable to override)
2024/08/21 07:24:20 Max enumeration routines: 16 (Based on hard-coded default. Set AZCOPY_CONCURRENT_SCAN environment variable to override)
2024/08/21 07:24:20 Parallelize getting file properties (file.Stat): false (Based on AZCOPY_PARALLEL_STAT_FILES environment variable)
2024/08/21 07:24:20 Max open files when downloading: 2147479959 (auto-computed)
2024/08/21 07:24:20 Final job part has been created
2024/08/21 07:24:20 Trying 4 concurrent connections (initial starting point)
2024/08/21 07:24:20 Final job part has been scheduled
2024/08/21 07:24:20 WARN: [P#0-T#0] Block size 8388608 larger than maximum file chunk size, 4 MB chunk size used
2024/08/21 07:24:20 INFO: [P#0-T#0] Starting transfer: Source "\\\\?\\C:\\Users\\LungaNgubane\\Documents\\CLIENTS\\SMARTLIFE\\esypay\\EP-137274 -- Funeral Plan Import File Example 31.csv" Destination "https://smlifestoragetest.file.core.windows.net/bpidrop/Transforms/EasyPay%20Insurance%20Funeral%20Plan/EP-137274%20--%20Funeral%20Plan%20Import%20File%20Example%2031.csv". Specified chunk size 4194304
2024/08/21 07:24:20 ==> REQUEST/RESPONSE (Try=1/16.2927ms, OpTime=59.3273ms) -- RESPONSE SUCCESSFULLY RECEIVED
   HEAD https://smlifestoragetest.file.core.windows.net/bpidrop/Transforms%2FEasyPay%20Insurance%20Funeral%20Plan%2FEP-137274%20--%20Funeral%20Plan%20Import%20File%20Example%2031.csv?se=2024-09-20T07%3A24%3A18Z&sig=-REDACTED-&sp=rwl&sr=s&sv=2023-11-03
   X-Ms-Request-Id: [6972aa50-501a-0028-039b-f3155e000000]

2024/08/21 07:24:20 ==> REQUEST/RESPONSE (Try=1/18.511ms, OpTime=18.511ms) -- RESPONSE SUCCESSFULLY RECEIVED
   PUT https://smlifestoragetest.file.core.windows.net/bpidrop/Transforms%2FEasyPay%20Insurance%20Funeral%20Plan%2FEP-137274%20--%20Funeral%20Plan%20Import%20File%20Example%2031.csv?se=2024-09-20T07%3A24%3A18Z&sig=-REDACTED-&sp=rwl&sr=s&sv=2023-11-03
   X-Ms-Request-Id: [6972aa53-501a-0028-049b-f3155e000000]

2024/08/21 07:24:20 ==> REQUEST/RESPONSE (Try=1/15.2192ms, OpTime=15.2192ms) -- RESPONSE SUCCESSFULLY RECEIVED
   PUT https://smlifestoragetest.file.core.windows.net/bpidrop/Transforms%2FEasyPay%20Insurance%20Funeral%20Plan%2FEP-137274%20--%20Funeral%20Plan%20Import%20File%20Example%2031.csv?comp=range&se=2024-09-20T07%3A24%3A18Z&sig=-REDACTED-&sp=rwl&sr=s&sv=2023-11-03
   X-Ms-Request-Id: [6972aa54-501a-0028-059b-f3155e000000]

2024/08/21 07:24:20 ==> REQUEST/RESPONSE (Try=1/30.9186ms, OpTime=30.9186ms) -- RESPONSE SUCCESSFULLY RECEIVED
   PUT https://smlifestoragetest.file.core.windows.net/bpidrop/Transforms%2FEasyPay%20Insurance%20Funeral%20Plan%2FEP-137274%20--%20Funeral%20Plan%20Import%20File%20Example%2031.csv?comp=properties&se=2024-09-20T07%3A24%3A18Z&sig=-REDACTED-&sp=rwl&sr=s&sv=2023-11-03
   X-Ms-Request-Id: [6972aa55-501a-0028-069b-f3155e000000]

2024/08/21 07:24:20 ==> REQUEST/RESPONSE (Try=1/17.209ms, OpTime=17.209ms) -- RESPONSE SUCCESSFULLY RECEIVED
   PUT https://smlifestoragetest.file.core.windows.net/bpidrop/Transforms%2FEasyPay%20Insurance%20Funeral%20Plan%2FEP-137274%20--%20Funeral%20Plan%20Import%20File%20Example%2031.csv?comp=properties&se=2024-09-20T07%3A24%3A18Z&sig=-REDACTED-&sp=rwl&sr=s&sv=2023-11-03
   X-Ms-Request-Id: [6972aa56-501a-0028-079b-f3155e000000]

2024/08/21 07:24:20 ==> REQUEST/RESPONSE (Try=1/13.0831ms, OpTime=14.623ms) -- RESPONSE SUCCESSFULLY RECEIVED
   HEAD https://smlifestoragetest.file.core.windows.net/bpidrop/Transforms%2FEasyPay%20Insurance%20Funeral%20Plan%2FEP-137274%20--%20Funeral%20Plan%20Import%20File%20Example%2031.csv?se=2024-09-20T07%3A24%3A18Z&sig=-REDACTED-&sp=rwl&sr=s&sv=2023-11-03
   X-Ms-Request-Id: [6972aa57-501a-0028-089b-f3155e000000]

2024/08/21 07:24:20 INFO: [P#0-T#0] UPLOADSUCCESSFUL: https://smlifestoragetest.file.core.windows.net/bpidrop/Transforms/EasyPay%20Insurance%20Funeral%20Plan/EP-137274%20--%20Funeral%20Plan%20Import%20File%20Example%2031.csv
2024/08/21 07:24:20 JobID=7098aebb-44a6-0c47-7895-8acb4366d984, Part#=0, TransfersDone=1 of 1
2024/08/21 07:24:20 all parts of entire Job 7098aebb-44a6-0c47-7895-8acb4366d984 successfully completed, cancelled or paused
2024/08/21 07:24:20 is part of Job which 1 total number of parts done 
2024/08/21 07:24:22 PERF: primary performance constraint is Unknown. States: X:  0, O:  0, M:  0, L:  0, R:  0, D:  0, W:  0, F:  0, B:  0, E:  0, T:  0, GRs:  4
2024/08/21 07:24:22 100.0 %, 1 Done, 0 Failed, 0 Pending, 0 Skipped, 1 Total, 2-sec Throughput (Mb/s): 0.0172
2024/08/21 07:24:22 Closing Log
