2024/08/06 11:46:11 AzcopyVersion  10.24.0
2024/08/06 11:46:11 OS-Environment  windows
2024/08/06 11:46:11 OS-Architecture  amd64
2024/08/06 11:46:11 Log times are in UTC. Local time is 6 Aug 2024 13:46:11
2024/08/06 11:46:13 ISO 8601 START TIME: to copy files that changed before or after this job started, use the parameter --include-before=2024-08-06T11:46:06Z or --include-after=2024-08-06T11:46:06Z
2024/08/06 11:46:13 Any empty folders will be processed, because source and destination both support folders. For the same reason, properties defined on folders will be processed
2024/08/06 11:46:13 Job-Command copy C:\Users\LungaNgubane\Documents\CLIENTS\SMARTLIFE\esypay\EP-137274 -- Funeral Plan Import File Example 4.csv https://smlifestoragetest.file.core.windows.net/bpidrop/Transforms/EasyPay%20Insurance%20Funeral%20Plan/EP-137274%20--%20Funeral%20Plan%20Import%20File%20Example%204.csv?se=2024-09-05t11%3A46%3A11z&sig=-REDACTED-&sp=rwl&sr=s&sv=2023-11-03 --output-type=json --cancel-from-stdin --overwrite=prompt --from-to=LocalFile --follow-symlinks --check-length=true --put-md5 --follow-symlinks --preserve-smb-info=true --disable-auto-decoding=false --recursive --log-level=INFO --trailing-dot=Enable 
2024/08/06 11:46:13 Number of CPUs: 8
2024/08/06 11:46:13 Max file buffer RAM 4.000 GB
2024/08/06 11:46:13 Max concurrent network operations:  will be dynamically tuned up to 3000 (Based on auto-tuning limit. Set AZCOPY_CONCURRENCY_VALUE environment variable to override)
2024/08/06 11:46:13 Check CPU usage when dynamically tuning concurrency: true (Based on hard-coded default. Set AZCOPY_TUNE_TO_CPU environment variable to true or false override)
2024/08/06 11:46:13 Max concurrent transfer initiation routines: 64 (Based on hard-coded default. Set AZCOPY_CONCURRENT_FILES environment variable to override)
2024/08/06 11:46:13 Max enumeration routines: 16 (Based on hard-coded default. Set AZCOPY_CONCURRENT_SCAN environment variable to override)
2024/08/06 11:46:13 Parallelize getting file properties (file.Stat): false (Based on AZCOPY_PARALLEL_STAT_FILES environment variable)
2024/08/06 11:46:13 Max open files when downloading: 2147479959 (auto-computed)
2024/08/06 11:46:13 Final job part has been created
2024/08/06 11:46:13 Trying 4 concurrent connections (initial starting point)
2024/08/06 11:46:13 Final job part has been scheduled
2024/08/06 11:46:13 WARN: [P#0-T#0] Block size 8388608 larger than maximum file chunk size, 4 MB chunk size used
2024/08/06 11:46:13 INFO: [P#0-T#0] Starting transfer: Source "\\\\?\\C:\\Users\\LungaNgubane\\Documents\\CLIENTS\\SMARTLIFE\\esypay\\EP-137274 -- Funeral Plan Import File Example 4.csv" Destination "https://smlifestoragetest.file.core.windows.net/bpidrop/Transforms/EasyPay%20Insurance%20Funeral%20Plan/EP-137274%20--%20Funeral%20Plan%20Import%20File%20Example%204.csv". Specified chunk size 4194304
2024/08/06 11:46:13 ==> REQUEST/RESPONSE (Try=1/16.4344ms, OpTime=51.8012ms) -- RESPONSE SUCCESSFULLY RECEIVED
   HEAD https://smlifestoragetest.file.core.windows.net/bpidrop/Transforms%2FEasyPay%20Insurance%20Funeral%20Plan%2FEP-137274%20--%20Funeral%20Plan%20Import%20File%20Example%204.csv?se=2024-09-05T11%3A46%3A11Z&sig=-REDACTED-&sp=rwl&sr=s&sv=2023-11-03
   X-Ms-Request-Id: [83194469-c01a-0015-64f6-e76345000000]

2024/08/06 11:46:13 ==> REQUEST/RESPONSE (Try=1/36.118ms, OpTime=36.118ms) -- RESPONSE SUCCESSFULLY RECEIVED
   PUT https://smlifestoragetest.file.core.windows.net/bpidrop/Transforms%2FEasyPay%20Insurance%20Funeral%20Plan%2FEP-137274%20--%20Funeral%20Plan%20Import%20File%20Example%204.csv?se=2024-09-05T11%3A46%3A11Z&sig=-REDACTED-&sp=rwl&sr=s&sv=2023-11-03
   X-Ms-Request-Id: [8319446c-c01a-0015-65f6-e76345000000]

2024/08/06 11:46:13 ==> REQUEST/RESPONSE (Try=1/18.1573ms, OpTime=18.6948ms) -- RESPONSE SUCCESSFULLY RECEIVED
   PUT https://smlifestoragetest.file.core.windows.net/bpidrop/Transforms%2FEasyPay%20Insurance%20Funeral%20Plan%2FEP-137274%20--%20Funeral%20Plan%20Import%20File%20Example%204.csv?comp=range&se=2024-09-05T11%3A46%3A11Z&sig=-REDACTED-&sp=rwl&sr=s&sv=2023-11-03
   X-Ms-Request-Id: [8319446d-c01a-0015-66f6-e76345000000]

2024/08/06 11:46:13 ==> REQUEST/RESPONSE (Try=1/13.1631ms, OpTime=13.6673ms) -- RESPONSE SUCCESSFULLY RECEIVED
   PUT https://smlifestoragetest.file.core.windows.net/bpidrop/Transforms%2FEasyPay%20Insurance%20Funeral%20Plan%2FEP-137274%20--%20Funeral%20Plan%20Import%20File%20Example%204.csv?comp=properties&se=2024-09-05T11%3A46%3A11Z&sig=-REDACTED-&sp=rwl&sr=s&sv=2023-11-03
   X-Ms-Request-Id: [8319446e-c01a-0015-67f6-e76345000000]

2024/08/06 11:46:13 ==> REQUEST/RESPONSE (Try=1/13.1125ms, OpTime=13.1125ms) -- RESPONSE SUCCESSFULLY RECEIVED
   PUT https://smlifestoragetest.file.core.windows.net/bpidrop/Transforms%2FEasyPay%20Insurance%20Funeral%20Plan%2FEP-137274%20--%20Funeral%20Plan%20Import%20File%20Example%204.csv?comp=properties&se=2024-09-05T11%3A46%3A11Z&sig=-REDACTED-&sp=rwl&sr=s&sv=2023-11-03
   X-Ms-Request-Id: [8319446f-c01a-0015-68f6-e76345000000]

2024/08/06 11:46:13 ==> REQUEST/RESPONSE (Try=1/12.2277ms, OpTime=14.4091ms) -- RESPONSE SUCCESSFULLY RECEIVED
   HEAD https://smlifestoragetest.file.core.windows.net/bpidrop/Transforms%2FEasyPay%20Insurance%20Funeral%20Plan%2FEP-137274%20--%20Funeral%20Plan%20Import%20File%20Example%204.csv?se=2024-09-05T11%3A46%3A11Z&sig=-REDACTED-&sp=rwl&sr=s&sv=2023-11-03
   X-Ms-Request-Id: [83194470-c01a-0015-69f6-e76345000000]

2024/08/06 11:46:13 INFO: [P#0-T#0] UPLOADSUCCESSFUL: https://smlifestoragetest.file.core.windows.net/bpidrop/Transforms/EasyPay%20Insurance%20Funeral%20Plan/EP-137274%20--%20Funeral%20Plan%20Import%20File%20Example%204.csv
2024/08/06 11:46:13 JobID=78804843-893b-c04f-74fe-a94f84237128, Part#=0, TransfersDone=1 of 1
2024/08/06 11:46:13 all parts of entire Job 78804843-893b-c04f-74fe-a94f84237128 successfully completed, cancelled or paused
2024/08/06 11:46:13 is part of Job which 1 total number of parts done 
2024/08/06 11:46:15 PERF: primary performance constraint is Unknown. States: X:  0, O:  0, M:  0, L:  0, R:  0, D:  0, W:  0, F:  0, B:  0, E:  0, T:  0, GRs:  4
2024/08/06 11:46:15 100.0 %, 1 Done, 0 Failed, 0 Pending, 0 Skipped, 1 Total, 2-sec Throughput (Mb/s): 0.0173
2024/08/06 11:46:15 Closing Log
