2022/05/25 09:27:19 AzcopyVersion  10.13.0
2022/05/25 09:27:19 OS-Environment  windows
2022/05/25 09:27:19 OS-Architecture  amd64
2022/05/25 09:27:19 Log times are in UTC. Local time is 25 May 2022 11:27:19
2022/05/25 09:27:19 Job-Command copy C:\Users\LungaNgubane\Desktop\Deployments\LIBERTY KENYA (LLK)\LLK RFQ109 Soma Savings Plan_UAT Fixes01\LLK RFQ109 Soma Savings Plan_UAT Fixes01 (2).zip https://team3backups.blob.core.windows.net/llk/Deployment%20Packages/LLK%20RFQ109%20Soma%20Savings%20Plan_UAT%20Fixes01%20(2).zip?se=2022-06-24t09%3A27%3A17z&sig=-REDACTED-&sp=rwl&sr=c&sv=2020-10-02 --output-type=json --cancel-from-stdin --overwrite=prompt --from-to=LocalBlob --blob-type Detect --follow-symlinks --put-md5 --follow-symlinks --disable-auto-decoding=false --recursive --log-level=INFO 
2022/05/25 09:27:19 Number of CPUs: 8
2022/05/25 09:27:19 Max file buffer RAM 4.000 GB
2022/05/25 09:27:19 Max concurrent network operations: 128 (Based on number of CPUs. Set AZCOPY_CONCURRENCY_VALUE environment variable to override)
2022/05/25 09:27:19 Check CPU usage when dynamically tuning concurrency: true (Based on hard-coded default. Set AZCOPY_TUNE_TO_CPU environment variable to true or false override)
2022/05/25 09:27:19 Max concurrent transfer initiation routines: 64 (Based on hard-coded default. Set AZCOPY_CONCURRENT_FILES environment variable to override)
2022/05/25 09:27:19 Max enumeration routines: 16 (Based on hard-coded default. Set AZCOPY_CONCURRENT_SCAN environment variable to override)
2022/05/25 09:27:19 Parallelize getting file properties (file.Stat): false (Based on AZCOPY_PARALLEL_STAT_FILES environment variable)
2022/05/25 09:27:19 Max open files when downloading: 2147483119 (auto-computed)
2022/05/25 09:27:19 ISO 8601 START TIME: to copy files that changed before or after this job started, use the parameter --include-before=2022-05-25T09:27:14Z or --include-after=2022-05-25T09:27:14Z
2022/05/25 09:27:19 Any empty folders will not be processed, because source and/or destination doesn't have full folder support
2022/05/25 09:27:19 JobID=7a1d394a-db9c-0a4c-7f35-911406816798, credential type: Anonymous
2022/05/25 09:27:19 scheduling JobID=7a1d394a-db9c-0a4c-7f35-911406816798, Part#=0, Transfer#=0, priority=0
2022/05/25 09:27:19 Final job part has been scheduled
2022/05/25 09:27:19 Final job part has been created
2022/05/25 09:27:19 PERF: primary performance constraint is Unknown. States: X:  0, O:  0, M:  0, L:  0, R:  0, D:  0, W:  0, F:  0, B:  0, E:  0, T:  0, GRs: 111
2022/05/25 09:27:19 0.0 %, 0 Done, 0 Failed, 1 Pending, 0 Skipped, 1 Total, 
2022/05/25 09:27:19 INFO: [P#0-T#0] has worker 22 which is processing TRANSFER 0
2022/05/25 09:27:19 INFO: [P#0-T#0] Starting transfer: Source "\\\\?\\C:\\Users\\LungaNgubane\\Desktop\\Deployments\\LIBERTY KENYA (LLK)\\LLK RFQ109 Soma Savings Plan_UAT Fixes01\\LLK RFQ109 Soma Savings Plan_UAT Fixes01 (2).zip" Destination "https://team3backups.blob.core.windows.net/llk/Deployment%20Packages/LLK%20RFQ109%20Soma%20Savings%20Plan_UAT%20Fixes01%20%282%29.zip?se=2022-06-24t09%3A27%3A17z&sig=-REDACTED-&sp=rwl&sr=c&sv=2020-10-02". Specified chunk size 8388608
2022/05/25 09:27:20 ==> REQUEST/RESPONSE (Try=1/56.1243ms, OpTime=581.282ms) -- RESPONSE SUCCESSFULLY RECEIVED
   HEAD https://team3backups.blob.core.windows.net/llk/Deployment%20Packages/LLK%20RFQ109%20Soma%20Savings%20Plan_UAT%20Fixes01%20%282%29.zip?se=2022-06-24t09%3A27%3A17z&sig=-REDACTED-&sp=rwl&sr=c&sv=2020-10-02&timeout=901
   X-Ms-Request-Id: [990c16cf-401e-000b-5d19-708f9d000000]

2022/05/25 09:27:20 ==> REQUEST/RESPONSE (Try=1/82.2399ms, OpTime=82.6875ms) -- RESPONSE SUCCESSFULLY RECEIVED
   PUT https://team3backups.blob.core.windows.net/llk/Deployment%20Packages/LLK%20RFQ109%20Soma%20Savings%20Plan_UAT%20Fixes01%20%282%29.zip?se=2022-06-24t09%3A27%3A17z&sig=-REDACTED-&sp=rwl&sr=c&sv=2020-10-02&timeout=901
   X-Ms-Request-Id: [990c1709-401e-000b-0a19-708f9d000000]

2022/05/25 09:27:20 ==> REQUEST/RESPONSE (Try=1/47.0856ms, OpTime=47.0856ms) -- RESPONSE SUCCESSFULLY RECEIVED
   HEAD https://team3backups.blob.core.windows.net/llk/Deployment%20Packages/LLK%20RFQ109%20Soma%20Savings%20Plan_UAT%20Fixes01%20%282%29.zip?se=2022-06-24t09%3A27%3A17z&sig=-REDACTED-&sp=rwl&sr=c&sv=2020-10-02&timeout=901
   X-Ms-Request-Id: [990c1734-401e-000b-3019-708f9d000000]

2022/05/25 09:27:20 INFO: [P#0-T#0] UPLOADSUCCESSFUL: https://team3backups.blob.core.windows.net/llk/Deployment%20Packages/LLK%20RFQ109%20Soma%20Savings%20Plan_UAT%20Fixes01%20%282%29.zip
2022/05/25 09:27:20 JobID=7a1d394a-db9c-0a4c-7f35-911406816798, Part#=0, TransfersDone=1 of 1
2022/05/25 09:27:20 all parts of entire Job 7a1d394a-db9c-0a4c-7f35-911406816798 successfully completed, cancelled or paused
2022/05/25 09:27:20 is part of Job which 1 total number of parts done 
2022/05/25 09:27:21 PERF: primary performance constraint is Unknown. States: X:  0, O:  0, M:  0, L:  0, R:  0, D:  0, W:  0, F:  0, B:  0, E:  0, T:  0, GRs: 128
