2024/09/18 13:13:37 AzcopyVersion  10.24.0
2024/09/18 13:13:37 OS-Environment  windows
2024/09/18 13:13:37 OS-Architecture  amd64
2024/09/18 13:13:37 Log times are in UTC. Local time is 18 Sep 2024 15:13:37
2024/09/18 13:13:37 ==> REQUEST/RESPONSE (Try=1/21.9234ms, OpTime=153.2515ms) -- RESPONSE SUCCESSFULLY RECEIVED
   GET https://smlifestoragetest.file.core.windows.net/bpidrop/Transforms%2FEasyPay%20Insurance%20Funeral%20Plan%2FArchive%2FEP-145392--%20Funeral%20Plan%20Import%20File%20Example%20L64.csv?restype=directory&se=2024-10-18T13%3A13%3A36Z&sig=-REDACTED-&sp=rl&sr=s&sv=2023-11-03
   X-Ms-Request-Id: [eb8bd996-e01a-002d-14cc-09c785000000]

2024/09/18 13:13:37 Failed to check if the destination is a folder or a file (Azure Files). Assuming the destination is a file: GET https://smlifestoragetest.file.core.windows.net/bpidrop/Transforms/EasyPay Insurance Funeral Plan/Archive/EP-145392-- Funeral Plan Import File Example L64.csv
--------------------------------------------------------------------------------
RESPONSE 404: 404 The specified resource does not exist.
ERROR CODE: ResourceNotFound
--------------------------------------------------------------------------------
﻿<?xml version="1.0" encoding="utf-8"?><Error><Code>ResourceNotFound</Code><Message>The specified resource does not exist.
RequestId:eb8bd996-e01a-002d-14cc-09c785000000
Time:2024-09-18T13:13:38.2396254Z</Message></Error>
--------------------------------------------------------------------------------

2024/09/18 13:13:37 ==> REQUEST/RESPONSE (Try=1/14.26ms, OpTime=14.26ms) -- RESPONSE SUCCESSFULLY RECEIVED
   HEAD https://smlifestoragetest.file.core.windows.net/bpidrop/Transforms%2FEasyPay%20Insurance%20Funeral%20Plan%2FArchive%2FEP-145392--%20Funeral%20Plan%20Import%20File%20Example%20L64.csv?se=2024-10-18T13%3A13%3A36Z&sig=-REDACTED-&sp=rl&sr=s&sv=2023-11-03
   X-Ms-Request-Id: [eb8bd999-e01a-002d-15cc-09c785000000]

2024/09/18 13:13:39 Closing Log
