2024/09/19 08:08:55 AzcopyVersion  10.24.0
2024/09/19 08:08:55 OS-Environment  windows
2024/09/19 08:08:55 OS-Architecture  amd64
2024/09/19 08:08:55 Log times are in UTC. Local time is 19 Sep 2024 10:08:55
2024/09/19 08:08:57 ISO 8601 START TIME: to copy files that changed before or after this job started, use the parameter --include-before=2024-09-19T08:08:50Z or --include-after=2024-09-19T08:08:50Z
2024/09/19 08:08:57 Any empty folders will be processed, because source and destination both support folders. For the same reason, properties defined on folders will be processed
2024/09/19 08:08:57 Job-Command copy C:\Users\LungaNgubane\Documents\CLIENTS\SMARTLIFE\esypay\EP-145392-- Funeral Plan Import File Example L67.csv https://smlifestoragetest.file.core.windows.net/bpidrop/Transforms/EasyPay%20Insurance%20Funeral%20Plan/EP-145392--%20Funeral%20Plan%20Import%20File%20Example%20L67.csv?se=2024-10-19t08%3A08%3A55z&sig=-REDACTED-&sp=rwl&sr=s&sv=2023-11-03 --output-type=json --cancel-from-stdin --overwrite=prompt --from-to=LocalFile --follow-symlinks --check-length=true --put-md5 --follow-symlinks --preserve-smb-info=true --disable-auto-decoding=false --recursive --log-level=INFO --trailing-dot=Enable 
2024/09/19 08:08:57 Number of CPUs: 8
2024/09/19 08:08:57 Max file buffer RAM 4.000 GB
2024/09/19 08:08:57 Max concurrent network operations:  will be dynamically tuned up to 3000 (Based on auto-tuning limit. Set AZCOPY_CONCURRENCY_VALUE environment variable to override)
2024/09/19 08:08:57 Check CPU usage when dynamically tuning concurrency: true (Based on hard-coded default. Set AZCOPY_TUNE_TO_CPU environment variable to true or false override)
2024/09/19 08:08:57 Max concurrent transfer initiation routines: 64 (Based on hard-coded default. Set AZCOPY_CONCURRENT_FILES environment variable to override)
2024/09/19 08:08:57 Max enumeration routines: 16 (Based on hard-coded default. Set AZCOPY_CONCURRENT_SCAN environment variable to override)
2024/09/19 08:08:57 Parallelize getting file properties (file.Stat): false (Based on AZCOPY_PARALLEL_STAT_FILES environment variable)
2024/09/19 08:08:57 Max open files when downloading: 2147479959 (auto-computed)
2024/09/19 08:08:57 Final job part has been created
2024/09/19 08:08:57 Trying 4 concurrent connections (initial starting point)
2024/09/19 08:08:57 Final job part has been scheduled
2024/09/19 08:08:57 WARN: [P#0-T#0] Block size 8388608 larger than maximum file chunk size, 4 MB chunk size used
2024/09/19 08:08:57 INFO: [P#0-T#0] Starting transfer: Source "\\\\?\\C:\\Users\\LungaNgubane\\Documents\\CLIENTS\\SMARTLIFE\\esypay\\EP-145392-- Funeral Plan Import File Example L67.csv" Destination "https://smlifestoragetest.file.core.windows.net/bpidrop/Transforms/EasyPay%20Insurance%20Funeral%20Plan/EP-145392--%20Funeral%20Plan%20Import%20File%20Example%20L67.csv". Specified chunk size 4194304
2024/09/19 08:08:57 ==> REQUEST/RESPONSE (Try=1/15.2805ms, OpTime=48.6593ms) -- RESPONSE SUCCESSFULLY RECEIVED
   HEAD https://smlifestoragetest.file.core.windows.net/bpidrop/Transforms%2FEasyPay%20Insurance%20Funeral%20Plan%2FEP-145392--%20Funeral%20Plan%20Import%20File%20Example%20L67.csv?se=2024-10-19T08%3A08%3A55Z&sig=-REDACTED-&sp=rwl&sr=s&sv=2023-11-03
   X-Ms-Request-Id: [3314dbf5-f01a-0021-376b-0a508d000000]

2024/09/19 08:08:57 ==> REQUEST/RESPONSE (Try=1/16.4829ms, OpTime=16.4829ms) -- RESPONSE SUCCESSFULLY RECEIVED
   PUT https://smlifestoragetest.file.core.windows.net/bpidrop/Transforms%2FEasyPay%20Insurance%20Funeral%20Plan%2FEP-145392--%20Funeral%20Plan%20Import%20File%20Example%20L67.csv?se=2024-10-19T08%3A08%3A55Z&sig=-REDACTED-&sp=rwl&sr=s&sv=2023-11-03
   X-Ms-Request-Id: [3314dbfa-f01a-0021-396b-0a508d000000]

2024/09/19 08:08:57 ==> REQUEST/RESPONSE (Try=1/15.3215ms, OpTime=15.3215ms) -- RESPONSE SUCCESSFULLY RECEIVED
   PUT https://smlifestoragetest.file.core.windows.net/bpidrop/Transforms%2FEasyPay%20Insurance%20Funeral%20Plan%2FEP-145392--%20Funeral%20Plan%20Import%20File%20Example%20L67.csv?comp=range&se=2024-10-19T08%3A08%3A55Z&sig=-REDACTED-&sp=rwl&sr=s&sv=2023-11-03
   X-Ms-Request-Id: [3314dc05-f01a-0021-436b-0a508d000000]

2024/09/19 08:08:57 ==> REQUEST/RESPONSE (Try=1/15.1563ms, OpTime=15.1563ms) -- RESPONSE SUCCESSFULLY RECEIVED
   PUT https://smlifestoragetest.file.core.windows.net/bpidrop/Transforms%2FEasyPay%20Insurance%20Funeral%20Plan%2FEP-145392--%20Funeral%20Plan%20Import%20File%20Example%20L67.csv?comp=properties&se=2024-10-19T08%3A08%3A55Z&sig=-REDACTED-&sp=rwl&sr=s&sv=2023-11-03
   X-Ms-Request-Id: [3314dc07-f01a-0021-456b-0a508d000000]

2024/09/19 08:08:57 ==> REQUEST/RESPONSE (Try=1/12.5865ms, OpTime=12.5865ms) -- RESPONSE SUCCESSFULLY RECEIVED
   PUT https://smlifestoragetest.file.core.windows.net/bpidrop/Transforms%2FEasyPay%20Insurance%20Funeral%20Plan%2FEP-145392--%20Funeral%20Plan%20Import%20File%20Example%20L67.csv?comp=properties&se=2024-10-19T08%3A08%3A55Z&sig=-REDACTED-&sp=rwl&sr=s&sv=2023-11-03
   X-Ms-Request-Id: [3314dc0b-f01a-0021-496b-0a508d000000]

2024/09/19 08:08:57 ==> REQUEST/RESPONSE (Try=1/12.0204ms, OpTime=13.634ms) -- RESPONSE SUCCESSFULLY RECEIVED
   HEAD https://smlifestoragetest.file.core.windows.net/bpidrop/Transforms%2FEasyPay%20Insurance%20Funeral%20Plan%2FEP-145392--%20Funeral%20Plan%20Import%20File%20Example%20L67.csv?se=2024-10-19T08%3A08%3A55Z&sig=-REDACTED-&sp=rwl&sr=s&sv=2023-11-03
   X-Ms-Request-Id: [3314dc0e-f01a-0021-4c6b-0a508d000000]

2024/09/19 08:08:57 INFO: [P#0-T#0] UPLOADSUCCESSFUL: https://smlifestoragetest.file.core.windows.net/bpidrop/Transforms/EasyPay%20Insurance%20Funeral%20Plan/EP-145392--%20Funeral%20Plan%20Import%20File%20Example%20L67.csv
2024/09/19 08:08:57 JobID=80168460-3210-e940-7b5f-2fb8e866eb8a, Part#=0, TransfersDone=1 of 1
2024/09/19 08:08:57 all parts of entire Job 80168460-3210-e940-7b5f-2fb8e866eb8a successfully completed, cancelled or paused
2024/09/19 08:08:57 is part of Job which 1 total number of parts done 
2024/09/19 08:08:59 PERF: primary performance constraint is Unknown. States: X:  0, O:  0, M:  0, L:  0, R:  0, D:  0, W:  0, F:  0, B:  0, E:  0, T:  0, GRs:  4
2024/09/19 08:08:59 100.0 %, 1 Done, 0 Failed, 0 Pending, 0 Skipped, 1 Total, 2-sec Throughput (Mb/s): 0.0173
2024/09/19 08:08:59 Closing Log
