2024/09/23 16:11:56 AzcopyVersion  10.24.0
2024/09/23 16:11:56 OS-Environment  windows
2024/09/23 16:11:56 OS-Architecture  amd64
2024/09/23 16:11:56 Log times are in UTC. Local time is 23 Sep 2024 18:11:56
2024/09/23 16:11:57 ISO 8601 START TIME: to copy files that changed before or after this job started, use the parameter --include-before=2024-09-23T16:11:51Z or --include-after=2024-09-23T16:11:51Z
2024/09/23 16:11:58 Any empty folders will be processed, because source and destination both support folders. For the same reason, properties defined on folders will be processed
2024/09/23 16:11:58 Job-Command copy C:\Users\LungaNgubane\Documents\CLIENTS\SMARTLIFE\esypay\EP-145392-- Funeral Plan Import File Example L79.csv https://smlifestoragetest.file.core.windows.net/bpidrop/Transforms/EasyPay%20Insurance%20Funeral%20Plan/EP-145392--%20Funeral%20Plan%20Import%20File%20Example%20L79.csv?se=2024-10-23t16%3A11%3A56z&sig=-REDACTED-&sp=rwl&sr=s&sv=2023-11-03 --output-type=json --cancel-from-stdin --overwrite=prompt --from-to=LocalFile --follow-symlinks --check-length=true --put-md5 --follow-symlinks --preserve-smb-info=true --disable-auto-decoding=false --recursive --log-level=INFO --trailing-dot=Enable 
2024/09/23 16:11:58 Number of CPUs: 8
2024/09/23 16:11:58 Max file buffer RAM 4.000 GB
2024/09/23 16:11:58 Max concurrent network operations:  will be dynamically tuned up to 3000 (Based on auto-tuning limit. Set AZCOPY_CONCURRENCY_VALUE environment variable to override)
2024/09/23 16:11:58 Check CPU usage when dynamically tuning concurrency: true (Based on hard-coded default. Set AZCOPY_TUNE_TO_CPU environment variable to true or false override)
2024/09/23 16:11:58 Max concurrent transfer initiation routines: 64 (Based on hard-coded default. Set AZCOPY_CONCURRENT_FILES environment variable to override)
2024/09/23 16:11:58 Max enumeration routines: 16 (Based on hard-coded default. Set AZCOPY_CONCURRENT_SCAN environment variable to override)
2024/09/23 16:11:58 Parallelize getting file properties (file.Stat): false (Based on AZCOPY_PARALLEL_STAT_FILES environment variable)
2024/09/23 16:11:58 Max open files when downloading: 2147479959 (auto-computed)
2024/09/23 16:11:58 Final job part has been created
2024/09/23 16:11:58 Trying 4 concurrent connections (initial starting point)
2024/09/23 16:11:58 Final job part has been scheduled
2024/09/23 16:11:58 WARN: [P#0-T#0] Block size 8388608 larger than maximum file chunk size, 4 MB chunk size used
2024/09/23 16:11:58 INFO: [P#0-T#0] Starting transfer: Source "\\\\?\\C:\\Users\\LungaNgubane\\Documents\\CLIENTS\\SMARTLIFE\\esypay\\EP-145392-- Funeral Plan Import File Example L79.csv" Destination "https://smlifestoragetest.file.core.windows.net/bpidrop/Transforms/EasyPay%20Insurance%20Funeral%20Plan/EP-145392--%20Funeral%20Plan%20Import%20File%20Example%20L79.csv". Specified chunk size 4194304
2024/09/23 16:11:58 ==> REQUEST/RESPONSE (Try=1/18.182ms, OpTime=55.1916ms) -- RESPONSE SUCCESSFULLY RECEIVED
   HEAD https://smlifestoragetest.file.core.windows.net/bpidrop/Transforms%2FEasyPay%20Insurance%20Funeral%20Plan%2FEP-145392--%20Funeral%20Plan%20Import%20File%20Example%20L79.csv?se=2024-10-23T16%3A11%3A56Z&sig=-REDACTED-&sp=rwl&sr=s&sv=2023-11-03
   X-Ms-Request-Id: [a370501c-c01a-0005-70d3-0da62d000000]

2024/09/23 16:11:58 ==> REQUEST/RESPONSE (Try=1/22.562ms, OpTime=22.562ms) -- RESPONSE SUCCESSFULLY RECEIVED
   PUT https://smlifestoragetest.file.core.windows.net/bpidrop/Transforms%2FEasyPay%20Insurance%20Funeral%20Plan%2FEP-145392--%20Funeral%20Plan%20Import%20File%20Example%20L79.csv?se=2024-10-23T16%3A11%3A56Z&sig=-REDACTED-&sp=rwl&sr=s&sv=2023-11-03
   X-Ms-Request-Id: [a370501f-c01a-0005-71d3-0da62d000000]

2024/09/23 16:11:58 ==> REQUEST/RESPONSE (Try=1/16.8701ms, OpTime=17.3967ms) -- RESPONSE SUCCESSFULLY RECEIVED
   PUT https://smlifestoragetest.file.core.windows.net/bpidrop/Transforms%2FEasyPay%20Insurance%20Funeral%20Plan%2FEP-145392--%20Funeral%20Plan%20Import%20File%20Example%20L79.csv?comp=range&se=2024-10-23T16%3A11%3A56Z&sig=-REDACTED-&sp=rwl&sr=s&sv=2023-11-03
   X-Ms-Request-Id: [a3705024-c01a-0005-76d3-0da62d000000]

2024/09/23 16:11:58 ==> REQUEST/RESPONSE (Try=1/15.6545ms, OpTime=15.6545ms) -- RESPONSE SUCCESSFULLY RECEIVED
   PUT https://smlifestoragetest.file.core.windows.net/bpidrop/Transforms%2FEasyPay%20Insurance%20Funeral%20Plan%2FEP-145392--%20Funeral%20Plan%20Import%20File%20Example%20L79.csv?comp=properties&se=2024-10-23T16%3A11%3A56Z&sig=-REDACTED-&sp=rwl&sr=s&sv=2023-11-03
   X-Ms-Request-Id: [a3705025-c01a-0005-77d3-0da62d000000]

2024/09/23 16:11:58 ==> REQUEST/RESPONSE (Try=1/14.868ms, OpTime=14.868ms) -- RESPONSE SUCCESSFULLY RECEIVED
   PUT https://smlifestoragetest.file.core.windows.net/bpidrop/Transforms%2FEasyPay%20Insurance%20Funeral%20Plan%2FEP-145392--%20Funeral%20Plan%20Import%20File%20Example%20L79.csv?comp=properties&se=2024-10-23T16%3A11%3A56Z&sig=-REDACTED-&sp=rwl&sr=s&sv=2023-11-03
   X-Ms-Request-Id: [a3705028-c01a-0005-7ad3-0da62d000000]

2024/09/23 16:11:58 ==> REQUEST/RESPONSE (Try=1/13.3694ms, OpTime=14.9548ms) -- RESPONSE SUCCESSFULLY RECEIVED
   HEAD https://smlifestoragetest.file.core.windows.net/bpidrop/Transforms%2FEasyPay%20Insurance%20Funeral%20Plan%2FEP-145392--%20Funeral%20Plan%20Import%20File%20Example%20L79.csv?se=2024-10-23T16%3A11%3A56Z&sig=-REDACTED-&sp=rwl&sr=s&sv=2023-11-03
   X-Ms-Request-Id: [a3705029-c01a-0005-7bd3-0da62d000000]

2024/09/23 16:11:58 INFO: [P#0-T#0] UPLOADSUCCESSFUL: https://smlifestoragetest.file.core.windows.net/bpidrop/Transforms/EasyPay%20Insurance%20Funeral%20Plan/EP-145392--%20Funeral%20Plan%20Import%20File%20Example%20L79.csv
2024/09/23 16:11:58 JobID=80aac174-ea60-7c4c-4118-7646b96c2bae, Part#=0, TransfersDone=1 of 1
2024/09/23 16:11:58 all parts of entire Job 80aac174-ea60-7c4c-4118-7646b96c2bae successfully completed, cancelled or paused
2024/09/23 16:11:58 is part of Job which 1 total number of parts done 
2024/09/23 16:12:00 PERF: primary performance constraint is Unknown. States: X:  0, O:  0, M:  0, L:  0, R:  0, D:  0, W:  0, F:  0, B:  0, E:  0, T:  0, GRs:  4
2024/09/23 16:12:00 100.0 %, 1 Done, 0 Failed, 0 Pending, 0 Skipped, 1 Total, 2-sec Throughput (Mb/s): 0.0173
2024/09/23 16:12:00 Closing Log
