2024/08/20 12:11:34 AzcopyVersion  10.24.0
2024/08/20 12:11:34 OS-Environment  windows
2024/08/20 12:11:34 OS-Architecture  amd64
2024/08/20 12:11:34 Log times are in UTC. Local time is 20 Aug 2024 14:11:34
2024/08/20 12:11:35 ISO 8601 START TIME: to copy files that changed before or after this job started, use the parameter --include-before=2024-08-20T12:11:29Z or --include-after=2024-08-20T12:11:29Z
2024/08/20 12:11:36 Any empty folders will be processed, because source and destination both support folders. For the same reason, properties defined on folders will be processed
2024/08/20 12:11:36 Job-Command copy C:\Users\LungaNgubane\Documents\CLIENTS\SMARTLIFE\esypay\EP-137274 -- Funeral Plan Import File Example 25.csv https://smlifestoragetest.file.core.windows.net/bpidrop/Transforms/EasyPay%20Insurance%20Funeral%20Plan/EP-137274%20--%20Funeral%20Plan%20Import%20File%20Example%2025.csv?se=2024-09-19t12%3A11%3A34z&sig=-REDACTED-&sp=rwl&sr=s&sv=2023-11-03 --output-type=json --cancel-from-stdin --overwrite=prompt --from-to=LocalFile --follow-symlinks --check-length=true --put-md5 --follow-symlinks --preserve-smb-info=true --disable-auto-decoding=false --recursive --log-level=INFO --trailing-dot=Enable 
2024/08/20 12:11:36 Number of CPUs: 8
2024/08/20 12:11:36 Max file buffer RAM 4.000 GB
2024/08/20 12:11:36 Max concurrent network operations:  will be dynamically tuned up to 3000 (Based on auto-tuning limit. Set AZCOPY_CONCURRENCY_VALUE environment variable to override)
2024/08/20 12:11:36 Check CPU usage when dynamically tuning concurrency: true (Based on hard-coded default. Set AZCOPY_TUNE_TO_CPU environment variable to true or false override)
2024/08/20 12:11:36 Max concurrent transfer initiation routines: 64 (Based on hard-coded default. Set AZCOPY_CONCURRENT_FILES environment variable to override)
2024/08/20 12:11:36 Max enumeration routines: 16 (Based on hard-coded default. Set AZCOPY_CONCURRENT_SCAN environment variable to override)
2024/08/20 12:11:36 Parallelize getting file properties (file.Stat): false (Based on AZCOPY_PARALLEL_STAT_FILES environment variable)
2024/08/20 12:11:36 Max open files when downloading: 2147479959 (auto-computed)
2024/08/20 12:11:36 Final job part has been created
2024/08/20 12:11:36 Trying 4 concurrent connections (initial starting point)
2024/08/20 12:11:36 Final job part has been scheduled
2024/08/20 12:11:36 WARN: [P#0-T#0] Block size 8388608 larger than maximum file chunk size, 4 MB chunk size used
2024/08/20 12:11:36 INFO: [P#0-T#0] Starting transfer: Source "\\\\?\\C:\\Users\\LungaNgubane\\Documents\\CLIENTS\\SMARTLIFE\\esypay\\EP-137274 -- Funeral Plan Import File Example 25.csv" Destination "https://smlifestoragetest.file.core.windows.net/bpidrop/Transforms/EasyPay%20Insurance%20Funeral%20Plan/EP-137274%20--%20Funeral%20Plan%20Import%20File%20Example%2025.csv". Specified chunk size 4194304
2024/08/20 12:11:36 ==> REQUEST/RESPONSE (Try=1/18.6257ms, OpTime=70.0939ms) -- RESPONSE SUCCESSFULLY RECEIVED
   HEAD https://smlifestoragetest.file.core.windows.net/bpidrop/Transforms%2FEasyPay%20Insurance%20Funeral%20Plan%2FEP-137274%20--%20Funeral%20Plan%20Import%20File%20Example%2025.csv?se=2024-09-19T12%3A11%3A34Z&sig=-REDACTED-&sp=rwl&sr=s&sv=2023-11-03
   X-Ms-Request-Id: [895ebd37-701a-002f-06fa-f2793d000000]

2024/08/20 12:11:36 ==> REQUEST/RESPONSE (Try=1/25.6011ms, OpTime=25.6011ms) -- RESPONSE SUCCESSFULLY RECEIVED
   PUT https://smlifestoragetest.file.core.windows.net/bpidrop/Transforms%2FEasyPay%20Insurance%20Funeral%20Plan%2FEP-137274%20--%20Funeral%20Plan%20Import%20File%20Example%2025.csv?se=2024-09-19T12%3A11%3A34Z&sig=-REDACTED-&sp=rwl&sr=s&sv=2023-11-03
   X-Ms-Request-Id: [895ebd3a-701a-002f-07fa-f2793d000000]

2024/08/20 12:11:36 ==> REQUEST/RESPONSE (Try=1/14.8138ms, OpTime=15.322ms) -- RESPONSE SUCCESSFULLY RECEIVED
   PUT https://smlifestoragetest.file.core.windows.net/bpidrop/Transforms%2FEasyPay%20Insurance%20Funeral%20Plan%2FEP-137274%20--%20Funeral%20Plan%20Import%20File%20Example%2025.csv?comp=range&se=2024-09-19T12%3A11%3A34Z&sig=-REDACTED-&sp=rwl&sr=s&sv=2023-11-03
   X-Ms-Request-Id: [895ebd3b-701a-002f-08fa-f2793d000000]

2024/08/20 12:11:36 ==> REQUEST/RESPONSE (Try=1/13.1086ms, OpTime=13.1086ms) -- RESPONSE SUCCESSFULLY RECEIVED
   PUT https://smlifestoragetest.file.core.windows.net/bpidrop/Transforms%2FEasyPay%20Insurance%20Funeral%20Plan%2FEP-137274%20--%20Funeral%20Plan%20Import%20File%20Example%2025.csv?comp=properties&se=2024-09-19T12%3A11%3A34Z&sig=-REDACTED-&sp=rwl&sr=s&sv=2023-11-03
   X-Ms-Request-Id: [895ebd3c-701a-002f-09fa-f2793d000000]

2024/08/20 12:11:36 ==> REQUEST/RESPONSE (Try=1/13.6649ms, OpTime=13.6649ms) -- RESPONSE SUCCESSFULLY RECEIVED
   PUT https://smlifestoragetest.file.core.windows.net/bpidrop/Transforms%2FEasyPay%20Insurance%20Funeral%20Plan%2FEP-137274%20--%20Funeral%20Plan%20Import%20File%20Example%2025.csv?comp=properties&se=2024-09-19T12%3A11%3A34Z&sig=-REDACTED-&sp=rwl&sr=s&sv=2023-11-03
   X-Ms-Request-Id: [895ebd3d-701a-002f-0afa-f2793d000000]

2024/08/20 12:11:36 ==> REQUEST/RESPONSE (Try=1/12.477ms, OpTime=12.477ms) -- RESPONSE SUCCESSFULLY RECEIVED
   HEAD https://smlifestoragetest.file.core.windows.net/bpidrop/Transforms%2FEasyPay%20Insurance%20Funeral%20Plan%2FEP-137274%20--%20Funeral%20Plan%20Import%20File%20Example%2025.csv?se=2024-09-19T12%3A11%3A34Z&sig=-REDACTED-&sp=rwl&sr=s&sv=2023-11-03
   X-Ms-Request-Id: [895ebd3e-701a-002f-0bfa-f2793d000000]

2024/08/20 12:11:36 INFO: [P#0-T#0] UPLOADSUCCESSFUL: https://smlifestoragetest.file.core.windows.net/bpidrop/Transforms/EasyPay%20Insurance%20Funeral%20Plan/EP-137274%20--%20Funeral%20Plan%20Import%20File%20Example%2025.csv
2024/08/20 12:11:36 JobID=86685c5d-53d9-014b-5001-cf8adccf3ee9, Part#=0, TransfersDone=1 of 1
2024/08/20 12:11:36 all parts of entire Job 86685c5d-53d9-014b-5001-cf8adccf3ee9 successfully completed, cancelled or paused
2024/08/20 12:11:36 is part of Job which 1 total number of parts done 
2024/08/20 12:11:38 PERF: primary performance constraint is Unknown. States: X:  0, O:  0, M:  0, L:  0, R:  0, D:  0, W:  0, F:  0, B:  0, E:  0, T:  0, GRs:  4
2024/08/20 12:11:38 100.0 %, 1 Done, 0 Failed, 0 Pending, 0 Skipped, 1 Total, 2-sec Throughput (Mb/s): 0.0173
2024/08/20 12:11:38 Closing Log
