2024/09/20 08:58:45 AzcopyVersion  10.24.0
2024/09/20 08:58:45 OS-Environment  windows
2024/09/20 08:58:45 OS-Architecture  amd64
2024/09/20 08:58:45 Log times are in UTC. Local time is 20 Sep 2024 10:58:45
2024/09/20 08:58:47 ISO 8601 START TIME: to copy files that changed before or after this job started, use the parameter --include-before=2024-09-20T08:58:40Z or --include-after=2024-09-20T08:58:40Z
2024/09/20 08:58:47 Any empty folders will be processed, because source and destination both support folders. For the same reason, properties defined on folders will be processed
2024/09/20 08:58:47 Job-Command copy C:\Users\LungaNgubane\Documents\CLIENTS\SMARTLIFE\esypay\EP-145392-- Funeral Plan Import File Example L68.csv https://smlifestoragetest.file.core.windows.net/bpidrop/Transforms/EasyPay%20Insurance%20Funeral%20Plan/EP-145392--%20Funeral%20Plan%20Import%20File%20Example%20L68.csv?se=2024-10-20t08%3A58%3A45z&sig=-REDACTED-&sp=rwl&sr=s&sv=2023-11-03 --output-type=json --cancel-from-stdin --overwrite=prompt --from-to=LocalFile --follow-symlinks --check-length=true --put-md5 --follow-symlinks --preserve-smb-info=true --disable-auto-decoding=false --recursive --log-level=INFO --trailing-dot=Enable 
2024/09/20 08:58:47 Number of CPUs: 8
2024/09/20 08:58:47 Max file buffer RAM 4.000 GB
2024/09/20 08:58:47 Max concurrent network operations:  will be dynamically tuned up to 3000 (Based on auto-tuning limit. Set AZCOPY_CONCURRENCY_VALUE environment variable to override)
2024/09/20 08:58:47 Check CPU usage when dynamically tuning concurrency: true (Based on hard-coded default. Set AZCOPY_TUNE_TO_CPU environment variable to true or false override)
2024/09/20 08:58:47 Max concurrent transfer initiation routines: 64 (Based on hard-coded default. Set AZCOPY_CONCURRENT_FILES environment variable to override)
2024/09/20 08:58:47 Max enumeration routines: 16 (Based on hard-coded default. Set AZCOPY_CONCURRENT_SCAN environment variable to override)
2024/09/20 08:58:47 Parallelize getting file properties (file.Stat): false (Based on AZCOPY_PARALLEL_STAT_FILES environment variable)
2024/09/20 08:58:47 Max open files when downloading: 2147479959 (auto-computed)
2024/09/20 08:58:47 Final job part has been created
2024/09/20 08:58:47 Trying 4 concurrent connections (initial starting point)
2024/09/20 08:58:47 Final job part has been scheduled
2024/09/20 08:58:47 WARN: [P#0-T#0] Block size 8388608 larger than maximum file chunk size, 4 MB chunk size used
2024/09/20 08:58:47 INFO: [P#0-T#0] Starting transfer: Source "\\\\?\\C:\\Users\\LungaNgubane\\Documents\\CLIENTS\\SMARTLIFE\\esypay\\EP-145392-- Funeral Plan Import File Example L68.csv" Destination "https://smlifestoragetest.file.core.windows.net/bpidrop/Transforms/EasyPay%20Insurance%20Funeral%20Plan/EP-145392--%20Funeral%20Plan%20Import%20File%20Example%20L68.csv". Specified chunk size 4194304
2024/09/20 08:58:47 ==> REQUEST/RESPONSE (Try=1/22.7389ms, OpTime=54.8808ms) -- RESPONSE SUCCESSFULLY RECEIVED
   HEAD https://smlifestoragetest.file.core.windows.net/bpidrop/Transforms%2FEasyPay%20Insurance%20Funeral%20Plan%2FEP-145392--%20Funeral%20Plan%20Import%20File%20Example%20L68.csv?se=2024-10-20T08%3A58%3A45Z&sig=-REDACTED-&sp=rwl&sr=s&sv=2023-11-03
   X-Ms-Request-Id: [ffa6dfb3-101a-0029-7d3b-0b4a82000000]

2024/09/20 08:58:47 ==> REQUEST/RESPONSE (Try=1/31.3491ms, OpTime=31.3491ms) -- RESPONSE SUCCESSFULLY RECEIVED
   PUT https://smlifestoragetest.file.core.windows.net/bpidrop/Transforms%2FEasyPay%20Insurance%20Funeral%20Plan%2FEP-145392--%20Funeral%20Plan%20Import%20File%20Example%20L68.csv?se=2024-10-20T08%3A58%3A45Z&sig=-REDACTED-&sp=rwl&sr=s&sv=2023-11-03
   X-Ms-Request-Id: [ffa6dfb6-101a-0029-7e3b-0b4a82000000]

2024/09/20 08:58:48 ==> REQUEST/RESPONSE (Try=1/18.2748ms, OpTime=18.9577ms) -- RESPONSE SUCCESSFULLY RECEIVED
   PUT https://smlifestoragetest.file.core.windows.net/bpidrop/Transforms%2FEasyPay%20Insurance%20Funeral%20Plan%2FEP-145392--%20Funeral%20Plan%20Import%20File%20Example%20L68.csv?comp=range&se=2024-10-20T08%3A58%3A45Z&sig=-REDACTED-&sp=rwl&sr=s&sv=2023-11-03
   X-Ms-Request-Id: [ffa6dfb8-101a-0029-803b-0b4a82000000]

2024/09/20 08:58:48 ==> REQUEST/RESPONSE (Try=1/16.2798ms, OpTime=16.2798ms) -- RESPONSE SUCCESSFULLY RECEIVED
   PUT https://smlifestoragetest.file.core.windows.net/bpidrop/Transforms%2FEasyPay%20Insurance%20Funeral%20Plan%2FEP-145392--%20Funeral%20Plan%20Import%20File%20Example%20L68.csv?comp=properties&se=2024-10-20T08%3A58%3A45Z&sig=-REDACTED-&sp=rwl&sr=s&sv=2023-11-03
   X-Ms-Request-Id: [ffa6dfb9-101a-0029-013b-0b4a82000000]

2024/09/20 08:58:48 ==> REQUEST/RESPONSE (Try=1/26.9417ms, OpTime=26.9417ms) -- RESPONSE SUCCESSFULLY RECEIVED
   PUT https://smlifestoragetest.file.core.windows.net/bpidrop/Transforms%2FEasyPay%20Insurance%20Funeral%20Plan%2FEP-145392--%20Funeral%20Plan%20Import%20File%20Example%20L68.csv?comp=properties&se=2024-10-20T08%3A58%3A45Z&sig=-REDACTED-&sp=rwl&sr=s&sv=2023-11-03
   X-Ms-Request-Id: [ffa6dfba-101a-0029-023b-0b4a82000000]

2024/09/20 08:58:48 ==> REQUEST/RESPONSE (Try=1/13.8399ms, OpTime=15.4189ms) -- RESPONSE SUCCESSFULLY RECEIVED
   HEAD https://smlifestoragetest.file.core.windows.net/bpidrop/Transforms%2FEasyPay%20Insurance%20Funeral%20Plan%2FEP-145392--%20Funeral%20Plan%20Import%20File%20Example%20L68.csv?se=2024-10-20T08%3A58%3A45Z&sig=-REDACTED-&sp=rwl&sr=s&sv=2023-11-03
   X-Ms-Request-Id: [ffa6dfbb-101a-0029-033b-0b4a82000000]

2024/09/20 08:58:48 INFO: [P#0-T#0] UPLOADSUCCESSFUL: https://smlifestoragetest.file.core.windows.net/bpidrop/Transforms/EasyPay%20Insurance%20Funeral%20Plan/EP-145392--%20Funeral%20Plan%20Import%20File%20Example%20L68.csv
2024/09/20 08:58:48 JobID=8bd57dbe-70af-1440-5ee7-0e31340ce2d1, Part#=0, TransfersDone=1 of 1
2024/09/20 08:58:48 all parts of entire Job 8bd57dbe-70af-1440-5ee7-0e31340ce2d1 successfully completed, cancelled or paused
2024/09/20 08:58:48 is part of Job which 1 total number of parts done 
2024/09/20 08:58:49 PERF: primary performance constraint is Unknown. States: X:  0, O:  0, M:  0, L:  0, R:  0, D:  0, W:  0, F:  0, B:  0, E:  0, T:  0, GRs:  4
2024/09/20 08:58:49 100.0 %, 1 Done, 0 Failed, 0 Pending, 0 Skipped, 1 Total, 2-sec Throughput (Mb/s): 0.0173
2024/09/20 08:58:49 Closing Log
