2024/09/26 14:12:29 AzcopyVersion  10.24.0
2024/09/26 14:12:29 OS-Environment  windows
2024/09/26 14:12:29 OS-Architecture  amd64
2024/09/26 14:12:29 Log times are in UTC. Local time is 26 Sep 2024 16:12:29
2024/09/26 14:12:30 ISO 8601 START TIME: to copy files that changed before or after this job started, use the parameter --include-before=2024-09-26T14:12:24Z or --include-after=2024-09-26T14:12:24Z
2024/09/26 14:12:30 Any empty folders will be processed, because source and destination both support folders. For the same reason, properties defined on folders will be processed
2024/09/26 14:12:30 Job-Command copy C:\Users\LungaNgubane\Documents\CLIENTS\SMARTLIFE\esypay\EP-145392-- Funeral Plan Import File Example L84.csv https://smlifestoragetest.file.core.windows.net/bpidrop/Transforms/EasyPay%20Insurance%20Funeral%20Plan/EP-145392--%20Funeral%20Plan%20Import%20File%20Example%20L84.csv?se=2024-10-26t14%3A12%3A29z&sig=-REDACTED-&sp=rwl&sr=s&sv=2023-11-03 --output-type=json --cancel-from-stdin --overwrite=prompt --from-to=LocalFile --follow-symlinks --check-length=true --put-md5 --follow-symlinks --preserve-smb-info=true --disable-auto-decoding=false --recursive --log-level=INFO --trailing-dot=Enable 
2024/09/26 14:12:30 Number of CPUs: 8
2024/09/26 14:12:30 Max file buffer RAM 4.000 GB
2024/09/26 14:12:30 Max concurrent network operations:  will be dynamically tuned up to 3000 (Based on auto-tuning limit. Set AZCOPY_CONCURRENCY_VALUE environment variable to override)
2024/09/26 14:12:30 Check CPU usage when dynamically tuning concurrency: true (Based on hard-coded default. Set AZCOPY_TUNE_TO_CPU environment variable to true or false override)
2024/09/26 14:12:30 Max concurrent transfer initiation routines: 64 (Based on hard-coded default. Set AZCOPY_CONCURRENT_FILES environment variable to override)
2024/09/26 14:12:30 Max enumeration routines: 16 (Based on hard-coded default. Set AZCOPY_CONCURRENT_SCAN environment variable to override)
2024/09/26 14:12:30 Parallelize getting file properties (file.Stat): false (Based on AZCOPY_PARALLEL_STAT_FILES environment variable)
2024/09/26 14:12:30 Max open files when downloading: 2147479959 (auto-computed)
2024/09/26 14:12:30 Final job part has been created
2024/09/26 14:12:30 Final job part has been scheduled
2024/09/26 14:12:30 Trying 4 concurrent connections (initial starting point)
2024/09/26 14:12:30 WARN: [P#0-T#0] Block size 8388608 larger than maximum file chunk size, 4 MB chunk size used
2024/09/26 14:12:31 INFO: [P#0-T#0] Starting transfer: Source "\\\\?\\C:\\Users\\LungaNgubane\\Documents\\CLIENTS\\SMARTLIFE\\esypay\\EP-145392-- Funeral Plan Import File Example L84.csv" Destination "https://smlifestoragetest.file.core.windows.net/bpidrop/Transforms/EasyPay%20Insurance%20Funeral%20Plan/EP-145392--%20Funeral%20Plan%20Import%20File%20Example%20L84.csv". Specified chunk size 4194304
2024/09/26 14:12:31 ==> REQUEST/RESPONSE (Try=1/14.7675ms, OpTime=51.1768ms) -- RESPONSE SUCCESSFULLY RECEIVED
   HEAD https://smlifestoragetest.file.core.windows.net/bpidrop/Transforms%2FEasyPay%20Insurance%20Funeral%20Plan%2FEP-145392--%20Funeral%20Plan%20Import%20File%20Example%20L84.csv?se=2024-10-26T14%3A12%3A29Z&sig=-REDACTED-&sp=rwl&sr=s&sv=2023-11-03
   X-Ms-Request-Id: [86413515-d01a-0019-571e-10f44d000000]

2024/09/26 14:12:31 ==> REQUEST/RESPONSE (Try=1/43.9008ms, OpTime=43.9008ms) -- RESPONSE SUCCESSFULLY RECEIVED
   PUT https://smlifestoragetest.file.core.windows.net/bpidrop/Transforms%2FEasyPay%20Insurance%20Funeral%20Plan%2FEP-145392--%20Funeral%20Plan%20Import%20File%20Example%20L84.csv?se=2024-10-26T14%3A12%3A29Z&sig=-REDACTED-&sp=rwl&sr=s&sv=2023-11-03
   X-Ms-Request-Id: [8641351b-d01a-0019-591e-10f44d000000]

2024/09/26 14:12:31 ==> REQUEST/RESPONSE (Try=1/15.9972ms, OpTime=15.9972ms) -- RESPONSE SUCCESSFULLY RECEIVED
   PUT https://smlifestoragetest.file.core.windows.net/bpidrop/Transforms%2FEasyPay%20Insurance%20Funeral%20Plan%2FEP-145392--%20Funeral%20Plan%20Import%20File%20Example%20L84.csv?comp=range&se=2024-10-26T14%3A12%3A29Z&sig=-REDACTED-&sp=rwl&sr=s&sv=2023-11-03
   X-Ms-Request-Id: [8641351c-d01a-0019-5a1e-10f44d000000]

2024/09/26 14:12:31 ==> REQUEST/RESPONSE (Try=1/13.8845ms, OpTime=13.8845ms) -- RESPONSE SUCCESSFULLY RECEIVED
   PUT https://smlifestoragetest.file.core.windows.net/bpidrop/Transforms%2FEasyPay%20Insurance%20Funeral%20Plan%2FEP-145392--%20Funeral%20Plan%20Import%20File%20Example%20L84.csv?comp=properties&se=2024-10-26T14%3A12%3A29Z&sig=-REDACTED-&sp=rwl&sr=s&sv=2023-11-03
   X-Ms-Request-Id: [8641351d-d01a-0019-5b1e-10f44d000000]

2024/09/26 14:12:31 ==> REQUEST/RESPONSE (Try=1/15.7465ms, OpTime=15.7465ms) -- RESPONSE SUCCESSFULLY RECEIVED
   PUT https://smlifestoragetest.file.core.windows.net/bpidrop/Transforms%2FEasyPay%20Insurance%20Funeral%20Plan%2FEP-145392--%20Funeral%20Plan%20Import%20File%20Example%20L84.csv?comp=properties&se=2024-10-26T14%3A12%3A29Z&sig=-REDACTED-&sp=rwl&sr=s&sv=2023-11-03
   X-Ms-Request-Id: [8641351e-d01a-0019-5c1e-10f44d000000]

2024/09/26 14:12:31 ==> REQUEST/RESPONSE (Try=1/12.9063ms, OpTime=13.4396ms) -- RESPONSE SUCCESSFULLY RECEIVED
   HEAD https://smlifestoragetest.file.core.windows.net/bpidrop/Transforms%2FEasyPay%20Insurance%20Funeral%20Plan%2FEP-145392--%20Funeral%20Plan%20Import%20File%20Example%20L84.csv?se=2024-10-26T14%3A12%3A29Z&sig=-REDACTED-&sp=rwl&sr=s&sv=2023-11-03
   X-Ms-Request-Id: [8641351f-d01a-0019-5d1e-10f44d000000]

2024/09/26 14:12:31 INFO: [P#0-T#0] UPLOADSUCCESSFUL: https://smlifestoragetest.file.core.windows.net/bpidrop/Transforms/EasyPay%20Insurance%20Funeral%20Plan/EP-145392--%20Funeral%20Plan%20Import%20File%20Example%20L84.csv
2024/09/26 14:12:31 JobID=8f7ca44f-fe4e-6d4e-4ef7-1e1c54db2d37, Part#=0, TransfersDone=1 of 1
2024/09/26 14:12:31 all parts of entire Job 8f7ca44f-fe4e-6d4e-4ef7-1e1c54db2d37 successfully completed, cancelled or paused
2024/09/26 14:12:31 is part of Job which 1 total number of parts done 
2024/09/26 14:12:32 PERF: primary performance constraint is Unknown. States: X:  0, O:  0, M:  0, L:  0, R:  0, D:  0, W:  0, F:  0, B:  0, E:  0, T:  0, GRs:  4
2024/09/26 14:12:32 100.0 %, 1 Done, 0 Failed, 0 Pending, 0 Skipped, 1 Total, 2-sec Throughput (Mb/s): 0.0173
2024/09/26 14:12:32 Closing Log
