2024/08/07 06:49:54 AzcopyVersion  10.24.0
2024/08/07 06:49:54 OS-Environment  windows
2024/08/07 06:49:54 OS-Architecture  amd64
2024/08/07 06:49:54 Log times are in UTC. Local time is 7 Aug 2024 08:49:54
2024/08/07 06:49:55 ISO 8601 START TIME: to copy files that changed before or after this job started, use the parameter --include-before=2024-08-07T06:49:49Z or --include-after=2024-08-07T06:49:49Z
2024/08/07 06:49:55 Any empty folders will be processed, because source and destination both support folders. For the same reason, properties defined on folders will be processed
2024/08/07 06:49:55 Job-Command copy C:\Users\LungaNgubane\Documents\CLIENTS\SMARTLIFE\esypay\EP-137274 -- Funeral Plan Import File Example 6.csv https://smlifestoragetest.file.core.windows.net/bpidrop/Transforms/EasyPay%20Insurance%20Funeral%20Plan/EP-137274%20--%20Funeral%20Plan%20Import%20File%20Example%206.csv?se=2024-09-06t06%3A49%3A54z&sig=-REDACTED-&sp=rwl&sr=s&sv=2023-11-03 --output-type=json --cancel-from-stdin --overwrite=prompt --from-to=LocalFile --follow-symlinks --check-length=true --put-md5 --follow-symlinks --preserve-smb-info=true --disable-auto-decoding=false --recursive --log-level=INFO --trailing-dot=Enable 
2024/08/07 06:49:55 Number of CPUs: 8
2024/08/07 06:49:55 Max file buffer RAM 4.000 GB
2024/08/07 06:49:55 Max concurrent network operations:  will be dynamically tuned up to 3000 (Based on auto-tuning limit. Set AZCOPY_CONCURRENCY_VALUE environment variable to override)
2024/08/07 06:49:55 Check CPU usage when dynamically tuning concurrency: true (Based on hard-coded default. Set AZCOPY_TUNE_TO_CPU environment variable to true or false override)
2024/08/07 06:49:55 Max concurrent transfer initiation routines: 64 (Based on hard-coded default. Set AZCOPY_CONCURRENT_FILES environment variable to override)
2024/08/07 06:49:55 Max enumeration routines: 16 (Based on hard-coded default. Set AZCOPY_CONCURRENT_SCAN environment variable to override)
2024/08/07 06:49:55 Parallelize getting file properties (file.Stat): false (Based on AZCOPY_PARALLEL_STAT_FILES environment variable)
2024/08/07 06:49:55 Max open files when downloading: 2147479959 (auto-computed)
2024/08/07 06:49:55 Final job part has been created
2024/08/07 06:49:55 Trying 4 concurrent connections (initial starting point)
2024/08/07 06:49:55 Final job part has been scheduled
2024/08/07 06:49:55 WARN: [P#0-T#0] Block size 8388608 larger than maximum file chunk size, 4 MB chunk size used
2024/08/07 06:49:55 INFO: [P#0-T#0] Starting transfer: Source "\\\\?\\C:\\Users\\LungaNgubane\\Documents\\CLIENTS\\SMARTLIFE\\esypay\\EP-137274 -- Funeral Plan Import File Example 6.csv" Destination "https://smlifestoragetest.file.core.windows.net/bpidrop/Transforms/EasyPay%20Insurance%20Funeral%20Plan/EP-137274%20--%20Funeral%20Plan%20Import%20File%20Example%206.csv". Specified chunk size 4194304
2024/08/07 06:49:55 ==> REQUEST/RESPONSE (Try=1/17.9079ms, OpTime=52.485ms) -- RESPONSE SUCCESSFULLY RECEIVED
   HEAD https://smlifestoragetest.file.core.windows.net/bpidrop/Transforms%2FEasyPay%20Insurance%20Funeral%20Plan%2FEP-137274%20--%20Funeral%20Plan%20Import%20File%20Example%206.csv?se=2024-09-06T06%3A49%3A54Z&sig=-REDACTED-&sp=rwl&sr=s&sv=2023-11-03
   X-Ms-Request-Id: [a73711cb-601a-001c-4e96-e82696000000]

2024/08/07 06:49:56 ==> REQUEST/RESPONSE (Try=1/51.8947ms, OpTime=51.8947ms) -- RESPONSE SUCCESSFULLY RECEIVED
   PUT https://smlifestoragetest.file.core.windows.net/bpidrop/Transforms%2FEasyPay%20Insurance%20Funeral%20Plan%2FEP-137274%20--%20Funeral%20Plan%20Import%20File%20Example%206.csv?se=2024-09-06T06%3A49%3A54Z&sig=-REDACTED-&sp=rwl&sr=s&sv=2023-11-03
   X-Ms-Request-Id: [a73711ce-601a-001c-4f96-e82696000000]

2024/08/07 06:49:56 ==> REQUEST/RESPONSE (Try=1/13.8969ms, OpTime=14.4469ms) -- RESPONSE SUCCESSFULLY RECEIVED
   PUT https://smlifestoragetest.file.core.windows.net/bpidrop/Transforms%2FEasyPay%20Insurance%20Funeral%20Plan%2FEP-137274%20--%20Funeral%20Plan%20Import%20File%20Example%206.csv?comp=range&se=2024-09-06T06%3A49%3A54Z&sig=-REDACTED-&sp=rwl&sr=s&sv=2023-11-03
   X-Ms-Request-Id: [a73711d3-601a-001c-5496-e82696000000]

2024/08/07 06:49:56 ==> REQUEST/RESPONSE (Try=1/28.1211ms, OpTime=28.1211ms) -- RESPONSE SUCCESSFULLY RECEIVED
   PUT https://smlifestoragetest.file.core.windows.net/bpidrop/Transforms%2FEasyPay%20Insurance%20Funeral%20Plan%2FEP-137274%20--%20Funeral%20Plan%20Import%20File%20Example%206.csv?comp=properties&se=2024-09-06T06%3A49%3A54Z&sig=-REDACTED-&sp=rwl&sr=s&sv=2023-11-03
   X-Ms-Request-Id: [a73711d4-601a-001c-5596-e82696000000]

2024/08/07 06:49:56 ==> REQUEST/RESPONSE (Try=1/15.1096ms, OpTime=15.1096ms) -- RESPONSE SUCCESSFULLY RECEIVED
   PUT https://smlifestoragetest.file.core.windows.net/bpidrop/Transforms%2FEasyPay%20Insurance%20Funeral%20Plan%2FEP-137274%20--%20Funeral%20Plan%20Import%20File%20Example%206.csv?comp=properties&se=2024-09-06T06%3A49%3A54Z&sig=-REDACTED-&sp=rwl&sr=s&sv=2023-11-03
   X-Ms-Request-Id: [a73711d7-601a-001c-5896-e82696000000]

2024/08/07 06:49:56 ==> REQUEST/RESPONSE (Try=1/12.9405ms, OpTime=15.9621ms) -- RESPONSE SUCCESSFULLY RECEIVED
   HEAD https://smlifestoragetest.file.core.windows.net/bpidrop/Transforms%2FEasyPay%20Insurance%20Funeral%20Plan%2FEP-137274%20--%20Funeral%20Plan%20Import%20File%20Example%206.csv?se=2024-09-06T06%3A49%3A54Z&sig=-REDACTED-&sp=rwl&sr=s&sv=2023-11-03
   X-Ms-Request-Id: [a73711d9-601a-001c-5a96-e82696000000]

2024/08/07 06:49:56 INFO: [P#0-T#0] UPLOADSUCCESSFUL: https://smlifestoragetest.file.core.windows.net/bpidrop/Transforms/EasyPay%20Insurance%20Funeral%20Plan/EP-137274%20--%20Funeral%20Plan%20Import%20File%20Example%206.csv
2024/08/07 06:49:56 JobID=9db694a4-a61b-f742-6cc2-056c9f1e632f, Part#=0, TransfersDone=1 of 1
2024/08/07 06:49:56 all parts of entire Job 9db694a4-a61b-f742-6cc2-056c9f1e632f successfully completed, cancelled or paused
2024/08/07 06:49:56 is part of Job which 1 total number of parts done 
2024/08/07 06:49:57 PERF: primary performance constraint is Unknown. States: X:  0, O:  0, M:  0, L:  0, R:  0, D:  0, W:  0, F:  0, B:  0, E:  0, T:  0, GRs:  4
2024/08/07 06:49:57 100.0 %, 1 Done, 0 Failed, 0 Pending, 0 Skipped, 1 Total, 2-sec Throughput (Mb/s): 0.0172
2024/08/07 06:49:57 Closing Log
