2024/09/26 08:29:51 AzcopyVersion  10.24.0
2024/09/26 08:29:51 OS-Environment  windows
2024/09/26 08:29:51 OS-Architecture  amd64
2024/09/26 08:29:51 Log times are in UTC. Local time is 26 Sep 2024 10:29:51
2024/09/26 08:29:52 ISO 8601 START TIME: to copy files that changed before or after this job started, use the parameter --include-before=2024-09-26T08:29:46Z or --include-after=2024-09-26T08:29:46Z
2024/09/26 08:29:52 Any empty folders will be processed, because source and destination both support folders. For the same reason, properties defined on folders will be processed
2024/09/26 08:29:52 Job-Command copy C:\Users\LungaNgubane\Documents\CLIENTS\SMARTLIFE\esypay\EP-145392-- Funeral Plan Import File Example L81.csv https://smlifestoragetest.file.core.windows.net/bpidrop/Transforms/EasyPay%20Insurance%20Funeral%20Plan/EP-145392--%20Funeral%20Plan%20Import%20File%20Example%20L81.csv?se=2024-10-26t08%3A29%3A50z&sig=-REDACTED-&sp=rwl&sr=s&sv=2023-11-03 --output-type=json --cancel-from-stdin --overwrite=prompt --from-to=LocalFile --follow-symlinks --check-length=true --put-md5 --follow-symlinks --preserve-smb-info=true --disable-auto-decoding=false --recursive --log-level=INFO --trailing-dot=Enable 
2024/09/26 08:29:52 Number of CPUs: 8
2024/09/26 08:29:52 Max file buffer RAM 4.000 GB
2024/09/26 08:29:52 Max concurrent network operations:  will be dynamically tuned up to 3000 (Based on auto-tuning limit. Set AZCOPY_CONCURRENCY_VALUE environment variable to override)
2024/09/26 08:29:52 Check CPU usage when dynamically tuning concurrency: true (Based on hard-coded default. Set AZCOPY_TUNE_TO_CPU environment variable to true or false override)
2024/09/26 08:29:52 Max concurrent transfer initiation routines: 64 (Based on hard-coded default. Set AZCOPY_CONCURRENT_FILES environment variable to override)
2024/09/26 08:29:52 Max enumeration routines: 16 (Based on hard-coded default. Set AZCOPY_CONCURRENT_SCAN environment variable to override)
2024/09/26 08:29:52 Parallelize getting file properties (file.Stat): false (Based on AZCOPY_PARALLEL_STAT_FILES environment variable)
2024/09/26 08:29:52 Max open files when downloading: 2147479959 (auto-computed)
2024/09/26 08:29:52 Final job part has been created
2024/09/26 08:29:52 Trying 4 concurrent connections (initial starting point)
2024/09/26 08:29:52 Final job part has been scheduled
2024/09/26 08:29:52 WARN: [P#0-T#0] Block size 8388608 larger than maximum file chunk size, 4 MB chunk size used
2024/09/26 08:29:53 INFO: [P#0-T#0] Starting transfer: Source "\\\\?\\C:\\Users\\LungaNgubane\\Documents\\CLIENTS\\SMARTLIFE\\esypay\\EP-145392-- Funeral Plan Import File Example L81.csv" Destination "https://smlifestoragetest.file.core.windows.net/bpidrop/Transforms/EasyPay%20Insurance%20Funeral%20Plan/EP-145392--%20Funeral%20Plan%20Import%20File%20Example%20L81.csv". Specified chunk size 4194304
2024/09/26 08:29:53 ==> REQUEST/RESPONSE (Try=1/13.642ms, OpTime=49.3664ms) -- RESPONSE SUCCESSFULLY RECEIVED
   HEAD https://smlifestoragetest.file.core.windows.net/bpidrop/Transforms%2FEasyPay%20Insurance%20Funeral%20Plan%2FEP-145392--%20Funeral%20Plan%20Import%20File%20Example%20L81.csv?se=2024-10-26T08%3A29%3A50Z&sig=-REDACTED-&sp=rwl&sr=s&sv=2023-11-03
   X-Ms-Request-Id: [d9e85ec0-401a-0024-36ee-0f8256000000]

2024/09/26 08:29:53 ==> REQUEST/RESPONSE (Try=1/23.8029ms, OpTime=23.8029ms) -- RESPONSE SUCCESSFULLY RECEIVED
   PUT https://smlifestoragetest.file.core.windows.net/bpidrop/Transforms%2FEasyPay%20Insurance%20Funeral%20Plan%2FEP-145392--%20Funeral%20Plan%20Import%20File%20Example%20L81.csv?se=2024-10-26T08%3A29%3A50Z&sig=-REDACTED-&sp=rwl&sr=s&sv=2023-11-03
   X-Ms-Request-Id: [d9e85ec3-401a-0024-37ee-0f8256000000]

2024/09/26 08:29:53 ==> REQUEST/RESPONSE (Try=1/13.5314ms, OpTime=13.5314ms) -- RESPONSE SUCCESSFULLY RECEIVED
   PUT https://smlifestoragetest.file.core.windows.net/bpidrop/Transforms%2FEasyPay%20Insurance%20Funeral%20Plan%2FEP-145392--%20Funeral%20Plan%20Import%20File%20Example%20L81.csv?comp=range&se=2024-10-26T08%3A29%3A50Z&sig=-REDACTED-&sp=rwl&sr=s&sv=2023-11-03
   X-Ms-Request-Id: [d9e85ec5-401a-0024-39ee-0f8256000000]

2024/09/26 08:29:53 ==> REQUEST/RESPONSE (Try=1/12.529ms, OpTime=12.529ms) -- RESPONSE SUCCESSFULLY RECEIVED
   PUT https://smlifestoragetest.file.core.windows.net/bpidrop/Transforms%2FEasyPay%20Insurance%20Funeral%20Plan%2FEP-145392--%20Funeral%20Plan%20Import%20File%20Example%20L81.csv?comp=properties&se=2024-10-26T08%3A29%3A50Z&sig=-REDACTED-&sp=rwl&sr=s&sv=2023-11-03
   X-Ms-Request-Id: [d9e85ec6-401a-0024-3aee-0f8256000000]

2024/09/26 08:29:53 ==> REQUEST/RESPONSE (Try=1/12.1979ms, OpTime=12.1979ms) -- RESPONSE SUCCESSFULLY RECEIVED
   PUT https://smlifestoragetest.file.core.windows.net/bpidrop/Transforms%2FEasyPay%20Insurance%20Funeral%20Plan%2FEP-145392--%20Funeral%20Plan%20Import%20File%20Example%20L81.csv?comp=properties&se=2024-10-26T08%3A29%3A50Z&sig=-REDACTED-&sp=rwl&sr=s&sv=2023-11-03
   X-Ms-Request-Id: [d9e85ec7-401a-0024-3bee-0f8256000000]

2024/09/26 08:29:53 ==> REQUEST/RESPONSE (Try=1/10.0601ms, OpTime=12.7433ms) -- RESPONSE SUCCESSFULLY RECEIVED
   HEAD https://smlifestoragetest.file.core.windows.net/bpidrop/Transforms%2FEasyPay%20Insurance%20Funeral%20Plan%2FEP-145392--%20Funeral%20Plan%20Import%20File%20Example%20L81.csv?se=2024-10-26T08%3A29%3A50Z&sig=-REDACTED-&sp=rwl&sr=s&sv=2023-11-03
   X-Ms-Request-Id: [d9e85ec8-401a-0024-3cee-0f8256000000]

2024/09/26 08:29:53 INFO: [P#0-T#0] UPLOADSUCCESSFUL: https://smlifestoragetest.file.core.windows.net/bpidrop/Transforms/EasyPay%20Insurance%20Funeral%20Plan/EP-145392--%20Funeral%20Plan%20Import%20File%20Example%20L81.csv
2024/09/26 08:29:53 JobID=a4821441-82d9-3a4b-618b-73c8ea93e89d, Part#=0, TransfersDone=1 of 1
2024/09/26 08:29:53 all parts of entire Job a4821441-82d9-3a4b-618b-73c8ea93e89d successfully completed, cancelled or paused
2024/09/26 08:29:53 is part of Job which 1 total number of parts done 
2024/09/26 08:29:54 PERF: primary performance constraint is Unknown. States: X:  0, O:  0, M:  0, L:  0, R:  0, D:  0, W:  0, F:  0, B:  0, E:  0, T:  0, GRs:  4
2024/09/26 08:29:54 100.0 %, 1 Done, 0 Failed, 0 Pending, 0 Skipped, 1 Total, 2-sec Throughput (Mb/s): 0.0173
2024/09/26 08:29:54 Closing Log
