2024/09/23 07:05:08 AzcopyVersion  10.24.0
2024/09/23 07:05:08 OS-Environment  windows
2024/09/23 07:05:08 OS-Architecture  amd64
2024/09/23 07:05:08 Log times are in UTC. Local time is 23 Sep 2024 09:05:08
2024/09/23 07:05:10 ISO 8601 START TIME: to copy files that changed before or after this job started, use the parameter --include-before=2024-09-23T07:05:03Z or --include-after=2024-09-23T07:05:03Z
2024/09/23 07:05:10 Any empty folders will be processed, because source and destination both support folders. For the same reason, properties defined on folders will be processed
2024/09/23 07:05:10 Job-Command copy C:\Users\LungaNgubane\Documents\CLIENTS\SMARTLIFE\esypay\EP-145392-- Funeral Plan Import File Example L70.csv https://smlifestoragetest.file.core.windows.net/bpidrop/Transforms/EasyPay%20Insurance%20Funeral%20Plan/EP-145392--%20Funeral%20Plan%20Import%20File%20Example%20L70.csv?se=2024-10-23t07%3A05%3A08z&sig=-REDACTED-&sp=rwl&sr=s&sv=2023-11-03 --output-type=json --cancel-from-stdin --overwrite=prompt --from-to=LocalFile --follow-symlinks --check-length=true --put-md5 --follow-symlinks --preserve-smb-info=true --disable-auto-decoding=false --recursive --log-level=INFO --trailing-dot=Enable 
2024/09/23 07:05:10 Number of CPUs: 8
2024/09/23 07:05:10 Max file buffer RAM 4.000 GB
2024/09/23 07:05:10 Max concurrent network operations:  will be dynamically tuned up to 3000 (Based on auto-tuning limit. Set AZCOPY_CONCURRENCY_VALUE environment variable to override)
2024/09/23 07:05:10 Check CPU usage when dynamically tuning concurrency: true (Based on hard-coded default. Set AZCOPY_TUNE_TO_CPU environment variable to true or false override)
2024/09/23 07:05:10 Max concurrent transfer initiation routines: 64 (Based on hard-coded default. Set AZCOPY_CONCURRENT_FILES environment variable to override)
2024/09/23 07:05:10 Max enumeration routines: 16 (Based on hard-coded default. Set AZCOPY_CONCURRENT_SCAN environment variable to override)
2024/09/23 07:05:10 Parallelize getting file properties (file.Stat): false (Based on AZCOPY_PARALLEL_STAT_FILES environment variable)
2024/09/23 07:05:10 Max open files when downloading: 2147479959 (auto-computed)
2024/09/23 07:05:10 Final job part has been created
2024/09/23 07:05:10 Trying 4 concurrent connections (initial starting point)
2024/09/23 07:05:10 Final job part has been scheduled
2024/09/23 07:05:10 WARN: [P#0-T#0] Block size 8388608 larger than maximum file chunk size, 4 MB chunk size used
2024/09/23 07:05:10 INFO: [P#0-T#0] Starting transfer: Source "\\\\?\\C:\\Users\\LungaNgubane\\Documents\\CLIENTS\\SMARTLIFE\\esypay\\EP-145392-- Funeral Plan Import File Example L70.csv" Destination "https://smlifestoragetest.file.core.windows.net/bpidrop/Transforms/EasyPay%20Insurance%20Funeral%20Plan/EP-145392--%20Funeral%20Plan%20Import%20File%20Example%20L70.csv". Specified chunk size 4194304
2024/09/23 07:05:10 ==> REQUEST/RESPONSE (Try=1/14.7191ms, OpTime=46.974ms) -- RESPONSE SUCCESSFULLY RECEIVED
   HEAD https://smlifestoragetest.file.core.windows.net/bpidrop/Transforms%2FEasyPay%20Insurance%20Funeral%20Plan%2FEP-145392--%20Funeral%20Plan%20Import%20File%20Example%20L70.csv?se=2024-10-23T07%3A05%3A08Z&sig=-REDACTED-&sp=rwl&sr=s&sv=2023-11-03
   X-Ms-Request-Id: [a2ecd39a-a01a-0013-0c86-0d50fa000000]

2024/09/23 07:05:10 ==> REQUEST/RESPONSE (Try=1/34.6863ms, OpTime=35.2011ms) -- RESPONSE SUCCESSFULLY RECEIVED
   PUT https://smlifestoragetest.file.core.windows.net/bpidrop/Transforms%2FEasyPay%20Insurance%20Funeral%20Plan%2FEP-145392--%20Funeral%20Plan%20Import%20File%20Example%20L70.csv?se=2024-10-23T07%3A05%3A08Z&sig=-REDACTED-&sp=rwl&sr=s&sv=2023-11-03
   X-Ms-Request-Id: [a2ecd39d-a01a-0013-0d86-0d50fa000000]

2024/09/23 07:05:10 ==> REQUEST/RESPONSE (Try=1/15.2291ms, OpTime=15.752ms) -- RESPONSE SUCCESSFULLY RECEIVED
   PUT https://smlifestoragetest.file.core.windows.net/bpidrop/Transforms%2FEasyPay%20Insurance%20Funeral%20Plan%2FEP-145392--%20Funeral%20Plan%20Import%20File%20Example%20L70.csv?comp=range&se=2024-10-23T07%3A05%3A08Z&sig=-REDACTED-&sp=rwl&sr=s&sv=2023-11-03
   X-Ms-Request-Id: [a2ecd39f-a01a-0013-0e86-0d50fa000000]

2024/09/23 07:05:10 ==> REQUEST/RESPONSE (Try=1/13.8398ms, OpTime=13.9284ms) -- RESPONSE SUCCESSFULLY RECEIVED
   PUT https://smlifestoragetest.file.core.windows.net/bpidrop/Transforms%2FEasyPay%20Insurance%20Funeral%20Plan%2FEP-145392--%20Funeral%20Plan%20Import%20File%20Example%20L70.csv?comp=properties&se=2024-10-23T07%3A05%3A08Z&sig=-REDACTED-&sp=rwl&sr=s&sv=2023-11-03
   X-Ms-Request-Id: [a2ecd3a0-a01a-0013-0f86-0d50fa000000]

2024/09/23 07:05:10 ==> REQUEST/RESPONSE (Try=1/14.4276ms, OpTime=14.4276ms) -- RESPONSE SUCCESSFULLY RECEIVED
   PUT https://smlifestoragetest.file.core.windows.net/bpidrop/Transforms%2FEasyPay%20Insurance%20Funeral%20Plan%2FEP-145392--%20Funeral%20Plan%20Import%20File%20Example%20L70.csv?comp=properties&se=2024-10-23T07%3A05%3A08Z&sig=-REDACTED-&sp=rwl&sr=s&sv=2023-11-03
   X-Ms-Request-Id: [a2ecd3a1-a01a-0013-1086-0d50fa000000]

2024/09/23 07:05:10 ==> REQUEST/RESPONSE (Try=1/12.4198ms, OpTime=17.298ms) -- RESPONSE SUCCESSFULLY RECEIVED
   HEAD https://smlifestoragetest.file.core.windows.net/bpidrop/Transforms%2FEasyPay%20Insurance%20Funeral%20Plan%2FEP-145392--%20Funeral%20Plan%20Import%20File%20Example%20L70.csv?se=2024-10-23T07%3A05%3A08Z&sig=-REDACTED-&sp=rwl&sr=s&sv=2023-11-03
   X-Ms-Request-Id: [a2ecd3a2-a01a-0013-1186-0d50fa000000]

2024/09/23 07:05:10 INFO: [P#0-T#0] UPLOADSUCCESSFUL: https://smlifestoragetest.file.core.windows.net/bpidrop/Transforms/EasyPay%20Insurance%20Funeral%20Plan/EP-145392--%20Funeral%20Plan%20Import%20File%20Example%20L70.csv
2024/09/23 07:05:10 JobID=a5a9fbbb-6965-ed49-5980-d3379bc229ed, Part#=0, TransfersDone=1 of 1
2024/09/23 07:05:10 all parts of entire Job a5a9fbbb-6965-ed49-5980-d3379bc229ed successfully completed, cancelled or paused
2024/09/23 07:05:10 is part of Job which 1 total number of parts done 
2024/09/23 07:05:12 PERF: primary performance constraint is Unknown. States: X:  0, O:  0, M:  0, L:  0, R:  0, D:  0, W:  0, F:  0, B:  0, E:  0, T:  0, GRs:  4
2024/09/23 07:05:12 100.0 %, 1 Done, 0 Failed, 0 Pending, 0 Skipped, 1 Total, 2-sec Throughput (Mb/s): 0.0171
2024/09/23 07:05:12 Closing Log
