2024/08/19 13:43:20 AzcopyVersion  10.24.0
2024/08/19 13:43:20 OS-Environment  windows
2024/08/19 13:43:20 OS-Architecture  amd64
2024/08/19 13:43:20 Log times are in UTC. Local time is 19 Aug 2024 15:43:20
2024/08/19 13:43:22 ISO 8601 START TIME: to copy files that changed before or after this job started, use the parameter --include-before=2024-08-19T13:43:15Z or --include-after=2024-08-19T13:43:15Z
2024/08/19 13:43:22 Any empty folders will be processed, because source and destination both support folders. For the same reason, properties defined on folders will be processed
2024/08/19 13:43:22 Job-Command copy C:\Users\LungaNgubane\Downloads\Template.xml https://smlifestoragetest.file.core.windows.net/bpidrop/Transforms/EasyPay%20Insurance%20Funeral%20Plan/Template/Template.xml?se=2024-09-18t13%3A43%3A20z&sig=-REDACTED-&sp=rwl&sr=s&sv=2023-11-03 --output-type=json --cancel-from-stdin --overwrite=prompt --from-to=LocalFile --follow-symlinks --check-length=true --put-md5 --follow-symlinks --preserve-smb-info=true --disable-auto-decoding=false --recursive --log-level=INFO --trailing-dot=Enable 
2024/08/19 13:43:22 Number of CPUs: 8
2024/08/19 13:43:22 Max file buffer RAM 4.000 GB
2024/08/19 13:43:22 Max concurrent network operations:  will be dynamically tuned up to 3000 (Based on auto-tuning limit. Set AZCOPY_CONCURRENCY_VALUE environment variable to override)
2024/08/19 13:43:22 Check CPU usage when dynamically tuning concurrency: true (Based on hard-coded default. Set AZCOPY_TUNE_TO_CPU environment variable to true or false override)
2024/08/19 13:43:22 Max concurrent transfer initiation routines: 64 (Based on hard-coded default. Set AZCOPY_CONCURRENT_FILES environment variable to override)
2024/08/19 13:43:22 Max enumeration routines: 16 (Based on hard-coded default. Set AZCOPY_CONCURRENT_SCAN environment variable to override)
2024/08/19 13:43:22 Parallelize getting file properties (file.Stat): false (Based on AZCOPY_PARALLEL_STAT_FILES environment variable)
2024/08/19 13:43:22 Max open files when downloading: 2147479959 (auto-computed)
2024/08/19 13:43:22 Final job part has been created
2024/08/19 13:43:22 Trying 4 concurrent connections (initial starting point)
2024/08/19 13:43:22 Final job part has been scheduled
2024/08/19 13:43:22 WARN: [P#0-T#0] Block size 8388608 larger than maximum file chunk size, 4 MB chunk size used
2024/08/19 13:43:22 INFO: [P#0-T#0] Starting transfer: Source "\\\\?\\C:\\Users\\LungaNgubane\\Downloads\\Template.xml" Destination "https://smlifestoragetest.file.core.windows.net/bpidrop/Transforms/EasyPay%20Insurance%20Funeral%20Plan/Template/Template.xml". Specified chunk size 4194304
2024/08/19 13:43:22 ==> REQUEST/RESPONSE (Try=1/17.349ms, OpTime=56.0475ms) -- RESPONSE SUCCESSFULLY RECEIVED
   HEAD https://smlifestoragetest.file.core.windows.net/bpidrop/Transforms%2FEasyPay%20Insurance%20Funeral%20Plan%2FTemplate%2FTemplate.xml?se=2024-09-18T13%3A43%3A20Z&sig=-REDACTED-&sp=rwl&sr=s&sv=2023-11-03
   X-Ms-Request-Id: [a04b5dd9-d01a-0026-493d-f23cee000000]

2024/08/19 13:43:24 PERF: primary performance constraint is Unknown. States: X:  1, O:  0, M:  0, L:  0, R:  0, D:  0, W:  0, F:  0, B:  0, E:  0, T:  1, GRs:  4
2024/08/19 13:43:24 0.0 %, 0 Done, 0 Failed, 1 Pending, 0 Skipped, 1 Total, 
2024/08/19 13:43:26 PERF: primary performance constraint is Unknown. States: X:  1, O:  0, M:  0, L:  0, R:  0, D:  0, W:  0, F:  0, B:  0, E:  0, T:  1, GRs:  4
2024/08/19 13:43:26 0.0 %, 0 Done, 0 Failed, 1 Pending, 0 Skipped, 1 Total, 
2024/08/19 13:43:27 ==> REQUEST/RESPONSE (Try=1/19.2955ms, OpTime=19.2955ms) -- RESPONSE SUCCESSFULLY RECEIVED
   PUT https://smlifestoragetest.file.core.windows.net/bpidrop/Transforms%2FEasyPay%20Insurance%20Funeral%20Plan%2FTemplate%2FTemplate.xml?se=2024-09-18T13%3A43%3A20Z&sig=-REDACTED-&sp=rwl&sr=s&sv=2023-11-03
   X-Ms-Request-Id: [a04b5dea-d01a-0026-533d-f23cee000000]

2024/08/19 13:43:27 ==> REQUEST/RESPONSE (Try=1/25.6567ms, OpTime=26.2453ms) -- RESPONSE SUCCESSFULLY RECEIVED
   PUT https://smlifestoragetest.file.core.windows.net/bpidrop/Transforms%2FEasyPay%20Insurance%20Funeral%20Plan%2FTemplate%2FTemplate.xml?comp=range&se=2024-09-18T13%3A43%3A20Z&sig=-REDACTED-&sp=rwl&sr=s&sv=2023-11-03
   X-Ms-Request-Id: [a04b5deb-d01a-0026-543d-f23cee000000]

2024/08/19 13:43:27 ==> REQUEST/RESPONSE (Try=1/13.5288ms, OpTime=13.5288ms) -- RESPONSE SUCCESSFULLY RECEIVED
   PUT https://smlifestoragetest.file.core.windows.net/bpidrop/Transforms%2FEasyPay%20Insurance%20Funeral%20Plan%2FTemplate%2FTemplate.xml?comp=properties&se=2024-09-18T13%3A43%3A20Z&sig=-REDACTED-&sp=rwl&sr=s&sv=2023-11-03
   X-Ms-Request-Id: [a04b5dec-d01a-0026-553d-f23cee000000]

2024/08/19 13:43:27 ==> REQUEST/RESPONSE (Try=1/13.9817ms, OpTime=13.9817ms) -- RESPONSE SUCCESSFULLY RECEIVED
   PUT https://smlifestoragetest.file.core.windows.net/bpidrop/Transforms%2FEasyPay%20Insurance%20Funeral%20Plan%2FTemplate%2FTemplate.xml?comp=properties&se=2024-09-18T13%3A43%3A20Z&sig=-REDACTED-&sp=rwl&sr=s&sv=2023-11-03
   X-Ms-Request-Id: [a04b5ded-d01a-0026-563d-f23cee000000]

2024/08/19 13:43:27 ==> REQUEST/RESPONSE (Try=1/12.4739ms, OpTime=14.1993ms) -- RESPONSE SUCCESSFULLY RECEIVED
   HEAD https://smlifestoragetest.file.core.windows.net/bpidrop/Transforms%2FEasyPay%20Insurance%20Funeral%20Plan%2FTemplate%2FTemplate.xml?se=2024-09-18T13%3A43%3A20Z&sig=-REDACTED-&sp=rwl&sr=s&sv=2023-11-03
   X-Ms-Request-Id: [a04b5dee-d01a-0026-573d-f23cee000000]

2024/08/19 13:43:27 INFO: [P#0-T#0] UPLOADSUCCESSFUL: https://smlifestoragetest.file.core.windows.net/bpidrop/Transforms/EasyPay%20Insurance%20Funeral%20Plan/Template/Template.xml
2024/08/19 13:43:27 JobID=abb0382d-c033-964d-7759-749fe9cd130f, Part#=0, TransfersDone=1 of 1
2024/08/19 13:43:27 all parts of entire Job abb0382d-c033-964d-7759-749fe9cd130f successfully completed, cancelled or paused
2024/08/19 13:43:27 is part of Job which 1 total number of parts done 
2024/08/19 13:43:28 PERF: primary performance constraint is Unknown. States: X:  0, O:  0, M:  0, L:  0, R:  0, D:  0, W:  0, F:  0, B:  0, E:  0, T:  0, GRs:  4
2024/08/19 13:43:28 100.0 %, 1 Done, 0 Failed, 0 Pending, 0 Skipped, 1 Total, 2-sec Throughput (Mb/s): 0.1445
2024/08/19 13:43:28 Closing Log
