2024/08/19 08:22:13 AzcopyVersion  10.24.0
2024/08/19 08:22:13 OS-Environment  windows
2024/08/19 08:22:13 OS-Architecture  amd64
2024/08/19 08:22:13 Log times are in UTC. Local time is 19 Aug 2024 10:22:13
2024/08/19 08:22:14 ISO 8601 START TIME: to copy files that changed before or after this job started, use the parameter --include-before=2024-08-19T08:22:08Z or --include-after=2024-08-19T08:22:08Z
2024/08/19 08:22:14 Any empty folders will be processed, because source and destination both support folders. For the same reason, properties defined on folders will be processed
2024/08/19 08:22:14 Job-Command copy C:\Users\LungaNgubane\Documents\CLIENTS\SMARTLIFE\esypay\EP-137274 -- Funeral Plan Import File Example 16.csv https://smlifestoragetest.file.core.windows.net/bpidrop/Transforms/EasyPay%20Insurance%20Funeral%20Plan/EP-137274%20--%20Funeral%20Plan%20Import%20File%20Example%2016.csv?se=2024-09-18t08%3A22%3A13z&sig=-REDACTED-&sp=rwl&sr=s&sv=2023-11-03 --output-type=json --cancel-from-stdin --overwrite=prompt --from-to=LocalFile --follow-symlinks --check-length=true --put-md5 --follow-symlinks --preserve-smb-info=true --disable-auto-decoding=false --recursive --log-level=INFO --trailing-dot=Enable 
2024/08/19 08:22:14 Number of CPUs: 8
2024/08/19 08:22:14 Max file buffer RAM 4.000 GB
2024/08/19 08:22:14 Max concurrent network operations:  will be dynamically tuned up to 3000 (Based on auto-tuning limit. Set AZCOPY_CONCURRENCY_VALUE environment variable to override)
2024/08/19 08:22:14 Check CPU usage when dynamically tuning concurrency: true (Based on hard-coded default. Set AZCOPY_TUNE_TO_CPU environment variable to true or false override)
2024/08/19 08:22:14 Max concurrent transfer initiation routines: 64 (Based on hard-coded default. Set AZCOPY_CONCURRENT_FILES environment variable to override)
2024/08/19 08:22:14 Max enumeration routines: 16 (Based on hard-coded default. Set AZCOPY_CONCURRENT_SCAN environment variable to override)
2024/08/19 08:22:14 Parallelize getting file properties (file.Stat): false (Based on AZCOPY_PARALLEL_STAT_FILES environment variable)
2024/08/19 08:22:14 Max open files when downloading: 2147479959 (auto-computed)
2024/08/19 08:22:14 Final job part has been created
2024/08/19 08:22:14 Trying 4 concurrent connections (initial starting point)
2024/08/19 08:22:14 Final job part has been scheduled
2024/08/19 08:22:14 WARN: [P#0-T#0] Block size 8388608 larger than maximum file chunk size, 4 MB chunk size used
2024/08/19 08:22:14 INFO: [P#0-T#0] Starting transfer: Source "\\\\?\\C:\\Users\\LungaNgubane\\Documents\\CLIENTS\\SMARTLIFE\\esypay\\EP-137274 -- Funeral Plan Import File Example 16.csv" Destination "https://smlifestoragetest.file.core.windows.net/bpidrop/Transforms/EasyPay%20Insurance%20Funeral%20Plan/EP-137274%20--%20Funeral%20Plan%20Import%20File%20Example%2016.csv". Specified chunk size 4194304
2024/08/19 08:22:15 ==> REQUEST/RESPONSE (Try=1/15.4492ms, OpTime=61.755ms) -- RESPONSE SUCCESSFULLY RECEIVED
   HEAD https://smlifestoragetest.file.core.windows.net/bpidrop/Transforms%2FEasyPay%20Insurance%20Funeral%20Plan%2FEP-137274%20--%20Funeral%20Plan%20Import%20File%20Example%2016.csv?se=2024-09-18T08%3A22%3A13Z&sig=-REDACTED-&sp=rwl&sr=s&sv=2023-11-03
   X-Ms-Request-Id: [9adf52ef-001a-000a-5b10-f2d041000000]

2024/08/19 08:22:15 ==> REQUEST/RESPONSE (Try=1/18.528ms, OpTime=18.528ms) -- RESPONSE SUCCESSFULLY RECEIVED
   PUT https://smlifestoragetest.file.core.windows.net/bpidrop/Transforms%2FEasyPay%20Insurance%20Funeral%20Plan%2FEP-137274%20--%20Funeral%20Plan%20Import%20File%20Example%2016.csv?se=2024-09-18T08%3A22%3A13Z&sig=-REDACTED-&sp=rwl&sr=s&sv=2023-11-03
   X-Ms-Request-Id: [9adf52f2-001a-000a-5c10-f2d041000000]

2024/08/19 08:22:15 ==> REQUEST/RESPONSE (Try=1/16.0762ms, OpTime=16.6547ms) -- RESPONSE SUCCESSFULLY RECEIVED
   PUT https://smlifestoragetest.file.core.windows.net/bpidrop/Transforms%2FEasyPay%20Insurance%20Funeral%20Plan%2FEP-137274%20--%20Funeral%20Plan%20Import%20File%20Example%2016.csv?comp=range&se=2024-09-18T08%3A22%3A13Z&sig=-REDACTED-&sp=rwl&sr=s&sv=2023-11-03
   X-Ms-Request-Id: [9adf52f3-001a-000a-5d10-f2d041000000]

2024/08/19 08:22:15 ==> REQUEST/RESPONSE (Try=1/13.1345ms, OpTime=13.6395ms) -- RESPONSE SUCCESSFULLY RECEIVED
   PUT https://smlifestoragetest.file.core.windows.net/bpidrop/Transforms%2FEasyPay%20Insurance%20Funeral%20Plan%2FEP-137274%20--%20Funeral%20Plan%20Import%20File%20Example%2016.csv?comp=properties&se=2024-09-18T08%3A22%3A13Z&sig=-REDACTED-&sp=rwl&sr=s&sv=2023-11-03
   X-Ms-Request-Id: [9adf52f4-001a-000a-5e10-f2d041000000]

2024/08/19 08:22:15 ==> REQUEST/RESPONSE (Try=1/14.8284ms, OpTime=14.8284ms) -- RESPONSE SUCCESSFULLY RECEIVED
   PUT https://smlifestoragetest.file.core.windows.net/bpidrop/Transforms%2FEasyPay%20Insurance%20Funeral%20Plan%2FEP-137274%20--%20Funeral%20Plan%20Import%20File%20Example%2016.csv?comp=properties&se=2024-09-18T08%3A22%3A13Z&sig=-REDACTED-&sp=rwl&sr=s&sv=2023-11-03
   X-Ms-Request-Id: [9adf52f5-001a-000a-5f10-f2d041000000]

2024/08/19 08:22:15 ==> REQUEST/RESPONSE (Try=1/12.739ms, OpTime=12.739ms) -- RESPONSE SUCCESSFULLY RECEIVED
   HEAD https://smlifestoragetest.file.core.windows.net/bpidrop/Transforms%2FEasyPay%20Insurance%20Funeral%20Plan%2FEP-137274%20--%20Funeral%20Plan%20Import%20File%20Example%2016.csv?se=2024-09-18T08%3A22%3A13Z&sig=-REDACTED-&sp=rwl&sr=s&sv=2023-11-03
   X-Ms-Request-Id: [9adf52f6-001a-000a-6010-f2d041000000]

2024/08/19 08:22:15 INFO: [P#0-T#0] UPLOADSUCCESSFUL: https://smlifestoragetest.file.core.windows.net/bpidrop/Transforms/EasyPay%20Insurance%20Funeral%20Plan/EP-137274%20--%20Funeral%20Plan%20Import%20File%20Example%2016.csv
2024/08/19 08:22:15 JobID=afa5e248-3ded-1c49-6f11-4884f80327cb, Part#=0, TransfersDone=1 of 1
2024/08/19 08:22:15 all parts of entire Job afa5e248-3ded-1c49-6f11-4884f80327cb successfully completed, cancelled or paused
2024/08/19 08:22:15 is part of Job which 1 total number of parts done 
2024/08/19 08:22:16 PERF: primary performance constraint is Unknown. States: X:  0, O:  0, M:  0, L:  0, R:  0, D:  0, W:  0, F:  0, B:  0, E:  0, T:  0, GRs:  4
2024/08/19 08:22:16 100.0 %, 1 Done, 0 Failed, 0 Pending, 0 Skipped, 1 Total, 2-sec Throughput (Mb/s): 0.0173
2024/08/19 08:22:16 Closing Log
