2024/09/23 08:06:02 AzcopyVersion  10.24.0
2024/09/23 08:06:02 OS-Environment  windows
2024/09/23 08:06:02 OS-Architecture  amd64
2024/09/23 08:06:02 Log times are in UTC. Local time is 23 Sep 2024 10:06:02
2024/09/23 08:06:04 ISO 8601 START TIME: to copy files that changed before or after this job started, use the parameter --include-before=2024-09-23T08:05:57Z or --include-after=2024-09-23T08:05:57Z
2024/09/23 08:06:04 Any empty folders will be processed, because source and destination both support folders. For the same reason, properties defined on folders will be processed
2024/09/23 08:06:04 Job-Command copy C:\Users\LungaNgubane\Documents\CLIENTS\SMARTLIFE\esypay\EP-145392-- Funeral Plan Import File Example L71.csv https://smlifestoragetest.file.core.windows.net/bpidrop/Transforms/EasyPay%20Insurance%20Funeral%20Plan/EP-145392--%20Funeral%20Plan%20Import%20File%20Example%20L71.csv?se=2024-10-23t08%3A06%3A02z&sig=-REDACTED-&sp=rwl&sr=s&sv=2023-11-03 --output-type=json --cancel-from-stdin --overwrite=prompt --from-to=LocalFile --follow-symlinks --check-length=true --put-md5 --follow-symlinks --preserve-smb-info=true --disable-auto-decoding=false --recursive --log-level=INFO --trailing-dot=Enable 
2024/09/23 08:06:04 Number of CPUs: 8
2024/09/23 08:06:04 Max file buffer RAM 4.000 GB
2024/09/23 08:06:04 Max concurrent network operations:  will be dynamically tuned up to 3000 (Based on auto-tuning limit. Set AZCOPY_CONCURRENCY_VALUE environment variable to override)
2024/09/23 08:06:04 Check CPU usage when dynamically tuning concurrency: true (Based on hard-coded default. Set AZCOPY_TUNE_TO_CPU environment variable to true or false override)
2024/09/23 08:06:04 Max concurrent transfer initiation routines: 64 (Based on hard-coded default. Set AZCOPY_CONCURRENT_FILES environment variable to override)
2024/09/23 08:06:04 Max enumeration routines: 16 (Based on hard-coded default. Set AZCOPY_CONCURRENT_SCAN environment variable to override)
2024/09/23 08:06:04 Parallelize getting file properties (file.Stat): false (Based on AZCOPY_PARALLEL_STAT_FILES environment variable)
2024/09/23 08:06:04 Max open files when downloading: 2147479959 (auto-computed)
2024/09/23 08:06:04 Final job part has been created
2024/09/23 08:06:04 Trying 4 concurrent connections (initial starting point)
2024/09/23 08:06:04 Final job part has been scheduled
2024/09/23 08:06:04 WARN: [P#0-T#0] Block size 8388608 larger than maximum file chunk size, 4 MB chunk size used
2024/09/23 08:06:04 INFO: [P#0-T#0] Starting transfer: Source "\\\\?\\C:\\Users\\LungaNgubane\\Documents\\CLIENTS\\SMARTLIFE\\esypay\\EP-145392-- Funeral Plan Import File Example L71.csv" Destination "https://smlifestoragetest.file.core.windows.net/bpidrop/Transforms/EasyPay%20Insurance%20Funeral%20Plan/EP-145392--%20Funeral%20Plan%20Import%20File%20Example%20L71.csv". Specified chunk size 4194304
2024/09/23 08:06:04 ==> REQUEST/RESPONSE (Try=1/20.8173ms, OpTime=54.4494ms) -- RESPONSE SUCCESSFULLY RECEIVED
   HEAD https://smlifestoragetest.file.core.windows.net/bpidrop/Transforms%2FEasyPay%20Insurance%20Funeral%20Plan%2FEP-145392--%20Funeral%20Plan%20Import%20File%20Example%20L71.csv?se=2024-10-23T08%3A06%3A02Z&sig=-REDACTED-&sp=rwl&sr=s&sv=2023-11-03
   X-Ms-Request-Id: [79ad979c-a01a-0003-498f-0d9592000000]

2024/09/23 08:06:04 ==> REQUEST/RESPONSE (Try=1/24.4882ms, OpTime=24.6108ms) -- RESPONSE SUCCESSFULLY RECEIVED
   PUT https://smlifestoragetest.file.core.windows.net/bpidrop/Transforms%2FEasyPay%20Insurance%20Funeral%20Plan%2FEP-145392--%20Funeral%20Plan%20Import%20File%20Example%20L71.csv?se=2024-10-23T08%3A06%3A02Z&sig=-REDACTED-&sp=rwl&sr=s&sv=2023-11-03
   X-Ms-Request-Id: [79ad97a3-a01a-0003-4e8f-0d9592000000]

2024/09/23 08:06:04 ==> REQUEST/RESPONSE (Try=1/15.8437ms, OpTime=16.4674ms) -- RESPONSE SUCCESSFULLY RECEIVED
   PUT https://smlifestoragetest.file.core.windows.net/bpidrop/Transforms%2FEasyPay%20Insurance%20Funeral%20Plan%2FEP-145392--%20Funeral%20Plan%20Import%20File%20Example%20L71.csv?comp=range&se=2024-10-23T08%3A06%3A02Z&sig=-REDACTED-&sp=rwl&sr=s&sv=2023-11-03
   X-Ms-Request-Id: [79ad97a8-a01a-0003-538f-0d9592000000]

2024/09/23 08:06:04 ==> REQUEST/RESPONSE (Try=1/14.9214ms, OpTime=14.9214ms) -- RESPONSE SUCCESSFULLY RECEIVED
   PUT https://smlifestoragetest.file.core.windows.net/bpidrop/Transforms%2FEasyPay%20Insurance%20Funeral%20Plan%2FEP-145392--%20Funeral%20Plan%20Import%20File%20Example%20L71.csv?comp=properties&se=2024-10-23T08%3A06%3A02Z&sig=-REDACTED-&sp=rwl&sr=s&sv=2023-11-03
   X-Ms-Request-Id: [79ad97ab-a01a-0003-568f-0d9592000000]

2024/09/23 08:06:04 ==> REQUEST/RESPONSE (Try=1/14.3845ms, OpTime=14.3845ms) -- RESPONSE SUCCESSFULLY RECEIVED
   PUT https://smlifestoragetest.file.core.windows.net/bpidrop/Transforms%2FEasyPay%20Insurance%20Funeral%20Plan%2FEP-145392--%20Funeral%20Plan%20Import%20File%20Example%20L71.csv?comp=properties&se=2024-10-23T08%3A06%3A02Z&sig=-REDACTED-&sp=rwl&sr=s&sv=2023-11-03
   X-Ms-Request-Id: [79ad97ad-a01a-0003-588f-0d9592000000]

2024/09/23 08:06:04 ==> REQUEST/RESPONSE (Try=1/12.51ms, OpTime=14.7981ms) -- RESPONSE SUCCESSFULLY RECEIVED
   HEAD https://smlifestoragetest.file.core.windows.net/bpidrop/Transforms%2FEasyPay%20Insurance%20Funeral%20Plan%2FEP-145392--%20Funeral%20Plan%20Import%20File%20Example%20L71.csv?se=2024-10-23T08%3A06%3A02Z&sig=-REDACTED-&sp=rwl&sr=s&sv=2023-11-03
   X-Ms-Request-Id: [79ad97af-a01a-0003-5a8f-0d9592000000]

2024/09/23 08:06:04 INFO: [P#0-T#0] UPLOADSUCCESSFUL: https://smlifestoragetest.file.core.windows.net/bpidrop/Transforms/EasyPay%20Insurance%20Funeral%20Plan/EP-145392--%20Funeral%20Plan%20Import%20File%20Example%20L71.csv
2024/09/23 08:06:04 JobID=b5988067-fc44-7e40-4887-c31160772a24, Part#=0, TransfersDone=1 of 1
2024/09/23 08:06:04 all parts of entire Job b5988067-fc44-7e40-4887-c31160772a24 successfully completed, cancelled or paused
2024/09/23 08:06:04 is part of Job which 1 total number of parts done 
2024/09/23 08:06:06 PERF: primary performance constraint is Unknown. States: X:  0, O:  0, M:  0, L:  0, R:  0, D:  0, W:  0, F:  0, B:  0, E:  0, T:  0, GRs:  4
2024/09/23 08:06:06 100.0 %, 1 Done, 0 Failed, 0 Pending, 0 Skipped, 1 Total, 2-sec Throughput (Mb/s): 0.0172
2024/09/23 08:06:06 Closing Log
