2024/09/18 10:23:44 AzcopyVersion  10.24.0
2024/09/18 10:23:44 OS-Environment  windows
2024/09/18 10:23:44 OS-Architecture  amd64
2024/09/18 10:23:44 Log times are in UTC. Local time is 18 Sep 2024 12:23:44
2024/09/18 10:23:46 ISO 8601 START TIME: to copy files that changed before or after this job started, use the parameter --include-before=2024-09-18T10:23:39Z or --include-after=2024-09-18T10:23:39Z
2024/09/18 10:23:46 Any empty folders will be processed, because source and destination both support folders. For the same reason, properties defined on folders will be processed
2024/09/18 10:23:46 Job-Command copy C:\Users\LungaNgubane\Documents\CLIENTS\SMARTLIFE\esypay\EP-145392-- Funeral Plan Import File Example L61.csv https://smlifestoragetest.file.core.windows.net/bpidrop/Transforms/EasyPay%20Insurance%20Funeral%20Plan/EP-145392--%20Funeral%20Plan%20Import%20File%20Example%20L61.csv?se=2024-10-18t10%3A23%3A44z&sig=-REDACTED-&sp=rwl&sr=s&sv=2023-11-03 --output-type=json --cancel-from-stdin --overwrite=prompt --from-to=LocalFile --follow-symlinks --check-length=true --put-md5 --follow-symlinks --preserve-smb-info=true --disable-auto-decoding=false --recursive --log-level=INFO --trailing-dot=Enable 
2024/09/18 10:23:46 Number of CPUs: 8
2024/09/18 10:23:46 Max file buffer RAM 4.000 GB
2024/09/18 10:23:46 Max concurrent network operations:  will be dynamically tuned up to 3000 (Based on auto-tuning limit. Set AZCOPY_CONCURRENCY_VALUE environment variable to override)
2024/09/18 10:23:46 Check CPU usage when dynamically tuning concurrency: true (Based on hard-coded default. Set AZCOPY_TUNE_TO_CPU environment variable to true or false override)
2024/09/18 10:23:46 Max concurrent transfer initiation routines: 64 (Based on hard-coded default. Set AZCOPY_CONCURRENT_FILES environment variable to override)
2024/09/18 10:23:46 Max enumeration routines: 16 (Based on hard-coded default. Set AZCOPY_CONCURRENT_SCAN environment variable to override)
2024/09/18 10:23:46 Parallelize getting file properties (file.Stat): false (Based on AZCOPY_PARALLEL_STAT_FILES environment variable)
2024/09/18 10:23:46 Max open files when downloading: 2147479959 (auto-computed)
2024/09/18 10:23:46 Final job part has been created
2024/09/18 10:23:46 Trying 4 concurrent connections (initial starting point)
2024/09/18 10:23:46 Final job part has been scheduled
2024/09/18 10:23:46 WARN: [P#0-T#0] Block size 8388608 larger than maximum file chunk size, 4 MB chunk size used
2024/09/18 10:23:46 INFO: [P#0-T#0] Starting transfer: Source "\\\\?\\C:\\Users\\LungaNgubane\\Documents\\CLIENTS\\SMARTLIFE\\esypay\\EP-145392-- Funeral Plan Import File Example L61.csv" Destination "https://smlifestoragetest.file.core.windows.net/bpidrop/Transforms/EasyPay%20Insurance%20Funeral%20Plan/EP-145392--%20Funeral%20Plan%20Import%20File%20Example%20L61.csv". Specified chunk size 4194304
2024/09/18 10:23:46 ==> REQUEST/RESPONSE (Try=1/25.7586ms, OpTime=57.8978ms) -- RESPONSE SUCCESSFULLY RECEIVED
   HEAD https://smlifestoragetest.file.core.windows.net/bpidrop/Transforms%2FEasyPay%20Insurance%20Funeral%20Plan%2FEP-145392--%20Funeral%20Plan%20Import%20File%20Example%20L61.csv?se=2024-10-18T10%3A23%3A44Z&sig=-REDACTED-&sp=rwl&sr=s&sv=2023-11-03
   X-Ms-Request-Id: [d20513b0-501a-0028-77b4-09155e000000]

2024/09/18 10:23:46 ==> REQUEST/RESPONSE (Try=1/19.4623ms, OpTime=19.5507ms) -- RESPONSE SUCCESSFULLY RECEIVED
   PUT https://smlifestoragetest.file.core.windows.net/bpidrop/Transforms%2FEasyPay%20Insurance%20Funeral%20Plan%2FEP-145392--%20Funeral%20Plan%20Import%20File%20Example%20L61.csv?se=2024-10-18T10%3A23%3A44Z&sig=-REDACTED-&sp=rwl&sr=s&sv=2023-11-03
   X-Ms-Request-Id: [d20513b3-501a-0028-78b4-09155e000000]

2024/09/18 10:23:46 ==> REQUEST/RESPONSE (Try=1/17.9537ms, OpTime=18.6731ms) -- RESPONSE SUCCESSFULLY RECEIVED
   PUT https://smlifestoragetest.file.core.windows.net/bpidrop/Transforms%2FEasyPay%20Insurance%20Funeral%20Plan%2FEP-145392--%20Funeral%20Plan%20Import%20File%20Example%20L61.csv?comp=range&se=2024-10-18T10%3A23%3A44Z&sig=-REDACTED-&sp=rwl&sr=s&sv=2023-11-03
   X-Ms-Request-Id: [d20513b4-501a-0028-79b4-09155e000000]

2024/09/18 10:23:46 ==> REQUEST/RESPONSE (Try=1/14.839ms, OpTime=15.4579ms) -- RESPONSE SUCCESSFULLY RECEIVED
   PUT https://smlifestoragetest.file.core.windows.net/bpidrop/Transforms%2FEasyPay%20Insurance%20Funeral%20Plan%2FEP-145392--%20Funeral%20Plan%20Import%20File%20Example%20L61.csv?comp=properties&se=2024-10-18T10%3A23%3A44Z&sig=-REDACTED-&sp=rwl&sr=s&sv=2023-11-03
   X-Ms-Request-Id: [d20513b5-501a-0028-7ab4-09155e000000]

2024/09/18 10:23:46 ==> REQUEST/RESPONSE (Try=1/15.6044ms, OpTime=15.6044ms) -- RESPONSE SUCCESSFULLY RECEIVED
   PUT https://smlifestoragetest.file.core.windows.net/bpidrop/Transforms%2FEasyPay%20Insurance%20Funeral%20Plan%2FEP-145392--%20Funeral%20Plan%20Import%20File%20Example%20L61.csv?comp=properties&se=2024-10-18T10%3A23%3A44Z&sig=-REDACTED-&sp=rwl&sr=s&sv=2023-11-03
   X-Ms-Request-Id: [d20513b6-501a-0028-7bb4-09155e000000]

2024/09/18 10:23:46 ==> REQUEST/RESPONSE (Try=1/14.2372ms, OpTime=14.8503ms) -- RESPONSE SUCCESSFULLY RECEIVED
   HEAD https://smlifestoragetest.file.core.windows.net/bpidrop/Transforms%2FEasyPay%20Insurance%20Funeral%20Plan%2FEP-145392--%20Funeral%20Plan%20Import%20File%20Example%20L61.csv?se=2024-10-18T10%3A23%3A44Z&sig=-REDACTED-&sp=rwl&sr=s&sv=2023-11-03
   X-Ms-Request-Id: [d20513b7-501a-0028-7cb4-09155e000000]

2024/09/18 10:23:46 INFO: [P#0-T#0] UPLOADSUCCESSFUL: https://smlifestoragetest.file.core.windows.net/bpidrop/Transforms/EasyPay%20Insurance%20Funeral%20Plan/EP-145392--%20Funeral%20Plan%20Import%20File%20Example%20L61.csv
2024/09/18 10:23:46 JobID=b611d1f1-f617-ac49-42a7-b7fe7d432118, Part#=0, TransfersDone=1 of 1
2024/09/18 10:23:46 all parts of entire Job b611d1f1-f617-ac49-42a7-b7fe7d432118 successfully completed, cancelled or paused
2024/09/18 10:23:46 is part of Job which 1 total number of parts done 
2024/09/18 10:23:48 PERF: primary performance constraint is Unknown. States: X:  0, O:  0, M:  0, L:  0, R:  0, D:  0, W:  0, F:  0, B:  0, E:  0, T:  0, GRs:  4
2024/09/18 10:23:48 100.0 %, 1 Done, 0 Failed, 0 Pending, 0 Skipped, 1 Total, 2-sec Throughput (Mb/s): 0.0172
2024/09/18 10:23:48 Closing Log
