2024/08/19 14:36:35 AzcopyVersion  10.24.0
2024/08/19 14:36:35 OS-Environment  windows
2024/08/19 14:36:35 OS-Architecture  amd64
2024/08/19 14:36:35 Log times are in UTC. Local time is 19 Aug 2024 16:36:35
2024/08/19 14:36:36 ISO 8601 START TIME: to copy files that changed before or after this job started, use the parameter --include-before=2024-08-19T14:36:30Z or --include-after=2024-08-19T14:36:30Z
2024/08/19 14:36:36 Any empty folders will be processed, because source and destination both support folders. For the same reason, properties defined on folders will be processed
2024/08/19 14:36:36 Job-Command copy C:\Users\LungaNgubane\Downloads\EP-137274 -- Funeral Plan Import File Example 19.csv https://smlifestoragetest.file.core.windows.net/bpidrop/Transforms/EasyPay%20Insurance%20Funeral%20Plan/EP-137274%20--%20Funeral%20Plan%20Import%20File%20Example%2019.csv?se=2024-09-18t14%3A36%3A35z&sig=-REDACTED-&sp=rwl&sr=s&sv=2023-11-03 --output-type=json --cancel-from-stdin --overwrite=prompt --from-to=LocalFile --follow-symlinks --check-length=true --put-md5 --follow-symlinks --preserve-smb-info=true --disable-auto-decoding=false --recursive --log-level=INFO --trailing-dot=Enable 
2024/08/19 14:36:36 Number of CPUs: 8
2024/08/19 14:36:36 Max file buffer RAM 4.000 GB
2024/08/19 14:36:36 Max concurrent network operations:  will be dynamically tuned up to 3000 (Based on auto-tuning limit. Set AZCOPY_CONCURRENCY_VALUE environment variable to override)
2024/08/19 14:36:36 Check CPU usage when dynamically tuning concurrency: true (Based on hard-coded default. Set AZCOPY_TUNE_TO_CPU environment variable to true or false override)
2024/08/19 14:36:36 Max concurrent transfer initiation routines: 64 (Based on hard-coded default. Set AZCOPY_CONCURRENT_FILES environment variable to override)
2024/08/19 14:36:36 Max enumeration routines: 16 (Based on hard-coded default. Set AZCOPY_CONCURRENT_SCAN environment variable to override)
2024/08/19 14:36:36 Parallelize getting file properties (file.Stat): false (Based on AZCOPY_PARALLEL_STAT_FILES environment variable)
2024/08/19 14:36:36 Max open files when downloading: 2147479959 (auto-computed)
2024/08/19 14:36:36 Final job part has been created
2024/08/19 14:36:36 Trying 4 concurrent connections (initial starting point)
2024/08/19 14:36:36 Final job part has been scheduled
2024/08/19 14:36:36 WARN: [P#0-T#0] Block size 8388608 larger than maximum file chunk size, 4 MB chunk size used
2024/08/19 14:36:36 INFO: [P#0-T#0] Starting transfer: Source "\\\\?\\C:\\Users\\LungaNgubane\\Downloads\\EP-137274 -- Funeral Plan Import File Example 19.csv" Destination "https://smlifestoragetest.file.core.windows.net/bpidrop/Transforms/EasyPay%20Insurance%20Funeral%20Plan/EP-137274%20--%20Funeral%20Plan%20Import%20File%20Example%2019.csv". Specified chunk size 4194304
2024/08/19 14:36:36 ==> REQUEST/RESPONSE (Try=1/14.5829ms, OpTime=51.033ms) -- RESPONSE SUCCESSFULLY RECEIVED
   HEAD https://smlifestoragetest.file.core.windows.net/bpidrop/Transforms%2FEasyPay%20Insurance%20Funeral%20Plan%2FEP-137274%20--%20Funeral%20Plan%20Import%20File%20Example%2019.csv?se=2024-09-18T14%3A36%3A35Z&sig=-REDACTED-&sp=rwl&sr=s&sv=2023-11-03
   X-Ms-Request-Id: [a04bd091-d01a-0026-2e45-f23cee000000]

2024/08/19 14:36:36 ==> REQUEST/RESPONSE (Try=1/16.5563ms, OpTime=16.5563ms) -- RESPONSE SUCCESSFULLY RECEIVED
   PUT https://smlifestoragetest.file.core.windows.net/bpidrop/Transforms%2FEasyPay%20Insurance%20Funeral%20Plan%2FEP-137274%20--%20Funeral%20Plan%20Import%20File%20Example%2019.csv?se=2024-09-18T14%3A36%3A35Z&sig=-REDACTED-&sp=rwl&sr=s&sv=2023-11-03
   X-Ms-Request-Id: [a04bd094-d01a-0026-2f45-f23cee000000]

2024/08/19 14:36:36 ==> REQUEST/RESPONSE (Try=1/14.6172ms, OpTime=15.1895ms) -- RESPONSE SUCCESSFULLY RECEIVED
   PUT https://smlifestoragetest.file.core.windows.net/bpidrop/Transforms%2FEasyPay%20Insurance%20Funeral%20Plan%2FEP-137274%20--%20Funeral%20Plan%20Import%20File%20Example%2019.csv?comp=range&se=2024-09-18T14%3A36%3A35Z&sig=-REDACTED-&sp=rwl&sr=s&sv=2023-11-03
   X-Ms-Request-Id: [a04bd096-d01a-0026-3145-f23cee000000]

2024/08/19 14:36:36 ==> REQUEST/RESPONSE (Try=1/13.9926ms, OpTime=13.9926ms) -- RESPONSE SUCCESSFULLY RECEIVED
   PUT https://smlifestoragetest.file.core.windows.net/bpidrop/Transforms%2FEasyPay%20Insurance%20Funeral%20Plan%2FEP-137274%20--%20Funeral%20Plan%20Import%20File%20Example%2019.csv?comp=properties&se=2024-09-18T14%3A36%3A35Z&sig=-REDACTED-&sp=rwl&sr=s&sv=2023-11-03
   X-Ms-Request-Id: [a04bd097-d01a-0026-3245-f23cee000000]

2024/08/19 14:36:37 ==> REQUEST/RESPONSE (Try=1/13.5649ms, OpTime=13.5649ms) -- RESPONSE SUCCESSFULLY RECEIVED
   PUT https://smlifestoragetest.file.core.windows.net/bpidrop/Transforms%2FEasyPay%20Insurance%20Funeral%20Plan%2FEP-137274%20--%20Funeral%20Plan%20Import%20File%20Example%2019.csv?comp=properties&se=2024-09-18T14%3A36%3A35Z&sig=-REDACTED-&sp=rwl&sr=s&sv=2023-11-03
   X-Ms-Request-Id: [a04bd098-d01a-0026-3345-f23cee000000]

2024/08/19 14:36:37 ==> REQUEST/RESPONSE (Try=1/12.9677ms, OpTime=16.8409ms) -- RESPONSE SUCCESSFULLY RECEIVED
   HEAD https://smlifestoragetest.file.core.windows.net/bpidrop/Transforms%2FEasyPay%20Insurance%20Funeral%20Plan%2FEP-137274%20--%20Funeral%20Plan%20Import%20File%20Example%2019.csv?se=2024-09-18T14%3A36%3A35Z&sig=-REDACTED-&sp=rwl&sr=s&sv=2023-11-03
   X-Ms-Request-Id: [a04bd099-d01a-0026-3445-f23cee000000]

2024/08/19 14:36:37 INFO: [P#0-T#0] UPLOADSUCCESSFUL: https://smlifestoragetest.file.core.windows.net/bpidrop/Transforms/EasyPay%20Insurance%20Funeral%20Plan/EP-137274%20--%20Funeral%20Plan%20Import%20File%20Example%2019.csv
2024/08/19 14:36:37 JobID=b841c44d-94b9-764a-533c-784c880cc5a0, Part#=0, TransfersDone=1 of 1
2024/08/19 14:36:37 all parts of entire Job b841c44d-94b9-764a-533c-784c880cc5a0 successfully completed, cancelled or paused
2024/08/19 14:36:37 is part of Job which 1 total number of parts done 
2024/08/19 14:36:38 PERF: primary performance constraint is Unknown. States: X:  0, O:  0, M:  0, L:  0, R:  0, D:  0, W:  0, F:  0, B:  0, E:  0, T:  0, GRs:  4
2024/08/19 14:36:38 100.0 %, 1 Done, 0 Failed, 0 Pending, 0 Skipped, 1 Total, 2-sec Throughput (Mb/s): 0.0174
2024/08/19 14:36:38 Closing Log
