2024/09/26 13:24:04 AzcopyVersion  10.24.0
2024/09/26 13:24:04 OS-Environment  windows
2024/09/26 13:24:04 OS-Architecture  amd64
2024/09/26 13:24:04 Log times are in UTC. Local time is 26 Sep 2024 15:24:04
2024/09/26 13:24:05 ISO 8601 START TIME: to copy files that changed before or after this job started, use the parameter --include-before=2024-09-26T13:23:59Z or --include-after=2024-09-26T13:23:59Z
2024/09/26 13:24:06 Any empty folders will be processed, because source and destination both support folders. For the same reason, properties defined on folders will be processed
2024/09/26 13:24:06 Job-Command copy C:\Users\LungaNgubane\Documents\CLIENTS\SMARTLIFE\esypay\EP-145392-- Funeral Plan Import File Example L83.csv https://smlifestoragetest.file.core.windows.net/bpidrop/Transforms/EasyPay%20Insurance%20Funeral%20Plan/EP-145392--%20Funeral%20Plan%20Import%20File%20Example%20L83.csv?se=2024-10-26t13%3A24%3A04z&sig=-REDACTED-&sp=rwl&sr=s&sv=2023-11-03 --output-type=json --cancel-from-stdin --overwrite=prompt --from-to=LocalFile --follow-symlinks --check-length=true --put-md5 --follow-symlinks --preserve-smb-info=true --disable-auto-decoding=false --recursive --log-level=INFO --trailing-dot=Enable 
2024/09/26 13:24:06 Number of CPUs: 8
2024/09/26 13:24:06 Max file buffer RAM 4.000 GB
2024/09/26 13:24:06 Max concurrent network operations:  will be dynamically tuned up to 3000 (Based on auto-tuning limit. Set AZCOPY_CONCURRENCY_VALUE environment variable to override)
2024/09/26 13:24:06 Check CPU usage when dynamically tuning concurrency: true (Based on hard-coded default. Set AZCOPY_TUNE_TO_CPU environment variable to true or false override)
2024/09/26 13:24:06 Max concurrent transfer initiation routines: 64 (Based on hard-coded default. Set AZCOPY_CONCURRENT_FILES environment variable to override)
2024/09/26 13:24:06 Max enumeration routines: 16 (Based on hard-coded default. Set AZCOPY_CONCURRENT_SCAN environment variable to override)
2024/09/26 13:24:06 Parallelize getting file properties (file.Stat): false (Based on AZCOPY_PARALLEL_STAT_FILES environment variable)
2024/09/26 13:24:06 Max open files when downloading: 2147479959 (auto-computed)
2024/09/26 13:24:06 Final job part has been created
2024/09/26 13:24:06 Trying 4 concurrent connections (initial starting point)
2024/09/26 13:24:06 Final job part has been scheduled
2024/09/26 13:24:06 WARN: [P#0-T#0] Block size 8388608 larger than maximum file chunk size, 4 MB chunk size used
2024/09/26 13:24:06 INFO: [P#0-T#0] Starting transfer: Source "\\\\?\\C:\\Users\\LungaNgubane\\Documents\\CLIENTS\\SMARTLIFE\\esypay\\EP-145392-- Funeral Plan Import File Example L83.csv" Destination "https://smlifestoragetest.file.core.windows.net/bpidrop/Transforms/EasyPay%20Insurance%20Funeral%20Plan/EP-145392--%20Funeral%20Plan%20Import%20File%20Example%20L83.csv". Specified chunk size 4194304
2024/09/26 13:24:06 ==> REQUEST/RESPONSE (Try=1/16.952ms, OpTime=61.9712ms) -- RESPONSE SUCCESSFULLY RECEIVED
   HEAD https://smlifestoragetest.file.core.windows.net/bpidrop/Transforms%2FEasyPay%20Insurance%20Funeral%20Plan%2FEP-145392--%20Funeral%20Plan%20Import%20File%20Example%20L83.csv?se=2024-10-26T13%3A24%3A04Z&sig=-REDACTED-&sp=rwl&sr=s&sv=2023-11-03
   X-Ms-Request-Id: [d31e9c70-101a-0006-1a17-104749000000]

2024/09/26 13:24:06 ==> REQUEST/RESPONSE (Try=1/38.0058ms, OpTime=38.0058ms) -- RESPONSE SUCCESSFULLY RECEIVED
   PUT https://smlifestoragetest.file.core.windows.net/bpidrop/Transforms%2FEasyPay%20Insurance%20Funeral%20Plan%2FEP-145392--%20Funeral%20Plan%20Import%20File%20Example%20L83.csv?se=2024-10-26T13%3A24%3A04Z&sig=-REDACTED-&sp=rwl&sr=s&sv=2023-11-03
   X-Ms-Request-Id: [d31e9c73-101a-0006-1b17-104749000000]

2024/09/26 13:24:06 ==> REQUEST/RESPONSE (Try=1/19.5482ms, OpTime=20.0664ms) -- RESPONSE SUCCESSFULLY RECEIVED
   PUT https://smlifestoragetest.file.core.windows.net/bpidrop/Transforms%2FEasyPay%20Insurance%20Funeral%20Plan%2FEP-145392--%20Funeral%20Plan%20Import%20File%20Example%20L83.csv?comp=range&se=2024-10-26T13%3A24%3A04Z&sig=-REDACTED-&sp=rwl&sr=s&sv=2023-11-03
   X-Ms-Request-Id: [d31e9c74-101a-0006-1c17-104749000000]

2024/09/26 13:24:06 ==> REQUEST/RESPONSE (Try=1/15.7572ms, OpTime=15.7572ms) -- RESPONSE SUCCESSFULLY RECEIVED
   PUT https://smlifestoragetest.file.core.windows.net/bpidrop/Transforms%2FEasyPay%20Insurance%20Funeral%20Plan%2FEP-145392--%20Funeral%20Plan%20Import%20File%20Example%20L83.csv?comp=properties&se=2024-10-26T13%3A24%3A04Z&sig=-REDACTED-&sp=rwl&sr=s&sv=2023-11-03
   X-Ms-Request-Id: [d31e9c75-101a-0006-1d17-104749000000]

2024/09/26 13:24:06 ==> REQUEST/RESPONSE (Try=1/15.9321ms, OpTime=15.9321ms) -- RESPONSE SUCCESSFULLY RECEIVED
   PUT https://smlifestoragetest.file.core.windows.net/bpidrop/Transforms%2FEasyPay%20Insurance%20Funeral%20Plan%2FEP-145392--%20Funeral%20Plan%20Import%20File%20Example%20L83.csv?comp=properties&se=2024-10-26T13%3A24%3A04Z&sig=-REDACTED-&sp=rwl&sr=s&sv=2023-11-03
   X-Ms-Request-Id: [d31e9c76-101a-0006-1e17-104749000000]

2024/09/26 13:24:06 ==> REQUEST/RESPONSE (Try=1/16.039ms, OpTime=16.039ms) -- RESPONSE SUCCESSFULLY RECEIVED
   HEAD https://smlifestoragetest.file.core.windows.net/bpidrop/Transforms%2FEasyPay%20Insurance%20Funeral%20Plan%2FEP-145392--%20Funeral%20Plan%20Import%20File%20Example%20L83.csv?se=2024-10-26T13%3A24%3A04Z&sig=-REDACTED-&sp=rwl&sr=s&sv=2023-11-03
   X-Ms-Request-Id: [d31e9c77-101a-0006-1f17-104749000000]

2024/09/26 13:24:06 INFO: [P#0-T#0] UPLOADSUCCESSFUL: https://smlifestoragetest.file.core.windows.net/bpidrop/Transforms/EasyPay%20Insurance%20Funeral%20Plan/EP-145392--%20Funeral%20Plan%20Import%20File%20Example%20L83.csv
2024/09/26 13:24:06 JobID=bc0d188a-1b70-df42-76b1-d755d6438142, Part#=0, TransfersDone=1 of 1
2024/09/26 13:24:06 all parts of entire Job bc0d188a-1b70-df42-76b1-d755d6438142 successfully completed, cancelled or paused
2024/09/26 13:24:06 is part of Job which 1 total number of parts done 
2024/09/26 13:24:08 PERF: primary performance constraint is Unknown. States: X:  0, O:  0, M:  0, L:  0, R:  0, D:  0, W:  0, F:  0, B:  0, E:  0, T:  0, GRs:  4
2024/09/26 13:24:08 100.0 %, 1 Done, 0 Failed, 0 Pending, 0 Skipped, 1 Total, 2-sec Throughput (Mb/s): 0.0173
2024/09/26 13:24:08 Closing Log
