2024/09/19 07:52:23 AzcopyVersion  10.24.0
2024/09/19 07:52:23 OS-Environment  windows
2024/09/19 07:52:23 OS-Architecture  amd64
2024/09/19 07:52:23 Log times are in UTC. Local time is 19 Sep 2024 09:52:23
2024/09/19 07:52:25 ISO 8601 START TIME: to copy files that changed before or after this job started, use the parameter --include-before=2024-09-19T07:52:18Z or --include-after=2024-09-19T07:52:18Z
2024/09/19 07:52:25 Any empty folders will be processed, because source and destination both support folders. For the same reason, properties defined on folders will be processed
2024/09/19 07:52:25 Job-Command copy C:\Users\LungaNgubane\Documents\CLIENTS\SMARTLIFE\esypay\EP-145392-- Funeral Plan Import File Example L66.csv https://smlifestoragetest.file.core.windows.net/bpidrop/Transforms/EasyPay%20Insurance%20Funeral%20Plan/EP-145392--%20Funeral%20Plan%20Import%20File%20Example%20L66.csv?se=2024-10-19t07%3A52%3A23z&sig=-REDACTED-&sp=rwl&sr=s&sv=2023-11-03 --output-type=json --cancel-from-stdin --overwrite=prompt --from-to=LocalFile --follow-symlinks --check-length=true --put-md5 --follow-symlinks --preserve-smb-info=true --disable-auto-decoding=false --recursive --log-level=INFO --trailing-dot=Enable 
2024/09/19 07:52:25 Number of CPUs: 8
2024/09/19 07:52:25 Max file buffer RAM 4.000 GB
2024/09/19 07:52:25 Max concurrent network operations:  will be dynamically tuned up to 3000 (Based on auto-tuning limit. Set AZCOPY_CONCURRENCY_VALUE environment variable to override)
2024/09/19 07:52:25 Check CPU usage when dynamically tuning concurrency: true (Based on hard-coded default. Set AZCOPY_TUNE_TO_CPU environment variable to true or false override)
2024/09/19 07:52:25 Max concurrent transfer initiation routines: 64 (Based on hard-coded default. Set AZCOPY_CONCURRENT_FILES environment variable to override)
2024/09/19 07:52:25 Max enumeration routines: 16 (Based on hard-coded default. Set AZCOPY_CONCURRENT_SCAN environment variable to override)
2024/09/19 07:52:25 Parallelize getting file properties (file.Stat): false (Based on AZCOPY_PARALLEL_STAT_FILES environment variable)
2024/09/19 07:52:25 Max open files when downloading: 2147479959 (auto-computed)
2024/09/19 07:52:25 Final job part has been created
2024/09/19 07:52:25 Trying 4 concurrent connections (initial starting point)
2024/09/19 07:52:25 Final job part has been scheduled
2024/09/19 07:52:25 WARN: [P#0-T#0] Block size 8388608 larger than maximum file chunk size, 4 MB chunk size used
2024/09/19 07:52:25 INFO: [P#0-T#0] Starting transfer: Source "\\\\?\\C:\\Users\\LungaNgubane\\Documents\\CLIENTS\\SMARTLIFE\\esypay\\EP-145392-- Funeral Plan Import File Example L66.csv" Destination "https://smlifestoragetest.file.core.windows.net/bpidrop/Transforms/EasyPay%20Insurance%20Funeral%20Plan/EP-145392--%20Funeral%20Plan%20Import%20File%20Example%20L66.csv". Specified chunk size 4194304
2024/09/19 07:52:25 ==> REQUEST/RESPONSE (Try=1/21.2018ms, OpTime=53.6221ms) -- RESPONSE SUCCESSFULLY RECEIVED
   HEAD https://smlifestoragetest.file.core.windows.net/bpidrop/Transforms%2FEasyPay%20Insurance%20Funeral%20Plan%2FEP-145392--%20Funeral%20Plan%20Import%20File%20Example%20L66.csv?se=2024-10-19T07%3A52%3A23Z&sig=-REDACTED-&sp=rwl&sr=s&sv=2023-11-03
   X-Ms-Request-Id: [5efd1f9f-701a-002f-0e68-0a793d000000]

2024/09/19 07:52:25 ==> REQUEST/RESPONSE (Try=1/39.7608ms, OpTime=39.7608ms) -- RESPONSE SUCCESSFULLY RECEIVED
   PUT https://smlifestoragetest.file.core.windows.net/bpidrop/Transforms%2FEasyPay%20Insurance%20Funeral%20Plan%2FEP-145392--%20Funeral%20Plan%20Import%20File%20Example%20L66.csv?se=2024-10-19T07%3A52%3A23Z&sig=-REDACTED-&sp=rwl&sr=s&sv=2023-11-03
   X-Ms-Request-Id: [5efd1fa2-701a-002f-0f68-0a793d000000]

2024/09/19 07:52:25 ==> REQUEST/RESPONSE (Try=1/16.9186ms, OpTime=16.9186ms) -- RESPONSE SUCCESSFULLY RECEIVED
   PUT https://smlifestoragetest.file.core.windows.net/bpidrop/Transforms%2FEasyPay%20Insurance%20Funeral%20Plan%2FEP-145392--%20Funeral%20Plan%20Import%20File%20Example%20L66.csv?comp=range&se=2024-10-19T07%3A52%3A23Z&sig=-REDACTED-&sp=rwl&sr=s&sv=2023-11-03
   X-Ms-Request-Id: [5efd1fa3-701a-002f-1068-0a793d000000]

2024/09/19 07:52:25 ==> REQUEST/RESPONSE (Try=1/15.4421ms, OpTime=15.4421ms) -- RESPONSE SUCCESSFULLY RECEIVED
   PUT https://smlifestoragetest.file.core.windows.net/bpidrop/Transforms%2FEasyPay%20Insurance%20Funeral%20Plan%2FEP-145392--%20Funeral%20Plan%20Import%20File%20Example%20L66.csv?comp=properties&se=2024-10-19T07%3A52%3A23Z&sig=-REDACTED-&sp=rwl&sr=s&sv=2023-11-03
   X-Ms-Request-Id: [5efd1fa4-701a-002f-1168-0a793d000000]

2024/09/19 07:52:25 ==> REQUEST/RESPONSE (Try=1/14.7769ms, OpTime=14.7769ms) -- RESPONSE SUCCESSFULLY RECEIVED
   PUT https://smlifestoragetest.file.core.windows.net/bpidrop/Transforms%2FEasyPay%20Insurance%20Funeral%20Plan%2FEP-145392--%20Funeral%20Plan%20Import%20File%20Example%20L66.csv?comp=properties&se=2024-10-19T07%3A52%3A23Z&sig=-REDACTED-&sp=rwl&sr=s&sv=2023-11-03
   X-Ms-Request-Id: [5efd1fa5-701a-002f-1268-0a793d000000]

2024/09/19 07:52:25 ==> REQUEST/RESPONSE (Try=1/13.4502ms, OpTime=15.2498ms) -- RESPONSE SUCCESSFULLY RECEIVED
   HEAD https://smlifestoragetest.file.core.windows.net/bpidrop/Transforms%2FEasyPay%20Insurance%20Funeral%20Plan%2FEP-145392--%20Funeral%20Plan%20Import%20File%20Example%20L66.csv?se=2024-10-19T07%3A52%3A23Z&sig=-REDACTED-&sp=rwl&sr=s&sv=2023-11-03
   X-Ms-Request-Id: [5efd1fa6-701a-002f-1368-0a793d000000]

2024/09/19 07:52:25 INFO: [P#0-T#0] UPLOADSUCCESSFUL: https://smlifestoragetest.file.core.windows.net/bpidrop/Transforms/EasyPay%20Insurance%20Funeral%20Plan/EP-145392--%20Funeral%20Plan%20Import%20File%20Example%20L66.csv
2024/09/19 07:52:25 JobID=bf458666-a4f9-6b42-7f22-86143e125a61, Part#=0, TransfersDone=1 of 1
2024/09/19 07:52:25 all parts of entire Job bf458666-a4f9-6b42-7f22-86143e125a61 successfully completed, cancelled or paused
2024/09/19 07:52:25 is part of Job which 1 total number of parts done 
2024/09/19 07:52:27 PERF: primary performance constraint is Unknown. States: X:  0, O:  0, M:  0, L:  0, R:  0, D:  0, W:  0, F:  0, B:  0, E:  0, T:  0, GRs:  4
2024/09/19 07:52:27 100.0 %, 1 Done, 0 Failed, 0 Pending, 0 Skipped, 1 Total, 2-sec Throughput (Mb/s): 0.0173
2024/09/19 07:52:27 Closing Log
