2024/08/19 13:37:57 AzcopyVersion  10.24.0
2024/08/19 13:37:57 OS-Environment  windows
2024/08/19 13:37:57 OS-Architecture  amd64
2024/08/19 13:37:57 Log times are in UTC. Local time is 19 Aug 2024 15:37:57
2024/08/19 13:37:57 ==> REQUEST/RESPONSE (Try=1/20.5078ms, OpTime=112.2741ms) -- RESPONSE SUCCESSFULLY RECEIVED
   GET https://smlifestoragetest.file.core.windows.net/bpidrop/Transforms%2FEasyPay%20Insurance%20Funeral%20Plan%2FTemplate%2FTemplate.xml?restype=directory&se=2024-09-18T13%3A37%3A55Z&sig=-REDACTED-&sp=rl&sr=s&sv=2023-11-03
   X-Ms-Request-Id: [5c6a8f81-201a-000d-5d3d-f2bc22000000]

2024/08/19 13:37:57 Failed to check if the destination is a folder or a file (Azure Files). Assuming the destination is a file: GET https://smlifestoragetest.file.core.windows.net/bpidrop/Transforms/EasyPay Insurance Funeral Plan/Template/Template.xml
--------------------------------------------------------------------------------
RESPONSE 404: 404 The specified resource does not exist.
ERROR CODE: ResourceNotFound
--------------------------------------------------------------------------------
﻿<?xml version="1.0" encoding="utf-8"?><Error><Code>ResourceNotFound</Code><Message>The specified resource does not exist.
RequestId:5c6a8f81-201a-000d-5d3d-f2bc22000000
Time:2024-08-19T13:37:58.4069710Z</Message></Error>
--------------------------------------------------------------------------------

2024/08/19 13:37:57 ==> REQUEST/RESPONSE (Try=1/12.9442ms, OpTime=12.9442ms) -- RESPONSE SUCCESSFULLY RECEIVED
   HEAD https://smlifestoragetest.file.core.windows.net/bpidrop/Transforms%2FEasyPay%20Insurance%20Funeral%20Plan%2FTemplate%2FTemplate.xml?se=2024-09-18T13%3A37%3A55Z&sig=-REDACTED-&sp=rl&sr=s&sv=2023-11-03
   X-Ms-Request-Id: [5c6a8f84-201a-000d-5e3d-f2bc22000000]

2024/08/19 13:37:59 Closing Log
