2024/08/19 13:37:56 AzcopyVersion  10.24.0
2024/08/19 13:37:56 OS-Environment  windows
2024/08/19 13:37:56 OS-Architecture  amd64
2024/08/19 13:37:56 Log times are in UTC. Local time is 19 Aug 2024 15:37:56
2024/08/19 13:37:57 ISO 8601 START TIME: to copy files that changed before or after this job started, use the parameter --include-before=2024-08-19T13:37:51Z or --include-after=2024-08-19T13:37:51Z
2024/08/19 13:37:57 Any empty folders will be processed, because source and destination both support folders. For the same reason, properties defined on folders will be processed
2024/08/19 13:37:57 Job-Command copy https://smlifestoragetest.file.core.windows.net/bpidrop/Transforms/EasyPay%20Insurance%20Funeral%20Plan/Template/Template.xml?se=2024-09-18t13%3A37%3A55z&sig=-REDACTED-&sp=rl&sr=s&sv=2023-11-03 C:\Users\LungaNgubane\Downloads\Template.xml --output-type=json --cancel-from-stdin --overwrite=prompt --check-md5 FailIfDifferent --from-to=FileLocal --preserve-smb-info=true --recursive --log-level=INFO --trailing-dot=Enable 
2024/08/19 13:37:57 Number of CPUs: 8
2024/08/19 13:37:57 Max file buffer RAM 4.000 GB
2024/08/19 13:37:57 Max concurrent network operations:  will be dynamically tuned up to 3000 (Based on auto-tuning limit. Set AZCOPY_CONCURRENCY_VALUE environment variable to override)
2024/08/19 13:37:57 Check CPU usage when dynamically tuning concurrency: true (Based on hard-coded default. Set AZCOPY_TUNE_TO_CPU environment variable to true or false override)
2024/08/19 13:37:57 Max concurrent transfer initiation routines: 64 (Based on hard-coded default. Set AZCOPY_CONCURRENT_FILES environment variable to override)
2024/08/19 13:37:57 Max enumeration routines: 16 (Based on hard-coded default. Set AZCOPY_CONCURRENT_SCAN environment variable to override)
2024/08/19 13:37:57 Parallelize getting file properties (file.Stat): false (Based on AZCOPY_PARALLEL_STAT_FILES environment variable)
2024/08/19 13:37:57 Max open files when downloading: 2147479959 (auto-computed)
2024/08/19 13:37:57 Final job part has been created
2024/08/19 13:37:57 Trying 4 concurrent connections (initial starting point)
2024/08/19 13:37:57 Final job part has been scheduled
2024/08/19 13:37:58 ==> REQUEST/RESPONSE (Try=1/54.5038ms, OpTime=93.3708ms) -- RESPONSE SUCCESSFULLY RECEIVED
   GET https://smlifestoragetest.file.core.windows.net/bpidrop/Transforms%2FEasyPay%20Insurance%20Funeral%20Plan%2FTemplate%2FTemplate.xml?se=2024-09-18T13%3A37%3A55Z&sig=-REDACTED-&sp=rl&sr=s&sv=2023-11-03
   X-Ms-Request-Id: [999c1c38-901a-0027-0b3d-f26332000000]

2024/08/19 13:37:58 ==> REQUEST/RESPONSE (Try=1/12.5375ms, OpTime=12.5375ms) -- RESPONSE SUCCESSFULLY RECEIVED
   HEAD https://smlifestoragetest.file.core.windows.net/bpidrop/Transforms%2FEasyPay%20Insurance%20Funeral%20Plan%2FTemplate%2FTemplate.xml?se=2024-09-18T13%3A37%3A55Z&sig=-REDACTED-&sp=rl&sr=s&sv=2023-11-03
   X-Ms-Request-Id: [999c1c3b-901a-0027-0c3d-f26332000000]

2024/08/19 13:37:58 INFO: [P#0-T#0] DOWNLOADSUCCESSFUL: \\?\C:\Users\LungaNgubane\Downloads\Template.xml
2024/08/19 13:37:58 JobID=c0433912-3a0c-9b42-577e-5b4389ab0223, Part#=0, TransfersDone=1 of 1
2024/08/19 13:37:58 all parts of entire Job c0433912-3a0c-9b42-577e-5b4389ab0223 successfully completed, cancelled or paused
2024/08/19 13:37:58 is part of Job which 1 total number of parts done 
2024/08/19 13:37:59 PERF: primary performance constraint is Unknown. States: C:  0, R:  0, W:  0, F:  0, H:  0, B:  0, S:  0, P:  0, Q:  0, D:  0, E:  0, T:  0, GRs:  4
2024/08/19 13:37:59 100.0 %, 1 Done, 0 Failed, 0 Pending, 0 Skipped, 1 Total, 2-sec Throughput (Mb/s): 0.1451
2024/08/19 13:37:59 Closing Log
