2024/08/08 09:40:14 AzcopyVersion  10.24.0
2024/08/08 09:40:14 OS-Environment  windows
2024/08/08 09:40:14 OS-Architecture  amd64
2024/08/08 09:40:14 Log times are in UTC. Local time is 8 Aug 2024 11:40:14
2024/08/08 09:40:15 ISO 8601 START TIME: to copy files that changed before or after this job started, use the parameter --include-before=2024-08-08T09:40:09Z or --include-after=2024-08-08T09:40:09Z
2024/08/08 09:40:16 Any empty folders will be processed, because source and destination both support folders. For the same reason, properties defined on folders will be processed
2024/08/08 09:40:16 Job-Command copy C:\Users\LungaNgubane\Documents\CLIENTS\SMARTLIFE\esypay\EP-137274 -- Funeral Plan Import File Example 12.csv https://smlifestoragetest.file.core.windows.net/bpidrop/Transforms/EasyPay%20Insurance%20Funeral%20Plan/EP-137274%20--%20Funeral%20Plan%20Import%20File%20Example%2012.csv?se=2024-09-07t09%3A40%3A14z&sig=-REDACTED-&sp=rwl&sr=s&sv=2023-11-03 --output-type=json --cancel-from-stdin --overwrite=prompt --from-to=LocalFile --follow-symlinks --check-length=true --put-md5 --follow-symlinks --preserve-smb-info=true --disable-auto-decoding=false --recursive --log-level=INFO --trailing-dot=Enable 
2024/08/08 09:40:16 Number of CPUs: 8
2024/08/08 09:40:16 Max file buffer RAM 4.000 GB
2024/08/08 09:40:16 Max concurrent network operations:  will be dynamically tuned up to 3000 (Based on auto-tuning limit. Set AZCOPY_CONCURRENCY_VALUE environment variable to override)
2024/08/08 09:40:16 Check CPU usage when dynamically tuning concurrency: true (Based on hard-coded default. Set AZCOPY_TUNE_TO_CPU environment variable to true or false override)
2024/08/08 09:40:16 Max concurrent transfer initiation routines: 64 (Based on hard-coded default. Set AZCOPY_CONCURRENT_FILES environment variable to override)
2024/08/08 09:40:16 Max enumeration routines: 16 (Based on hard-coded default. Set AZCOPY_CONCURRENT_SCAN environment variable to override)
2024/08/08 09:40:16 Parallelize getting file properties (file.Stat): false (Based on AZCOPY_PARALLEL_STAT_FILES environment variable)
2024/08/08 09:40:16 Max open files when downloading: 2147479959 (auto-computed)
2024/08/08 09:40:16 Final job part has been created
2024/08/08 09:40:16 Trying 4 concurrent connections (initial starting point)
2024/08/08 09:40:16 Final job part has been scheduled
2024/08/08 09:40:16 WARN: [P#0-T#0] Block size 8388608 larger than maximum file chunk size, 4 MB chunk size used
2024/08/08 09:40:16 INFO: [P#0-T#0] Starting transfer: Source "\\\\?\\C:\\Users\\LungaNgubane\\Documents\\CLIENTS\\SMARTLIFE\\esypay\\EP-137274 -- Funeral Plan Import File Example 12.csv" Destination "https://smlifestoragetest.file.core.windows.net/bpidrop/Transforms/EasyPay%20Insurance%20Funeral%20Plan/EP-137274%20--%20Funeral%20Plan%20Import%20File%20Example%2012.csv". Specified chunk size 4194304
2024/08/08 09:40:16 ==> REQUEST/RESPONSE (Try=1/18.0896ms, OpTime=59.7275ms) -- RESPONSE SUCCESSFULLY RECEIVED
   HEAD https://smlifestoragetest.file.core.windows.net/bpidrop/Transforms%2FEasyPay%20Insurance%20Funeral%20Plan%2FEP-137274%20--%20Funeral%20Plan%20Import%20File%20Example%2012.csv?se=2024-09-07T09%3A40%3A14Z&sig=-REDACTED-&sp=rwl&sr=s&sv=2023-11-03
   X-Ms-Request-Id: [f639f212-a01a-002c-1d76-e99859000000]

2024/08/08 09:40:16 ==> REQUEST/RESPONSE (Try=1/17.8085ms, OpTime=17.8085ms) -- RESPONSE SUCCESSFULLY RECEIVED
   PUT https://smlifestoragetest.file.core.windows.net/bpidrop/Transforms%2FEasyPay%20Insurance%20Funeral%20Plan%2FEP-137274%20--%20Funeral%20Plan%20Import%20File%20Example%2012.csv?se=2024-09-07T09%3A40%3A14Z&sig=-REDACTED-&sp=rwl&sr=s&sv=2023-11-03
   X-Ms-Request-Id: [f639f215-a01a-002c-1e76-e99859000000]

2024/08/08 09:40:16 ==> REQUEST/RESPONSE (Try=1/17.254ms, OpTime=17.7714ms) -- RESPONSE SUCCESSFULLY RECEIVED
   PUT https://smlifestoragetest.file.core.windows.net/bpidrop/Transforms%2FEasyPay%20Insurance%20Funeral%20Plan%2FEP-137274%20--%20Funeral%20Plan%20Import%20File%20Example%2012.csv?comp=range&se=2024-09-07T09%3A40%3A14Z&sig=-REDACTED-&sp=rwl&sr=s&sv=2023-11-03
   X-Ms-Request-Id: [f639f217-a01a-002c-2076-e99859000000]

2024/08/08 09:40:16 ==> REQUEST/RESPONSE (Try=1/12.3016ms, OpTime=12.3016ms) -- RESPONSE SUCCESSFULLY RECEIVED
   PUT https://smlifestoragetest.file.core.windows.net/bpidrop/Transforms%2FEasyPay%20Insurance%20Funeral%20Plan%2FEP-137274%20--%20Funeral%20Plan%20Import%20File%20Example%2012.csv?comp=properties&se=2024-09-07T09%3A40%3A14Z&sig=-REDACTED-&sp=rwl&sr=s&sv=2023-11-03
   X-Ms-Request-Id: [f639f219-a01a-002c-2176-e99859000000]

2024/08/08 09:40:16 ==> REQUEST/RESPONSE (Try=1/16.0277ms, OpTime=16.0277ms) -- RESPONSE SUCCESSFULLY RECEIVED
   PUT https://smlifestoragetest.file.core.windows.net/bpidrop/Transforms%2FEasyPay%20Insurance%20Funeral%20Plan%2FEP-137274%20--%20Funeral%20Plan%20Import%20File%20Example%2012.csv?comp=properties&se=2024-09-07T09%3A40%3A14Z&sig=-REDACTED-&sp=rwl&sr=s&sv=2023-11-03
   X-Ms-Request-Id: [f639f21a-a01a-002c-2276-e99859000000]

2024/08/08 09:40:16 ==> REQUEST/RESPONSE (Try=1/24.3776ms, OpTime=28.1959ms) -- RESPONSE SUCCESSFULLY RECEIVED
   HEAD https://smlifestoragetest.file.core.windows.net/bpidrop/Transforms%2FEasyPay%20Insurance%20Funeral%20Plan%2FEP-137274%20--%20Funeral%20Plan%20Import%20File%20Example%2012.csv?se=2024-09-07T09%3A40%3A14Z&sig=-REDACTED-&sp=rwl&sr=s&sv=2023-11-03
   X-Ms-Request-Id: [f639f21b-a01a-002c-2376-e99859000000]

2024/08/08 09:40:16 INFO: [P#0-T#0] UPLOADSUCCESSFUL: https://smlifestoragetest.file.core.windows.net/bpidrop/Transforms/EasyPay%20Insurance%20Funeral%20Plan/EP-137274%20--%20Funeral%20Plan%20Import%20File%20Example%2012.csv
2024/08/08 09:40:16 JobID=c29a2f6d-9c9b-2e49-762c-6a8e9d0f56bc, Part#=0, TransfersDone=1 of 1
2024/08/08 09:40:16 all parts of entire Job c29a2f6d-9c9b-2e49-762c-6a8e9d0f56bc successfully completed, cancelled or paused
2024/08/08 09:40:16 is part of Job which 1 total number of parts done 
2024/08/08 09:40:18 PERF: primary performance constraint is Unknown. States: X:  0, O:  0, M:  0, L:  0, R:  0, D:  0, W:  0, F:  0, B:  0, E:  0, T:  0, GRs:  4
2024/08/08 09:40:18 100.0 %, 1 Done, 0 Failed, 0 Pending, 0 Skipped, 1 Total, 2-sec Throughput (Mb/s): 0.0173
2024/08/08 09:40:18 Closing Log
