2024/08/06 14:04:10 AzcopyVersion  10.24.0
2024/08/06 14:04:10 OS-Environment  windows
2024/08/06 14:04:10 OS-Architecture  amd64
2024/08/06 14:04:10 Log times are in UTC. Local time is 6 Aug 2024 16:04:10
2024/08/06 14:04:11 ISO 8601 START TIME: to copy files that changed before or after this job started, use the parameter --include-before=2024-08-06T14:04:05Z or --include-after=2024-08-06T14:04:05Z
2024/08/06 14:04:12 Any empty folders will be processed, because source and destination both support folders. For the same reason, properties defined on folders will be processed
2024/08/06 14:04:12 Job-Command copy C:\Users\LungaNgubane\Documents\CLIENTS\SMARTLIFE\esypay\EP-137274 -- Funeral Plan Import File Example 5.csv https://smlifestoragetest.file.core.windows.net/bpidrop/Transforms/EasyPay%20Insurance%20Funeral%20Plan/EP-137274%20--%20Funeral%20Plan%20Import%20File%20Example%205.csv?se=2024-09-05t14%3A04%3A09z&sig=-REDACTED-&sp=rwl&sr=s&sv=2023-11-03 --output-type=json --cancel-from-stdin --overwrite=prompt --from-to=LocalFile --follow-symlinks --check-length=true --put-md5 --follow-symlinks --preserve-smb-info=true --disable-auto-decoding=false --recursive --log-level=INFO --trailing-dot=Enable 
2024/08/06 14:04:12 Number of CPUs: 8
2024/08/06 14:04:12 Max file buffer RAM 4.000 GB
2024/08/06 14:04:12 Max concurrent network operations:  will be dynamically tuned up to 3000 (Based on auto-tuning limit. Set AZCOPY_CONCURRENCY_VALUE environment variable to override)
2024/08/06 14:04:12 Check CPU usage when dynamically tuning concurrency: true (Based on hard-coded default. Set AZCOPY_TUNE_TO_CPU environment variable to true or false override)
2024/08/06 14:04:12 Max concurrent transfer initiation routines: 64 (Based on hard-coded default. Set AZCOPY_CONCURRENT_FILES environment variable to override)
2024/08/06 14:04:12 Max enumeration routines: 16 (Based on hard-coded default. Set AZCOPY_CONCURRENT_SCAN environment variable to override)
2024/08/06 14:04:12 Parallelize getting file properties (file.Stat): false (Based on AZCOPY_PARALLEL_STAT_FILES environment variable)
2024/08/06 14:04:12 Max open files when downloading: 2147479959 (auto-computed)
2024/08/06 14:04:12 Final job part has been created
2024/08/06 14:04:12 Trying 4 concurrent connections (initial starting point)
2024/08/06 14:04:12 Final job part has been scheduled
2024/08/06 14:04:12 WARN: [P#0-T#0] Block size 8388608 larger than maximum file chunk size, 4 MB chunk size used
2024/08/06 14:04:12 INFO: [P#0-T#0] Starting transfer: Source "\\\\?\\C:\\Users\\LungaNgubane\\Documents\\CLIENTS\\SMARTLIFE\\esypay\\EP-137274 -- Funeral Plan Import File Example 5.csv" Destination "https://smlifestoragetest.file.core.windows.net/bpidrop/Transforms/EasyPay%20Insurance%20Funeral%20Plan/EP-137274%20--%20Funeral%20Plan%20Import%20File%20Example%205.csv". Specified chunk size 4194304
2024/08/06 14:04:12 ==> REQUEST/RESPONSE (Try=1/14.1256ms, OpTime=48.3859ms) -- RESPONSE SUCCESSFULLY RECEIVED
   HEAD https://smlifestoragetest.file.core.windows.net/bpidrop/Transforms%2FEasyPay%20Insurance%20Funeral%20Plan%2FEP-137274%20--%20Funeral%20Plan%20Import%20File%20Example%205.csv?se=2024-09-05T14%3A04%3A09Z&sig=-REDACTED-&sp=rwl&sr=s&sv=2023-11-03
   X-Ms-Request-Id: [642304ad-a01a-002c-1809-e89859000000]

2024/08/06 14:04:12 ==> REQUEST/RESPONSE (Try=1/39.1796ms, OpTime=39.1796ms) -- RESPONSE SUCCESSFULLY RECEIVED
   PUT https://smlifestoragetest.file.core.windows.net/bpidrop/Transforms%2FEasyPay%20Insurance%20Funeral%20Plan%2FEP-137274%20--%20Funeral%20Plan%20Import%20File%20Example%205.csv?se=2024-09-05T14%3A04%3A09Z&sig=-REDACTED-&sp=rwl&sr=s&sv=2023-11-03
   X-Ms-Request-Id: [642304b0-a01a-002c-1909-e89859000000]

2024/08/06 14:04:12 ==> REQUEST/RESPONSE (Try=1/14.3087ms, OpTime=15.2162ms) -- RESPONSE SUCCESSFULLY RECEIVED
   PUT https://smlifestoragetest.file.core.windows.net/bpidrop/Transforms%2FEasyPay%20Insurance%20Funeral%20Plan%2FEP-137274%20--%20Funeral%20Plan%20Import%20File%20Example%205.csv?comp=range&se=2024-09-05T14%3A04%3A09Z&sig=-REDACTED-&sp=rwl&sr=s&sv=2023-11-03
   X-Ms-Request-Id: [642304b1-a01a-002c-1a09-e89859000000]

2024/08/06 14:04:12 ==> REQUEST/RESPONSE (Try=1/13.8126ms, OpTime=13.8126ms) -- RESPONSE SUCCESSFULLY RECEIVED
   PUT https://smlifestoragetest.file.core.windows.net/bpidrop/Transforms%2FEasyPay%20Insurance%20Funeral%20Plan%2FEP-137274%20--%20Funeral%20Plan%20Import%20File%20Example%205.csv?comp=properties&se=2024-09-05T14%3A04%3A09Z&sig=-REDACTED-&sp=rwl&sr=s&sv=2023-11-03
   X-Ms-Request-Id: [642304b2-a01a-002c-1b09-e89859000000]

2024/08/06 14:04:12 ==> REQUEST/RESPONSE (Try=1/14.7892ms, OpTime=14.7892ms) -- RESPONSE SUCCESSFULLY RECEIVED
   PUT https://smlifestoragetest.file.core.windows.net/bpidrop/Transforms%2FEasyPay%20Insurance%20Funeral%20Plan%2FEP-137274%20--%20Funeral%20Plan%20Import%20File%20Example%205.csv?comp=properties&se=2024-09-05T14%3A04%3A09Z&sig=-REDACTED-&sp=rwl&sr=s&sv=2023-11-03
   X-Ms-Request-Id: [642304b3-a01a-002c-1c09-e89859000000]

2024/08/06 14:04:12 ==> REQUEST/RESPONSE (Try=1/12.1195ms, OpTime=14.9139ms) -- RESPONSE SUCCESSFULLY RECEIVED
   HEAD https://smlifestoragetest.file.core.windows.net/bpidrop/Transforms%2FEasyPay%20Insurance%20Funeral%20Plan%2FEP-137274%20--%20Funeral%20Plan%20Import%20File%20Example%205.csv?se=2024-09-05T14%3A04%3A09Z&sig=-REDACTED-&sp=rwl&sr=s&sv=2023-11-03
   X-Ms-Request-Id: [642304b4-a01a-002c-1d09-e89859000000]

2024/08/06 14:04:12 INFO: [P#0-T#0] UPLOADSUCCESSFUL: https://smlifestoragetest.file.core.windows.net/bpidrop/Transforms/EasyPay%20Insurance%20Funeral%20Plan/EP-137274%20--%20Funeral%20Plan%20Import%20File%20Example%205.csv
2024/08/06 14:04:12 JobID=c46a14e2-9681-7849-5999-b23920dbe670, Part#=0, TransfersDone=1 of 1
2024/08/06 14:04:12 all parts of entire Job c46a14e2-9681-7849-5999-b23920dbe670 successfully completed, cancelled or paused
2024/08/06 14:04:12 is part of Job which 1 total number of parts done 
2024/08/06 14:04:14 PERF: primary performance constraint is Unknown. States: X:  0, O:  0, M:  0, L:  0, R:  0, D:  0, W:  0, F:  0, B:  0, E:  0, T:  0, GRs:  4
2024/08/06 14:04:14 100.0 %, 1 Done, 0 Failed, 0 Pending, 0 Skipped, 1 Total, 2-sec Throughput (Mb/s): 0.0171
2024/08/06 14:04:14 Closing Log
