2024/09/26 16:56:05 AzcopyVersion  10.24.0
2024/09/26 16:56:05 OS-Environment  windows
2024/09/26 16:56:05 OS-Architecture  amd64
2024/09/26 16:56:05 Log times are in UTC. Local time is 26 Sep 2024 18:56:05
2024/09/26 16:56:06 ISO 8601 START TIME: to copy files that changed before or after this job started, use the parameter --include-before=2024-09-26T16:56:00Z or --include-after=2024-09-26T16:56:00Z
2024/09/26 16:56:07 Any empty folders will be processed, because source and destination both support folders. For the same reason, properties defined on folders will be processed
2024/09/26 16:56:07 Job-Command copy C:\Users\LungaNgubane\Documents\CLIENTS\SMARTLIFE\esypay\EP-145392-- Funeral Plan Import File Example L85.csv https://smlifestoragetest.file.core.windows.net/bpidrop/Transforms/EasyPay%20Insurance%20Funeral%20Plan/EP-145392--%20Funeral%20Plan%20Import%20File%20Example%20L85.csv?se=2024-10-26t16%3A56%3A04z&sig=-REDACTED-&sp=rwl&sr=s&sv=2023-11-03 --output-type=json --cancel-from-stdin --overwrite=prompt --from-to=LocalFile --follow-symlinks --check-length=true --put-md5 --follow-symlinks --preserve-smb-info=true --disable-auto-decoding=false --recursive --log-level=INFO --trailing-dot=Enable 
2024/09/26 16:56:07 Number of CPUs: 8
2024/09/26 16:56:07 Max file buffer RAM 4.000 GB
2024/09/26 16:56:07 Max concurrent network operations:  will be dynamically tuned up to 3000 (Based on auto-tuning limit. Set AZCOPY_CONCURRENCY_VALUE environment variable to override)
2024/09/26 16:56:07 Check CPU usage when dynamically tuning concurrency: true (Based on hard-coded default. Set AZCOPY_TUNE_TO_CPU environment variable to true or false override)
2024/09/26 16:56:07 Max concurrent transfer initiation routines: 64 (Based on hard-coded default. Set AZCOPY_CONCURRENT_FILES environment variable to override)
2024/09/26 16:56:07 Max enumeration routines: 16 (Based on hard-coded default. Set AZCOPY_CONCURRENT_SCAN environment variable to override)
2024/09/26 16:56:07 Parallelize getting file properties (file.Stat): false (Based on AZCOPY_PARALLEL_STAT_FILES environment variable)
2024/09/26 16:56:07 Max open files when downloading: 2147479959 (auto-computed)
2024/09/26 16:56:07 Final job part has been created
2024/09/26 16:56:07 Trying 4 concurrent connections (initial starting point)
2024/09/26 16:56:07 Final job part has been scheduled
2024/09/26 16:56:07 WARN: [P#0-T#0] Block size 8388608 larger than maximum file chunk size, 4 MB chunk size used
2024/09/26 16:56:07 INFO: [P#0-T#0] Starting transfer: Source "\\\\?\\C:\\Users\\LungaNgubane\\Documents\\CLIENTS\\SMARTLIFE\\esypay\\EP-145392-- Funeral Plan Import File Example L85.csv" Destination "https://smlifestoragetest.file.core.windows.net/bpidrop/Transforms/EasyPay%20Insurance%20Funeral%20Plan/EP-145392--%20Funeral%20Plan%20Import%20File%20Example%20L85.csv". Specified chunk size 4194304
2024/09/26 16:56:07 ==> REQUEST/RESPONSE (Try=1/14.0414ms, OpTime=46.3765ms) -- RESPONSE SUCCESSFULLY RECEIVED
   HEAD https://smlifestoragetest.file.core.windows.net/bpidrop/Transforms%2FEasyPay%20Insurance%20Funeral%20Plan%2FEP-145392--%20Funeral%20Plan%20Import%20File%20Example%20L85.csv?se=2024-10-26T16%3A56%3A04Z&sig=-REDACTED-&sp=rwl&sr=s&sv=2023-11-03
   X-Ms-Request-Id: [d7f9b65e-801a-002b-5f34-10f43a000000]

2024/09/26 16:56:07 ==> REQUEST/RESPONSE (Try=1/44.845ms, OpTime=44.845ms) -- RESPONSE SUCCESSFULLY RECEIVED
   PUT https://smlifestoragetest.file.core.windows.net/bpidrop/Transforms%2FEasyPay%20Insurance%20Funeral%20Plan%2FEP-145392--%20Funeral%20Plan%20Import%20File%20Example%20L85.csv?se=2024-10-26T16%3A56%3A04Z&sig=-REDACTED-&sp=rwl&sr=s&sv=2023-11-03
   X-Ms-Request-Id: [d7f9b661-801a-002b-6034-10f43a000000]

2024/09/26 16:56:07 ==> REQUEST/RESPONSE (Try=1/19.2164ms, OpTime=19.2164ms) -- RESPONSE SUCCESSFULLY RECEIVED
   PUT https://smlifestoragetest.file.core.windows.net/bpidrop/Transforms%2FEasyPay%20Insurance%20Funeral%20Plan%2FEP-145392--%20Funeral%20Plan%20Import%20File%20Example%20L85.csv?comp=range&se=2024-10-26T16%3A56%3A04Z&sig=-REDACTED-&sp=rwl&sr=s&sv=2023-11-03
   X-Ms-Request-Id: [d7f9b662-801a-002b-6134-10f43a000000]

2024/09/26 16:56:07 ==> REQUEST/RESPONSE (Try=1/13.7987ms, OpTime=13.7987ms) -- RESPONSE SUCCESSFULLY RECEIVED
   PUT https://smlifestoragetest.file.core.windows.net/bpidrop/Transforms%2FEasyPay%20Insurance%20Funeral%20Plan%2FEP-145392--%20Funeral%20Plan%20Import%20File%20Example%20L85.csv?comp=properties&se=2024-10-26T16%3A56%3A04Z&sig=-REDACTED-&sp=rwl&sr=s&sv=2023-11-03
   X-Ms-Request-Id: [d7f9b663-801a-002b-6234-10f43a000000]

2024/09/26 16:56:07 ==> REQUEST/RESPONSE (Try=1/13.6319ms, OpTime=13.6319ms) -- RESPONSE SUCCESSFULLY RECEIVED
   PUT https://smlifestoragetest.file.core.windows.net/bpidrop/Transforms%2FEasyPay%20Insurance%20Funeral%20Plan%2FEP-145392--%20Funeral%20Plan%20Import%20File%20Example%20L85.csv?comp=properties&se=2024-10-26T16%3A56%3A04Z&sig=-REDACTED-&sp=rwl&sr=s&sv=2023-11-03
   X-Ms-Request-Id: [d7f9b664-801a-002b-6334-10f43a000000]

2024/09/26 16:56:07 ==> REQUEST/RESPONSE (Try=1/12.2147ms, OpTime=12.2147ms) -- RESPONSE SUCCESSFULLY RECEIVED
   HEAD https://smlifestoragetest.file.core.windows.net/bpidrop/Transforms%2FEasyPay%20Insurance%20Funeral%20Plan%2FEP-145392--%20Funeral%20Plan%20Import%20File%20Example%20L85.csv?se=2024-10-26T16%3A56%3A04Z&sig=-REDACTED-&sp=rwl&sr=s&sv=2023-11-03
   X-Ms-Request-Id: [d7f9b665-801a-002b-6434-10f43a000000]

2024/09/26 16:56:07 INFO: [P#0-T#0] UPLOADSUCCESSFUL: https://smlifestoragetest.file.core.windows.net/bpidrop/Transforms/EasyPay%20Insurance%20Funeral%20Plan/EP-145392--%20Funeral%20Plan%20Import%20File%20Example%20L85.csv
2024/09/26 16:56:07 JobID=c487ffb1-f409-4d43-400c-22b9f5866deb, Part#=0, TransfersDone=1 of 1
2024/09/26 16:56:07 all parts of entire Job c487ffb1-f409-4d43-400c-22b9f5866deb successfully completed, cancelled or paused
2024/09/26 16:56:07 is part of Job which 1 total number of parts done 
2024/09/26 16:56:09 PERF: primary performance constraint is Unknown. States: X:  0, O:  0, M:  0, L:  0, R:  0, D:  0, W:  0, F:  0, B:  0, E:  0, T:  0, GRs:  4
2024/09/26 16:56:09 100.0 %, 1 Done, 0 Failed, 0 Pending, 0 Skipped, 1 Total, 2-sec Throughput (Mb/s): 0.0172
2024/09/26 16:56:09 Closing Log
