2024/08/08 13:42:36 AzcopyVersion  10.24.0
2024/08/08 13:42:36 OS-Environment  windows
2024/08/08 13:42:36 OS-Architecture  amd64
2024/08/08 13:42:36 Log times are in UTC. Local time is 8 Aug 2024 15:42:36
2024/08/08 13:42:37 ISO 8601 START TIME: to copy files that changed before or after this job started, use the parameter --include-before=2024-08-08T13:42:31Z or --include-after=2024-08-08T13:42:31Z
2024/08/08 13:42:37 Any empty folders will be processed, because source and destination both support folders. For the same reason, properties defined on folders will be processed
2024/08/08 13:42:37 Job-Command copy C:\Users\LungaNgubane\Documents\CLIENTS\SMARTLIFE\esypay\EP-137274 -- Funeral Plan Import File Example 14.csv https://smlifestoragetest.file.core.windows.net/bpidrop/Transforms/EasyPay%20Insurance%20Funeral%20Plan/EP-137274%20--%20Funeral%20Plan%20Import%20File%20Example%2014.csv?se=2024-09-07t13%3A42%3A36z&sig=-REDACTED-&sp=rwl&sr=s&sv=2023-11-03 --output-type=json --cancel-from-stdin --overwrite=prompt --from-to=LocalFile --follow-symlinks --check-length=true --put-md5 --follow-symlinks --preserve-smb-info=true --disable-auto-decoding=false --recursive --log-level=INFO --trailing-dot=Enable 
2024/08/08 13:42:37 Number of CPUs: 8
2024/08/08 13:42:37 Max file buffer RAM 4.000 GB
2024/08/08 13:42:37 Max concurrent network operations:  will be dynamically tuned up to 3000 (Based on auto-tuning limit. Set AZCOPY_CONCURRENCY_VALUE environment variable to override)
2024/08/08 13:42:37 Check CPU usage when dynamically tuning concurrency: true (Based on hard-coded default. Set AZCOPY_TUNE_TO_CPU environment variable to true or false override)
2024/08/08 13:42:37 Max concurrent transfer initiation routines: 64 (Based on hard-coded default. Set AZCOPY_CONCURRENT_FILES environment variable to override)
2024/08/08 13:42:37 Max enumeration routines: 16 (Based on hard-coded default. Set AZCOPY_CONCURRENT_SCAN environment variable to override)
2024/08/08 13:42:37 Parallelize getting file properties (file.Stat): false (Based on AZCOPY_PARALLEL_STAT_FILES environment variable)
2024/08/08 13:42:37 Max open files when downloading: 2147479959 (auto-computed)
2024/08/08 13:42:37 Final job part has been created
2024/08/08 13:42:37 Trying 4 concurrent connections (initial starting point)
2024/08/08 13:42:37 Final job part has been scheduled
2024/08/08 13:42:37 WARN: [P#0-T#0] Block size 8388608 larger than maximum file chunk size, 4 MB chunk size used
2024/08/08 13:42:38 INFO: [P#0-T#0] Starting transfer: Source "\\\\?\\C:\\Users\\LungaNgubane\\Documents\\CLIENTS\\SMARTLIFE\\esypay\\EP-137274 -- Funeral Plan Import File Example 14.csv" Destination "https://smlifestoragetest.file.core.windows.net/bpidrop/Transforms/EasyPay%20Insurance%20Funeral%20Plan/EP-137274%20--%20Funeral%20Plan%20Import%20File%20Example%2014.csv". Specified chunk size 4194304
2024/08/08 13:42:38 ==> REQUEST/RESPONSE (Try=1/30.5117ms, OpTime=69.4091ms) -- RESPONSE SUCCESSFULLY RECEIVED
   HEAD https://smlifestoragetest.file.core.windows.net/bpidrop/Transforms%2FEasyPay%20Insurance%20Funeral%20Plan%2FEP-137274%20--%20Funeral%20Plan%20Import%20File%20Example%2014.csv?se=2024-09-07T13%3A42%3A36Z&sig=-REDACTED-&sp=rwl&sr=s&sv=2023-11-03
   X-Ms-Request-Id: [b5b3700c-001a-000a-3698-e9d041000000]

2024/08/08 13:42:38 ==> REQUEST/RESPONSE (Try=1/29.0189ms, OpTime=29.0189ms) -- RESPONSE SUCCESSFULLY RECEIVED
   PUT https://smlifestoragetest.file.core.windows.net/bpidrop/Transforms%2FEasyPay%20Insurance%20Funeral%20Plan%2FEP-137274%20--%20Funeral%20Plan%20Import%20File%20Example%2014.csv?se=2024-09-07T13%3A42%3A36Z&sig=-REDACTED-&sp=rwl&sr=s&sv=2023-11-03
   X-Ms-Request-Id: [b5b37012-001a-000a-3a98-e9d041000000]

2024/08/08 13:42:38 ==> REQUEST/RESPONSE (Try=1/15.6088ms, OpTime=15.6088ms) -- RESPONSE SUCCESSFULLY RECEIVED
   PUT https://smlifestoragetest.file.core.windows.net/bpidrop/Transforms%2FEasyPay%20Insurance%20Funeral%20Plan%2FEP-137274%20--%20Funeral%20Plan%20Import%20File%20Example%2014.csv?comp=range&se=2024-09-07T13%3A42%3A36Z&sig=-REDACTED-&sp=rwl&sr=s&sv=2023-11-03
   X-Ms-Request-Id: [b5b37015-001a-000a-3c98-e9d041000000]

2024/08/08 13:42:38 ==> REQUEST/RESPONSE (Try=1/15.4198ms, OpTime=15.4198ms) -- RESPONSE SUCCESSFULLY RECEIVED
   PUT https://smlifestoragetest.file.core.windows.net/bpidrop/Transforms%2FEasyPay%20Insurance%20Funeral%20Plan%2FEP-137274%20--%20Funeral%20Plan%20Import%20File%20Example%2014.csv?comp=properties&se=2024-09-07T13%3A42%3A36Z&sig=-REDACTED-&sp=rwl&sr=s&sv=2023-11-03
   X-Ms-Request-Id: [b5b37016-001a-000a-3d98-e9d041000000]

2024/08/08 13:42:38 ==> REQUEST/RESPONSE (Try=1/14.581ms, OpTime=14.581ms) -- RESPONSE SUCCESSFULLY RECEIVED
   PUT https://smlifestoragetest.file.core.windows.net/bpidrop/Transforms%2FEasyPay%20Insurance%20Funeral%20Plan%2FEP-137274%20--%20Funeral%20Plan%20Import%20File%20Example%2014.csv?comp=properties&se=2024-09-07T13%3A42%3A36Z&sig=-REDACTED-&sp=rwl&sr=s&sv=2023-11-03
   X-Ms-Request-Id: [b5b37017-001a-000a-3e98-e9d041000000]

2024/08/08 13:42:38 ==> REQUEST/RESPONSE (Try=1/13.9379ms, OpTime=13.9379ms) -- RESPONSE SUCCESSFULLY RECEIVED
   HEAD https://smlifestoragetest.file.core.windows.net/bpidrop/Transforms%2FEasyPay%20Insurance%20Funeral%20Plan%2FEP-137274%20--%20Funeral%20Plan%20Import%20File%20Example%2014.csv?se=2024-09-07T13%3A42%3A36Z&sig=-REDACTED-&sp=rwl&sr=s&sv=2023-11-03
   X-Ms-Request-Id: [b5b37018-001a-000a-3f98-e9d041000000]

2024/08/08 13:42:38 INFO: [P#0-T#0] UPLOADSUCCESSFUL: https://smlifestoragetest.file.core.windows.net/bpidrop/Transforms/EasyPay%20Insurance%20Funeral%20Plan/EP-137274%20--%20Funeral%20Plan%20Import%20File%20Example%2014.csv
2024/08/08 13:42:38 JobID=c76058a0-be0a-fd44-6a95-cc878573f84e, Part#=0, TransfersDone=1 of 1
2024/08/08 13:42:38 all parts of entire Job c76058a0-be0a-fd44-6a95-cc878573f84e successfully completed, cancelled or paused
2024/08/08 13:42:38 is part of Job which 1 total number of parts done 
2024/08/08 13:42:39 PERF: primary performance constraint is Unknown. States: X:  0, O:  0, M:  0, L:  0, R:  0, D:  0, W:  0, F:  0, B:  0, E:  0, T:  0, GRs:  4
2024/08/08 13:42:39 100.0 %, 1 Done, 0 Failed, 0 Pending, 0 Skipped, 1 Total, 2-sec Throughput (Mb/s): 0.0173
2024/08/08 13:42:39 Closing Log
