2024/08/05 11:56:21 AzcopyVersion  10.24.0
2024/08/05 11:56:21 OS-Environment  windows
2024/08/05 11:56:21 OS-Architecture  amd64
2024/08/05 11:56:21 Log times are in UTC. Local time is 5 Aug 2024 13:56:21
2024/08/05 11:56:21 ==> REQUEST/RESPONSE (Try=1/16.0201ms, OpTime=252.4108ms) -- RESPONSE SUCCESSFULLY RECEIVED
   GET https://smlifestoragetest.file.core.windows.net/bpidrop/Transforms%2FEasyPay%20Insurance%20Funeral%20Plan%2FError%2F20240805%20014545%20%20EP-137274%20--%20Funeral%20Plan%20Import%20File%20Example.csv?restype=directory&se=2024-09-04T11%3A56%3A19Z&sig=-REDACTED-&sp=rl&sr=s&sv=2023-11-03
   X-Ms-Request-Id: [b1cb53d6-c01a-0015-332e-e76345000000]

2024/08/05 11:56:21 Failed to check if the destination is a folder or a file (Azure Files). Assuming the destination is a file: GET https://smlifestoragetest.file.core.windows.net/bpidrop/Transforms/EasyPay Insurance Funeral Plan/Error/20240805 014545  EP-137274 -- Funeral Plan Import File Example.csv
--------------------------------------------------------------------------------
RESPONSE 404: 404 The specified resource does not exist.
ERROR CODE: ResourceNotFound
--------------------------------------------------------------------------------
﻿<?xml version="1.0" encoding="utf-8"?><Error><Code>ResourceNotFound</Code><Message>The specified resource does not exist.
RequestId:b1cb53d6-c01a-0015-332e-e76345000000
Time:2024-08-05T11:56:19.0075612Z</Message></Error>
--------------------------------------------------------------------------------

2024/08/05 11:56:21 ==> REQUEST/RESPONSE (Try=1/12.8268ms, OpTime=12.8268ms) -- RESPONSE SUCCESSFULLY RECEIVED
   HEAD https://smlifestoragetest.file.core.windows.net/bpidrop/Transforms%2FEasyPay%20Insurance%20Funeral%20Plan%2FError%2F20240805%20014545%20%20EP-137274%20--%20Funeral%20Plan%20Import%20File%20Example.csv?se=2024-09-04T11%3A56%3A19Z&sig=-REDACTED-&sp=rl&sr=s&sv=2023-11-03
   X-Ms-Request-Id: [b1cb53d9-c01a-0015-342e-e76345000000]

2024/08/05 11:56:23 Closing Log
