2024/08/05 11:56:19 AzcopyVersion  10.24.0
2024/08/05 11:56:19 OS-Environment  windows
2024/08/05 11:56:19 OS-Architecture  amd64
2024/08/05 11:56:19 Log times are in UTC. Local time is 5 Aug 2024 13:56:19
2024/08/05 11:56:21 ISO 8601 START TIME: to copy files that changed before or after this job started, use the parameter --include-before=2024-08-05T11:56:14Z or --include-after=2024-08-05T11:56:14Z
2024/08/05 11:56:21 Any empty folders will be processed, because source and destination both support folders. For the same reason, properties defined on folders will be processed
2024/08/05 11:56:21 Job-Command copy https://smlifestoragetest.file.core.windows.net/bpidrop/Transforms/EasyPay%20Insurance%20Funeral%20Plan/Error/20240805%20014545%20%20EP-137274%20--%20Funeral%20Plan%20Import%20File%20Example.csv?se=2024-09-04t11%3A56%3A19z&sig=-REDACTED-&sp=rl&sr=s&sv=2023-11-03 C:\Users\LUNGAN~1\AppData\Local\Temp\17228589791920\20240805 014545  EP-137274 -- Funeral Plan Import File Example.csv --output-type=json --cancel-from-stdin --overwrite=prompt --check-md5 FailIfDifferent --from-to=FileLocal --preserve-smb-info=true --recursive --log-level=INFO --trailing-dot=Enable 
2024/08/05 11:56:21 Number of CPUs: 8
2024/08/05 11:56:21 Max file buffer RAM 4.000 GB
2024/08/05 11:56:21 Max concurrent network operations:  will be dynamically tuned up to 3000 (Based on auto-tuning limit. Set AZCOPY_CONCURRENCY_VALUE environment variable to override)
2024/08/05 11:56:21 Check CPU usage when dynamically tuning concurrency: true (Based on hard-coded default. Set AZCOPY_TUNE_TO_CPU environment variable to true or false override)
2024/08/05 11:56:21 Max concurrent transfer initiation routines: 64 (Based on hard-coded default. Set AZCOPY_CONCURRENT_FILES environment variable to override)
2024/08/05 11:56:21 Max enumeration routines: 16 (Based on hard-coded default. Set AZCOPY_CONCURRENT_SCAN environment variable to override)
2024/08/05 11:56:21 Parallelize getting file properties (file.Stat): false (Based on AZCOPY_PARALLEL_STAT_FILES environment variable)
2024/08/05 11:56:21 Max open files when downloading: 2147479959 (auto-computed)
2024/08/05 11:56:21 Final job part has been created
2024/08/05 11:56:21 Trying 4 concurrent connections (initial starting point)
2024/08/05 11:56:21 Final job part has been scheduled
2024/08/05 11:56:21 ==> REQUEST/RESPONSE (Try=1/51.8162ms, OpTime=88.7747ms) -- RESPONSE SUCCESSFULLY RECEIVED
   GET https://smlifestoragetest.file.core.windows.net/bpidrop/Transforms%2FEasyPay%20Insurance%20Funeral%20Plan%2FError%2F20240805%20014545%20%20EP-137274%20--%20Funeral%20Plan%20Import%20File%20Example.csv?se=2024-09-04T11%3A56%3A19Z&sig=-REDACTED-&sp=rl&sr=s&sv=2023-11-03
   X-Ms-Request-Id: [0b227496-d01a-0019-692e-e7f44d000000]

2024/08/05 11:56:21 ==> REQUEST/RESPONSE (Try=1/15.286ms, OpTime=15.286ms) -- RESPONSE SUCCESSFULLY RECEIVED
   HEAD https://smlifestoragetest.file.core.windows.net/bpidrop/Transforms%2FEasyPay%20Insurance%20Funeral%20Plan%2FError%2F20240805%20014545%20%20EP-137274%20--%20Funeral%20Plan%20Import%20File%20Example.csv?se=2024-09-04T11%3A56%3A19Z&sig=-REDACTED-&sp=rl&sr=s&sv=2023-11-03
   X-Ms-Request-Id: [0b22749b-d01a-0019-6c2e-e7f44d000000]

2024/08/05 11:56:21 INFO: [P#0-T#0] DOWNLOADSUCCESSFUL: \\?\C:\Users\LUNGAN~1\AppData\Local\Temp\17228589791920\20240805 014545  EP-137274 -- Funeral Plan Import File Example.csv
2024/08/05 11:56:21 JobID=c9fcdbc8-0ca3-2b43-425a-7d542204999e, Part#=0, TransfersDone=1 of 1
2024/08/05 11:56:21 all parts of entire Job c9fcdbc8-0ca3-2b43-425a-7d542204999e successfully completed, cancelled or paused
2024/08/05 11:56:21 is part of Job which 1 total number of parts done 
2024/08/05 11:56:23 PERF: primary performance constraint is Unknown. States: C:  0, R:  0, W:  0, F:  0, H:  0, B:  0, S:  0, P:  0, Q:  0, D:  0, E:  0, T:  0, GRs:  4
2024/08/05 11:56:23 100.0 %, 1 Done, 0 Failed, 0 Pending, 0 Skipped, 1 Total, 2-sec Throughput (Mb/s): 0.0184
2024/08/05 11:56:23 Closing Log
