2024/08/20 11:15:37 AzcopyVersion  10.24.0
2024/08/20 11:15:37 OS-Environment  windows
2024/08/20 11:15:37 OS-Architecture  amd64
2024/08/20 11:15:37 Log times are in UTC. Local time is 20 Aug 2024 13:15:37
2024/08/20 11:15:39 ISO 8601 START TIME: to copy files that changed before or after this job started, use the parameter --include-before=2024-08-20T11:15:32Z or --include-after=2024-08-20T11:15:32Z
2024/08/20 11:15:39 Any empty folders will be processed, because source and destination both support folders. For the same reason, properties defined on folders will be processed
2024/08/20 11:15:39 Job-Command copy C:\Users\LungaNgubane\Documents\CLIENTS\SMARTLIFE\esypay\EP-137274 -- Funeral Plan Import File Example 22.csv https://smlifestoragetest.file.core.windows.net/bpidrop/Transforms/EasyPay%20Insurance%20Funeral%20Plan/EP-137274%20--%20Funeral%20Plan%20Import%20File%20Example%2022.csv?se=2024-09-19t11%3A15%3A37z&sig=-REDACTED-&sp=rwl&sr=s&sv=2023-11-03 --output-type=json --cancel-from-stdin --overwrite=prompt --from-to=LocalFile --follow-symlinks --check-length=true --put-md5 --follow-symlinks --preserve-smb-info=true --disable-auto-decoding=false --recursive --log-level=INFO --trailing-dot=Enable 
2024/08/20 11:15:39 Number of CPUs: 8
2024/08/20 11:15:39 Max file buffer RAM 4.000 GB
2024/08/20 11:15:39 Max concurrent network operations:  will be dynamically tuned up to 3000 (Based on auto-tuning limit. Set AZCOPY_CONCURRENCY_VALUE environment variable to override)
2024/08/20 11:15:39 Check CPU usage when dynamically tuning concurrency: true (Based on hard-coded default. Set AZCOPY_TUNE_TO_CPU environment variable to true or false override)
2024/08/20 11:15:39 Max concurrent transfer initiation routines: 64 (Based on hard-coded default. Set AZCOPY_CONCURRENT_FILES environment variable to override)
2024/08/20 11:15:39 Max enumeration routines: 16 (Based on hard-coded default. Set AZCOPY_CONCURRENT_SCAN environment variable to override)
2024/08/20 11:15:39 Parallelize getting file properties (file.Stat): false (Based on AZCOPY_PARALLEL_STAT_FILES environment variable)
2024/08/20 11:15:39 Max open files when downloading: 2147479959 (auto-computed)
2024/08/20 11:15:39 Final job part has been created
2024/08/20 11:15:39 Trying 4 concurrent connections (initial starting point)
2024/08/20 11:15:39 Final job part has been scheduled
2024/08/20 11:15:39 WARN: [P#0-T#0] Block size 8388608 larger than maximum file chunk size, 4 MB chunk size used
2024/08/20 11:15:39 INFO: [P#0-T#0] Starting transfer: Source "\\\\?\\C:\\Users\\LungaNgubane\\Documents\\CLIENTS\\SMARTLIFE\\esypay\\EP-137274 -- Funeral Plan Import File Example 22.csv" Destination "https://smlifestoragetest.file.core.windows.net/bpidrop/Transforms/EasyPay%20Insurance%20Funeral%20Plan/EP-137274%20--%20Funeral%20Plan%20Import%20File%20Example%2022.csv". Specified chunk size 4194304
2024/08/20 11:15:39 ==> REQUEST/RESPONSE (Try=1/16.8453ms, OpTime=53.475ms) -- RESPONSE SUCCESSFULLY RECEIVED
   HEAD https://smlifestoragetest.file.core.windows.net/bpidrop/Transforms%2FEasyPay%20Insurance%20Funeral%20Plan%2FEP-137274%20--%20Funeral%20Plan%20Import%20File%20Example%2022.csv?se=2024-09-19T11%3A15%3A37Z&sig=-REDACTED-&sp=rwl&sr=s&sv=2023-11-03
   X-Ms-Request-Id: [3d340169-901a-0008-76f2-f26ef9000000]

2024/08/20 11:15:39 ==> REQUEST/RESPONSE (Try=1/41.8826ms, OpTime=41.8826ms) -- RESPONSE SUCCESSFULLY RECEIVED
   PUT https://smlifestoragetest.file.core.windows.net/bpidrop/Transforms%2FEasyPay%20Insurance%20Funeral%20Plan%2FEP-137274%20--%20Funeral%20Plan%20Import%20File%20Example%2022.csv?se=2024-09-19T11%3A15%3A37Z&sig=-REDACTED-&sp=rwl&sr=s&sv=2023-11-03
   X-Ms-Request-Id: [3d34016c-901a-0008-77f2-f26ef9000000]

2024/08/20 11:15:39 ==> REQUEST/RESPONSE (Try=1/15.1922ms, OpTime=15.6981ms) -- RESPONSE SUCCESSFULLY RECEIVED
   PUT https://smlifestoragetest.file.core.windows.net/bpidrop/Transforms%2FEasyPay%20Insurance%20Funeral%20Plan%2FEP-137274%20--%20Funeral%20Plan%20Import%20File%20Example%2022.csv?comp=range&se=2024-09-19T11%3A15%3A37Z&sig=-REDACTED-&sp=rwl&sr=s&sv=2023-11-03
   X-Ms-Request-Id: [3d34016d-901a-0008-78f2-f26ef9000000]

2024/08/20 11:15:39 ==> REQUEST/RESPONSE (Try=1/13.7364ms, OpTime=13.7364ms) -- RESPONSE SUCCESSFULLY RECEIVED
   PUT https://smlifestoragetest.file.core.windows.net/bpidrop/Transforms%2FEasyPay%20Insurance%20Funeral%20Plan%2FEP-137274%20--%20Funeral%20Plan%20Import%20File%20Example%2022.csv?comp=properties&se=2024-09-19T11%3A15%3A37Z&sig=-REDACTED-&sp=rwl&sr=s&sv=2023-11-03
   X-Ms-Request-Id: [3d34016e-901a-0008-79f2-f26ef9000000]

2024/08/20 11:15:39 ==> REQUEST/RESPONSE (Try=1/14.9127ms, OpTime=14.9127ms) -- RESPONSE SUCCESSFULLY RECEIVED
   PUT https://smlifestoragetest.file.core.windows.net/bpidrop/Transforms%2FEasyPay%20Insurance%20Funeral%20Plan%2FEP-137274%20--%20Funeral%20Plan%20Import%20File%20Example%2022.csv?comp=properties&se=2024-09-19T11%3A15%3A37Z&sig=-REDACTED-&sp=rwl&sr=s&sv=2023-11-03
   X-Ms-Request-Id: [3d34016f-901a-0008-7af2-f26ef9000000]

2024/08/20 11:15:39 ==> REQUEST/RESPONSE (Try=1/12.7603ms, OpTime=13.2747ms) -- RESPONSE SUCCESSFULLY RECEIVED
   HEAD https://smlifestoragetest.file.core.windows.net/bpidrop/Transforms%2FEasyPay%20Insurance%20Funeral%20Plan%2FEP-137274%20--%20Funeral%20Plan%20Import%20File%20Example%2022.csv?se=2024-09-19T11%3A15%3A37Z&sig=-REDACTED-&sp=rwl&sr=s&sv=2023-11-03
   X-Ms-Request-Id: [3d340170-901a-0008-7bf2-f26ef9000000]

2024/08/20 11:15:39 INFO: [P#0-T#0] UPLOADSUCCESSFUL: https://smlifestoragetest.file.core.windows.net/bpidrop/Transforms/EasyPay%20Insurance%20Funeral%20Plan/EP-137274%20--%20Funeral%20Plan%20Import%20File%20Example%2022.csv
2024/08/20 11:15:39 JobID=d8cc5564-0613-e143-6859-f017e15707ef, Part#=0, TransfersDone=1 of 1
2024/08/20 11:15:39 all parts of entire Job d8cc5564-0613-e143-6859-f017e15707ef successfully completed, cancelled or paused
2024/08/20 11:15:39 is part of Job which 1 total number of parts done 
2024/08/20 11:15:41 PERF: primary performance constraint is Unknown. States: X:  0, O:  0, M:  0, L:  0, R:  0, D:  0, W:  0, F:  0, B:  0, E:  0, T:  0, GRs:  4
2024/08/20 11:15:41 100.0 %, 1 Done, 0 Failed, 0 Pending, 0 Skipped, 1 Total, 2-sec Throughput (Mb/s): 0.0173
2024/08/20 11:15:41 Closing Log
