2024/08/19 13:42:09 AzcopyVersion  10.24.0
2024/08/19 13:42:09 OS-Environment  windows
2024/08/19 13:42:09 OS-Architecture  amd64
2024/08/19 13:42:09 Log times are in UTC. Local time is 19 Aug 2024 15:42:09
2024/08/19 13:42:10 ISO 8601 START TIME: to copy files that changed before or after this job started, use the parameter --include-before=2024-08-19T13:42:04Z or --include-after=2024-08-19T13:42:04Z
2024/08/19 13:42:10 Any empty folders will be processed, because source and destination both support folders. For the same reason, properties defined on folders will be processed
2024/08/19 13:42:10 Job-Command copy https://smlifestoragetest.file.core.windows.net/bpidrop/Transforms/EasyPay%20Insurance%20Funeral%20Plan/Template/Template.xml?se=2024-09-18t13%3A42%3A09z&sig=-REDACTED-&sp=rl&sr=s&sv=2023-11-03 C:\Users\LungaNgubane\Documents\CLIENTS\SMARTLIFE\esypay\New folder\Template.xml --output-type=json --cancel-from-stdin --overwrite=prompt --check-md5 FailIfDifferent --from-to=FileLocal --preserve-smb-info=true --recursive --log-level=INFO --trailing-dot=Enable 
2024/08/19 13:42:10 Number of CPUs: 8
2024/08/19 13:42:10 Max file buffer RAM 4.000 GB
2024/08/19 13:42:10 Max concurrent network operations:  will be dynamically tuned up to 3000 (Based on auto-tuning limit. Set AZCOPY_CONCURRENCY_VALUE environment variable to override)
2024/08/19 13:42:10 Check CPU usage when dynamically tuning concurrency: true (Based on hard-coded default. Set AZCOPY_TUNE_TO_CPU environment variable to true or false override)
2024/08/19 13:42:10 Max concurrent transfer initiation routines: 64 (Based on hard-coded default. Set AZCOPY_CONCURRENT_FILES environment variable to override)
2024/08/19 13:42:10 Max enumeration routines: 16 (Based on hard-coded default. Set AZCOPY_CONCURRENT_SCAN environment variable to override)
2024/08/19 13:42:10 Parallelize getting file properties (file.Stat): false (Based on AZCOPY_PARALLEL_STAT_FILES environment variable)
2024/08/19 13:42:10 Max open files when downloading: 2147479959 (auto-computed)
2024/08/19 13:42:10 Final job part has been created
2024/08/19 13:42:10 Trying 4 concurrent connections (initial starting point)
2024/08/19 13:42:10 Final job part has been scheduled
2024/08/19 13:42:10 ==> REQUEST/RESPONSE (Try=1/27.7357ms, OpTime=65.3431ms) -- RESPONSE SUCCESSFULLY RECEIVED
   GET https://smlifestoragetest.file.core.windows.net/bpidrop/Transforms%2FEasyPay%20Insurance%20Funeral%20Plan%2FTemplate%2FTemplate.xml?se=2024-09-18T13%3A42%3A09Z&sig=-REDACTED-&sp=rl&sr=s&sv=2023-11-03
   X-Ms-Request-Id: [5d0c5d82-d01a-0009-403d-f23125000000]

2024/08/19 13:42:10 ==> REQUEST/RESPONSE (Try=1/14.0402ms, OpTime=14.0402ms) -- RESPONSE SUCCESSFULLY RECEIVED
   HEAD https://smlifestoragetest.file.core.windows.net/bpidrop/Transforms%2FEasyPay%20Insurance%20Funeral%20Plan%2FTemplate%2FTemplate.xml?se=2024-09-18T13%3A42%3A09Z&sig=-REDACTED-&sp=rl&sr=s&sv=2023-11-03
   X-Ms-Request-Id: [5d0c5d86-d01a-0009-423d-f23125000000]

2024/08/19 13:42:10 INFO: [P#0-T#0] DOWNLOADSUCCESSFUL: \\?\C:\Users\LungaNgubane\Documents\CLIENTS\SMARTLIFE\esypay\New folder\Template.xml
2024/08/19 13:42:10 JobID=eaa2b9de-fef5-9c47-5064-741ee28c3503, Part#=0, TransfersDone=1 of 1
2024/08/19 13:42:10 all parts of entire Job eaa2b9de-fef5-9c47-5064-741ee28c3503 successfully completed, cancelled or paused
2024/08/19 13:42:10 is part of Job which 1 total number of parts done 
2024/08/19 13:42:12 PERF: primary performance constraint is Unknown. States: C:  0, R:  0, W:  0, F:  0, H:  0, B:  0, S:  0, P:  0, Q:  0, D:  0, E:  0, T:  0, GRs:  4
2024/08/19 13:42:12 100.0 %, 1 Done, 0 Failed, 0 Pending, 0 Skipped, 1 Total, 2-sec Throughput (Mb/s): 0.1453
2024/08/19 13:42:12 Closing Log
