2024/08/19 13:42:10 AzcopyVersion  10.24.0
2024/08/19 13:42:10 OS-Environment  windows
2024/08/19 13:42:10 OS-Architecture  amd64
2024/08/19 13:42:10 Log times are in UTC. Local time is 19 Aug 2024 15:42:10
2024/08/19 13:42:10 ==> REQUEST/RESPONSE (Try=1/16.79ms, OpTime=104.4584ms) -- RESPONSE SUCCESSFULLY RECEIVED
   GET https://smlifestoragetest.file.core.windows.net/bpidrop/Transforms%2FEasyPay%20Insurance%20Funeral%20Plan%2FTemplate%2FTemplate.xml?restype=directory&se=2024-09-18T13%3A42%3A09Z&sig=-REDACTED-&sp=rl&sr=s&sv=2023-11-03
   X-Ms-Request-Id: [573cbe70-601a-001c-2d3d-f22696000000]

2024/08/19 13:42:10 Failed to check if the destination is a folder or a file (Azure Files). Assuming the destination is a file: GET https://smlifestoragetest.file.core.windows.net/bpidrop/Transforms/EasyPay Insurance Funeral Plan/Template/Template.xml
--------------------------------------------------------------------------------
RESPONSE 404: 404 The specified resource does not exist.
ERROR CODE: ResourceNotFound
--------------------------------------------------------------------------------
﻿<?xml version="1.0" encoding="utf-8"?><Error><Code>ResourceNotFound</Code><Message>The specified resource does not exist.
RequestId:573cbe70-601a-001c-2d3d-f22696000000
Time:2024-08-19T13:42:11.2437302Z</Message></Error>
--------------------------------------------------------------------------------

2024/08/19 13:42:10 ==> REQUEST/RESPONSE (Try=1/13.5ms, OpTime=13.5ms) -- RESPONSE SUCCESSFULLY RECEIVED
   HEAD https://smlifestoragetest.file.core.windows.net/bpidrop/Transforms%2FEasyPay%20Insurance%20Funeral%20Plan%2FTemplate%2FTemplate.xml?se=2024-09-18T13%3A42%3A09Z&sig=-REDACTED-&sp=rl&sr=s&sv=2023-11-03
   X-Ms-Request-Id: [573cbe73-601a-001c-2e3d-f22696000000]

2024/08/19 13:42:12 Closing Log
