2022/01/21 11:29:42 AzcopyVersion  10.13.0
2022/01/21 11:29:42 OS-Environment  windows
2022/01/21 11:29:42 OS-Architecture  amd64
2022/01/21 11:29:42 Log times are in UTC. Local time is 21 Jan 2022 13:29:42
2022/01/21 11:29:42 Job-Command copy https://silverbridge.blob.core.windows.net/releases/Independent_Tools/RulesGuru/RulesGuru_Azure.msi?se=2022-02-20t11%3A29%3A38z&sig=-REDACTED-&sp=rl&sr=c&sv=2020-10-02 C:\Users\LUNGAN~1\AppData\Local\Temp\16427645784330\RulesGuru_Azure.msi --output-type=json --cancel-from-stdin --overwrite=prompt --check-md5 FailIfDifferent --from-to=BlobLocal --blob-type BlockBlob --recursive --log-level=INFO 
2022/01/21 11:29:42 Number of CPUs: 8
2022/01/21 11:29:42 Max file buffer RAM 4.000 GB
2022/01/21 11:29:42 Max concurrent network operations: 128 (Based on number of CPUs. Set AZCOPY_CONCURRENCY_VALUE environment variable to override)
2022/01/21 11:29:42 Check CPU usage when dynamically tuning concurrency: true (Based on hard-coded default. Set AZCOPY_TUNE_TO_CPU environment variable to true or false override)
2022/01/21 11:29:42 Max concurrent transfer initiation routines: 64 (Based on hard-coded default. Set AZCOPY_CONCURRENT_FILES environment variable to override)
2022/01/21 11:29:42 Max enumeration routines: 16 (Based on hard-coded default. Set AZCOPY_CONCURRENT_SCAN environment variable to override)
2022/01/21 11:29:42 Parallelize getting file properties (file.Stat): false (Based on AZCOPY_PARALLEL_STAT_FILES environment variable)
2022/01/21 11:29:42 Max open files when downloading: 2147483119 (auto-computed)
2022/01/21 11:29:42 ISO 8601 START TIME: to copy files that changed before or after this job started, use the parameter --include-before=2022-01-21T11:29:37Z or --include-after=2022-01-21T11:29:37Z
2022/01/21 11:29:42 Any empty folders will not be processed, because source and/or destination doesn't have full folder support
2022/01/21 11:29:42 JobID=f01859b5-689a-6145-69f0-a216fe284c13, credential type: Anonymous
2022/01/21 11:29:42 scheduling JobID=f01859b5-689a-6145-69f0-a216fe284c13, Part#=0, Transfer#=0, priority=0
2022/01/21 11:29:42 Final job part has been scheduled
2022/01/21 11:29:42 Final job part has been created
2022/01/21 11:29:42 PERF: primary performance constraint is Unknown. States: C:  0, R:  0, W:  0, F:  0, H:  0, B:  0, S:  0, P:  0, Q:  0, D:  0, E:  0, T:  0, GRs: 34
2022/01/21 11:29:42 0.0 %, 0 Done, 0 Failed, 1 Pending, 0 Skipped, 1 Total, 
2022/01/21 11:29:42 INFO: [P#0-T#0] has worker 35 which is processing TRANSFER 0
2022/01/21 11:29:42 ==> REQUEST/RESPONSE (Try=1/142.0818ms, OpTime=288.7539ms) -- RESPONSE SUCCESSFULLY RECEIVED
   GET https://silverbridge.blob.core.windows.net/releases/Independent_Tools/RulesGuru/RulesGuru_Azure.msi?se=2022-02-20t11%3A29%3A38z&sig=-REDACTED-&sp=rl&sr=c&sv=2020-10-02&timeout=901
   X-Ms-Request-Id: [e4cf5ceb-401e-001b-1cba-0e4af5000000]

2022/01/21 11:29:43 INFO: [P#0-T#0] DOWNLOADSUCCESSFUL: \\?\C:\Users\LUNGAN~1\AppData\Local\Temp\16427645784330\RulesGuru_Azure.msi
2022/01/21 11:29:43 JobID=f01859b5-689a-6145-69f0-a216fe284c13, Part#=0, TransfersDone=1 of 1
2022/01/21 11:29:43 all parts of entire Job f01859b5-689a-6145-69f0-a216fe284c13 successfully completed, cancelled or paused
2022/01/21 11:29:43 is part of Job which 1 total number of parts done 
2022/01/21 11:29:44 PERF: primary performance constraint is Unknown. States: C:  0, R:  0, W:  0, F:  0, H:  0, B:  0, S:  0, P:  0, Q:  0, D:  0, E:  0, T:  0, GRs: 128
