2024/09/18 12:25:25 AzcopyVersion  10.24.0
2024/09/18 12:25:25 OS-Environment  windows
2024/09/18 12:25:25 OS-Architecture  amd64
2024/09/18 12:25:25 Log times are in UTC. Local time is 18 Sep 2024 14:25:25
2024/09/18 12:25:26 ISO 8601 START TIME: to copy files that changed before or after this job started, use the parameter --include-before=2024-09-18T12:25:20Z or --include-after=2024-09-18T12:25:20Z
2024/09/18 12:25:27 Any empty folders will be processed, because source and destination both support folders. For the same reason, properties defined on folders will be processed
2024/09/18 12:25:27 Job-Command copy C:\Users\LungaNgubane\Documents\CLIENTS\SMARTLIFE\esypay\EP-145392-- Funeral Plan Import File Example L64.csv https://smlifestoragetest.file.core.windows.net/bpidrop/Transforms/EasyPay%20Insurance%20Funeral%20Plan/EP-145392--%20Funeral%20Plan%20Import%20File%20Example%20L64.csv?se=2024-10-18t12%3A25%3A25z&sig=-REDACTED-&sp=rwl&sr=s&sv=2023-11-03 --output-type=json --cancel-from-stdin --overwrite=prompt --from-to=LocalFile --follow-symlinks --check-length=true --put-md5 --follow-symlinks --preserve-smb-info=true --disable-auto-decoding=false --recursive --log-level=INFO --trailing-dot=Enable 
2024/09/18 12:25:27 Number of CPUs: 8
2024/09/18 12:25:27 Max file buffer RAM 4.000 GB
2024/09/18 12:25:27 Max concurrent network operations:  will be dynamically tuned up to 3000 (Based on auto-tuning limit. Set AZCOPY_CONCURRENCY_VALUE environment variable to override)
2024/09/18 12:25:27 Check CPU usage when dynamically tuning concurrency: true (Based on hard-coded default. Set AZCOPY_TUNE_TO_CPU environment variable to true or false override)
2024/09/18 12:25:27 Max concurrent transfer initiation routines: 64 (Based on hard-coded default. Set AZCOPY_CONCURRENT_FILES environment variable to override)
2024/09/18 12:25:27 Max enumeration routines: 16 (Based on hard-coded default. Set AZCOPY_CONCURRENT_SCAN environment variable to override)
2024/09/18 12:25:27 Parallelize getting file properties (file.Stat): false (Based on AZCOPY_PARALLEL_STAT_FILES environment variable)
2024/09/18 12:25:27 Max open files when downloading: 2147479959 (auto-computed)
2024/09/18 12:25:27 Final job part has been created
2024/09/18 12:25:27 Trying 4 concurrent connections (initial starting point)
2024/09/18 12:25:27 Final job part has been scheduled
2024/09/18 12:25:27 WARN: [P#0-T#0] Block size 8388608 larger than maximum file chunk size, 4 MB chunk size used
2024/09/18 12:25:27 INFO: [P#0-T#0] Starting transfer: Source "\\\\?\\C:\\Users\\LungaNgubane\\Documents\\CLIENTS\\SMARTLIFE\\esypay\\EP-145392-- Funeral Plan Import File Example L64.csv" Destination "https://smlifestoragetest.file.core.windows.net/bpidrop/Transforms/EasyPay%20Insurance%20Funeral%20Plan/EP-145392--%20Funeral%20Plan%20Import%20File%20Example%20L64.csv". Specified chunk size 4194304
2024/09/18 12:25:27 ==> REQUEST/RESPONSE (Try=1/17.3562ms, OpTime=52.8739ms) -- RESPONSE SUCCESSFULLY RECEIVED
   HEAD https://smlifestoragetest.file.core.windows.net/bpidrop/Transforms%2FEasyPay%20Insurance%20Funeral%20Plan%2FEP-145392--%20Funeral%20Plan%20Import%20File%20Example%20L64.csv?se=2024-10-18T12%3A25%3A25Z&sig=-REDACTED-&sp=rwl&sr=s&sv=2023-11-03
   X-Ms-Request-Id: [0ad723a1-801a-0004-55c5-09f9f1000000]

2024/09/18 12:25:27 ==> REQUEST/RESPONSE (Try=1/16.7869ms, OpTime=18.5895ms) -- RESPONSE SUCCESSFULLY RECEIVED
   PUT https://smlifestoragetest.file.core.windows.net/bpidrop/Transforms%2FEasyPay%20Insurance%20Funeral%20Plan%2FEP-145392--%20Funeral%20Plan%20Import%20File%20Example%20L64.csv?se=2024-10-18T12%3A25%3A25Z&sig=-REDACTED-&sp=rwl&sr=s&sv=2023-11-03
   X-Ms-Request-Id: [0ad723a4-801a-0004-56c5-09f9f1000000]

2024/09/18 12:25:27 ==> REQUEST/RESPONSE (Try=1/31.1223ms, OpTime=31.643ms) -- RESPONSE SUCCESSFULLY RECEIVED
   PUT https://smlifestoragetest.file.core.windows.net/bpidrop/Transforms%2FEasyPay%20Insurance%20Funeral%20Plan%2FEP-145392--%20Funeral%20Plan%20Import%20File%20Example%20L64.csv?comp=range&se=2024-10-18T12%3A25%3A25Z&sig=-REDACTED-&sp=rwl&sr=s&sv=2023-11-03
   X-Ms-Request-Id: [0ad723a5-801a-0004-57c5-09f9f1000000]

2024/09/18 12:25:27 ==> REQUEST/RESPONSE (Try=1/20.6968ms, OpTime=20.754ms) -- RESPONSE SUCCESSFULLY RECEIVED
   PUT https://smlifestoragetest.file.core.windows.net/bpidrop/Transforms%2FEasyPay%20Insurance%20Funeral%20Plan%2FEP-145392--%20Funeral%20Plan%20Import%20File%20Example%20L64.csv?comp=properties&se=2024-10-18T12%3A25%3A25Z&sig=-REDACTED-&sp=rwl&sr=s&sv=2023-11-03
   X-Ms-Request-Id: [0ad723a6-801a-0004-58c5-09f9f1000000]

2024/09/18 12:25:27 ==> REQUEST/RESPONSE (Try=1/36.5733ms, OpTime=36.5733ms) -- RESPONSE SUCCESSFULLY RECEIVED
   PUT https://smlifestoragetest.file.core.windows.net/bpidrop/Transforms%2FEasyPay%20Insurance%20Funeral%20Plan%2FEP-145392--%20Funeral%20Plan%20Import%20File%20Example%20L64.csv?comp=properties&se=2024-10-18T12%3A25%3A25Z&sig=-REDACTED-&sp=rwl&sr=s&sv=2023-11-03
   X-Ms-Request-Id: [0ad723a7-801a-0004-59c5-09f9f1000000]

2024/09/18 12:25:27 ==> REQUEST/RESPONSE (Try=1/13.5746ms, OpTime=13.5746ms) -- RESPONSE SUCCESSFULLY RECEIVED
   HEAD https://smlifestoragetest.file.core.windows.net/bpidrop/Transforms%2FEasyPay%20Insurance%20Funeral%20Plan%2FEP-145392--%20Funeral%20Plan%20Import%20File%20Example%20L64.csv?se=2024-10-18T12%3A25%3A25Z&sig=-REDACTED-&sp=rwl&sr=s&sv=2023-11-03
   X-Ms-Request-Id: [0ad723a8-801a-0004-5ac5-09f9f1000000]

2024/09/18 12:25:27 INFO: [P#0-T#0] UPLOADSUCCESSFUL: https://smlifestoragetest.file.core.windows.net/bpidrop/Transforms/EasyPay%20Insurance%20Funeral%20Plan/EP-145392--%20Funeral%20Plan%20Import%20File%20Example%20L64.csv
2024/09/18 12:25:27 JobID=f1fdb850-af8d-0547-7419-9c838d479fbe, Part#=0, TransfersDone=1 of 1
2024/09/18 12:25:27 all parts of entire Job f1fdb850-af8d-0547-7419-9c838d479fbe successfully completed, cancelled or paused
2024/09/18 12:25:27 is part of Job which 1 total number of parts done 
2024/09/18 12:25:29 PERF: primary performance constraint is Unknown. States: X:  0, O:  0, M:  0, L:  0, R:  0, D:  0, W:  0, F:  0, B:  0, E:  0, T:  0, GRs:  4
2024/09/18 12:25:29 100.0 %, 1 Done, 0 Failed, 0 Pending, 0 Skipped, 1 Total, 2-sec Throughput (Mb/s): 0.0172
2024/09/18 12:25:29 Closing Log
