2024/08/06 11:23:50 AzcopyVersion  10.24.0
2024/08/06 11:23:50 OS-Environment  windows
2024/08/06 11:23:50 OS-Architecture  amd64
2024/08/06 11:23:50 Log times are in UTC. Local time is 6 Aug 2024 13:23:50
2024/08/06 11:23:51 ISO 8601 START TIME: to copy files that changed before or after this job started, use the parameter --include-before=2024-08-06T11:23:45Z or --include-after=2024-08-06T11:23:45Z
2024/08/06 11:23:51 Any empty folders will be processed, because source and destination both support folders. For the same reason, properties defined on folders will be processed
2024/08/06 11:23:51 Job-Command copy C:\Users\LungaNgubane\Documents\CLIENTS\SMARTLIFE\esypay\EP-137274 -- Funeral Plan Import File Example 3.csv https://smlifestoragetest.file.core.windows.net/bpidrop/Transforms/EasyPay%20Insurance%20Funeral%20Plan/EP-137274%20--%20Funeral%20Plan%20Import%20File%20Example%203.csv?se=2024-09-05t11%3A23%3A50z&sig=-REDACTED-&sp=rwl&sr=s&sv=2023-11-03 --output-type=json --cancel-from-stdin --overwrite=prompt --from-to=LocalFile --follow-symlinks --check-length=true --put-md5 --follow-symlinks --preserve-smb-info=true --disable-auto-decoding=false --recursive --log-level=INFO --trailing-dot=Enable 
2024/08/06 11:23:51 Number of CPUs: 8
2024/08/06 11:23:51 Max file buffer RAM 4.000 GB
2024/08/06 11:23:51 Max concurrent network operations:  will be dynamically tuned up to 3000 (Based on auto-tuning limit. Set AZCOPY_CONCURRENCY_VALUE environment variable to override)
2024/08/06 11:23:51 Check CPU usage when dynamically tuning concurrency: true (Based on hard-coded default. Set AZCOPY_TUNE_TO_CPU environment variable to true or false override)
2024/08/06 11:23:51 Max concurrent transfer initiation routines: 64 (Based on hard-coded default. Set AZCOPY_CONCURRENT_FILES environment variable to override)
2024/08/06 11:23:51 Max enumeration routines: 16 (Based on hard-coded default. Set AZCOPY_CONCURRENT_SCAN environment variable to override)
2024/08/06 11:23:51 Parallelize getting file properties (file.Stat): false (Based on AZCOPY_PARALLEL_STAT_FILES environment variable)
2024/08/06 11:23:51 Max open files when downloading: 2147479959 (auto-computed)
2024/08/06 11:23:51 Final job part has been created
2024/08/06 11:23:51 Trying 4 concurrent connections (initial starting point)
2024/08/06 11:23:51 Final job part has been scheduled
2024/08/06 11:23:51 WARN: [P#0-T#0] Block size 8388608 larger than maximum file chunk size, 4 MB chunk size used
2024/08/06 11:23:52 INFO: [P#0-T#0] Starting transfer: Source "\\\\?\\C:\\Users\\LungaNgubane\\Documents\\CLIENTS\\SMARTLIFE\\esypay\\EP-137274 -- Funeral Plan Import File Example 3.csv" Destination "https://smlifestoragetest.file.core.windows.net/bpidrop/Transforms/EasyPay%20Insurance%20Funeral%20Plan/EP-137274%20--%20Funeral%20Plan%20Import%20File%20Example%203.csv". Specified chunk size 4194304
2024/08/06 11:23:52 ==> REQUEST/RESPONSE (Try=1/16.2284ms, OpTime=62.934ms) -- RESPONSE SUCCESSFULLY RECEIVED
   HEAD https://smlifestoragetest.file.core.windows.net/bpidrop/Transforms%2FEasyPay%20Insurance%20Funeral%20Plan%2FEP-137274%20--%20Funeral%20Plan%20Import%20File%20Example%203.csv?se=2024-09-05T11%3A23%3A50Z&sig=-REDACTED-&sp=rwl&sr=s&sv=2023-11-03
   X-Ms-Request-Id: [a4503ba2-a01a-0013-5df3-e750fa000000]

2024/08/06 11:23:52 ERR: [P#0-T#0] UPLOADFAILED: \\?\C:\Users\LungaNgubane\Documents\CLIENTS\SMARTLIFE\esypay\EP-137274 -- Funeral Plan Import File Example 3.csv : 000 : Couldn't open source. The process cannot access the file because it is being used by another process.
   Dst: https://smlifestoragetest.file.core.windows.net/bpidrop/Transforms/EasyPay%20Insurance%20Funeral%20Plan/EP-137274%20--%20Funeral%20Plan%20Import%20File%20Example%203.csv
2024/08/06 11:23:52 JobID=f350ba2d-b4e0-e44a-4906-377e9c813799, Part#=0, TransfersDone=1 of 1
2024/08/06 11:23:52 all parts of entire Job f350ba2d-b4e0-e44a-4906-377e9c813799 successfully completed, cancelled or paused
2024/08/06 11:23:52 is part of Job which 1 total number of parts done 
2024/08/06 11:23:53 PERF: primary performance constraint is Unknown. States: X:  0, O:  0, M:  0, L:  0, R:  0, D:  0, W:  0, F:  0, B:  0, E:  0, T:  0, GRs:  4
2024/08/06 11:23:53 0.0 %, 0 Done, 1 Failed, 0 Pending, 0 Skipped, 1 Total, 
2024/08/06 11:23:53 Closing Log
