2024/08/19 08:10:39 AzcopyVersion  10.24.0
2024/08/19 08:10:39 OS-Environment  windows
2024/08/19 08:10:39 OS-Architecture  amd64
2024/08/19 08:10:39 Log times are in UTC. Local time is 19 Aug 2024 10:10:39
2024/08/19 08:10:40 ISO 8601 START TIME: to copy files that changed before or after this job started, use the parameter --include-before=2024-08-19T08:10:34Z or --include-after=2024-08-19T08:10:34Z
2024/08/19 08:10:41 Any empty folders will be processed, because source and destination both support folders. For the same reason, properties defined on folders will be processed
2024/08/19 08:10:41 Job-Command copy https://smlifestoragetest.file.core.windows.net/bpidrop/Transforms/EasyPay%20Insurance%20Funeral%20Plan/Template/Template.xml?se=2024-09-18t08%3A10%3A39z&sig=-REDACTED-&sp=rl&sr=s&sv=2023-11-03 C:\Users\LungaNgubane\Documents\CLIENTS\SMARTLIFE\esypay\Template.xml --output-type=json --cancel-from-stdin --overwrite=prompt --check-md5 FailIfDifferent --from-to=FileLocal --preserve-smb-info=true --recursive --log-level=INFO --trailing-dot=Enable 
2024/08/19 08:10:41 Number of CPUs: 8
2024/08/19 08:10:41 Max file buffer RAM 4.000 GB
2024/08/19 08:10:41 Max concurrent network operations:  will be dynamically tuned up to 3000 (Based on auto-tuning limit. Set AZCOPY_CONCURRENCY_VALUE environment variable to override)
2024/08/19 08:10:41 Check CPU usage when dynamically tuning concurrency: true (Based on hard-coded default. Set AZCOPY_TUNE_TO_CPU environment variable to true or false override)
2024/08/19 08:10:41 Max concurrent transfer initiation routines: 64 (Based on hard-coded default. Set AZCOPY_CONCURRENT_FILES environment variable to override)
2024/08/19 08:10:41 Max enumeration routines: 16 (Based on hard-coded default. Set AZCOPY_CONCURRENT_SCAN environment variable to override)
2024/08/19 08:10:41 Parallelize getting file properties (file.Stat): false (Based on AZCOPY_PARALLEL_STAT_FILES environment variable)
2024/08/19 08:10:41 Max open files when downloading: 2147479959 (auto-computed)
2024/08/19 08:10:41 Final job part has been created
2024/08/19 08:10:41 Trying 4 concurrent connections (initial starting point)
2024/08/19 08:10:41 Final job part has been scheduled
2024/08/19 08:10:43 PERF: primary performance constraint is Unknown. States: C:  0, R:  0, W:  0, F:  0, H:  0, B:  0, S:  0, P:  0, Q:  0, D:  0, E:  0, T:  0, GRs:  4
2024/08/19 08:10:43 0.0 %, 0 Done, 0 Failed, 1 Pending, 0 Skipped, 1 Total, 
2024/08/19 08:10:45 PERF: primary performance constraint is Unknown. States: C:  0, R:  0, W:  0, F:  0, H:  0, B:  0, S:  0, P:  0, Q:  0, D:  0, E:  0, T:  0, GRs:  4
2024/08/19 08:10:45 0.0 %, 0 Done, 0 Failed, 1 Pending, 0 Skipped, 1 Total, 
2024/08/19 08:10:47 PERF: primary performance constraint is Unknown. States: C:  0, R:  0, W:  0, F:  0, H:  0, B:  0, S:  0, P:  0, Q:  0, D:  0, E:  0, T:  0, GRs:  4
2024/08/19 08:10:47 0.0 %, 0 Done, 0 Failed, 1 Pending, 0 Skipped, 1 Total, 
2024/08/19 08:10:48 ==> REQUEST/RESPONSE (Try=1/56.8848ms, OpTime=104.2149ms) -- RESPONSE SUCCESSFULLY RECEIVED
   GET https://smlifestoragetest.file.core.windows.net/bpidrop/Transforms%2FEasyPay%20Insurance%20Funeral%20Plan%2FTemplate%2FTemplate.xml?se=2024-09-18T08%3A10%3A39Z&sig=-REDACTED-&sp=rl&sr=s&sv=2023-11-03
   X-Ms-Request-Id: [2febc117-201a-000d-7e0f-f2bc22000000]

2024/08/19 08:10:48 ==> REQUEST/RESPONSE (Try=1/18.652ms, OpTime=18.652ms) -- RESPONSE SUCCESSFULLY RECEIVED
   HEAD https://smlifestoragetest.file.core.windows.net/bpidrop/Transforms%2FEasyPay%20Insurance%20Funeral%20Plan%2FTemplate%2FTemplate.xml?se=2024-09-18T08%3A10%3A39Z&sig=-REDACTED-&sp=rl&sr=s&sv=2023-11-03
   X-Ms-Request-Id: [2febc11f-201a-000d-040f-f2bc22000000]

2024/08/19 08:10:48 INFO: [P#0-T#0] DOWNLOADSUCCESSFUL: \\?\C:\Users\LungaNgubane\Documents\CLIENTS\SMARTLIFE\esypay\Template.xml
2024/08/19 08:10:48 JobID=f603f936-a2a1-fb4b-7563-97a892d653ba, Part#=0, TransfersDone=1 of 1
2024/08/19 08:10:48 all parts of entire Job f603f936-a2a1-fb4b-7563-97a892d653ba successfully completed, cancelled or paused
2024/08/19 08:10:48 is part of Job which 1 total number of parts done 
2024/08/19 08:10:49 Trying 16 concurrent connections (seeking optimum)
2024/08/19 08:10:49 PERF: primary performance constraint is Unknown. States: C:  0, R:  0, W:  0, F:  0, H:  0, B:  0, S:  0, P:  0, Q:  0, D:  0, E:  0, T:  0, GRs: 16
2024/08/19 08:10:49 100.0 %, 1 Done, 0 Failed, 0 Pending, 0 Skipped, 1 Total, 2-sec Throughput (Mb/s): 0.145
2024/08/19 08:10:49 Closing Log
