2024/08/19 08:10:40 AzcopyVersion  10.24.0
2024/08/19 08:10:40 OS-Environment  windows
2024/08/19 08:10:40 OS-Architecture  amd64
2024/08/19 08:10:40 Log times are in UTC. Local time is 19 Aug 2024 10:10:40
2024/08/19 08:10:41 ==> REQUEST/RESPONSE (Try=1/32.3232ms, OpTime=125.809ms) -- RESPONSE SUCCESSFULLY RECEIVED
   GET https://smlifestoragetest.file.core.windows.net/bpidrop/Transforms%2FEasyPay%20Insurance%20Funeral%20Plan%2FTemplate%2FTemplate.xml?restype=directory&se=2024-09-18T08%3A10%3A39Z&sig=-REDACTED-&sp=rl&sr=s&sv=2023-11-03
   X-Ms-Request-Id: [9adf3d79-001a-000a-080f-f2d041000000]

2024/08/19 08:10:41 Failed to check if the destination is a folder or a file (Azure Files). Assuming the destination is a file: GET https://smlifestoragetest.file.core.windows.net/bpidrop/Transforms/EasyPay Insurance Funeral Plan/Template/Template.xml
--------------------------------------------------------------------------------
RESPONSE 404: 404 The specified resource does not exist.
ERROR CODE: ResourceNotFound
--------------------------------------------------------------------------------
﻿<?xml version="1.0" encoding="utf-8"?><Error><Code>ResourceNotFound</Code><Message>The specified resource does not exist.
RequestId:9adf3d79-001a-000a-080f-f2d041000000
Time:2024-08-19T08:10:42.1854049Z</Message></Error>
--------------------------------------------------------------------------------

2024/08/19 08:10:41 ==> REQUEST/RESPONSE (Try=1/13.5295ms, OpTime=13.5295ms) -- RESPONSE SUCCESSFULLY RECEIVED
   HEAD https://smlifestoragetest.file.core.windows.net/bpidrop/Transforms%2FEasyPay%20Insurance%20Funeral%20Plan%2FTemplate%2FTemplate.xml?se=2024-09-18T08%3A10%3A39Z&sig=-REDACTED-&sp=rl&sr=s&sv=2023-11-03
   X-Ms-Request-Id: [9adf3d7c-001a-000a-090f-f2d041000000]

2024/08/19 08:10:49 Closing Log
