2024/08/20 14:06:53 AzcopyVersion  10.24.0
2024/08/20 14:06:53 OS-Environment  windows
2024/08/20 14:06:53 OS-Architecture  amd64
2024/08/20 14:06:53 Log times are in UTC. Local time is 20 Aug 2024 16:06:53
2024/08/20 14:06:54 ISO 8601 START TIME: to copy files that changed before or after this job started, use the parameter --include-before=2024-08-20T14:06:48Z or --include-after=2024-08-20T14:06:48Z
2024/08/20 14:06:54 Any empty folders will be processed, because source and destination both support folders. For the same reason, properties defined on folders will be processed
2024/08/20 14:06:54 Job-Command copy C:\Users\LungaNgubane\Documents\CLIENTS\SMARTLIFE\esypay\EP-137274 -- Funeral Plan Import File Example 28.csv https://smlifestoragetest.file.core.windows.net/bpidrop/Transforms/EasyPay%20Insurance%20Funeral%20Plan/EP-137274%20--%20Funeral%20Plan%20Import%20File%20Example%2028.csv?se=2024-09-19t14%3A06%3A53z&sig=-REDACTED-&sp=rwl&sr=s&sv=2023-11-03 --output-type=json --cancel-from-stdin --overwrite=prompt --from-to=LocalFile --follow-symlinks --check-length=true --put-md5 --follow-symlinks --preserve-smb-info=true --disable-auto-decoding=false --recursive --log-level=INFO --trailing-dot=Enable 
2024/08/20 14:06:54 Number of CPUs: 8
2024/08/20 14:06:54 Max file buffer RAM 4.000 GB
2024/08/20 14:06:54 Max concurrent network operations:  will be dynamically tuned up to 3000 (Based on auto-tuning limit. Set AZCOPY_CONCURRENCY_VALUE environment variable to override)
2024/08/20 14:06:54 Check CPU usage when dynamically tuning concurrency: true (Based on hard-coded default. Set AZCOPY_TUNE_TO_CPU environment variable to true or false override)
2024/08/20 14:06:54 Max concurrent transfer initiation routines: 64 (Based on hard-coded default. Set AZCOPY_CONCURRENT_FILES environment variable to override)
2024/08/20 14:06:54 Max enumeration routines: 16 (Based on hard-coded default. Set AZCOPY_CONCURRENT_SCAN environment variable to override)
2024/08/20 14:06:54 Parallelize getting file properties (file.Stat): false (Based on AZCOPY_PARALLEL_STAT_FILES environment variable)
2024/08/20 14:06:54 Max open files when downloading: 2147479959 (auto-computed)
2024/08/20 14:06:54 Final job part has been created
2024/08/20 14:06:54 Trying 4 concurrent connections (initial starting point)
2024/08/20 14:06:54 Final job part has been scheduled
2024/08/20 14:06:54 WARN: [P#0-T#0] Block size 8388608 larger than maximum file chunk size, 4 MB chunk size used
2024/08/20 14:06:54 INFO: [P#0-T#0] Starting transfer: Source "\\\\?\\C:\\Users\\LungaNgubane\\Documents\\CLIENTS\\SMARTLIFE\\esypay\\EP-137274 -- Funeral Plan Import File Example 28.csv" Destination "https://smlifestoragetest.file.core.windows.net/bpidrop/Transforms/EasyPay%20Insurance%20Funeral%20Plan/EP-137274%20--%20Funeral%20Plan%20Import%20File%20Example%2028.csv". Specified chunk size 4194304
2024/08/20 14:06:54 ==> REQUEST/RESPONSE (Try=1/15.1304ms, OpTime=59.8901ms) -- RESPONSE SUCCESSFULLY RECEIVED
   HEAD https://smlifestoragetest.file.core.windows.net/bpidrop/Transforms%2FEasyPay%20Insurance%20Funeral%20Plan%2FEP-137274%20--%20Funeral%20Plan%20Import%20File%20Example%2028.csv?se=2024-09-19T14%3A06%3A53Z&sig=-REDACTED-&sp=rwl&sr=s&sv=2023-11-03
   X-Ms-Request-Id: [a7cd4972-801a-002b-5e0a-f3f43a000000]

2024/08/20 14:06:54 ==> REQUEST/RESPONSE (Try=1/28.3507ms, OpTime=28.3507ms) -- RESPONSE SUCCESSFULLY RECEIVED
   PUT https://smlifestoragetest.file.core.windows.net/bpidrop/Transforms%2FEasyPay%20Insurance%20Funeral%20Plan%2FEP-137274%20--%20Funeral%20Plan%20Import%20File%20Example%2028.csv?se=2024-09-19T14%3A06%3A53Z&sig=-REDACTED-&sp=rwl&sr=s&sv=2023-11-03
   X-Ms-Request-Id: [a7cd4975-801a-002b-5f0a-f3f43a000000]

2024/08/20 14:06:55 ==> REQUEST/RESPONSE (Try=1/14.0142ms, OpTime=14.5197ms) -- RESPONSE SUCCESSFULLY RECEIVED
   PUT https://smlifestoragetest.file.core.windows.net/bpidrop/Transforms%2FEasyPay%20Insurance%20Funeral%20Plan%2FEP-137274%20--%20Funeral%20Plan%20Import%20File%20Example%2028.csv?comp=range&se=2024-09-19T14%3A06%3A53Z&sig=-REDACTED-&sp=rwl&sr=s&sv=2023-11-03
   X-Ms-Request-Id: [a7cd497a-801a-002b-610a-f3f43a000000]

2024/08/20 14:06:55 ==> REQUEST/RESPONSE (Try=1/16.658ms, OpTime=16.658ms) -- RESPONSE SUCCESSFULLY RECEIVED
   PUT https://smlifestoragetest.file.core.windows.net/bpidrop/Transforms%2FEasyPay%20Insurance%20Funeral%20Plan%2FEP-137274%20--%20Funeral%20Plan%20Import%20File%20Example%2028.csv?comp=properties&se=2024-09-19T14%3A06%3A53Z&sig=-REDACTED-&sp=rwl&sr=s&sv=2023-11-03
   X-Ms-Request-Id: [a7cd497b-801a-002b-620a-f3f43a000000]

2024/08/20 14:06:55 ==> REQUEST/RESPONSE (Try=1/15.3323ms, OpTime=15.3323ms) -- RESPONSE SUCCESSFULLY RECEIVED
   PUT https://smlifestoragetest.file.core.windows.net/bpidrop/Transforms%2FEasyPay%20Insurance%20Funeral%20Plan%2FEP-137274%20--%20Funeral%20Plan%20Import%20File%20Example%2028.csv?comp=properties&se=2024-09-19T14%3A06%3A53Z&sig=-REDACTED-&sp=rwl&sr=s&sv=2023-11-03
   X-Ms-Request-Id: [a7cd497c-801a-002b-630a-f3f43a000000]

2024/08/20 14:06:55 ==> REQUEST/RESPONSE (Try=1/11.6332ms, OpTime=11.6332ms) -- RESPONSE SUCCESSFULLY RECEIVED
   HEAD https://smlifestoragetest.file.core.windows.net/bpidrop/Transforms%2FEasyPay%20Insurance%20Funeral%20Plan%2FEP-137274%20--%20Funeral%20Plan%20Import%20File%20Example%2028.csv?se=2024-09-19T14%3A06%3A53Z&sig=-REDACTED-&sp=rwl&sr=s&sv=2023-11-03
   X-Ms-Request-Id: [a7cd497d-801a-002b-640a-f3f43a000000]

2024/08/20 14:06:55 INFO: [P#0-T#0] UPLOADSUCCESSFUL: https://smlifestoragetest.file.core.windows.net/bpidrop/Transforms/EasyPay%20Insurance%20Funeral%20Plan/EP-137274%20--%20Funeral%20Plan%20Import%20File%20Example%2028.csv
2024/08/20 14:06:55 JobID=f6be36c2-e111-1c4e-6c97-cefcff94baf8, Part#=0, TransfersDone=1 of 1
2024/08/20 14:06:55 all parts of entire Job f6be36c2-e111-1c4e-6c97-cefcff94baf8 successfully completed, cancelled or paused
2024/08/20 14:06:55 is part of Job which 1 total number of parts done 
2024/08/20 14:06:56 PERF: primary performance constraint is Unknown. States: X:  0, O:  0, M:  0, L:  0, R:  0, D:  0, W:  0, F:  0, B:  0, E:  0, T:  0, GRs:  4
2024/08/20 14:06:56 100.0 %, 1 Done, 0 Failed, 0 Pending, 0 Skipped, 1 Total, 2-sec Throughput (Mb/s): 0.0173
2024/08/20 14:06:56 Closing Log
