2024/08/19 14:59:50 AzcopyVersion  10.24.0
2024/08/19 14:59:50 OS-Environment  windows
2024/08/19 14:59:50 OS-Architecture  amd64
2024/08/19 14:59:50 Log times are in UTC. Local time is 19 Aug 2024 16:59:50
2024/08/19 14:59:51 ISO 8601 START TIME: to copy files that changed before or after this job started, use the parameter --include-before=2024-08-19T14:59:45Z or --include-after=2024-08-19T14:59:45Z
2024/08/19 14:59:51 Any empty folders will be processed, because source and destination both support folders. For the same reason, properties defined on folders will be processed
2024/08/19 14:59:51 Job-Command copy C:\Users\LungaNgubane\Documents\CLIENTS\SMARTLIFE\esypay\New folder\Template.xml https://smlifestoragetest.file.core.windows.net/bpidrop/Transforms/EasyPay%20Insurance%20Funeral%20Plan/Template/Template.xml?se=2024-09-18t14%3A59%3A49z&sig=-REDACTED-&sp=rwl&sr=s&sv=2023-11-03 --output-type=json --cancel-from-stdin --overwrite=prompt --from-to=LocalFile --follow-symlinks --check-length=true --put-md5 --follow-symlinks --preserve-smb-info=true --disable-auto-decoding=false --recursive --log-level=INFO --trailing-dot=Enable 
2024/08/19 14:59:51 Number of CPUs: 8
2024/08/19 14:59:51 Max file buffer RAM 4.000 GB
2024/08/19 14:59:51 Max concurrent network operations:  will be dynamically tuned up to 3000 (Based on auto-tuning limit. Set AZCOPY_CONCURRENCY_VALUE environment variable to override)
2024/08/19 14:59:51 Check CPU usage when dynamically tuning concurrency: true (Based on hard-coded default. Set AZCOPY_TUNE_TO_CPU environment variable to true or false override)
2024/08/19 14:59:51 Max concurrent transfer initiation routines: 64 (Based on hard-coded default. Set AZCOPY_CONCURRENT_FILES environment variable to override)
2024/08/19 14:59:51 Max enumeration routines: 16 (Based on hard-coded default. Set AZCOPY_CONCURRENT_SCAN environment variable to override)
2024/08/19 14:59:51 Parallelize getting file properties (file.Stat): false (Based on AZCOPY_PARALLEL_STAT_FILES environment variable)
2024/08/19 14:59:51 Max open files when downloading: 2147479959 (auto-computed)
2024/08/19 14:59:51 Final job part has been created
2024/08/19 14:59:51 Trying 4 concurrent connections (initial starting point)
2024/08/19 14:59:51 Final job part has been scheduled
2024/08/19 14:59:51 WARN: [P#0-T#0] Block size 8388608 larger than maximum file chunk size, 4 MB chunk size used
2024/08/19 14:59:51 INFO: [P#0-T#0] Starting transfer: Source "\\\\?\\C:\\Users\\LungaNgubane\\Documents\\CLIENTS\\SMARTLIFE\\esypay\\New folder\\Template.xml" Destination "https://smlifestoragetest.file.core.windows.net/bpidrop/Transforms/EasyPay%20Insurance%20Funeral%20Plan/Template/Template.xml". Specified chunk size 4194304
2024/08/19 14:59:51 ==> REQUEST/RESPONSE (Try=1/18.3667ms, OpTime=57.4305ms) -- RESPONSE SUCCESSFULLY RECEIVED
   HEAD https://smlifestoragetest.file.core.windows.net/bpidrop/Transforms%2FEasyPay%20Insurance%20Funeral%20Plan%2FTemplate%2FTemplate.xml?se=2024-09-18T14%3A59%3A49Z&sig=-REDACTED-&sp=rwl&sr=s&sv=2023-11-03
   X-Ms-Request-Id: [182c803e-f01a-0031-7148-f295e5000000]

2024/08/19 14:59:53 PERF: primary performance constraint is Unknown. States: X:  1, O:  0, M:  0, L:  0, R:  0, D:  0, W:  0, F:  0, B:  0, E:  0, T:  1, GRs:  4
2024/08/19 14:59:53 0.0 %, 0 Done, 0 Failed, 1 Pending, 0 Skipped, 1 Total, 
2024/08/19 14:59:54 ==> REQUEST/RESPONSE (Try=1/36.2279ms, OpTime=36.7581ms) -- RESPONSE SUCCESSFULLY RECEIVED
   PUT https://smlifestoragetest.file.core.windows.net/bpidrop/Transforms%2FEasyPay%20Insurance%20Funeral%20Plan%2FTemplate%2FTemplate.xml?se=2024-09-18T14%3A59%3A49Z&sig=-REDACTED-&sp=rwl&sr=s&sv=2023-11-03
   X-Ms-Request-Id: [182c8050-f01a-0031-7c48-f295e5000000]

2024/08/19 14:59:54 ==> REQUEST/RESPONSE (Try=1/23.8861ms, OpTime=27.6896ms) -- RESPONSE SUCCESSFULLY RECEIVED
   PUT https://smlifestoragetest.file.core.windows.net/bpidrop/Transforms%2FEasyPay%20Insurance%20Funeral%20Plan%2FTemplate%2FTemplate.xml?comp=range&se=2024-09-18T14%3A59%3A49Z&sig=-REDACTED-&sp=rwl&sr=s&sv=2023-11-03
   X-Ms-Request-Id: [182c8051-f01a-0031-7d48-f295e5000000]

2024/08/19 14:59:54 ==> REQUEST/RESPONSE (Try=1/14.5ms, OpTime=14.5ms) -- RESPONSE SUCCESSFULLY RECEIVED
   PUT https://smlifestoragetest.file.core.windows.net/bpidrop/Transforms%2FEasyPay%20Insurance%20Funeral%20Plan%2FTemplate%2FTemplate.xml?comp=properties&se=2024-09-18T14%3A59%3A49Z&sig=-REDACTED-&sp=rwl&sr=s&sv=2023-11-03
   X-Ms-Request-Id: [182c8052-f01a-0031-7e48-f295e5000000]

2024/08/19 14:59:54 ==> REQUEST/RESPONSE (Try=1/17.291ms, OpTime=17.291ms) -- RESPONSE SUCCESSFULLY RECEIVED
   PUT https://smlifestoragetest.file.core.windows.net/bpidrop/Transforms%2FEasyPay%20Insurance%20Funeral%20Plan%2FTemplate%2FTemplate.xml?comp=properties&se=2024-09-18T14%3A59%3A49Z&sig=-REDACTED-&sp=rwl&sr=s&sv=2023-11-03
   X-Ms-Request-Id: [182c8053-f01a-0031-7f48-f295e5000000]

2024/08/19 14:59:54 ==> REQUEST/RESPONSE (Try=1/13.5318ms, OpTime=13.5318ms) -- RESPONSE SUCCESSFULLY RECEIVED
   HEAD https://smlifestoragetest.file.core.windows.net/bpidrop/Transforms%2FEasyPay%20Insurance%20Funeral%20Plan%2FTemplate%2FTemplate.xml?se=2024-09-18T14%3A59%3A49Z&sig=-REDACTED-&sp=rwl&sr=s&sv=2023-11-03
   X-Ms-Request-Id: [182c8054-f01a-0031-8048-f295e5000000]

2024/08/19 14:59:54 INFO: [P#0-T#0] UPLOADSUCCESSFUL: https://smlifestoragetest.file.core.windows.net/bpidrop/Transforms/EasyPay%20Insurance%20Funeral%20Plan/Template/Template.xml
2024/08/19 14:59:54 JobID=f9212d2a-51bc-ed43-615e-ad52543b71cf, Part#=0, TransfersDone=1 of 1
2024/08/19 14:59:54 all parts of entire Job f9212d2a-51bc-ed43-615e-ad52543b71cf successfully completed, cancelled or paused
2024/08/19 14:59:54 is part of Job which 1 total number of parts done 
2024/08/19 14:59:55 PERF: primary performance constraint is Unknown. States: X:  0, O:  0, M:  0, L:  0, R:  0, D:  0, W:  0, F:  0, B:  0, E:  0, T:  0, GRs:  4
2024/08/19 14:59:55 100.0 %, 1 Done, 0 Failed, 0 Pending, 0 Skipped, 1 Total, 2-sec Throughput (Mb/s): 0.1449
2024/08/19 14:59:55 Closing Log
