2024/09/18 10:20:24 AzcopyVersion  10.24.0
2024/09/18 10:20:24 OS-Environment  windows
2024/09/18 10:20:24 OS-Architecture  amd64
2024/09/18 10:20:24 Log times are in UTC. Local time is 18 Sep 2024 12:20:24
2024/09/18 10:20:25 ISO 8601 START TIME: to copy files that changed before or after this job started, use the parameter --include-before=2024-09-18T10:20:19Z or --include-after=2024-09-18T10:20:19Z
2024/09/18 10:20:26 Any empty folders will be processed, because source and destination both support folders. For the same reason, properties defined on folders will be processed
2024/09/18 10:20:26 Job-Command copy C:\Users\LungaNgubane\Documents\CLIENTS\SMARTLIFE\esypay\Template.xml https://smlifestoragetest.file.core.windows.net/bpidrop/Transforms/EasyPay%20Insurance%20Funeral%20Plan/Template/Template.xml?se=2024-10-18t10%3A20%3A24z&sig=-REDACTED-&sp=rwl&sr=s&sv=2023-11-03 --output-type=json --cancel-from-stdin --overwrite=prompt --from-to=LocalFile --follow-symlinks --check-length=true --put-md5 --follow-symlinks --preserve-smb-info=true --disable-auto-decoding=false --recursive --log-level=INFO --trailing-dot=Enable 
2024/09/18 10:20:26 Number of CPUs: 8
2024/09/18 10:20:26 Max file buffer RAM 4.000 GB
2024/09/18 10:20:26 Max concurrent network operations:  will be dynamically tuned up to 3000 (Based on auto-tuning limit. Set AZCOPY_CONCURRENCY_VALUE environment variable to override)
2024/09/18 10:20:26 Check CPU usage when dynamically tuning concurrency: true (Based on hard-coded default. Set AZCOPY_TUNE_TO_CPU environment variable to true or false override)
2024/09/18 10:20:26 Max concurrent transfer initiation routines: 64 (Based on hard-coded default. Set AZCOPY_CONCURRENT_FILES environment variable to override)
2024/09/18 10:20:26 Max enumeration routines: 16 (Based on hard-coded default. Set AZCOPY_CONCURRENT_SCAN environment variable to override)
2024/09/18 10:20:26 Parallelize getting file properties (file.Stat): false (Based on AZCOPY_PARALLEL_STAT_FILES environment variable)
2024/09/18 10:20:26 Max open files when downloading: 2147479959 (auto-computed)
2024/09/18 10:20:26 Final job part has been created
2024/09/18 10:20:26 Trying 4 concurrent connections (initial starting point)
2024/09/18 10:20:26 Final job part has been scheduled
2024/09/18 10:20:26 WARN: [P#0-T#0] Block size 8388608 larger than maximum file chunk size, 4 MB chunk size used
2024/09/18 10:20:26 INFO: [P#0-T#0] Starting transfer: Source "\\\\?\\C:\\Users\\LungaNgubane\\Documents\\CLIENTS\\SMARTLIFE\\esypay\\Template.xml" Destination "https://smlifestoragetest.file.core.windows.net/bpidrop/Transforms/EasyPay%20Insurance%20Funeral%20Plan/Template/Template.xml". Specified chunk size 4194304
2024/09/18 10:20:26 ==> REQUEST/RESPONSE (Try=1/20.6285ms, OpTime=57.8868ms) -- RESPONSE SUCCESSFULLY RECEIVED
   HEAD https://smlifestoragetest.file.core.windows.net/bpidrop/Transforms%2FEasyPay%20Insurance%20Funeral%20Plan%2FTemplate%2FTemplate.xml?se=2024-10-18T10%3A20%3A24Z&sig=-REDACTED-&sp=rwl&sr=s&sv=2023-11-03
   X-Ms-Request-Id: [44164a21-f01a-0021-78b4-09508d000000]

2024/09/18 10:20:28 PERF: primary performance constraint is Unknown. States: X:  1, O:  0, M:  0, L:  0, R:  0, D:  0, W:  0, F:  0, B:  0, E:  0, T:  1, GRs:  4
2024/09/18 10:20:28 0.0 %, 0 Done, 0 Failed, 1 Pending, 0 Skipped, 1 Total, 
2024/09/18 10:20:30 PERF: primary performance constraint is Unknown. States: X:  1, O:  0, M:  0, L:  0, R:  0, D:  0, W:  0, F:  0, B:  0, E:  0, T:  1, GRs:  4
2024/09/18 10:20:30 0.0 %, 0 Done, 0 Failed, 1 Pending, 0 Skipped, 1 Total, 
2024/09/18 10:20:32 PERF: primary performance constraint is Unknown. States: X:  1, O:  0, M:  0, L:  0, R:  0, D:  0, W:  0, F:  0, B:  0, E:  0, T:  1, GRs:  4
2024/09/18 10:20:32 0.0 %, 0 Done, 0 Failed, 1 Pending, 0 Skipped, 1 Total, 
2024/09/18 10:20:34 Trying 16 concurrent connections (seeking optimum)
2024/09/18 10:20:34 PERF: primary performance constraint is Unknown. States: X:  1, O:  0, M:  0, L:  0, R:  0, D:  0, W:  0, F:  0, B:  0, E:  0, T:  1, GRs: 16
2024/09/18 10:20:34 0.0 %, 0 Done, 0 Failed, 1 Pending, 0 Skipped, 1 Total, 
2024/09/18 10:20:36 PERF: primary performance constraint is Unknown. States: X:  1, O:  0, M:  0, L:  0, R:  0, D:  0, W:  0, F:  0, B:  0, E:  0, T:  1, GRs: 16
2024/09/18 10:20:36 0.0 %, 0 Done, 0 Failed, 1 Pending, 0 Skipped, 1 Total, 
2024/09/18 10:20:38 PERF: primary performance constraint is Unknown. States: X:  1, O:  0, M:  0, L:  0, R:  0, D:  0, W:  0, F:  0, B:  0, E:  0, T:  1, GRs: 16
2024/09/18 10:20:38 0.0 %, 0 Done, 0 Failed, 1 Pending, 0 Skipped, 1 Total, 
2024/09/18 10:20:40 PERF: primary performance constraint is Unknown. States: X:  1, O:  0, M:  0, L:  0, R:  0, D:  0, W:  0, F:  0, B:  0, E:  0, T:  1, GRs: 16
2024/09/18 10:20:40 0.0 %, 0 Done, 0 Failed, 1 Pending, 0 Skipped, 1 Total, 
2024/09/18 10:20:42 Trying 4 concurrent connections (backing off)
2024/09/18 10:20:42 PERF: primary performance constraint is Unknown. States: X:  1, O:  0, M:  0, L:  0, R:  0, D:  0, W:  0, F:  0, B:  0, E:  0, T:  1, GRs: 12
2024/09/18 10:20:42 0.0 %, 0 Done, 0 Failed, 1 Pending, 0 Skipped, 1 Total, 
2024/09/18 10:20:44 PERF: primary performance constraint is Unknown. States: X:  1, O:  0, M:  0, L:  0, R:  0, D:  0, W:  0, F:  0, B:  0, E:  0, T:  1, GRs:  4
2024/09/18 10:20:44 0.0 %, 0 Done, 0 Failed, 1 Pending, 0 Skipped, 1 Total, 
2024/09/18 10:20:46 PERF: primary performance constraint is Unknown. States: X:  1, O:  0, M:  0, L:  0, R:  0, D:  0, W:  0, F:  0, B:  0, E:  0, T:  1, GRs:  4
2024/09/18 10:20:46 0.0 %, 0 Done, 0 Failed, 1 Pending, 0 Skipped, 1 Total, 
2024/09/18 10:20:48 PERF: primary performance constraint is Unknown. States: X:  1, O:  0, M:  0, L:  0, R:  0, D:  0, W:  0, F:  0, B:  0, E:  0, T:  1, GRs:  4
2024/09/18 10:20:48 0.0 %, 0 Done, 0 Failed, 1 Pending, 0 Skipped, 1 Total, 
2024/09/18 10:20:50 ==> REQUEST/RESPONSE (Try=1/18.7755ms, OpTime=18.7755ms) -- RESPONSE SUCCESSFULLY RECEIVED
   PUT https://smlifestoragetest.file.core.windows.net/bpidrop/Transforms%2FEasyPay%20Insurance%20Funeral%20Plan%2FTemplate%2FTemplate.xml?se=2024-10-18T10%3A20%3A24Z&sig=-REDACTED-&sp=rwl&sr=s&sv=2023-11-03
   X-Ms-Request-Id: [44164e3b-f01a-0021-45b4-09508d000000]

2024/09/18 10:20:50 PERF: primary performance constraint is Unknown. States: X:  0, O:  0, M:  0, L:  0, R:  0, D:  0, W:  0, F:  0, B:  1, E:  0, T:  1, GRs:  4
2024/09/18 10:20:50 0.0 %, 0 Done, 0 Failed, 1 Pending, 0 Skipped, 1 Total, 2-sec Throughput (Mb/s): 0.1449
2024/09/18 10:20:50 Trying 8 concurrent connections (seeking optimum)
2024/09/18 10:20:50 ==> REQUEST/RESPONSE (Try=1/49.6755ms, OpTime=54.2819ms) -- RESPONSE SUCCESSFULLY RECEIVED
   PUT https://smlifestoragetest.file.core.windows.net/bpidrop/Transforms%2FEasyPay%20Insurance%20Funeral%20Plan%2FTemplate%2FTemplate.xml?comp=range&se=2024-10-18T10%3A20%3A24Z&sig=-REDACTED-&sp=rwl&sr=s&sv=2023-11-03
   X-Ms-Request-Id: [44164e41-f01a-0021-4ab4-09508d000000]

2024/09/18 10:20:50 ==> REQUEST/RESPONSE (Try=1/16.3112ms, OpTime=16.3112ms) -- RESPONSE SUCCESSFULLY RECEIVED
   PUT https://smlifestoragetest.file.core.windows.net/bpidrop/Transforms%2FEasyPay%20Insurance%20Funeral%20Plan%2FTemplate%2FTemplate.xml?comp=properties&se=2024-10-18T10%3A20%3A24Z&sig=-REDACTED-&sp=rwl&sr=s&sv=2023-11-03
   X-Ms-Request-Id: [44164e44-f01a-0021-4db4-09508d000000]

2024/09/18 10:20:50 ==> REQUEST/RESPONSE (Try=1/13.7665ms, OpTime=13.7665ms) -- RESPONSE SUCCESSFULLY RECEIVED
   PUT https://smlifestoragetest.file.core.windows.net/bpidrop/Transforms%2FEasyPay%20Insurance%20Funeral%20Plan%2FTemplate%2FTemplate.xml?comp=properties&se=2024-10-18T10%3A20%3A24Z&sig=-REDACTED-&sp=rwl&sr=s&sv=2023-11-03
   X-Ms-Request-Id: [44164e46-f01a-0021-4fb4-09508d000000]

2024/09/18 10:20:50 ==> REQUEST/RESPONSE (Try=1/13.229ms, OpTime=13.229ms) -- RESPONSE SUCCESSFULLY RECEIVED
   HEAD https://smlifestoragetest.file.core.windows.net/bpidrop/Transforms%2FEasyPay%20Insurance%20Funeral%20Plan%2FTemplate%2FTemplate.xml?se=2024-10-18T10%3A20%3A24Z&sig=-REDACTED-&sp=rwl&sr=s&sv=2023-11-03
   X-Ms-Request-Id: [44164e47-f01a-0021-50b4-09508d000000]

2024/09/18 10:20:50 INFO: [P#0-T#0] UPLOADSUCCESSFUL: https://smlifestoragetest.file.core.windows.net/bpidrop/Transforms/EasyPay%20Insurance%20Funeral%20Plan/Template/Template.xml
2024/09/18 10:20:50 JobID=f9930c01-078e-c444-5ed9-3e5be84f2b66, Part#=0, TransfersDone=1 of 1
2024/09/18 10:20:50 all parts of entire Job f9930c01-078e-c444-5ed9-3e5be84f2b66 successfully completed, cancelled or paused
2024/09/18 10:20:50 is part of Job which 1 total number of parts done 
2024/09/18 10:20:52 PERF: primary performance constraint is Unknown. States: X:  0, O:  0, M:  0, L:  0, R:  0, D:  0, W:  0, F:  0, B:  0, E:  0, T:  0, GRs:  8
2024/09/18 10:20:52 100.0 %, 1 Done, 0 Failed, 0 Pending, 0 Skipped, 1 Total, 
2024/09/18 10:20:52 Closing Log
