2024/08/20 11:27:12 AzcopyVersion  10.24.0
2024/08/20 11:27:12 OS-Environment  windows
2024/08/20 11:27:12 OS-Architecture  amd64
2024/08/20 11:27:12 Log times are in UTC. Local time is 20 Aug 2024 13:27:12
2024/08/20 11:27:13 ISO 8601 START TIME: to copy files that changed before or after this job started, use the parameter --include-before=2024-08-20T11:27:07Z or --include-after=2024-08-20T11:27:07Z
2024/08/20 11:27:13 Any empty folders will be processed, because source and destination both support folders. For the same reason, properties defined on folders will be processed
2024/08/20 11:27:13 Job-Command copy C:\Users\LungaNgubane\Documents\CLIENTS\SMARTLIFE\esypay\EP-137274 -- Funeral Plan Import File Example 23.csv https://smlifestoragetest.file.core.windows.net/bpidrop/Transforms/EasyPay%20Insurance%20Funeral%20Plan/EP-137274%20--%20Funeral%20Plan%20Import%20File%20Example%2023.csv?se=2024-09-19t11%3A27%3A12z&sig=-REDACTED-&sp=rwl&sr=s&sv=2023-11-03 --output-type=json --cancel-from-stdin --overwrite=prompt --from-to=LocalFile --follow-symlinks --check-length=true --put-md5 --follow-symlinks --preserve-smb-info=true --disable-auto-decoding=false --recursive --log-level=INFO --trailing-dot=Enable 
2024/08/20 11:27:13 Number of CPUs: 8
2024/08/20 11:27:13 Max file buffer RAM 4.000 GB
2024/08/20 11:27:13 Max concurrent network operations:  will be dynamically tuned up to 3000 (Based on auto-tuning limit. Set AZCOPY_CONCURRENCY_VALUE environment variable to override)
2024/08/20 11:27:13 Check CPU usage when dynamically tuning concurrency: true (Based on hard-coded default. Set AZCOPY_TUNE_TO_CPU environment variable to true or false override)
2024/08/20 11:27:13 Max concurrent transfer initiation routines: 64 (Based on hard-coded default. Set AZCOPY_CONCURRENT_FILES environment variable to override)
2024/08/20 11:27:13 Max enumeration routines: 16 (Based on hard-coded default. Set AZCOPY_CONCURRENT_SCAN environment variable to override)
2024/08/20 11:27:13 Parallelize getting file properties (file.Stat): false (Based on AZCOPY_PARALLEL_STAT_FILES environment variable)
2024/08/20 11:27:13 Max open files when downloading: 2147479959 (auto-computed)
2024/08/20 11:27:13 Final job part has been created
2024/08/20 11:27:13 Trying 4 concurrent connections (initial starting point)
2024/08/20 11:27:13 Final job part has been scheduled
2024/08/20 11:27:13 WARN: [P#0-T#0] Block size 8388608 larger than maximum file chunk size, 4 MB chunk size used
2024/08/20 11:27:13 INFO: [P#0-T#0] Starting transfer: Source "\\\\?\\C:\\Users\\LungaNgubane\\Documents\\CLIENTS\\SMARTLIFE\\esypay\\EP-137274 -- Funeral Plan Import File Example 23.csv" Destination "https://smlifestoragetest.file.core.windows.net/bpidrop/Transforms/EasyPay%20Insurance%20Funeral%20Plan/EP-137274%20--%20Funeral%20Plan%20Import%20File%20Example%2023.csv". Specified chunk size 4194304
2024/08/20 11:27:13 ==> REQUEST/RESPONSE (Try=1/19.7247ms, OpTime=89.0512ms) -- RESPONSE SUCCESSFULLY RECEIVED
   HEAD https://smlifestoragetest.file.core.windows.net/bpidrop/Transforms%2FEasyPay%20Insurance%20Funeral%20Plan%2FEP-137274%20--%20Funeral%20Plan%20Import%20File%20Example%2023.csv?se=2024-09-19T11%3A27%3A12Z&sig=-REDACTED-&sp=rwl&sr=s&sv=2023-11-03
   X-Ms-Request-Id: [4d9a7b28-d01a-0019-0ef3-f2f44d000000]

2024/08/20 11:27:13 ==> REQUEST/RESPONSE (Try=1/80.4943ms, OpTime=80.4943ms) -- RESPONSE SUCCESSFULLY RECEIVED
   PUT https://smlifestoragetest.file.core.windows.net/bpidrop/Transforms%2FEasyPay%20Insurance%20Funeral%20Plan%2FEP-137274%20--%20Funeral%20Plan%20Import%20File%20Example%2023.csv?se=2024-09-19T11%3A27%3A12Z&sig=-REDACTED-&sp=rwl&sr=s&sv=2023-11-03
   X-Ms-Request-Id: [4d9a7b2b-d01a-0019-0ff3-f2f44d000000]

2024/08/20 11:27:14 ==> REQUEST/RESPONSE (Try=1/61.8059ms, OpTime=61.8059ms) -- RESPONSE SUCCESSFULLY RECEIVED
   PUT https://smlifestoragetest.file.core.windows.net/bpidrop/Transforms%2FEasyPay%20Insurance%20Funeral%20Plan%2FEP-137274%20--%20Funeral%20Plan%20Import%20File%20Example%2023.csv?comp=range&se=2024-09-19T11%3A27%3A12Z&sig=-REDACTED-&sp=rwl&sr=s&sv=2023-11-03
   X-Ms-Request-Id: [4d9a7b2c-d01a-0019-10f3-f2f44d000000]

2024/08/20 11:27:14 ==> REQUEST/RESPONSE (Try=1/14.9486ms, OpTime=14.9486ms) -- RESPONSE SUCCESSFULLY RECEIVED
   PUT https://smlifestoragetest.file.core.windows.net/bpidrop/Transforms%2FEasyPay%20Insurance%20Funeral%20Plan%2FEP-137274%20--%20Funeral%20Plan%20Import%20File%20Example%2023.csv?comp=properties&se=2024-09-19T11%3A27%3A12Z&sig=-REDACTED-&sp=rwl&sr=s&sv=2023-11-03
   X-Ms-Request-Id: [4d9a7b2d-d01a-0019-11f3-f2f44d000000]

2024/08/20 11:27:14 ==> REQUEST/RESPONSE (Try=1/17.2848ms, OpTime=17.2848ms) -- RESPONSE SUCCESSFULLY RECEIVED
   PUT https://smlifestoragetest.file.core.windows.net/bpidrop/Transforms%2FEasyPay%20Insurance%20Funeral%20Plan%2FEP-137274%20--%20Funeral%20Plan%20Import%20File%20Example%2023.csv?comp=properties&se=2024-09-19T11%3A27%3A12Z&sig=-REDACTED-&sp=rwl&sr=s&sv=2023-11-03
   X-Ms-Request-Id: [4d9a7b2e-d01a-0019-12f3-f2f44d000000]

2024/08/20 11:27:14 ==> REQUEST/RESPONSE (Try=1/13.5245ms, OpTime=13.5245ms) -- RESPONSE SUCCESSFULLY RECEIVED
   HEAD https://smlifestoragetest.file.core.windows.net/bpidrop/Transforms%2FEasyPay%20Insurance%20Funeral%20Plan%2FEP-137274%20--%20Funeral%20Plan%20Import%20File%20Example%2023.csv?se=2024-09-19T11%3A27%3A12Z&sig=-REDACTED-&sp=rwl&sr=s&sv=2023-11-03
   X-Ms-Request-Id: [4d9a7b2f-d01a-0019-13f3-f2f44d000000]

2024/08/20 11:27:14 INFO: [P#0-T#0] UPLOADSUCCESSFUL: https://smlifestoragetest.file.core.windows.net/bpidrop/Transforms/EasyPay%20Insurance%20Funeral%20Plan/EP-137274%20--%20Funeral%20Plan%20Import%20File%20Example%2023.csv
2024/08/20 11:27:14 JobID=fbfad5af-bfea-fa42-5cd4-c2c329069209, Part#=0, TransfersDone=1 of 1
2024/08/20 11:27:14 all parts of entire Job fbfad5af-bfea-fa42-5cd4-c2c329069209 successfully completed, cancelled or paused
2024/08/20 11:27:14 is part of Job which 1 total number of parts done 
2024/08/20 11:27:15 PERF: primary performance constraint is Unknown. States: X:  0, O:  0, M:  0, L:  0, R:  0, D:  0, W:  0, F:  0, B:  0, E:  0, T:  0, GRs:  4
2024/08/20 11:27:15 100.0 %, 1 Done, 0 Failed, 0 Pending, 0 Skipped, 1 Total, 2-sec Throughput (Mb/s): 0.0172
2024/08/20 11:27:15 Closing Log
