2024/09/23 11:14:11 AzcopyVersion  10.24.0
2024/09/23 11:14:11 OS-Environment  windows
2024/09/23 11:14:11 OS-Architecture  amd64
2024/09/23 11:14:11 Log times are in UTC. Local time is 23 Sep 2024 13:14:11
2024/09/23 11:14:12 ISO 8601 START TIME: to copy files that changed before or after this job started, use the parameter --include-before=2024-09-23T11:14:06Z or --include-after=2024-09-23T11:14:06Z
2024/09/23 11:14:12 Any empty folders will be processed, because source and destination both support folders. For the same reason, properties defined on folders will be processed
2024/09/23 11:14:12 Job-Command copy C:\Users\LungaNgubane\Documents\CLIENTS\SMARTLIFE\esypay\EP-145392-- Funeral Plan Import File Example L73.csv https://smlifestoragetest.file.core.windows.net/bpidrop/Transforms/EasyPay%20Insurance%20Funeral%20Plan/EP-145392--%20Funeral%20Plan%20Import%20File%20Example%20L73.csv?se=2024-10-23t11%3A14%3A10z&sig=-REDACTED-&sp=rwl&sr=s&sv=2023-11-03 --output-type=json --cancel-from-stdin --overwrite=prompt --from-to=LocalFile --follow-symlinks --check-length=true --put-md5 --follow-symlinks --preserve-smb-info=true --disable-auto-decoding=false --recursive --log-level=INFO --trailing-dot=Enable 
2024/09/23 11:14:12 Number of CPUs: 8
2024/09/23 11:14:12 Max file buffer RAM 4.000 GB
2024/09/23 11:14:12 Max concurrent network operations:  will be dynamically tuned up to 3000 (Based on auto-tuning limit. Set AZCOPY_CONCURRENCY_VALUE environment variable to override)
2024/09/23 11:14:12 Check CPU usage when dynamically tuning concurrency: true (Based on hard-coded default. Set AZCOPY_TUNE_TO_CPU environment variable to true or false override)
2024/09/23 11:14:12 Max concurrent transfer initiation routines: 64 (Based on hard-coded default. Set AZCOPY_CONCURRENT_FILES environment variable to override)
2024/09/23 11:14:12 Max enumeration routines: 16 (Based on hard-coded default. Set AZCOPY_CONCURRENT_SCAN environment variable to override)
2024/09/23 11:14:12 Parallelize getting file properties (file.Stat): false (Based on AZCOPY_PARALLEL_STAT_FILES environment variable)
2024/09/23 11:14:12 Max open files when downloading: 2147479959 (auto-computed)
2024/09/23 11:14:12 Final job part has been created
2024/09/23 11:14:12 Trying 4 concurrent connections (initial starting point)
2024/09/23 11:14:12 Final job part has been scheduled
2024/09/23 11:14:12 WARN: [P#0-T#0] Block size 8388608 larger than maximum file chunk size, 4 MB chunk size used
2024/09/23 11:14:12 INFO: [P#0-T#0] Starting transfer: Source "\\\\?\\C:\\Users\\LungaNgubane\\Documents\\CLIENTS\\SMARTLIFE\\esypay\\EP-145392-- Funeral Plan Import File Example L73.csv" Destination "https://smlifestoragetest.file.core.windows.net/bpidrop/Transforms/EasyPay%20Insurance%20Funeral%20Plan/EP-145392--%20Funeral%20Plan%20Import%20File%20Example%20L73.csv". Specified chunk size 4194304
2024/09/23 11:14:12 ==> REQUEST/RESPONSE (Try=1/13.4962ms, OpTime=47.7239ms) -- RESPONSE SUCCESSFULLY RECEIVED
   HEAD https://smlifestoragetest.file.core.windows.net/bpidrop/Transforms%2FEasyPay%20Insurance%20Funeral%20Plan%2FEP-145392--%20Funeral%20Plan%20Import%20File%20Example%20L73.csv?se=2024-10-23T11%3A14%3A10Z&sig=-REDACTED-&sp=rwl&sr=s&sv=2023-11-03
   X-Ms-Request-Id: [5fb8f806-b01a-0030-2ea9-0dca39000000]

2024/09/23 11:14:12 ==> REQUEST/RESPONSE (Try=1/41.0425ms, OpTime=41.0425ms) -- RESPONSE SUCCESSFULLY RECEIVED
   PUT https://smlifestoragetest.file.core.windows.net/bpidrop/Transforms%2FEasyPay%20Insurance%20Funeral%20Plan%2FEP-145392--%20Funeral%20Plan%20Import%20File%20Example%20L73.csv?se=2024-10-23T11%3A14%3A10Z&sig=-REDACTED-&sp=rwl&sr=s&sv=2023-11-03
   X-Ms-Request-Id: [5fb8f809-b01a-0030-2fa9-0dca39000000]

2024/09/23 11:14:12 ==> REQUEST/RESPONSE (Try=1/14.5384ms, OpTime=15.0658ms) -- RESPONSE SUCCESSFULLY RECEIVED
   PUT https://smlifestoragetest.file.core.windows.net/bpidrop/Transforms%2FEasyPay%20Insurance%20Funeral%20Plan%2FEP-145392--%20Funeral%20Plan%20Import%20File%20Example%20L73.csv?comp=range&se=2024-10-23T11%3A14%3A10Z&sig=-REDACTED-&sp=rwl&sr=s&sv=2023-11-03
   X-Ms-Request-Id: [5fb8f80a-b01a-0030-30a9-0dca39000000]

2024/09/23 11:14:13 ==> REQUEST/RESPONSE (Try=1/13.5024ms, OpTime=13.5024ms) -- RESPONSE SUCCESSFULLY RECEIVED
   PUT https://smlifestoragetest.file.core.windows.net/bpidrop/Transforms%2FEasyPay%20Insurance%20Funeral%20Plan%2FEP-145392--%20Funeral%20Plan%20Import%20File%20Example%20L73.csv?comp=properties&se=2024-10-23T11%3A14%3A10Z&sig=-REDACTED-&sp=rwl&sr=s&sv=2023-11-03
   X-Ms-Request-Id: [5fb8f80b-b01a-0030-31a9-0dca39000000]

2024/09/23 11:14:13 ==> REQUEST/RESPONSE (Try=1/12.956ms, OpTime=12.956ms) -- RESPONSE SUCCESSFULLY RECEIVED
   PUT https://smlifestoragetest.file.core.windows.net/bpidrop/Transforms%2FEasyPay%20Insurance%20Funeral%20Plan%2FEP-145392--%20Funeral%20Plan%20Import%20File%20Example%20L73.csv?comp=properties&se=2024-10-23T11%3A14%3A10Z&sig=-REDACTED-&sp=rwl&sr=s&sv=2023-11-03
   X-Ms-Request-Id: [5fb8f80c-b01a-0030-32a9-0dca39000000]

2024/09/23 11:14:13 ==> REQUEST/RESPONSE (Try=1/11.6425ms, OpTime=22.5576ms) -- RESPONSE SUCCESSFULLY RECEIVED
   HEAD https://smlifestoragetest.file.core.windows.net/bpidrop/Transforms%2FEasyPay%20Insurance%20Funeral%20Plan%2FEP-145392--%20Funeral%20Plan%20Import%20File%20Example%20L73.csv?se=2024-10-23T11%3A14%3A10Z&sig=-REDACTED-&sp=rwl&sr=s&sv=2023-11-03
   X-Ms-Request-Id: [5fb8f80d-b01a-0030-33a9-0dca39000000]

2024/09/23 11:14:13 INFO: [P#0-T#0] UPLOADSUCCESSFUL: https://smlifestoragetest.file.core.windows.net/bpidrop/Transforms/EasyPay%20Insurance%20Funeral%20Plan/EP-145392--%20Funeral%20Plan%20Import%20File%20Example%20L73.csv
2024/09/23 11:14:13 JobID=fe37ea35-4c3a-bf44-41d8-13bcd49266ad, Part#=0, TransfersDone=1 of 1
2024/09/23 11:14:13 all parts of entire Job fe37ea35-4c3a-bf44-41d8-13bcd49266ad successfully completed, cancelled or paused
2024/09/23 11:14:13 is part of Job which 1 total number of parts done 
2024/09/23 11:14:14 PERF: primary performance constraint is Unknown. States: X:  0, O:  0, M:  0, L:  0, R:  0, D:  0, W:  0, F:  0, B:  0, E:  0, T:  0, GRs:  4
2024/09/23 11:14:14 100.0 %, 1 Done, 0 Failed, 0 Pending, 0 Skipped, 1 Total, 2-sec Throughput (Mb/s): 0.0172
2024/09/23 11:14:14 Closing Log
